    OpenRGB v0.7
    Commit:  from 
    Launched: 20220906_181906
====================================================================================================

0     |Info:    Found file: Default.orp attempting to validate header
0     |Info:    Valid v3 profile found for Default
1002  |Info:    ------------------------------------------------------
1002  |Info:    |               Start device detection               |
1002  |Info:    ------------------------------------------------------
1002  |Info:    Initializing HID interfaces: Success
1005  |Info:    ------------------------------------------------------
1005  |Info:    |             Detecting I2C interfaces               |
1005  |Info:    ------------------------------------------------------
1006  |Info:    Registering I2C interface: /dev/i2c-3 Device 10DE:2206 Subsystem: 10DE:1467
1006  |Info:    Registering I2C interface: /dev/i2c-1 Device 1022:790B Subsystem: 1043:87C0
1006  |Info:    Registering I2C interface: /dev/i2c-6 Device 10DE:2206 Subsystem: 10DE:1467
1006  |Info:    Registering I2C interface: /dev/i2c-4 Device 10DE:2206 Subsystem: 10DE:1467
1006  |Info:    Registering I2C interface: /dev/i2c-2 Device 1022:790B Subsystem: 1043:87C0
1006  |Info:    Registering I2C interface: /dev/i2c-0 Device 1022:790B Subsystem: 1043:87C0
1006  |Info:    Registering I2C interface: /dev/i2c-7 Device 10DE:2206 Subsystem: 10DE:1467
1006  |Info:    Registering I2C interface: /dev/i2c-5 Device 10DE:2206 Subsystem: 10DE:1467
1006  |Info:    ------------------------------------------------------
1006  |Info:    |               Detecting I2C devices                |
1006  |Info:    ------------------------------------------------------
1682  |Info:    [Corsair Dominator Platinum RGB] Registering RGB controller
1694  |Info:    [Corsair Dominator Platinum RGB] Registering RGB controller
1705  |Info:    [Corsair Dominator Platinum RGB] Registering RGB controller
1716  |Info:    [Corsair Dominator Platinum RGB] Registering RGB controller
1768  |Info:    ------------------------------------------------------
1768  |Info:    |               Detecting HID devices                |
1768  |Info:    ------------------------------------------------------
2121  |Info:    Unable add this Logitech device: Not Connected
2475  |Info:    Unable add this Logitech device: Not Connected
2830  |Info:    Unable add this Logitech device: Not Connected
3185  |Info:    Unable add this Logitech device: Not Connected
3539  |Info:    Unable add this Logitech device: Not Connected
3893  |Info:    Unable add this Logitech device: Not Connected
4247  |Info:    Unable add this Logitech device: Not Connected
4601  |Info:    Unable add this Logitech device: Not Connected
4955  |Info:    Unable add this Logitech device: Not Connected
5309  |Info:    Unable add this Logitech device: Not Connected
5309  |Info:    [Logitech G900 Wireless Gaming Mouse] is not initialized
5384  |Info:    [ASUS ROG CROSSHAIR VIII HERO] Registering RGB controller
5438  |Info:    [Corsair LS100 Lighting Kit] Registering RGB controller
5571  |Info:    [Corsair Commander Core] Registering RGB controller
5571  |Info:    ------------------------------------------------------
5571  |Info:    |              Detecting other devices               |
5571  |Info:    ------------------------------------------------------
5577  |Info:    ------------------------------------------------------
5577  |Info:    |                Detection completed                 |
5577  |Info:    ------------------------------------------------------
5577  |Info:    Profile loading: Succeeded for Corsair Dominator Platinum RGB @ I2C: /dev/i2c-0, address 0x58
5577  |Info:    Profile loading: Succeeded for Corsair Dominator Platinum RGB @ I2C: /dev/i2c-0, address 0x59
5577  |Info:    Profile loading: Succeeded for Corsair Dominator Platinum RGB @ I2C: /dev/i2c-0, address 0x5A
5577  |Info:    Profile loading: Succeeded for Corsair Dominator Platinum RGB @ I2C: /dev/i2c-0, address 0x5B
5577  |Info:    Profile loading: Succeeded for ASUS ROG CROSSHAIR VIII HERO @ HID: /dev/hidraw9
5577  |Info:    Profile loading: Succeeded for Corsair LS100 Lighting Kit @ HID: /dev/hidraw8
5577  |Info:    Profile loading: Succeeded for Corsair Commander Core @ HID: /dev/hidraw0
6873  |Info:    Loading plugins
