    OpenRGB v0.7
    Commit:  from 
    Launched: 20220606_084826
====================================================================================================

0     |Info:    Found file: Default.orp attempting to validate header
0     |Info:    Valid v3 profile found for Default
1001  |Info:    Saving detector settings
1001  |Info:    ------------------------------------------------------
1001  |Info:    |               Start device detection               |
1001  |Info:    ------------------------------------------------------
1001  |Info:    Initializing HID interfaces: Success
1005  |Info:    ------------------------------------------------------
1005  |Info:    |             Detecting I2C interfaces               |
1005  |Info:    ------------------------------------------------------
1005  |Info:    Registering I2C interface: /dev/i2c-3 Device 10DE:2206 Subsystem: 10DE:1467
1005  |Info:    Registering I2C interface: /dev/i2c-1 Device 1022:790B Subsystem: 1043:87C0
1005  |Info:    Registering I2C interface: /dev/i2c-6 Device 10DE:2206 Subsystem: 10DE:1467
1005  |Info:    Registering I2C interface: /dev/i2c-4 Device 10DE:2206 Subsystem: 10DE:1467
1005  |Info:    Registering I2C interface: /dev/i2c-2 Device 1022:790B Subsystem: 1043:87C0
1005  |Info:    Registering I2C interface: /dev/i2c-0 Device 1022:790B Subsystem: 1043:87C0
1005  |Info:    Registering I2C interface: /dev/i2c-7 Device 10DE:2206 Subsystem: 10DE:1467
1006  |Info:    Registering I2C interface: /dev/i2c-5 Device 10DE:2206 Subsystem: 10DE:1467
1006  |Info:    ------------------------------------------------------
1006  |Info:    |               Detecting I2C devices                |
1006  |Info:    ------------------------------------------------------
1681  |Info:    [Corsair Dominator Platinum RGB] Registering RGB controller
1692  |Info:    [Corsair Dominator Platinum RGB] Registering RGB controller
1704  |Info:    [Corsair Dominator Platinum RGB] Registering RGB controller
1717  |Info:    [Corsair Dominator Platinum RGB] Registering RGB controller
1772  |Info:    ------------------------------------------------------
1773  |Info:    |               Detecting HID devices                |
1773  |Info:    ------------------------------------------------------
2195  |Info:    [Gaming Mouse G900] Registering RGB controller
2271  |Info:    [ASUS ROG CROSSHAIR VIII HERO] Registering RGB controller
2325  |Info:    [Corsair LS100 Lighting Kit] Registering RGB controller
2429  |Info:    [Corsair Commander Core] Registering RGB controller
2429  |Info:    ------------------------------------------------------
2429  |Info:    |              Detecting other devices               |
2429  |Info:    ------------------------------------------------------
2437  |Info:    ------------------------------------------------------
2437  |Info:    |                Detection completed                 |
2437  |Info:    ------------------------------------------------------
2438  |Info:    Profile loading: Succeeded for Corsair Dominator Platinum RGB @ I2C: /dev/i2c-0, address 0x58
2438  |Info:    Profile loading: Succeeded for Corsair Dominator Platinum RGB @ I2C: /dev/i2c-0, address 0x59
2438  |Info:    Profile loading: Succeeded for Corsair Dominator Platinum RGB @ I2C: /dev/i2c-0, address 0x5A
2438  |Info:    Profile loading: Succeeded for Corsair Dominator Platinum RGB @ I2C: /dev/i2c-0, address 0x5B
2438  |Info:    Profile loading: Succeeded for Gaming Mouse G900 @ HID: /dev/hidraw1 (Receiver) 
Wireless Index: 255
2438  |Info:    Profile loading: Succeeded for ASUS ROG CROSSHAIR VIII HERO @ HID: /dev/hidraw11
2438  |Info:    Profile loading: Succeeded for Corsair LS100 Lighting Kit @ HID: /dev/hidraw10
2438  |Info:    Profile loading: FAILED! for Corsair Commander Core @ HID: /dev/hidraw2
3747  |Info:    Loading plugins
23432 |Info:    ------------------------------------------------------
23432 |Info:    |               Start device detection               |
23432 |Info:    ------------------------------------------------------
23432 |Info:    Initializing HID interfaces: Success
23437 |Info:    ------------------------------------------------------
23437 |Info:    |             Detecting I2C interfaces               |
23437 |Info:    ------------------------------------------------------
23437 |Info:    Registering I2C interface: /dev/i2c-3 Device 10DE:2206 Subsystem: 10DE:1467
23437 |Info:    Registering I2C interface: /dev/i2c-1 Device 1022:790B Subsystem: 1043:87C0
23437 |Info:    Registering I2C interface: /dev/i2c-6 Device 10DE:2206 Subsystem: 10DE:1467
23437 |Info:    Registering I2C interface: /dev/i2c-4 Device 10DE:2206 Subsystem: 10DE:1467
23437 |Info:    Registering I2C interface: /dev/i2c-2 Device 1022:790B Subsystem: 1043:87C0
23437 |Info:    Registering I2C interface: /dev/i2c-0 Device 1022:790B Subsystem: 1043:87C0
23437 |Info:    Registering I2C interface: /dev/i2c-7 Device 10DE:2206 Subsystem: 10DE:1467
23437 |Info:    Registering I2C interface: /dev/i2c-5 Device 10DE:2206 Subsystem: 10DE:1467
23437 |Info:    ------------------------------------------------------
23437 |Info:    |               Detecting I2C devices                |
23437 |Info:    ------------------------------------------------------
24115 |Info:    [Corsair Dominator Platinum RGB] Registering RGB controller
24126 |Info:    [Corsair Dominator Platinum RGB] Registering RGB controller
24138 |Info:    [Corsair Dominator Platinum RGB] Registering RGB controller
24149 |Info:    [Corsair Dominator Platinum RGB] Registering RGB controller
24200 |Info:    ------------------------------------------------------
24200 |Info:    |               Detecting HID devices                |
24200 |Info:    ------------------------------------------------------
24622 |Info:    [Gaming Mouse G900] Registering RGB controller
24695 |Info:    [ASUS ROG CROSSHAIR VIII HERO] Registering RGB controller
24750 |Info:    [Corsair LS100 Lighting Kit] Registering RGB controller
24854 |Info:    [Corsair Commander Core] Registering RGB controller
24854 |Info:    ------------------------------------------------------
24854 |Info:    |              Detecting other devices               |
24854 |Info:    ------------------------------------------------------
24855 |Info:    ------------------------------------------------------
24855 |Info:    |                Detection completed                 |
24855 |Info:    ------------------------------------------------------
42562 |Info:    Found file: Default.orp attempting to validate header
42562 |Info:    Valid v3 profile found for Default
47987 |Info:    Found file: Default.orp attempting to validate header
47987 |Info:    Valid v3 profile found for Default
