    OpenRGB v0.8
    Commit:  from 
    Launched: 20221207_151101
====================================================================================================

0     |Info:    Found file: Default.orp attempting to validate header
0     |Info:    Valid v3 profile found for Default
1002  |Info:    ------------------------------------------------------
1002  |Info:    |               Start device detection               |
1002  |Info:    ------------------------------------------------------
1002  |Info:    Initializing HID interfaces: Success
1005  |Info:    ------------------------------------------------------
1005  |Info:    |             Detecting I2C interfaces               |
1005  |Info:    ------------------------------------------------------
1005  |Info:    Registering I2C interface: /dev/i2c-3 Device 10DE:2206 Subsystem: 10DE:1467
1005  |Info:    Registering I2C interface: /dev/i2c-1 Device 1022:790B Subsystem: 1043:87C0
1006  |Info:    Registering I2C interface: /dev/i2c-6 Device 10DE:2206 Subsystem: 10DE:1467
1006  |Info:    Registering I2C interface: /dev/i2c-4 Device 10DE:2206 Subsystem: 10DE:1467
1006  |Info:    Registering I2C interface: /dev/i2c-2 Device 1022:790B Subsystem: 1043:87C0
1006  |Info:    Registering I2C interface: /dev/i2c-0 Device 1022:790B Subsystem: 1043:87C0
1006  |Info:    Registering I2C interface: /dev/i2c-7 Device 10DE:2206 Subsystem: 10DE:1467
1006  |Info:    Registering I2C interface: /dev/i2c-5 Device 10DE:2206 Subsystem: 10DE:1467
1006  |Info:    ------------------------------------------------------
1006  |Info:    |               Detecting I2C devices                |
1006  |Info:    ------------------------------------------------------
1687  |Info:    [Corsair Dominator Platinum RGB] Registering RGB controller
1699  |Info:    [Corsair Dominator Platinum RGB] Registering RGB controller
1710  |Info:    [Corsair Dominator Platinum RGB] Registering RGB controller
1721  |Info:    [Corsair Dominator Platinum RGB] Registering RGB controller
1772  |Info:    ------------------------------------------------------
1772  |Info:    |               Detecting I2C PCI devices            |
1772  |Info:    ------------------------------------------------------
1773  |Info:    ------------------------------------------------------
1773  |Info:    |               Detecting HID devices                |
1773  |Info:    ------------------------------------------------------
2195  |Info:    [Gaming Mouse G900] Registering RGB controller
2269  |Info:    [ASUS ROG CROSSHAIR VIII HERO] Registering RGB controller
2323  |Info:    [Corsair LS100 Lighting Kit] Registering RGB controller
2466  |Info:    [Corsair Commander Core] Registering RGB controller
2466  |Info:    ------------------------------------------------------
2466  |Info:    |              Detecting other devices               |
2466  |Info:    ------------------------------------------------------
2476  |Info:    ------------------------------------------------------
2476  |Info:    |                Detection completed                 |
2476  |Info:    ------------------------------------------------------
2476  |Info:    Profile loading: FAILED! for Corsair Dominator Platinum RGB @ I2C: /dev/i2c-0, address 0x58
2476  |Info:    Profile loading: FAILED! for Corsair Dominator Platinum RGB @ I2C: /dev/i2c-0, address 0x59
2476  |Info:    Profile loading: FAILED! for Corsair Dominator Platinum RGB @ I2C: /dev/i2c-0, address 0x5A
2476  |Info:    Profile loading: FAILED! for Corsair Dominator Platinum RGB @ I2C: /dev/i2c-0, address 0x5B
2476  |Info:    Profile loading: FAILED! for Gaming Mouse G900 @ HID: /dev/hidraw8 (Receiver) 
Wireless Index: 255
2476  |Info:    Profile loading: FAILED! for ASUS ROG CROSSHAIR VIII HERO @ HID: /dev/hidraw9
2476  |Info:    Profile loading: FAILED! for Corsair LS100 Lighting Kit @ HID: /dev/hidraw11
2476  |Info:    Profile loading: FAILED! for Corsair Commander Core @ HID: /dev/hidraw3
14468 |Info:    ------------------------------------------------------
14468 |Info:    |               Start device detection               |
14468 |Info:    ------------------------------------------------------
14468 |Info:    Initializing HID interfaces: Success
14472 |Info:    ------------------------------------------------------
14472 |Info:    |             Detecting I2C interfaces               |
14472 |Info:    ------------------------------------------------------
14472 |Info:    Registering I2C interface: /dev/i2c-3 Device 10DE:2206 Subsystem: 10DE:1467
14472 |Info:    Registering I2C interface: /dev/i2c-1 Device 1022:790B Subsystem: 1043:87C0
14472 |Info:    Registering I2C interface: /dev/i2c-6 Device 10DE:2206 Subsystem: 10DE:1467
14472 |Info:    Registering I2C interface: /dev/i2c-4 Device 10DE:2206 Subsystem: 10DE:1467
14472 |Info:    Registering I2C interface: /dev/i2c-2 Device 1022:790B Subsystem: 1043:87C0
14472 |Info:    Registering I2C interface: /dev/i2c-0 Device 1022:790B Subsystem: 1043:87C0
14472 |Info:    Registering I2C interface: /dev/i2c-7 Device 10DE:2206 Subsystem: 10DE:1467
14472 |Info:    Registering I2C interface: /dev/i2c-5 Device 10DE:2206 Subsystem: 10DE:1467
14472 |Info:    ------------------------------------------------------
14472 |Info:    |               Detecting I2C devices                |
14472 |Info:    ------------------------------------------------------
15150 |Info:    [Corsair Dominator Platinum RGB] Registering RGB controller
15162 |Info:    [Corsair Dominator Platinum RGB] Registering RGB controller
15173 |Info:    [Corsair Dominator Platinum RGB] Registering RGB controller
15184 |Info:    [Corsair Dominator Platinum RGB] Registering RGB controller
15235 |Info:    ------------------------------------------------------
15235 |Info:    |               Detecting I2C PCI devices            |
15235 |Info:    ------------------------------------------------------
15237 |Info:    ------------------------------------------------------
15237 |Info:    |               Detecting HID devices                |
15237 |Info:    ------------------------------------------------------
15659 |Info:    [Gaming Mouse G900] Registering RGB controller
15733 |Info:    [ASUS ROG CROSSHAIR VIII HERO] Registering RGB controller
15787 |Info:    [Corsair LS100 Lighting Kit] Registering RGB controller
15890 |Info:    [Corsair Commander Core] Registering RGB controller
15890 |Info:    ------------------------------------------------------
15890 |Info:    |              Detecting other devices               |
15890 |Info:    ------------------------------------------------------
15891 |Info:    ------------------------------------------------------
15891 |Info:    |                Detection completed                 |
15891 |Info:    ------------------------------------------------------
112901|Info:    ------------------------------------------------------
112901|Info:    |               Start device detection               |
112901|Info:    ------------------------------------------------------
112901|Info:    Initializing HID interfaces: Success
112904|Info:    ------------------------------------------------------
112904|Info:    |             Detecting I2C interfaces               |
112904|Info:    ------------------------------------------------------
112905|Info:    Registering I2C interface: /dev/i2c-3 Device 10DE:2206 Subsystem: 10DE:1467
112905|Info:    Registering I2C interface: /dev/i2c-1 Device 1022:790B Subsystem: 1043:87C0
112905|Info:    Registering I2C interface: /dev/i2c-6 Device 10DE:2206 Subsystem: 10DE:1467
112905|Info:    Registering I2C interface: /dev/i2c-4 Device 10DE:2206 Subsystem: 10DE:1467
112905|Info:    Registering I2C interface: /dev/i2c-2 Device 1022:790B Subsystem: 1043:87C0
112905|Info:    Registering I2C interface: /dev/i2c-0 Device 1022:790B Subsystem: 1043:87C0
112905|Info:    Registering I2C interface: /dev/i2c-7 Device 10DE:2206 Subsystem: 10DE:1467
112905|Info:    Registering I2C interface: /dev/i2c-5 Device 10DE:2206 Subsystem: 10DE:1467
112905|Info:    ------------------------------------------------------
112905|Info:    |               Detecting I2C devices                |
112905|Info:    ------------------------------------------------------
113586|Info:    [Corsair Dominator Platinum RGB] Registering RGB controller
113597|Info:    [Corsair Dominator Platinum RGB] Registering RGB controller
113608|Info:    [Corsair Dominator Platinum RGB] Registering RGB controller
113620|Info:    [Corsair Dominator Platinum RGB] Registering RGB controller
113671|Info:    ------------------------------------------------------
113671|Info:    |               Detecting I2C PCI devices            |
113671|Info:    ------------------------------------------------------
113672|Info:    ------------------------------------------------------
113672|Info:    |               Detecting HID devices                |
113672|Info:    ------------------------------------------------------
114094|Info:    [Gaming Mouse G900] Registering RGB controller
114170|Info:    [ASUS ROG CROSSHAIR VIII HERO] Registering RGB controller
114224|Info:    [Corsair LS100 Lighting Kit] Registering RGB controller
114328|Info:    [Corsair Commander Core] Registering RGB controller
114328|Info:    ------------------------------------------------------
114328|Info:    |              Detecting other devices               |
114328|Info:    ------------------------------------------------------
114328|Info:    ------------------------------------------------------
114328|Info:    |                Detection completed                 |
114328|Info:    ------------------------------------------------------
