    OpenRGB v0.71
    Commit: e2a4ef45cfe8a1c49c069f61d0cc08b9d9d808af from 2022-05-20 23:29:07 +1000
    Launched: 20220520_125325
====================================================================================================

0     |Info:    Found file: Default.orp attempting to validate header
0     |Info:    Valid v3 profile found for Default
1001  |Info:    ------------------------------------------------------
1001  |Info:    |               Start device detection               |
1001  |Info:    ------------------------------------------------------
1001  |Info:    Initializing HID interfaces: Success
1003  |Info:    ------------------------------------------------------
1003  |Info:    |             Detecting I2C interfaces               |
1003  |Info:    ------------------------------------------------------
1003  |Info:    Registering I2C interface: /dev/i2c-3 Device 10DE:2206 Subsystem: 10DE:1467
1004  |Info:    Registering I2C interface: /dev/i2c-1 Device 1022:790B Subsystem: 1043:87C0
1004  |Info:    Registering I2C interface: /dev/i2c-6 Device 10DE:2206 Subsystem: 10DE:1467
1004  |Info:    Registering I2C interface: /dev/i2c-4 Device 10DE:2206 Subsystem: 10DE:1467
1004  |Info:    Registering I2C interface: /dev/i2c-2 Device 1022:790B Subsystem: 1043:87C0
1004  |Info:    Registering I2C interface: /dev/i2c-0 Device 1022:790B Subsystem: 1043:87C0
1004  |Info:    Registering I2C interface: /dev/i2c-7 Device 10DE:2206 Subsystem: 10DE:1467
1004  |Info:    Registering I2C interface: /dev/i2c-5 Device 10DE:2206 Subsystem: 10DE:1467
1004  |Info:    ------------------------------------------------------
1004  |Info:    |               Detecting I2C devices                |
1004  |Info:    ------------------------------------------------------
1654  |Info:    [Corsair Dominator Platinum RGB] Registering RGB controller
1665  |Info:    [Corsair Dominator Platinum RGB] Registering RGB controller
1677  |Info:    [Corsair Dominator Platinum RGB] Registering RGB controller
1690  |Info:    [Corsair Dominator Platinum RGB] Registering RGB controller
1743  |Info:    ------------------------------------------------------
1743  |Info:    |               Detecting HID devices                |
1743  |Info:    ------------------------------------------------------
2165  |Info:    [Gaming Mouse G900] Registering RGB controller
2240  |Info:    [ASUS ROG CROSSHAIR VIII HERO] Registering RGB controller
2302  |Info:    [Corsair LS100 Lighting Kit] Registering RGB controller
2449  |Info:    [Corsair Commander Core] Registering RGB controller
2449  |Info:    ------------------------------------------------------
2449  |Info:    |              Detecting other devices               |
2449  |Info:    ------------------------------------------------------
2457  |Info:    ------------------------------------------------------
2457  |Info:    |                Detection completed                 |
2457  |Info:    ------------------------------------------------------
2457  |Info:    Profile loading: Succeeded for Corsair Dominator Platinum RGB @ I2C: /dev/i2c-0, address 0x58
2457  |Info:    Profile loading: Succeeded for Corsair Dominator Platinum RGB @ I2C: /dev/i2c-0, address 0x59
2457  |Info:    Profile loading: Succeeded for Corsair Dominator Platinum RGB @ I2C: /dev/i2c-0, address 0x5A
2457  |Info:    Profile loading: Succeeded for Corsair Dominator Platinum RGB @ I2C: /dev/i2c-0, address 0x5B
2457  |Info:    Profile loading: Succeeded for Gaming Mouse G900 @ HID: /dev/hidraw6 (Receiver) 
Wireless Index: 255
2457  |Info:    Profile loading: Succeeded for ASUS ROG CROSSHAIR VIII HERO @ HID: /dev/hidraw10
2457  |Info:    Profile loading: Succeeded for Corsair LS100 Lighting Kit @ HID: /dev/hidraw11
2457  |Info:    Profile loading: Succeeded for Corsair Commander Core @ HID: /dev/hidraw2
3785  |Info:    Loading plugins
25487538|Info:    ------------------------------------------------------
25487538|Info:    |               Start device detection               |
25487538|Info:    ------------------------------------------------------
25487538|Info:    Initializing HID interfaces: Success
25487541|Info:    ------------------------------------------------------
25487541|Info:    |             Detecting I2C interfaces               |
25487541|Info:    ------------------------------------------------------
25487541|Info:    Registering I2C interface: /dev/i2c-3 Device 10DE:2206 Subsystem: 10DE:1467
25487541|Info:    Registering I2C interface: /dev/i2c-1 Device 1022:790B Subsystem: 1043:87C0
25487541|Info:    Registering I2C interface: /dev/i2c-6 Device 10DE:2206 Subsystem: 10DE:1467
25487541|Info:    Registering I2C interface: /dev/i2c-4 Device 10DE:2206 Subsystem: 10DE:1467
25487542|Info:    Registering I2C interface: /dev/i2c-2 Device 1022:790B Subsystem: 1043:87C0
25487542|Info:    Registering I2C interface: /dev/i2c-0 Device 1022:790B Subsystem: 1043:87C0
25487542|Info:    Registering I2C interface: /dev/i2c-7 Device 10DE:2206 Subsystem: 10DE:1467
25487542|Info:    Registering I2C interface: /dev/i2c-5 Device 10DE:2206 Subsystem: 10DE:1467
25487542|Info:    ------------------------------------------------------
25487542|Info:    |               Detecting I2C devices                |
25487542|Info:    ------------------------------------------------------
25488192|Info:    [Corsair Dominator Platinum RGB] Registering RGB controller
25488203|Info:    [Corsair Dominator Platinum RGB] Registering RGB controller
25488215|Info:    [Corsair Dominator Platinum RGB] Registering RGB controller
25488226|Info:    [Corsair Dominator Platinum RGB] Registering RGB controller
25488277|Info:    ------------------------------------------------------
25488277|Info:    |               Detecting HID devices                |
25488277|Info:    ------------------------------------------------------
25488700|Info:    [Gaming Mouse G900] Registering RGB controller
25488777|Info:    [ASUS ROG CROSSHAIR VIII HERO] Registering RGB controller
25488831|Info:    [Corsair LS100 Lighting Kit] Registering RGB controller
25488935|Info:    [Corsair Commander Core] Registering RGB controller
25488935|Info:    ------------------------------------------------------
25488935|Info:    |              Detecting other devices               |
25488935|Info:    ------------------------------------------------------
25488936|Info:    ------------------------------------------------------
25488936|Info:    |                Detection completed                 |
25488936|Info:    ------------------------------------------------------
25500942|Info:    Found file: Default.orp attempting to validate header
25500942|Info:    Valid v3 profile found for Default
