    OpenRGB v0.7
    Commit:  from 
    Launched: 20220703_151026
====================================================================================================

0     |Info:    Found file: Default.orp attempting to validate header
0     |Info:    Valid v3 profile found for Default
1002  |Info:    ------------------------------------------------------
1002  |Info:    |               Start device detection               |
1002  |Info:    ------------------------------------------------------
1002  |Info:    Initializing HID interfaces: Success
1006  |Info:    ------------------------------------------------------
1006  |Info:    |             Detecting I2C interfaces               |
1006  |Info:    ------------------------------------------------------
1006  |Info:    Registering I2C interface: /dev/i2c-3 Device 10DE:2206 Subsystem: 10DE:1467
1006  |Info:    Registering I2C interface: /dev/i2c-1 Device 1022:790B Subsystem: 1043:87C0
1006  |Info:    Registering I2C interface: /dev/i2c-6 Device 10DE:2206 Subsystem: 10DE:1467
1006  |Info:    Registering I2C interface: /dev/i2c-4 Device 10DE:2206 Subsystem: 10DE:1467
1006  |Info:    Registering I2C interface: /dev/i2c-2 Device 1022:790B Subsystem: 1043:87C0
1006  |Info:    Registering I2C interface: /dev/i2c-0 Device 1022:790B Subsystem: 1043:87C0
1006  |Info:    Registering I2C interface: /dev/i2c-7 Device 10DE:2206 Subsystem: 10DE:1467
1006  |Info:    Registering I2C interface: /dev/i2c-5 Device 10DE:2206 Subsystem: 10DE:1467
1006  |Info:    ------------------------------------------------------
1006  |Info:    |               Detecting I2C devices                |
1006  |Info:    ------------------------------------------------------
1683  |Info:    [Corsair Dominator Platinum RGB] Registering RGB controller
1694  |Info:    [Corsair Dominator Platinum RGB] Registering RGB controller
1706  |Info:    [Corsair Dominator Platinum RGB] Registering RGB controller
1717  |Info:    [Corsair Dominator Platinum RGB] Registering RGB controller
1768  |Info:    ------------------------------------------------------
1768  |Info:    |               Detecting HID devices                |
1768  |Info:    ------------------------------------------------------
2190  |Info:    [Gaming Mouse G900] Registering RGB controller
2544  |Info:    Unable add this Logitech device: Not Connected
2898  |Info:    Unable add this Logitech device: Not Connected
3252  |Info:    Unable add this Logitech device: Not Connected
3606  |Info:    Unable add this Logitech device: Not Connected
3960  |Info:    Unable add this Logitech device: Not Connected
4314  |Info:    Unable add this Logitech device: Not Connected
4668  |Info:    Unable add this Logitech device: Not Connected
5022  |Info:    Unable add this Logitech device: Not Connected
5376  |Info:    Unable add this Logitech device: Not Connected
5730  |Info:    Unable add this Logitech device: Not Connected
5807  |Info:    [ASUS ROG CROSSHAIR VIII HERO] Registering RGB controller
5861  |Info:    [Corsair LS100 Lighting Kit] Registering RGB controller
6018  |Info:    [Corsair Commander Core] Registering RGB controller
6018  |Info:    ------------------------------------------------------
6018  |Info:    |              Detecting other devices               |
6018  |Info:    ------------------------------------------------------
6028  |Info:    ------------------------------------------------------
6028  |Info:    |                Detection completed                 |
6028  |Info:    ------------------------------------------------------
6028  |Info:    Profile loading: Succeeded for Corsair Dominator Platinum RGB @ I2C: /dev/i2c-0, address 0x58
6028  |Info:    Profile loading: Succeeded for Corsair Dominator Platinum RGB @ I2C: /dev/i2c-0, address 0x59
6028  |Info:    Profile loading: Succeeded for Corsair Dominator Platinum RGB @ I2C: /dev/i2c-0, address 0x5A
6028  |Info:    Profile loading: Succeeded for Corsair Dominator Platinum RGB @ I2C: /dev/i2c-0, address 0x5B
6028  |Info:    Profile loading: Succeeded for Gaming Mouse G900 @ HID: /dev/hidraw9 (Receiver) 
Wireless Index: 255
6028  |Info:    Profile loading: Succeeded for ASUS ROG CROSSHAIR VIII HERO @ HID: /dev/hidraw10
6028  |Info:    Profile loading: Succeeded for Corsair LS100 Lighting Kit @ HID: /dev/hidraw11
6028  |Info:    Profile loading: Succeeded for Corsair Commander Core @ HID: /dev/hidraw2
7350  |Info:    Loading plugins
