    OpenRGB v0.8
    Commit: fb88964b8e514cdf4eb22da314e13f8db06a3636 from 2022-11-27 21:44:33 -0600
    Launched: 20221209_213817
====================================================================================================

0     |Info:    Found file: default.orp attempting to validate header
0     |Info:    Valid v3 profile found for default
1002  |Info:    ------------------------------------------------------
1002  |Info:    |               Start device detection               |
1002  |Info:    ------------------------------------------------------
1002  |Info:    Initializing HID interfaces: Success
1006  |Info:    ------------------------------------------------------
1006  |Info:    |             Detecting I2C interfaces               |
1006  |Info:    ------------------------------------------------------
1006  |Info:    Registering I2C interface: /dev/i2c-3 Device 10DE:2206 Subsystem: 10DE:1467
1006  |Info:    Registering I2C interface: /dev/i2c-1 Device 10DE:2206 Subsystem: 10DE:1467
1006  |Info:    Registering I2C interface: /dev/i2c-6 Device 1022:790B Subsystem: 1043:87C0
1006  |Info:    Registering I2C interface: /dev/i2c-4 Device 10DE:2206 Subsystem: 10DE:1467
1006  |Info:    Registering I2C interface: /dev/i2c-2 Device 10DE:2206 Subsystem: 10DE:1467
1006  |Info:    Registering I2C interface: /dev/i2c-0 Device 10DE:2206 Subsystem: 10DE:1467
1006  |Info:    Registering I2C interface: /dev/i2c-7 Device 1022:790B Subsystem: 1043:87C0
1006  |Info:    Registering I2C interface: /dev/i2c-5 Device 1022:790B Subsystem: 1043:87C0
1006  |Info:    ------------------------------------------------------
1006  |Info:    |               Detecting I2C devices                |
1006  |Info:    ------------------------------------------------------
1173  |Info:    [Corsair Dominator Platinum RGB] Registering RGB controller
1184  |Info:    [Corsair Dominator Platinum RGB] Registering RGB controller
1195  |Info:    [Corsair Dominator Platinum RGB] Registering RGB controller
1207  |Info:    [Corsair Dominator Platinum RGB] Registering RGB controller
1775  |Info:    ------------------------------------------------------
1775  |Info:    |               Detecting I2C PCI devices            |
1775  |Info:    ------------------------------------------------------
1776  |Info:    ------------------------------------------------------
1776  |Info:    |               Detecting HID devices                |
1776  |Info:    ------------------------------------------------------
2199  |Info:    [Gaming Mouse G900] Registering RGB controller
2621  |Info:    [Gaming Mouse G900] Registering RGB controller
3043  |Info:    [Gaming Mouse G900] Registering RGB controller
3465  |Info:    [Gaming Mouse G900] Registering RGB controller
3887  |Info:    [Gaming Mouse G900] Registering RGB controller
3962  |Info:    [ASUS ROG CROSSHAIR VIII HERO] Registering RGB controller
4016  |Info:    [Corsair LS100 Lighting Kit] Registering RGB controller
4156  |Info:    [Corsair Commander Core] Registering RGB controller
4156  |Info:    ------------------------------------------------------
4156  |Info:    |              Detecting other devices               |
4156  |Info:    ------------------------------------------------------
4164  |Info:    ------------------------------------------------------
4164  |Info:    |                Detection completed                 |
4164  |Info:    ------------------------------------------------------
4165  |Info:    Profile loading: Succeeded for Corsair Dominator Platinum RGB @ I2C: /dev/i2c-5, address 0x58
4165  |Info:    Profile loading: Succeeded for Corsair Dominator Platinum RGB @ I2C: /dev/i2c-5, address 0x59
4165  |Info:    Profile loading: Succeeded for Corsair Dominator Platinum RGB @ I2C: /dev/i2c-5, address 0x5A
4165  |Info:    Profile loading: Succeeded for Corsair Dominator Platinum RGB @ I2C: /dev/i2c-5, address 0x5B
4165  |Info:    Profile loading: Succeeded for Gaming Mouse G900 @ HID: /dev/hidraw6 (Receiver) 
Wireless Index: 255
4165  |Info:    Profile loading: FAILED! for Gaming Mouse G900 @ HID: /dev/hidraw6 (Receiver) 
Wireless Index: 255
4165  |Info:    Profile loading: FAILED! for Gaming Mouse G900 @ HID: /dev/hidraw6 (Receiver) 
Wireless Index: 255
4165  |Info:    Profile loading: FAILED! for Gaming Mouse G900 @ HID: /dev/hidraw6 (Receiver) 
Wireless Index: 255
4165  |Info:    Profile loading: FAILED! for Gaming Mouse G900 @ HID: /dev/hidraw6 (Receiver) 
Wireless Index: 255
4165  |Info:    Profile loading: Succeeded for ASUS ROG CROSSHAIR VIII HERO @ HID: /dev/hidraw7
4165  |Info:    Profile loading: Succeeded for Corsair LS100 Lighting Kit @ HID: /dev/hidraw11
4165  |Info:    Profile loading: Succeeded for Corsair Commander Core @ HID: /dev/hidraw3
