    OpenRGB v0.7
    Commit:  from 
    Launched: 20220717_161238
====================================================================================================

0     |Info:    Found file: Default.orp attempting to validate header
0     |Info:    Valid v3 profile found for Default
1001  |Info:    ------------------------------------------------------
1001  |Info:    |               Start device detection               |
1001  |Info:    ------------------------------------------------------
1001  |Info:    Initializing HID interfaces: Success
1005  |Info:    ------------------------------------------------------
1005  |Info:    |             Detecting I2C interfaces               |
1005  |Info:    ------------------------------------------------------
1005  |Info:    Registering I2C interface: /dev/i2c-3 Device 10DE:2206 Subsystem: 10DE:1467
1005  |Info:    Registering I2C interface: /dev/i2c-1 Device 1022:790B Subsystem: 1043:87C0
1005  |Info:    Registering I2C interface: /dev/i2c-6 Device 10DE:2206 Subsystem: 10DE:1467
1005  |Info:    Registering I2C interface: /dev/i2c-4 Device 10DE:2206 Subsystem: 10DE:1467
1005  |Info:    Registering I2C interface: /dev/i2c-2 Device 1022:790B Subsystem: 1043:87C0
1005  |Info:    Registering I2C interface: /dev/i2c-0 Device 1022:790B Subsystem: 1043:87C0
1005  |Info:    Registering I2C interface: /dev/i2c-7 Device 10DE:2206 Subsystem: 10DE:1467
1005  |Info:    Registering I2C interface: /dev/i2c-5 Device 10DE:2206 Subsystem: 10DE:1467
1005  |Info:    ------------------------------------------------------
1005  |Info:    |               Detecting I2C devices                |
1005  |Info:    ------------------------------------------------------
1681  |Info:    [Corsair Dominator Platinum RGB] Registering RGB controller
1692  |Info:    [Corsair Dominator Platinum RGB] Registering RGB controller
1703  |Info:    [Corsair Dominator Platinum RGB] Registering RGB controller
1715  |Info:    [Corsair Dominator Platinum RGB] Registering RGB controller
1766  |Info:    ------------------------------------------------------
1766  |Info:    |               Detecting HID devices                |
1766  |Info:    ------------------------------------------------------
2366  |Info:    [Gaming Mouse G900] Registering RGB controller
2440  |Info:    [ASUS ROG CROSSHAIR VIII HERO] Registering RGB controller
2495  |Info:    [Corsair LS100 Lighting Kit] Registering RGB controller
2625  |Info:    [Corsair Commander Core] Registering RGB controller
2625  |Info:    ------------------------------------------------------
2625  |Info:    |              Detecting other devices               |
2625  |Info:    ------------------------------------------------------
2638  |Info:    ------------------------------------------------------
2638  |Info:    |                Detection completed                 |
2638  |Info:    ------------------------------------------------------
2639  |Info:    Profile loading: Succeeded for Corsair Dominator Platinum RGB @ I2C: /dev/i2c-0, address 0x58
2639  |Info:    Profile loading: Succeeded for Corsair Dominator Platinum RGB @ I2C: /dev/i2c-0, address 0x59
2639  |Info:    Profile loading: Succeeded for Corsair Dominator Platinum RGB @ I2C: /dev/i2c-0, address 0x5A
2639  |Info:    Profile loading: Succeeded for Corsair Dominator Platinum RGB @ I2C: /dev/i2c-0, address 0x5B
2639  |Info:    Profile loading: Succeeded for Gaming Mouse G900 @ HID: /dev/hidraw12 (Receiver) 
Wireless Index: 255
2639  |Info:    Profile loading: Succeeded for ASUS ROG CROSSHAIR VIII HERO @ HID: /dev/hidraw9
2639  |Info:    Profile loading: Succeeded for Corsair LS100 Lighting Kit @ HID: /dev/hidraw8
2639  |Info:    Profile loading: Succeeded for Corsair Commander Core @ HID: /dev/hidraw0
3974  |Info:    Loading plugins
