    OpenRGB v0.7
    Commit:  from 
    Launched: 20221004_154749
====================================================================================================

1     |Info:    Found file: Default.orp attempting to validate header
5     |Info:    Valid v3 profile found for Default
1010  |Info:    ------------------------------------------------------
1010  |Info:    |               Start device detection               |
1010  |Info:    ------------------------------------------------------
1010  |Info:    Initializing HID interfaces: Success
1014  |Info:    ------------------------------------------------------
1014  |Info:    |             Detecting I2C interfaces               |
1014  |Info:    ------------------------------------------------------
1014  |Info:    Registering I2C interface: /dev/i2c-3 Device 10DE:2206 Subsystem: 10DE:1467
1014  |Info:    Registering I2C interface: /dev/i2c-1 Device 1022:790B Subsystem: 1043:87C0
1014  |Info:    Registering I2C interface: /dev/i2c-6 Device 10DE:2206 Subsystem: 10DE:1467
1014  |Info:    Registering I2C interface: /dev/i2c-4 Device 10DE:2206 Subsystem: 10DE:1467
1014  |Info:    Registering I2C interface: /dev/i2c-2 Device 1022:790B Subsystem: 1043:87C0
1014  |Info:    Registering I2C interface: /dev/i2c-0 Device 1022:790B Subsystem: 1043:87C0
1014  |Info:    Registering I2C interface: /dev/i2c-7 Device 10DE:2206 Subsystem: 10DE:1467
1014  |Info:    Registering I2C interface: /dev/i2c-5 Device 10DE:2206 Subsystem: 10DE:1467
1014  |Info:    ------------------------------------------------------
1014  |Info:    |               Detecting I2C devices                |
1014  |Info:    ------------------------------------------------------
1690  |Info:    [Corsair Dominator Platinum RGB] Registering RGB controller
1702  |Info:    [Corsair Dominator Platinum RGB] Registering RGB controller
1713  |Info:    [Corsair Dominator Platinum RGB] Registering RGB controller
1724  |Info:    [Corsair Dominator Platinum RGB] Registering RGB controller
1775  |Info:    ------------------------------------------------------
1775  |Info:    |               Detecting HID devices                |
1775  |Info:    ------------------------------------------------------
2198  |Info:    [Gaming Mouse G900] Registering RGB controller
2273  |Info:    [ASUS ROG CROSSHAIR VIII HERO] Registering RGB controller
2326  |Info:    [Corsair LS100 Lighting Kit] Registering RGB controller
2459  |Info:    [Corsair Commander Core] Registering RGB controller
2813  |Info:    Unable add this Logitech device: Not Connected
3167  |Info:    Unable add this Logitech device: Not Connected
3521  |Info:    Unable add this Logitech device: Not Connected
3875  |Info:    Unable add this Logitech device: Not Connected
4229  |Info:    Unable add this Logitech device: Not Connected
4583  |Info:    Unable add this Logitech device: Not Connected
4937  |Info:    Unable add this Logitech device: Not Connected
5291  |Info:    Unable add this Logitech device: Not Connected
5645  |Info:    Unable add this Logitech device: Not Connected
5999  |Info:    Unable add this Logitech device: Not Connected
5999  |Info:    ------------------------------------------------------
5999  |Info:    |              Detecting other devices               |
5999  |Info:    ------------------------------------------------------
6005  |Info:    ------------------------------------------------------
6005  |Info:    |                Detection completed                 |
6005  |Info:    ------------------------------------------------------
6005  |Info:    Profile loading: Succeeded for Corsair Dominator Platinum RGB @ I2C: /dev/i2c-0, address 0x58
6005  |Info:    Profile loading: Succeeded for Corsair Dominator Platinum RGB @ I2C: /dev/i2c-0, address 0x59
6005  |Info:    Profile loading: Succeeded for Corsair Dominator Platinum RGB @ I2C: /dev/i2c-0, address 0x5A
6005  |Info:    Profile loading: Succeeded for Corsair Dominator Platinum RGB @ I2C: /dev/i2c-0, address 0x5B
6005  |Info:    Profile loading: Succeeded for Gaming Mouse G900 @ HID: /dev/hidraw12 (Receiver) 
Wireless Index: 255
6005  |Info:    Profile loading: Succeeded for ASUS ROG CROSSHAIR VIII HERO @ HID: /dev/hidraw10
6005  |Info:    Profile loading: Succeeded for Corsair LS100 Lighting Kit @ HID: /dev/hidraw9
6005  |Info:    Profile loading: Succeeded for Corsair Commander Core @ HID: /dev/hidraw4
7315  |Info:    Loading plugins
