    OpenRGB v0.71
    Commit: 3045e8604612842134b55e4872a7000069d178d5 from 2022-05-16 17:01:24 +0000
    Launched: 20220516_224325
====================================================================================================

0     |Info:    Found file: Default.orp attempting to validate header
0     |Info:    Valid v3 profile found for Default
1001  |Info:    Saving detector settings
1002  |Info:    ------------------------------------------------------
1002  |Info:    |               Start device detection               |
1002  |Info:    ------------------------------------------------------
1002  |Info:    Initializing HID interfaces: Success
1006  |Info:    ------------------------------------------------------
1006  |Info:    |             Detecting I2C interfaces               |
1006  |Info:    ------------------------------------------------------
1007  |Info:    Registering I2C interface: /dev/i2c-3 Device 10DE:2206 Subsystem: 10DE:1467
1007  |Info:    Registering I2C interface: /dev/i2c-6 Device 10DE:2206 Subsystem: 10DE:1467
1007  |Info:    Registering I2C interface: /dev/i2c-2 Device 1022:790B Subsystem: 1043:87C0
1008  |Info:    Registering I2C interface: /dev/i2c-7 Device 10DE:2206 Subsystem: 10DE:1467
1008  |Info:    ------------------------------------------------------
1008  |Info:    |               Detecting I2C devices                |
1008  |Info:    ------------------------------------------------------
1053  |Info:    Loading plugins
1206  |Info:    ------------------------------------------------------
1206  |Info:    |               Detecting HID devices                |
1206  |Info:    ------------------------------------------------------
1206  |Info:    [Logitech G900 Wireless Gaming Mouse (wired)] is not initialized
1206  |Info:    [Logitech G900 Wireless Gaming Mouse] is not initialized
1206  |Info:    [ASUS Aura Motherboard] is not initialized
1206  |Info:    [Corsair LS100 Lighting Kit] is not initialized
1206  |Info:    [Corsair Commander Core] is not initialized
1206  |Info:    ------------------------------------------------------
1206  |Info:    |              Detecting other devices               |
1206  |Info:    ------------------------------------------------------
1214  |Info:    ------------------------------------------------------
1214  |Info:    |                Detection completed                 |
1214  |Info:    ------------------------------------------------------
1214  |Dialog:  <h2>WARNING:</h2><p>One or more I2C/SMBus interfaces failed to initialize.</p><p>RGB DRAM modules and some motherboards' onboard RGB lighting will not be available without I2C/SMBus.</p><p>On Linux, this is usually because the i2c-dev module is not loaded.  You must load the i2c-dev module along with the correct i2c driver for your motherboard.  This is usually i2c-piix4 for AMD systems and i2c-i801 for Intel systems.</p><p>See <a href='https://help.openrgb.org/'>help.openrgb.org</a> for additional troubleshooting steps if you keep seeing this message.<br></p>
45532 |Info:    ------------------------------------------------------
45532 |Info:    |               Start device detection               |
45532 |Info:    ------------------------------------------------------
45532 |Info:    Initializing HID interfaces: Success
45534 |Info:    ------------------------------------------------------
45534 |Info:    |             Detecting I2C interfaces               |
45534 |Info:    ------------------------------------------------------
45534 |Info:    Registering I2C interface: /dev/i2c-3 Device 10DE:2206 Subsystem: 10DE:1467
45534 |Info:    Registering I2C interface: /dev/i2c-6 Device 10DE:2206 Subsystem: 10DE:1467
45535 |Info:    Registering I2C interface: /dev/i2c-2 Device 1022:790B Subsystem: 1043:87C0
45535 |Info:    Registering I2C interface: /dev/i2c-7 Device 10DE:2206 Subsystem: 10DE:1467
45535 |Info:    ------------------------------------------------------
45535 |Info:    |               Detecting I2C devices                |
45535 |Info:    ------------------------------------------------------
45734 |Info:    ------------------------------------------------------
45734 |Info:    |               Detecting HID devices                |
45734 |Info:    ------------------------------------------------------
45734 |Info:    [Logitech G900 Wireless Gaming Mouse (wired)] is not initialized
45734 |Info:    [Logitech G900 Wireless Gaming Mouse] is not initialized
45734 |Info:    [ASUS Aura Motherboard] is not initialized
45734 |Info:    [Corsair LS100 Lighting Kit] is not initialized
45734 |Info:    [Corsair Commander Core] is not initialized
45734 |Info:    ------------------------------------------------------
45734 |Info:    |              Detecting other devices               |
45734 |Info:    ------------------------------------------------------
45735 |Info:    ------------------------------------------------------
45735 |Info:    |                Detection completed                 |
45735 |Info:    ------------------------------------------------------
45735 |Dialog:  <h2>WARNING:</h2><p>One or more I2C/SMBus interfaces failed to initialize.</p><p>RGB DRAM modules and some motherboards' onboard RGB lighting will not be available without I2C/SMBus.</p><p>On Linux, this is usually because the i2c-dev module is not loaded.  You must load the i2c-dev module along with the correct i2c driver for your motherboard.  This is usually i2c-piix4 for AMD systems and i2c-i801 for Intel systems.</p><p>See <a href='https://help.openrgb.org/'>help.openrgb.org</a> for additional troubleshooting steps if you keep seeing this message.<br></p>
70057 |Info:    ------------------------------------------------------
70057 |Info:    |               Start device detection               |
70057 |Info:    ------------------------------------------------------
70057 |Info:    Initializing HID interfaces: Success
70059 |Info:    ------------------------------------------------------
70059 |Info:    |             Detecting I2C interfaces               |
70059 |Info:    ------------------------------------------------------
70059 |Info:    Registering I2C interface: /dev/i2c-3 Device 10DE:2206 Subsystem: 10DE:1467
70059 |Info:    Registering I2C interface: /dev/i2c-1 Device 1022:790B Subsystem: 1043:87C0
70059 |Info:    Registering I2C interface: /dev/i2c-6 Device 10DE:2206 Subsystem: 10DE:1467
70059 |Info:    Registering I2C interface: /dev/i2c-4 Device 10DE:2206 Subsystem: 10DE:1467
70059 |Info:    Registering I2C interface: /dev/i2c-2 Device 1022:790B Subsystem: 1043:87C0
70059 |Info:    Registering I2C interface: /dev/i2c-0 Device 1022:790B Subsystem: 1043:87C0
70059 |Info:    Registering I2C interface: /dev/i2c-7 Device 10DE:2206 Subsystem: 10DE:1467
70059 |Info:    Registering I2C interface: /dev/i2c-5 Device 10DE:2206 Subsystem: 10DE:1467
70059 |Info:    ------------------------------------------------------
70059 |Info:    |               Detecting I2C devices                |
70059 |Info:    ------------------------------------------------------
70709 |Info:    [Corsair Dominator Platinum RGB] Registering RGB controller
70721 |Info:    [Corsair Dominator Platinum RGB] Registering RGB controller
70732 |Info:    [Corsair Dominator Platinum RGB] Registering RGB controller
70743 |Info:    [Corsair Dominator Platinum RGB] Registering RGB controller
70795 |Info:    ------------------------------------------------------
70795 |Info:    |               Detecting HID devices                |
70795 |Info:    ------------------------------------------------------
70795 |Info:    [Logitech G900 Wireless Gaming Mouse (wired)] is not initialized
70795 |Info:    [Logitech G900 Wireless Gaming Mouse] is not initialized
70795 |Info:    [ASUS Aura Motherboard] is not initialized
70795 |Info:    [Corsair LS100 Lighting Kit] is not initialized
70795 |Info:    [Corsair Commander Core] is not initialized
70795 |Info:    ------------------------------------------------------
70795 |Info:    |              Detecting other devices               |
70795 |Info:    ------------------------------------------------------
70795 |Info:    ------------------------------------------------------
70795 |Info:    |                Detection completed                 |
70795 |Info:    ------------------------------------------------------
79397 |Info:    Found file: Default.orp attempting to validate header
79397 |Info:    Valid v3 profile found for Default
91790 |Info:    ------------------------------------------------------
91790 |Info:    |               Start device detection               |
91790 |Info:    ------------------------------------------------------
91790 |Info:    Initializing HID interfaces: Success
91792 |Info:    ------------------------------------------------------
91792 |Info:    |             Detecting I2C interfaces               |
91792 |Info:    ------------------------------------------------------
91792 |Info:    Registering I2C interface: /dev/i2c-3 Device 10DE:2206 Subsystem: 10DE:1467
91792 |Info:    Registering I2C interface: /dev/i2c-1 Device 1022:790B Subsystem: 1043:87C0
91792 |Info:    Registering I2C interface: /dev/i2c-6 Device 10DE:2206 Subsystem: 10DE:1467
91792 |Info:    Registering I2C interface: /dev/i2c-4 Device 10DE:2206 Subsystem: 10DE:1467
91792 |Info:    Registering I2C interface: /dev/i2c-2 Device 1022:790B Subsystem: 1043:87C0
91793 |Info:    Registering I2C interface: /dev/i2c-0 Device 1022:790B Subsystem: 1043:87C0
91793 |Info:    Registering I2C interface: /dev/i2c-7 Device 10DE:2206 Subsystem: 10DE:1467
91793 |Info:    Registering I2C interface: /dev/i2c-5 Device 10DE:2206 Subsystem: 10DE:1467
91793 |Info:    ------------------------------------------------------
91793 |Info:    |               Detecting I2C devices                |
91793 |Info:    ------------------------------------------------------
92444 |Info:    [Corsair Dominator Platinum RGB] Registering RGB controller
92456 |Info:    [Corsair Dominator Platinum RGB] Registering RGB controller
92467 |Info:    [Corsair Dominator Platinum RGB] Registering RGB controller
92479 |Info:    [Corsair Dominator Platinum RGB] Registering RGB controller
92530 |Info:    ------------------------------------------------------
92530 |Info:    |               Detecting HID devices                |
92530 |Info:    ------------------------------------------------------
92530 |Info:    [Logitech G900 Wireless Gaming Mouse (wired)] is not initialized
92530 |Info:    [Logitech G900 Wireless Gaming Mouse] is not initialized
92530 |Info:    [ASUS Aura Motherboard] is not initialized
92530 |Info:    [Corsair LS100 Lighting Kit] is not initialized
92530 |Info:    [Corsair Commander Core] is not initialized
92530 |Info:    ------------------------------------------------------
92530 |Info:    |              Detecting other devices               |
92530 |Info:    ------------------------------------------------------
92531 |Info:    ------------------------------------------------------
92531 |Info:    |                Detection completed                 |
92531 |Info:    ------------------------------------------------------
135543|Info:    ------------------------------------------------------
135543|Info:    |               Start device detection               |
135543|Info:    ------------------------------------------------------
135543|Info:    Initializing HID interfaces: Success
135546|Info:    ------------------------------------------------------
135546|Info:    |             Detecting I2C interfaces               |
135546|Info:    ------------------------------------------------------
135546|Info:    Registering I2C interface: /dev/i2c-3 Device 10DE:2206 Subsystem: 10DE:1467
135546|Info:    Registering I2C interface: /dev/i2c-1 Device 1022:790B Subsystem: 1043:87C0
135546|Info:    Registering I2C interface: /dev/i2c-6 Device 10DE:2206 Subsystem: 10DE:1467
135546|Info:    Registering I2C interface: /dev/i2c-4 Device 10DE:2206 Subsystem: 10DE:1467
135546|Info:    Registering I2C interface: /dev/i2c-2 Device 1022:790B Subsystem: 1043:87C0
135546|Info:    Registering I2C interface: /dev/i2c-0 Device 1022:790B Subsystem: 1043:87C0
135546|Info:    Registering I2C interface: /dev/i2c-7 Device 10DE:2206 Subsystem: 10DE:1467
135546|Info:    Registering I2C interface: /dev/i2c-5 Device 10DE:2206 Subsystem: 10DE:1467
135546|Info:    ------------------------------------------------------
135546|Info:    |               Detecting I2C devices                |
135546|Info:    ------------------------------------------------------
136197|Info:    [Corsair Dominator Platinum RGB] Registering RGB controller
136209|Info:    [Corsair Dominator Platinum RGB] Registering RGB controller
136220|Info:    [Corsair Dominator Platinum RGB] Registering RGB controller
136232|Info:    [Corsair Dominator Platinum RGB] Registering RGB controller
136283|Info:    ------------------------------------------------------
136283|Info:    |               Detecting HID devices                |
136283|Info:    ------------------------------------------------------
136705|Info:    [Gaming Mouse G900] Registering RGB controller
136780|Info:    [ASUS ROG CROSSHAIR VIII HERO] Registering RGB controller
136836|Info:    [Corsair LS100 Lighting Kit] Registering RGB controller
136968|Info:    [Corsair Commander Core] Registering RGB controller
136968|Info:    ------------------------------------------------------
136968|Info:    |              Detecting other devices               |
136968|Info:    ------------------------------------------------------
136969|Info:    ------------------------------------------------------
136969|Info:    |                Detection completed                 |
136969|Info:    ------------------------------------------------------
142963|Info:    Found file: Default.orp attempting to validate header
142963|Info:    Valid v3 profile found for Default
