    OpenRGB v0.7
    Commit:  from 
    Launched: 20220623_231222
====================================================================================================

0     |Info:    Found file: Default.orp attempting to validate header
0     |Info:    Valid v3 profile found for Default
1001  |Info:    ------------------------------------------------------
1001  |Info:    |               Start device detection               |
1001  |Info:    ------------------------------------------------------
1001  |Info:    Initializing HID interfaces: Success
1005  |Info:    ------------------------------------------------------
1005  |Info:    |             Detecting I2C interfaces               |
1005  |Info:    ------------------------------------------------------
1005  |Info:    Registering I2C interface: /dev/i2c-3 Device 10DE:2206 Subsystem: 10DE:1467
1005  |Info:    Registering I2C interface: /dev/i2c-6 Device 10DE:2206 Subsystem: 10DE:1467
1005  |Info:    Registering I2C interface: /dev/i2c-2 Device 1022:790B Subsystem: 1043:87C0
1005  |Info:    Registering I2C interface: /dev/i2c-7 Device 10DE:2206 Subsystem: 10DE:1467
1005  |Info:    ------------------------------------------------------
1005  |Info:    |               Detecting I2C devices                |
1005  |Info:    ------------------------------------------------------
1203  |Info:    ------------------------------------------------------
1203  |Info:    |               Detecting HID devices                |
1203  |Info:    ------------------------------------------------------
1203  |Info:    [Logitech G900 Wireless Gaming Mouse (wired)] is not initialized
1203  |Info:    [Logitech G900 Wireless Gaming Mouse] is not initialized
1203  |Info:    [ASUS Aura Motherboard] is not initialized
1203  |Info:    [Corsair LS100 Lighting Kit] is not initialized
1203  |Info:    [Corsair Commander Core] is not initialized
1203  |Info:    ------------------------------------------------------
1203  |Info:    |              Detecting other devices               |
1203  |Info:    ------------------------------------------------------
1210  |Info:    ------------------------------------------------------
1210  |Info:    |                Detection completed                 |
1210  |Info:    ------------------------------------------------------
1210  |Dialog:  <h2>WARNING:</h2><p>One or more I2C/SMBus interfaces failed to initialize.</p><p>RGB DRAM modules and some motherboards' onboard RGB lighting will not be available without I2C/SMBus.</p><p>On Linux, this is usually because the i2c-dev module is not loaded.  You must load the i2c-dev module along with the correct i2c driver for your motherboard.  This is usually i2c-piix4 for AMD systems and i2c-i801 for Intel systems.</p><p>See <a href='https://help.openrgb.org/'>help.openrgb.org</a> for additional troubleshooting steps if you keep seeing this message.<br></p>
