    OpenRGB v0.7
    Commit:  from 
    Launched: 20220714_082151
====================================================================================================

0     |Info:    Found file: Default.orp attempting to validate header
0     |Info:    Valid v3 profile found for Default
1002  |Info:    ------------------------------------------------------
1002  |Info:    |               Start device detection               |
1002  |Info:    ------------------------------------------------------
1002  |Info:    Initializing HID interfaces: Success
1009  |Info:    ------------------------------------------------------
1009  |Info:    |             Detecting I2C interfaces               |
1009  |Info:    ------------------------------------------------------
1009  |Info:    Registering I2C interface: /dev/i2c-3 Device 10DE:2206 Subsystem: 10DE:1467
1009  |Info:    Registering I2C interface: /dev/i2c-1 Device 1022:790B Subsystem: 1043:87C0
1009  |Info:    Registering I2C interface: /dev/i2c-6 Device 10DE:2206 Subsystem: 10DE:1467
1009  |Info:    Registering I2C interface: /dev/i2c-4 Device 10DE:2206 Subsystem: 10DE:1467
1009  |Info:    Registering I2C interface: /dev/i2c-2 Device 1022:790B Subsystem: 1043:87C0
1009  |Info:    Registering I2C interface: /dev/i2c-0 Device 1022:790B Subsystem: 1043:87C0
1009  |Info:    Registering I2C interface: /dev/i2c-7 Device 10DE:2206 Subsystem: 10DE:1467
1010  |Info:    Registering I2C interface: /dev/i2c-5 Device 10DE:2206 Subsystem: 10DE:1467
1010  |Info:    ------------------------------------------------------
1010  |Info:    |               Detecting I2C devices                |
1010  |Info:    ------------------------------------------------------
1689  |Info:    [Corsair Dominator Platinum RGB] Registering RGB controller
1700  |Info:    [Corsair Dominator Platinum RGB] Registering RGB controller
1711  |Info:    [Corsair Dominator Platinum RGB] Registering RGB controller
1722  |Info:    [Corsair Dominator Platinum RGB] Registering RGB controller
1774  |Info:    ------------------------------------------------------
1774  |Info:    |               Detecting HID devices                |
1774  |Info:    ------------------------------------------------------
2195  |Info:    [Gaming Mouse G900] Registering RGB controller
2550  |Info:    Unable add this Logitech device: Not Connected
2904  |Info:    Unable add this Logitech device: Not Connected
3258  |Info:    Unable add this Logitech device: Not Connected
3612  |Info:    Unable add this Logitech device: Not Connected
3966  |Info:    Unable add this Logitech device: Not Connected
4320  |Info:    Unable add this Logitech device: Not Connected
4674  |Info:    Unable add this Logitech device: Not Connected
5028  |Info:    Unable add this Logitech device: Not Connected
5382  |Info:    Unable add this Logitech device: Not Connected
5736  |Info:    Unable add this Logitech device: Not Connected
5812  |Info:    [ASUS ROG CROSSHAIR VIII HERO] Registering RGB controller
5868  |Info:    [Corsair LS100 Lighting Kit] Registering RGB controller
5999  |Info:    [Corsair Commander Core] Registering RGB controller
5999  |Info:    ------------------------------------------------------
5999  |Info:    |              Detecting other devices               |
5999  |Info:    ------------------------------------------------------
6010  |Info:    ------------------------------------------------------
6010  |Info:    |                Detection completed                 |
6010  |Info:    ------------------------------------------------------
6010  |Info:    Profile loading: Succeeded for Corsair Dominator Platinum RGB @ I2C: /dev/i2c-0, address 0x58
6010  |Info:    Profile loading: Succeeded for Corsair Dominator Platinum RGB @ I2C: /dev/i2c-0, address 0x59
6010  |Info:    Profile loading: Succeeded for Corsair Dominator Platinum RGB @ I2C: /dev/i2c-0, address 0x5A
6010  |Info:    Profile loading: Succeeded for Corsair Dominator Platinum RGB @ I2C: /dev/i2c-0, address 0x5B
6010  |Info:    Profile loading: Succeeded for Gaming Mouse G900 @ HID: /dev/hidraw9 (Receiver) 
Wireless Index: 255
6010  |Info:    Profile loading: Succeeded for ASUS ROG CROSSHAIR VIII HERO @ HID: /dev/hidraw11
6010  |Info:    Profile loading: Succeeded for Corsair LS100 Lighting Kit @ HID: /dev/hidraw10
6010  |Info:    Profile loading: Succeeded for Corsair Commander Core @ HID: /dev/hidraw2
7331  |Info:    Loading plugins
