    OpenRGB v0.8
    Commit: fb88964b8e514cdf4eb22da314e13f8db06a3636 from 2022-11-27 21:44:33 -0600
    Launched: 20221208_092947
====================================================================================================

0     |Info:    Found file: Default.orp attempting to validate header
0     |Info:    Valid v3 profile found for Default
1001  |Info:    ------------------------------------------------------
1001  |Info:    |               Start device detection               |
1001  |Info:    ------------------------------------------------------
1001  |Info:    Initializing HID interfaces: Success
1005  |Info:    ------------------------------------------------------
1005  |Info:    |             Detecting I2C interfaces               |
1005  |Info:    ------------------------------------------------------
1005  |Info:    Registering I2C interface: /dev/i2c-3 Device 10DE:2206 Subsystem: 10DE:1467
1005  |Info:    Registering I2C interface: /dev/i2c-1 Device 1022:790B Subsystem: 1043:87C0
1005  |Info:    Registering I2C interface: /dev/i2c-6 Device 10DE:2206 Subsystem: 10DE:1467
1005  |Info:    Registering I2C interface: /dev/i2c-4 Device 10DE:2206 Subsystem: 10DE:1467
1005  |Info:    Registering I2C interface: /dev/i2c-2 Device 1022:790B Subsystem: 1043:87C0
1005  |Info:    Registering I2C interface: /dev/i2c-0 Device 1022:790B Subsystem: 1043:87C0
1005  |Info:    Registering I2C interface: /dev/i2c-7 Device 10DE:2206 Subsystem: 10DE:1467
1005  |Info:    Registering I2C interface: /dev/i2c-5 Device 10DE:2206 Subsystem: 10DE:1467
1005  |Info:    ------------------------------------------------------
1005  |Info:    |               Detecting I2C devices                |
1005  |Info:    ------------------------------------------------------
1172  |Info:    [Corsair Dominator Platinum RGB] Registering RGB controller
1183  |Info:    [Corsair Dominator Platinum RGB] Registering RGB controller
1194  |Info:    [Corsair Dominator Platinum RGB] Registering RGB controller
1206  |Info:    [Corsair Dominator Platinum RGB] Registering RGB controller
1772  |Info:    ------------------------------------------------------
1772  |Info:    |               Detecting I2C PCI devices            |
1772  |Info:    ------------------------------------------------------
1773  |Info:    ------------------------------------------------------
1773  |Info:    |               Detecting HID devices                |
1773  |Info:    ------------------------------------------------------
2195  |Info:    [Gaming Mouse G900] Registering RGB controller
2617  |Info:    [Gaming Mouse G900] Registering RGB controller
3039  |Info:    [Gaming Mouse G900] Registering RGB controller
3461  |Info:    [Gaming Mouse G900] Registering RGB controller
3883  |Info:    [Gaming Mouse G900] Registering RGB controller
3958  |Info:    [ASUS ROG CROSSHAIR VIII HERO] Registering RGB controller
4012  |Info:    [Corsair LS100 Lighting Kit] Registering RGB controller
4114  |Info:    [Corsair Commander Core] Registering RGB controller
4114  |Info:    ------------------------------------------------------
4114  |Info:    |              Detecting other devices               |
4114  |Info:    ------------------------------------------------------
4124  |Info:    ------------------------------------------------------
4124  |Info:    |                Detection completed                 |
4124  |Info:    ------------------------------------------------------
4124  |Info:    Profile loading: FAILED! for Corsair Dominator Platinum RGB @ I2C: /dev/i2c-0, address 0x58
4124  |Info:    Profile loading: FAILED! for Corsair Dominator Platinum RGB @ I2C: /dev/i2c-0, address 0x59
4124  |Info:    Profile loading: FAILED! for Corsair Dominator Platinum RGB @ I2C: /dev/i2c-0, address 0x5A
4124  |Info:    Profile loading: FAILED! for Corsair Dominator Platinum RGB @ I2C: /dev/i2c-0, address 0x5B
4124  |Info:    Profile loading: FAILED! for Gaming Mouse G900 @ HID: /dev/hidraw6 (Receiver) 
Wireless Index: 255
4124  |Info:    Profile loading: FAILED! for Gaming Mouse G900 @ HID: /dev/hidraw6 (Receiver) 
Wireless Index: 255
4124  |Info:    Profile loading: FAILED! for Gaming Mouse G900 @ HID: /dev/hidraw6 (Receiver) 
Wireless Index: 255
4124  |Info:    Profile loading: FAILED! for Gaming Mouse G900 @ HID: /dev/hidraw6 (Receiver) 
Wireless Index: 255
4124  |Info:    Profile loading: FAILED! for Gaming Mouse G900 @ HID: /dev/hidraw6 (Receiver) 
Wireless Index: 255
4124  |Info:    Profile loading: FAILED! for ASUS ROG CROSSHAIR VIII HERO @ HID: /dev/hidraw7
4124  |Info:    Profile loading: FAILED! for Corsair LS100 Lighting Kit @ HID: /dev/hidraw11
4124  |Info:    Profile loading: FAILED! for Corsair Commander Core @ HID: /dev/hidraw4
31121 |Info:    ------------------------------------------------------
31121 |Info:    |               Start device detection               |
31121 |Info:    ------------------------------------------------------
31121 |Info:    Initializing HID interfaces: Success
31125 |Info:    ------------------------------------------------------
31125 |Info:    |             Detecting I2C interfaces               |
31125 |Info:    ------------------------------------------------------
31125 |Info:    Registering I2C interface: /dev/i2c-3 Device 10DE:2206 Subsystem: 10DE:1467
31125 |Info:    Registering I2C interface: /dev/i2c-1 Device 1022:790B Subsystem: 1043:87C0
31125 |Info:    Registering I2C interface: /dev/i2c-6 Device 10DE:2206 Subsystem: 10DE:1467
31125 |Info:    Registering I2C interface: /dev/i2c-4 Device 10DE:2206 Subsystem: 10DE:1467
31125 |Info:    Registering I2C interface: /dev/i2c-2 Device 1022:790B Subsystem: 1043:87C0
31125 |Info:    Registering I2C interface: /dev/i2c-0 Device 1022:790B Subsystem: 1043:87C0
31125 |Info:    Registering I2C interface: /dev/i2c-7 Device 10DE:2206 Subsystem: 10DE:1467
31125 |Info:    Registering I2C interface: /dev/i2c-5 Device 10DE:2206 Subsystem: 10DE:1467
31125 |Info:    ------------------------------------------------------
31125 |Info:    |               Detecting I2C devices                |
31125 |Info:    ------------------------------------------------------
31291 |Info:    [Corsair Dominator Platinum RGB] Registering RGB controller
31303 |Info:    [Corsair Dominator Platinum RGB] Registering RGB controller
31314 |Info:    [Corsair Dominator Platinum RGB] Registering RGB controller
31325 |Info:    [Corsair Dominator Platinum RGB] Registering RGB controller
31890 |Info:    ------------------------------------------------------
31890 |Info:    |               Detecting I2C PCI devices            |
31890 |Info:    ------------------------------------------------------
31891 |Info:    ------------------------------------------------------
31891 |Info:    |               Detecting HID devices                |
31891 |Info:    ------------------------------------------------------
32313 |Info:    [Gaming Mouse G900] Registering RGB controller
32735 |Info:    [Gaming Mouse G900] Registering RGB controller
33157 |Info:    [Gaming Mouse G900] Registering RGB controller
33579 |Info:    [Gaming Mouse G900] Registering RGB controller
34001 |Info:    [Gaming Mouse G900] Registering RGB controller
34078 |Info:    [ASUS ROG CROSSHAIR VIII HERO] Registering RGB controller
34132 |Info:    [Corsair LS100 Lighting Kit] Registering RGB controller
34234 |Info:    [Corsair Commander Core] Registering RGB controller
34235 |Info:    ------------------------------------------------------
34235 |Info:    |              Detecting other devices               |
34235 |Info:    ------------------------------------------------------
34235 |Info:    ------------------------------------------------------
34235 |Info:    |                Detection completed                 |
34235 |Info:    ------------------------------------------------------
