    OpenRGB v0.71
    Commit: e4bb5788019bd84470d277b6513862eab79aa428 from 2022-05-25 00:04:28 -0500
    Launched: 20220603_213826
====================================================================================================

0     |Info:    Found file: Default.orp attempting to validate header
0     |Info:    Valid v3 profile found for Default
1001  |Info:    ------------------------------------------------------
1001  |Info:    |               Start device detection               |
1001  |Info:    ------------------------------------------------------
1001  |Info:    Initializing HID interfaces: Success
1005  |Info:    ------------------------------------------------------
1005  |Info:    |             Detecting I2C interfaces               |
1005  |Info:    ------------------------------------------------------
1005  |Info:    Registering I2C interface: /dev/i2c-3 Device 10DE:2206 Subsystem: 10DE:1467
1005  |Info:    Registering I2C interface: /dev/i2c-1 Device 1022:790B Subsystem: 1043:87C0
1005  |Info:    Registering I2C interface: /dev/i2c-6 Device 10DE:2206 Subsystem: 10DE:1467
1005  |Info:    Registering I2C interface: /dev/i2c-4 Device 10DE:2206 Subsystem: 10DE:1467
1005  |Info:    Registering I2C interface: /dev/i2c-2 Device 1022:790B Subsystem: 1043:87C0
1005  |Info:    Registering I2C interface: /dev/i2c-0 Device 1022:790B Subsystem: 1043:87C0
1005  |Info:    Registering I2C interface: /dev/i2c-7 Device 10DE:2206 Subsystem: 10DE:1467
1005  |Info:    Registering I2C interface: /dev/i2c-5 Device 10DE:2206 Subsystem: 10DE:1467
1005  |Info:    ------------------------------------------------------
1005  |Info:    |               Detecting I2C devices                |
1005  |Info:    ------------------------------------------------------
1655  |Info:    [Corsair Dominator Platinum RGB] Registering RGB controller
1667  |Info:    [Corsair Dominator Platinum RGB] Registering RGB controller
1678  |Info:    [Corsair Dominator Platinum RGB] Registering RGB controller
1689  |Info:    [Corsair Dominator Platinum RGB] Registering RGB controller
1741  |Info:    ------------------------------------------------------
1741  |Info:    |               Detecting I2C PCI devices            |
1741  |Info:    ------------------------------------------------------
1741  |Info:    ------------------------------------------------------
1741  |Info:    |               Detecting HID devices                |
1741  |Info:    ------------------------------------------------------
2163  |Info:    [Gaming Mouse G900] Registering RGB controller
2237  |Info:    [ASUS ROG CROSSHAIR VIII HERO] Registering RGB controller
2291  |Info:    [Corsair LS100 Lighting Kit] Registering RGB controller
2421  |Info:    [Corsair Commander Core] Registering RGB controller
2421  |Info:    ------------------------------------------------------
2421  |Info:    |              Detecting other devices               |
2421  |Info:    ------------------------------------------------------
2429  |Info:    ------------------------------------------------------
2429  |Info:    |                Detection completed                 |
2429  |Info:    ------------------------------------------------------
2429  |Info:    Profile loading: Succeeded for Corsair Dominator Platinum RGB @ I2C: /dev/i2c-0, address 0x58
2429  |Info:    Profile loading: Succeeded for Corsair Dominator Platinum RGB @ I2C: /dev/i2c-0, address 0x59
2429  |Info:    Profile loading: Succeeded for Corsair Dominator Platinum RGB @ I2C: /dev/i2c-0, address 0x5A
2429  |Info:    Profile loading: Succeeded for Corsair Dominator Platinum RGB @ I2C: /dev/i2c-0, address 0x5B
2429  |Info:    Profile loading: Succeeded for Gaming Mouse G900 @ HID: /dev/hidraw1 (Receiver) 
Wireless Index: 255
2429  |Info:    Profile loading: Succeeded for ASUS ROG CROSSHAIR VIII HERO @ HID: /dev/hidraw11
2429  |Info:    Profile loading: Succeeded for Corsair LS100 Lighting Kit @ HID: /dev/hidraw10
2429  |Info:    Profile loading: Succeeded for Corsair Commander Core @ HID: /dev/hidraw2
3766  |Info:    Loading plugins
505631|Info:    ------------------------------------------------------
505631|Info:    |               Start device detection               |
505631|Info:    ------------------------------------------------------
505631|Info:    Initializing HID interfaces: Success
505636|Info:    ------------------------------------------------------
505636|Info:    |             Detecting I2C interfaces               |
505636|Info:    ------------------------------------------------------
505636|Info:    Registering I2C interface: /dev/i2c-3 Device 10DE:2206 Subsystem: 10DE:1467
505636|Info:    Registering I2C interface: /dev/i2c-1 Device 1022:790B Subsystem: 1043:87C0
505636|Info:    Registering I2C interface: /dev/i2c-6 Device 10DE:2206 Subsystem: 10DE:1467
505636|Info:    Registering I2C interface: /dev/i2c-4 Device 10DE:2206 Subsystem: 10DE:1467
505636|Info:    Registering I2C interface: /dev/i2c-2 Device 1022:790B Subsystem: 1043:87C0
505636|Info:    Registering I2C interface: /dev/i2c-0 Device 1022:790B Subsystem: 1043:87C0
505636|Info:    Registering I2C interface: /dev/i2c-7 Device 10DE:2206 Subsystem: 10DE:1467
505636|Info:    Registering I2C interface: /dev/i2c-5 Device 10DE:2206 Subsystem: 10DE:1467
505636|Info:    ------------------------------------------------------
505636|Info:    |               Detecting I2C devices                |
505636|Info:    ------------------------------------------------------
506287|Info:    [Corsair Dominator Platinum RGB] Registering RGB controller
506299|Info:    [Corsair Dominator Platinum RGB] Registering RGB controller
506310|Info:    [Corsair Dominator Platinum RGB] Registering RGB controller
506322|Info:    [Corsair Dominator Platinum RGB] Registering RGB controller
506373|Info:    ------------------------------------------------------
506373|Info:    |               Detecting I2C PCI devices            |
506373|Info:    ------------------------------------------------------
506374|Info:    ------------------------------------------------------
506374|Info:    |               Detecting HID devices                |
506374|Info:    ------------------------------------------------------
506796|Info:    [Gaming Mouse G900] Registering RGB controller
506870|Info:    [ASUS ROG CROSSHAIR VIII HERO] Registering RGB controller
506925|Info:    [Corsair LS100 Lighting Kit] Registering RGB controller
507027|Info:    [Corsair Commander Core] Registering RGB controller
507027|Info:    ------------------------------------------------------
507027|Info:    |              Detecting other devices               |
507027|Info:    ------------------------------------------------------
507028|Info:    ------------------------------------------------------
507028|Info:    |                Detection completed                 |
507028|Info:    ------------------------------------------------------
