    OpenRGB v0.8
    Commit: fb88964b8e514cdf4eb22da314e13f8db06a3636 from 2022-11-27 21:44:33 -0600
    Launched: 20221207_233243
====================================================================================================

0     |Info:    Found file: Default.orp attempting to validate header
0     |Info:    Valid v3 profile found for Default
1002  |Info:    ------------------------------------------------------
1002  |Info:    |               Start device detection               |
1002  |Info:    ------------------------------------------------------
1002  |Info:    Initializing HID interfaces: Success
1006  |Info:    ------------------------------------------------------
1006  |Info:    |             Detecting I2C interfaces               |
1006  |Info:    ------------------------------------------------------
1006  |Info:    Registering I2C interface: /dev/i2c-3 Device 10DE:2206 Subsystem: 10DE:1467
1006  |Info:    Registering I2C interface: /dev/i2c-1 Device 1022:790B Subsystem: 1043:87C0
1006  |Info:    Registering I2C interface: /dev/i2c-6 Device 10DE:2206 Subsystem: 10DE:1467
1006  |Info:    Registering I2C interface: /dev/i2c-4 Device 10DE:2206 Subsystem: 10DE:1467
1006  |Info:    Registering I2C interface: /dev/i2c-2 Device 1022:790B Subsystem: 1043:87C0
1006  |Info:    Registering I2C interface: /dev/i2c-0 Device 1022:790B Subsystem: 1043:87C0
1006  |Info:    Registering I2C interface: /dev/i2c-7 Device 10DE:2206 Subsystem: 10DE:1467
1006  |Info:    Registering I2C interface: /dev/i2c-5 Device 10DE:2206 Subsystem: 10DE:1467
1006  |Info:    ------------------------------------------------------
1006  |Info:    |               Detecting I2C devices                |
1006  |Info:    ------------------------------------------------------
1173  |Info:    [Corsair Dominator Platinum RGB] Registering RGB controller
1184  |Info:    [Corsair Dominator Platinum RGB] Registering RGB controller
1196  |Info:    [Corsair Dominator Platinum RGB] Registering RGB controller
1207  |Info:    [Corsair Dominator Platinum RGB] Registering RGB controller
1770  |Info:    ------------------------------------------------------
1770  |Info:    |               Detecting I2C PCI devices            |
1770  |Info:    ------------------------------------------------------
1770  |Info:    ------------------------------------------------------
1770  |Info:    |               Detecting HID devices                |
1770  |Info:    ------------------------------------------------------
2192  |Info:    [Gaming Mouse G900] Registering RGB controller
2614  |Info:    [Gaming Mouse G900] Registering RGB controller
3036  |Info:    [Gaming Mouse G900] Registering RGB controller
3458  |Info:    [Gaming Mouse G900] Registering RGB controller
3880  |Info:    [Gaming Mouse G900] Registering RGB controller
3959  |Info:    [ASUS ROG CROSSHAIR VIII HERO] Registering RGB controller
4013  |Info:    [Corsair LS100 Lighting Kit] Registering RGB controller
4143  |Info:    [Corsair Commander Core] Registering RGB controller
4143  |Info:    ------------------------------------------------------
4143  |Info:    |              Detecting other devices               |
4143  |Info:    ------------------------------------------------------
4153  |Info:    ------------------------------------------------------
4153  |Info:    |                Detection completed                 |
4153  |Info:    ------------------------------------------------------
4153  |Info:    Profile loading: FAILED! for Corsair Dominator Platinum RGB @ I2C: /dev/i2c-0, address 0x58
4153  |Info:    Profile loading: FAILED! for Corsair Dominator Platinum RGB @ I2C: /dev/i2c-0, address 0x59
4153  |Info:    Profile loading: FAILED! for Corsair Dominator Platinum RGB @ I2C: /dev/i2c-0, address 0x5A
4153  |Info:    Profile loading: FAILED! for Corsair Dominator Platinum RGB @ I2C: /dev/i2c-0, address 0x5B
4153  |Info:    Profile loading: FAILED! for Gaming Mouse G900 @ HID: /dev/hidraw10 (Receiver) 
Wireless Index: 255
4153  |Info:    Profile loading: FAILED! for Gaming Mouse G900 @ HID: /dev/hidraw10 (Receiver) 
Wireless Index: 255
4153  |Info:    Profile loading: FAILED! for Gaming Mouse G900 @ HID: /dev/hidraw10 (Receiver) 
Wireless Index: 255
4153  |Info:    Profile loading: FAILED! for Gaming Mouse G900 @ HID: /dev/hidraw10 (Receiver) 
Wireless Index: 255
4153  |Info:    Profile loading: FAILED! for Gaming Mouse G900 @ HID: /dev/hidraw10 (Receiver) 
Wireless Index: 255
4153  |Info:    Profile loading: FAILED! for ASUS ROG CROSSHAIR VIII HERO @ HID: /dev/hidraw11
4153  |Info:    Profile loading: FAILED! for Corsair LS100 Lighting Kit @ HID: /dev/hidraw8
4153  |Info:    Profile loading: FAILED! for Corsair Commander Core @ HID: /dev/hidraw3
15145 |Info:    ------------------------------------------------------
15145 |Info:    |               Start device detection               |
15145 |Info:    ------------------------------------------------------
15145 |Info:    Initializing HID interfaces: Success
15149 |Info:    ------------------------------------------------------
15149 |Info:    |             Detecting I2C interfaces               |
15149 |Info:    ------------------------------------------------------
15149 |Info:    Registering I2C interface: /dev/i2c-3 Device 10DE:2206 Subsystem: 10DE:1467
15149 |Info:    Registering I2C interface: /dev/i2c-1 Device 1022:790B Subsystem: 1043:87C0
15149 |Info:    Registering I2C interface: /dev/i2c-6 Device 10DE:2206 Subsystem: 10DE:1467
15149 |Info:    Registering I2C interface: /dev/i2c-4 Device 10DE:2206 Subsystem: 10DE:1467
15149 |Info:    Registering I2C interface: /dev/i2c-2 Device 1022:790B Subsystem: 1043:87C0
15149 |Info:    Registering I2C interface: /dev/i2c-0 Device 1022:790B Subsystem: 1043:87C0
15149 |Info:    Registering I2C interface: /dev/i2c-7 Device 10DE:2206 Subsystem: 10DE:1467
15149 |Info:    Registering I2C interface: /dev/i2c-5 Device 10DE:2206 Subsystem: 10DE:1467
15149 |Info:    ------------------------------------------------------
15149 |Info:    |               Detecting I2C devices                |
15149 |Info:    ------------------------------------------------------
15316 |Info:    [Corsair Dominator Platinum RGB] Registering RGB controller
15327 |Info:    [Corsair Dominator Platinum RGB] Registering RGB controller
15338 |Info:    [Corsair Dominator Platinum RGB] Registering RGB controller
15349 |Info:    [Corsair Dominator Platinum RGB] Registering RGB controller
15914 |Info:    ------------------------------------------------------
15914 |Info:    |               Detecting I2C PCI devices            |
15914 |Info:    ------------------------------------------------------
15915 |Info:    ------------------------------------------------------
15915 |Info:    |               Detecting HID devices                |
15915 |Info:    ------------------------------------------------------
16337 |Info:    [Gaming Mouse G900] Registering RGB controller
16759 |Info:    [Gaming Mouse G900] Registering RGB controller
17181 |Info:    [Gaming Mouse G900] Registering RGB controller
17603 |Info:    [Gaming Mouse G900] Registering RGB controller
18025 |Info:    [Gaming Mouse G900] Registering RGB controller
18103 |Info:    [ASUS ROG CROSSHAIR VIII HERO] Registering RGB controller
18156 |Info:    [Corsair LS100 Lighting Kit] Registering RGB controller
18259 |Info:    [Corsair Commander Core] Registering RGB controller
18259 |Info:    ------------------------------------------------------
18259 |Info:    |              Detecting other devices               |
18259 |Info:    ------------------------------------------------------
18260 |Info:    ------------------------------------------------------
18260 |Info:    |                Detection completed                 |
18260 |Info:    ------------------------------------------------------
20222 |Info:    Profile loading: Succeeded for Corsair Dominator Platinum RGB @ I2C: /dev/i2c-0, address 0x58
20222 |Info:    Profile loading: Succeeded for Corsair Dominator Platinum RGB @ I2C: /dev/i2c-0, address 0x59
20222 |Info:    Profile loading: Succeeded for Corsair Dominator Platinum RGB @ I2C: /dev/i2c-0, address 0x5A
20222 |Info:    Profile loading: Succeeded for Corsair Dominator Platinum RGB @ I2C: /dev/i2c-0, address 0x5B
20222 |Info:    Profile loading: Succeeded for Gaming Mouse G900 @ HID: /dev/hidraw10 (Receiver) 
Wireless Index: 255
20222 |Info:    Profile loading: FAILED! for Gaming Mouse G900 @ HID: /dev/hidraw10 (Receiver) 
Wireless Index: 255
20222 |Info:    Profile loading: FAILED! for Gaming Mouse G900 @ HID: /dev/hidraw10 (Receiver) 
Wireless Index: 255
20222 |Info:    Profile loading: FAILED! for Gaming Mouse G900 @ HID: /dev/hidraw10 (Receiver) 
Wireless Index: 255
20222 |Info:    Profile loading: FAILED! for Gaming Mouse G900 @ HID: /dev/hidraw10 (Receiver) 
Wireless Index: 255
20222 |Info:    Profile loading: Succeeded for ASUS ROG CROSSHAIR VIII HERO @ HID: /dev/hidraw11
20222 |Info:    Profile loading: Succeeded for Corsair LS100 Lighting Kit @ HID: /dev/hidraw8
20222 |Info:    Profile loading: Succeeded for Corsair Commander Core @ HID: /dev/hidraw3
21264 |Info:    Profile loading: Succeeded for Corsair Dominator Platinum RGB @ I2C: /dev/i2c-0, address 0x58
21264 |Info:    Profile loading: Succeeded for Corsair Dominator Platinum RGB @ I2C: /dev/i2c-0, address 0x59
21264 |Info:    Profile loading: Succeeded for Corsair Dominator Platinum RGB @ I2C: /dev/i2c-0, address 0x5A
21264 |Info:    Profile loading: Succeeded for Corsair Dominator Platinum RGB @ I2C: /dev/i2c-0, address 0x5B
21264 |Info:    Profile loading: Succeeded for Gaming Mouse G900 @ HID: /dev/hidraw10 (Receiver) 
Wireless Index: 255
21264 |Info:    Profile loading: FAILED! for Gaming Mouse G900 @ HID: /dev/hidraw10 (Receiver) 
Wireless Index: 255
21264 |Info:    Profile loading: FAILED! for Gaming Mouse G900 @ HID: /dev/hidraw10 (Receiver) 
Wireless Index: 255
21264 |Info:    Profile loading: FAILED! for Gaming Mouse G900 @ HID: /dev/hidraw10 (Receiver) 
Wireless Index: 255
21264 |Info:    Profile loading: FAILED! for Gaming Mouse G900 @ HID: /dev/hidraw10 (Receiver) 
Wireless Index: 255
21264 |Info:    Profile loading: Succeeded for ASUS ROG CROSSHAIR VIII HERO @ HID: /dev/hidraw11
21264 |Info:    Profile loading: Succeeded for Corsair LS100 Lighting Kit @ HID: /dev/hidraw8
21264 |Info:    Profile loading: Succeeded for Corsair Commander Core @ HID: /dev/hidraw3
