    OpenRGB v0.7
    Commit:  from 
    Launched: 20220912_233051
====================================================================================================

0     |Info:    Found file: Default.orp attempting to validate header
1     |Info:    Valid v3 profile found for Default
1004  |Info:    ------------------------------------------------------
1004  |Info:    |               Start device detection               |
1004  |Info:    ------------------------------------------------------
1004  |Info:    Initializing HID interfaces: Success
1008  |Info:    ------------------------------------------------------
1008  |Info:    |             Detecting I2C interfaces               |
1008  |Info:    ------------------------------------------------------
1008  |Info:    Registering I2C interface: /dev/i2c-3 Device 10DE:2206 Subsystem: 10DE:1467
1008  |Info:    Registering I2C interface: /dev/i2c-1 Device 1022:790B Subsystem: 1043:87C0
1008  |Info:    Registering I2C interface: /dev/i2c-6 Device 10DE:2206 Subsystem: 10DE:1467
1008  |Info:    Registering I2C interface: /dev/i2c-4 Device 10DE:2206 Subsystem: 10DE:1467
1009  |Info:    Registering I2C interface: /dev/i2c-2 Device 1022:790B Subsystem: 1043:87C0
1009  |Info:    Registering I2C interface: /dev/i2c-0 Device 1022:790B Subsystem: 1043:87C0
1009  |Info:    Registering I2C interface: /dev/i2c-7 Device 10DE:2206 Subsystem: 10DE:1467
1009  |Info:    Registering I2C interface: /dev/i2c-5 Device 10DE:2206 Subsystem: 10DE:1467
1009  |Info:    ------------------------------------------------------
1009  |Info:    |               Detecting I2C devices                |
1009  |Info:    ------------------------------------------------------
1684  |Info:    [Corsair Dominator Platinum RGB] Registering RGB controller
1695  |Info:    [Corsair Dominator Platinum RGB] Registering RGB controller
1707  |Info:    [Corsair Dominator Platinum RGB] Registering RGB controller
1718  |Info:    [Corsair Dominator Platinum RGB] Registering RGB controller
1769  |Info:    ------------------------------------------------------
1769  |Info:    |               Detecting HID devices                |
1769  |Info:    ------------------------------------------------------
2192  |Info:    [Gaming Mouse G900] Registering RGB controller
2546  |Info:    Unable add this Logitech device: Not Connected
2901  |Info:    Unable add this Logitech device: Not Connected
3255  |Info:    Unable add this Logitech device: Not Connected
3609  |Info:    Unable add this Logitech device: Not Connected
3963  |Info:    Unable add this Logitech device: Not Connected
4317  |Info:    Unable add this Logitech device: Not Connected
4671  |Info:    Unable add this Logitech device: Not Connected
5025  |Info:    Unable add this Logitech device: Not Connected
5379  |Info:    Unable add this Logitech device: Not Connected
5733  |Info:    Unable add this Logitech device: Not Connected
5808  |Info:    [ASUS ROG CROSSHAIR VIII HERO] Registering RGB controller
5862  |Info:    [Corsair LS100 Lighting Kit] Registering RGB controller
6007  |Info:    [Corsair Commander Core] Registering RGB controller
6007  |Info:    ------------------------------------------------------
6007  |Info:    |              Detecting other devices               |
6007  |Info:    ------------------------------------------------------
6015  |Info:    ------------------------------------------------------
6015  |Info:    |                Detection completed                 |
6015  |Info:    ------------------------------------------------------
6015  |Info:    Profile loading: Succeeded for Corsair Dominator Platinum RGB @ I2C: /dev/i2c-0, address 0x58
6015  |Info:    Profile loading: Succeeded for Corsair Dominator Platinum RGB @ I2C: /dev/i2c-0, address 0x59
6015  |Info:    Profile loading: Succeeded for Corsair Dominator Platinum RGB @ I2C: /dev/i2c-0, address 0x5A
6015  |Info:    Profile loading: Succeeded for Corsair Dominator Platinum RGB @ I2C: /dev/i2c-0, address 0x5B
6015  |Info:    Profile loading: Succeeded for Gaming Mouse G900 @ HID: /dev/hidraw6 (Receiver) 
Wireless Index: 255
6015  |Info:    Profile loading: Succeeded for ASUS ROG CROSSHAIR VIII HERO @ HID: /dev/hidraw10
6015  |Info:    Profile loading: Succeeded for Corsair LS100 Lighting Kit @ HID: /dev/hidraw11
6015  |Info:    Profile loading: Succeeded for Corsair Commander Core @ HID: /dev/hidraw2
7310  |Info:    Loading plugins
