    OpenRGB v0.8
    Commit: fb88964b8e514cdf4eb22da314e13f8db06a3636 from 2022-11-27 21:44:33 -0600
    Launched: 20221207_181747
====================================================================================================

0     |Info:    Found file: Default.orp attempting to validate header
0     |Info:    Valid v3 profile found for Default
1001  |Info:    ------------------------------------------------------
1001  |Info:    |               Start device detection               |
1001  |Info:    ------------------------------------------------------
1001  |Info:    Initializing HID interfaces: Success
1004  |Info:    ------------------------------------------------------
1004  |Info:    |             Detecting I2C interfaces               |
1004  |Info:    ------------------------------------------------------
1004  |Info:    Registering I2C interface: /dev/i2c-3 Device 10DE:2206 Subsystem: 10DE:1467
1004  |Info:    Registering I2C interface: /dev/i2c-6 Device 10DE:2206 Subsystem: 10DE:1467
1004  |Info:    Registering I2C interface: /dev/i2c-2 Device 1022:790B Subsystem: 1043:87C0
1005  |Info:    Registering I2C interface: /dev/i2c-7 Device 10DE:2206 Subsystem: 10DE:1467
1005  |Info:    ------------------------------------------------------
1005  |Info:    |               Detecting I2C devices                |
1005  |Info:    ------------------------------------------------------
1203  |Info:    ------------------------------------------------------
1203  |Info:    |               Detecting I2C PCI devices            |
1203  |Info:    ------------------------------------------------------
1204  |Info:    ------------------------------------------------------
1204  |Info:    |               Detecting HID devices                |
1204  |Info:    ------------------------------------------------------
1282  |Info:    [ASUS ROG CROSSHAIR VIII HERO] Registering RGB controller
1336  |Info:    [Corsair LS100 Lighting Kit] Registering RGB controller
1472  |Info:    [Corsair Commander Core] Registering RGB controller
1473  |Info:    ------------------------------------------------------
1473  |Info:    |              Detecting other devices               |
1473  |Info:    ------------------------------------------------------
1480  |Info:    ------------------------------------------------------
1480  |Info:    |                Detection completed                 |
1480  |Info:    ------------------------------------------------------
1480  |Dialog:  <h2>WARNING:</h2><p>One or more I2C/SMBus interfaces failed to initialize.</p><p>RGB DRAM modules and some motherboards' onboard RGB lighting will not be available without I2C/SMBus.</p><p>On Linux, this is usually because the i2c-dev module is not loaded.  You must load the i2c-dev module along with the correct i2c driver for your motherboard.  This is usually i2c-piix4 for AMD systems and i2c-i801 for Intel systems.</p><p>See <a href='https://help.openrgb.org/'>help.openrgb.org</a> for additional troubleshooting steps if you keep seeing this message.<br></p>
1480  |Info:    Profile loading: FAILED! for ASUS ROG CROSSHAIR VIII HERO @ HID: /dev/hidraw5
1480  |Info:    Profile loading: FAILED! for Corsair LS100 Lighting Kit @ HID: /dev/hidraw9
1480  |Info:    Profile loading: FAILED! for Corsair Commander Core @ HID: /dev/hidraw3
