    OpenRGB v0.7
    Commit:  from 
    Launched: 20220827_101128
====================================================================================================

0     |Info:    Found file: Default.orp attempting to validate header
0     |Info:    Valid v3 profile found for Default
1001  |Info:    ------------------------------------------------------
1001  |Info:    |               Start device detection               |
1001  |Info:    ------------------------------------------------------
1001  |Info:    Initializing HID interfaces: Success
1005  |Info:    ------------------------------------------------------
1005  |Info:    |             Detecting I2C interfaces               |
1005  |Info:    ------------------------------------------------------
1005  |Info:    Registering I2C interface: /dev/i2c-3 Device 10DE:2206 Subsystem: 10DE:1467
1005  |Info:    Registering I2C interface: /dev/i2c-1 Device 1022:790B Subsystem: 1043:87C0
1005  |Info:    Registering I2C interface: /dev/i2c-6 Device 10DE:2206 Subsystem: 10DE:1467
1006  |Info:    Registering I2C interface: /dev/i2c-4 Device 10DE:2206 Subsystem: 10DE:1467
1006  |Info:    Registering I2C interface: /dev/i2c-2 Device 1022:790B Subsystem: 1043:87C0
1006  |Info:    Registering I2C interface: /dev/i2c-0 Device 1022:790B Subsystem: 1043:87C0
1006  |Info:    Registering I2C interface: /dev/i2c-7 Device 10DE:2206 Subsystem: 10DE:1467
1006  |Info:    Registering I2C interface: /dev/i2c-5 Device 10DE:2206 Subsystem: 10DE:1467
1006  |Info:    ------------------------------------------------------
1006  |Info:    |               Detecting I2C devices                |
1006  |Info:    ------------------------------------------------------
1683  |Info:    [Corsair Dominator Platinum RGB] Registering RGB controller
1694  |Info:    [Corsair Dominator Platinum RGB] Registering RGB controller
1706  |Info:    [Corsair Dominator Platinum RGB] Registering RGB controller
1717  |Info:    [Corsair Dominator Platinum RGB] Registering RGB controller
1768  |Info:    ------------------------------------------------------
1768  |Info:    |               Detecting HID devices                |
1768  |Info:    ------------------------------------------------------
2191  |Info:    [Gaming Mouse G900] Registering RGB controller
2545  |Info:    Unable add this Logitech device: Not Connected
2899  |Info:    Unable add this Logitech device: Not Connected
3253  |Info:    Unable add this Logitech device: Not Connected
3607  |Info:    Unable add this Logitech device: Not Connected
3961  |Info:    Unable add this Logitech device: Not Connected
4315  |Info:    Unable add this Logitech device: Not Connected
4669  |Info:    Unable add this Logitech device: Not Connected
5023  |Info:    Unable add this Logitech device: Not Connected
5377  |Info:    Unable add this Logitech device: Not Connected
5731  |Info:    Unable add this Logitech device: Not Connected
5806  |Info:    [ASUS ROG CROSSHAIR VIII HERO] Registering RGB controller
5860  |Info:    [Corsair LS100 Lighting Kit] Registering RGB controller
5992  |Info:    [Corsair Commander Core] Registering RGB controller
5992  |Info:    ------------------------------------------------------
5992  |Info:    |              Detecting other devices               |
5992  |Info:    ------------------------------------------------------
6000  |Info:    ------------------------------------------------------
6000  |Info:    |                Detection completed                 |
6000  |Info:    ------------------------------------------------------
6001  |Info:    Profile loading: Succeeded for Corsair Dominator Platinum RGB @ I2C: /dev/i2c-0, address 0x58
6001  |Info:    Profile loading: Succeeded for Corsair Dominator Platinum RGB @ I2C: /dev/i2c-0, address 0x59
6001  |Info:    Profile loading: Succeeded for Corsair Dominator Platinum RGB @ I2C: /dev/i2c-0, address 0x5A
6001  |Info:    Profile loading: Succeeded for Corsair Dominator Platinum RGB @ I2C: /dev/i2c-0, address 0x5B
6001  |Info:    Profile loading: Succeeded for Gaming Mouse G900 @ HID: /dev/hidraw10 (Receiver) 
Wireless Index: 255
6001  |Info:    Profile loading: Succeeded for ASUS ROG CROSSHAIR VIII HERO @ HID: /dev/hidraw1
6001  |Info:    Profile loading: Succeeded for Corsair LS100 Lighting Kit @ HID: /dev/hidraw11
6001  |Info:    Profile loading: Succeeded for Corsair Commander Core @ HID: /dev/hidraw2
7298  |Info:    Loading plugins
