    OpenRGB v0.71
    Commit: 4f9b81661cbce13498c489b7e9b985f5983348ab from 2022-05-22 00:19:20 +0000
    Launched: 20220522_120300
====================================================================================================

0     |Info:    Found file: Default.orp attempting to validate header
1     |Info:    Valid v3 profile found for Default
1002  |Info:    Saving detector settings
1009  |Info:    ------------------------------------------------------
1009  |Info:    |               Start device detection               |
1009  |Info:    ------------------------------------------------------
1009  |Info:    Initializing HID interfaces: Success
1012  |Info:    ------------------------------------------------------
1012  |Info:    |             Detecting I2C interfaces               |
1012  |Info:    ------------------------------------------------------
1012  |Info:    Registering I2C interface: /dev/i2c-3 Device 10DE:2206 Subsystem: 10DE:1467
1012  |Info:    Registering I2C interface: /dev/i2c-1 Device 1022:790B Subsystem: 1043:87C0
1013  |Info:    Registering I2C interface: /dev/i2c-6 Device 10DE:2206 Subsystem: 10DE:1467
1013  |Info:    Registering I2C interface: /dev/i2c-4 Device 10DE:2206 Subsystem: 10DE:1467
1013  |Info:    Registering I2C interface: /dev/i2c-2 Device 1022:790B Subsystem: 1043:87C0
1013  |Info:    Registering I2C interface: /dev/i2c-0 Device 1022:790B Subsystem: 1043:87C0
1013  |Info:    Registering I2C interface: /dev/i2c-7 Device 10DE:2206 Subsystem: 10DE:1467
1013  |Info:    Registering I2C interface: /dev/i2c-5 Device 10DE:2206 Subsystem: 10DE:1467
1013  |Info:    ------------------------------------------------------
1013  |Info:    |               Detecting I2C devices                |
1013  |Info:    ------------------------------------------------------
1666  |Info:    [Corsair Dominator Platinum RGB] Registering RGB controller
1677  |Info:    [Corsair Dominator Platinum RGB] Registering RGB controller
1689  |Info:    [Corsair Dominator Platinum RGB] Registering RGB controller
1700  |Info:    [Corsair Dominator Platinum RGB] Registering RGB controller
1753  |Info:    ------------------------------------------------------
1753  |Info:    |               Detecting HID devices                |
1753  |Info:    ------------------------------------------------------
2175  |Info:    [Gaming Mouse G900] Registering RGB controller
2249  |Info:    [ASUS ROG CROSSHAIR VIII HERO] Registering RGB controller
2306  |Info:    [Corsair LS100 Lighting Kit] Registering RGB controller
2459  |Info:    [Corsair Commander Core] Registering RGB controller
2459  |Info:    ------------------------------------------------------
2459  |Info:    |              Detecting other devices               |
2459  |Info:    ------------------------------------------------------
2464  |Info:    ------------------------------------------------------
2464  |Info:    |                Detection completed                 |
2464  |Info:    ------------------------------------------------------
2465  |Info:    Profile loading: Succeeded for Corsair Dominator Platinum RGB @ I2C: /dev/i2c-0, address 0x58
2465  |Info:    Profile loading: Succeeded for Corsair Dominator Platinum RGB @ I2C: /dev/i2c-0, address 0x59
2465  |Info:    Profile loading: Succeeded for Corsair Dominator Platinum RGB @ I2C: /dev/i2c-0, address 0x5A
2465  |Info:    Profile loading: Succeeded for Corsair Dominator Platinum RGB @ I2C: /dev/i2c-0, address 0x5B
2465  |Info:    Profile loading: Succeeded for Gaming Mouse G900 @ HID: /dev/hidraw6 (Receiver) 
Wireless Index: 255
2465  |Info:    Profile loading: Succeeded for ASUS ROG CROSSHAIR VIII HERO @ HID: /dev/hidraw10
2465  |Info:    Profile loading: Succeeded for Corsair LS100 Lighting Kit @ HID: /dev/hidraw11
2465  |Info:    Profile loading: Succeeded for Corsair Commander Core @ HID: /dev/hidraw2
3792  |Info:    Loading plugins
