    OpenRGB v0.8
    Commit: fb88964b8e514cdf4eb22da314e13f8db06a3636 from 2022-11-27 21:44:33 -0600
    Launched: 20221209_154641
====================================================================================================

0     |Info:    Found file: Default.orp attempting to validate header
0     |Info:    Valid v3 profile found for Default
1002  |Info:    ------------------------------------------------------
1002  |Info:    |               Start device detection               |
1002  |Info:    ------------------------------------------------------
1002  |Info:    Initializing HID interfaces: Success
1006  |Info:    ------------------------------------------------------
1006  |Info:    |             Detecting I2C interfaces               |
1006  |Info:    ------------------------------------------------------
1006  |Info:    Registering I2C interface: /dev/i2c-3 Device 10DE:2206 Subsystem: 10DE:1467
1006  |Info:    Registering I2C interface: /dev/i2c-1 Device 10DE:2206 Subsystem: 10DE:1467
1006  |Info:    Registering I2C interface: /dev/i2c-6 Device 1022:790B Subsystem: 1043:87C0
1006  |Info:    Registering I2C interface: /dev/i2c-4 Device 10DE:2206 Subsystem: 10DE:1467
1006  |Info:    Registering I2C interface: /dev/i2c-2 Device 10DE:2206 Subsystem: 10DE:1467
1006  |Info:    Registering I2C interface: /dev/i2c-0 Device 10DE:2206 Subsystem: 10DE:1467
1006  |Info:    Registering I2C interface: /dev/i2c-7 Device 1022:790B Subsystem: 1043:87C0
1006  |Info:    Registering I2C interface: /dev/i2c-5 Device 1022:790B Subsystem: 1043:87C0
1006  |Info:    ------------------------------------------------------
1006  |Info:    |               Detecting I2C devices                |
1006  |Info:    ------------------------------------------------------
1173  |Info:    [Corsair Dominator Platinum RGB] Registering RGB controller
1184  |Info:    [Corsair Dominator Platinum RGB] Registering RGB controller
1195  |Info:    [Corsair Dominator Platinum RGB] Registering RGB controller
1207  |Info:    [Corsair Dominator Platinum RGB] Registering RGB controller
1777  |Info:    ------------------------------------------------------
1777  |Info:    |               Detecting I2C PCI devices            |
1777  |Info:    ------------------------------------------------------
1777  |Info:    ------------------------------------------------------
1777  |Info:    |               Detecting HID devices                |
1777  |Info:    ------------------------------------------------------
2199  |Info:    [Gaming Mouse G900] Registering RGB controller
2621  |Info:    [Gaming Mouse G900] Registering RGB controller
3043  |Info:    [Gaming Mouse G900] Registering RGB controller
3465  |Info:    [Gaming Mouse G900] Registering RGB controller
3887  |Info:    [Gaming Mouse G900] Registering RGB controller
3962  |Info:    [ASUS ROG CROSSHAIR VIII HERO] Registering RGB controller
4025  |Info:    [Corsair LS100 Lighting Kit] Registering RGB controller
4162  |Info:    [Corsair Commander Core] Registering RGB controller
4162  |Info:    ------------------------------------------------------
4162  |Info:    |              Detecting other devices               |
4162  |Info:    ------------------------------------------------------
4171  |Info:    ------------------------------------------------------
4171  |Info:    |                Detection completed                 |
4171  |Info:    ------------------------------------------------------
4171  |Info:    Profile loading: FAILED! for Corsair Dominator Platinum RGB @ I2C: /dev/i2c-5, address 0x58
4171  |Info:    Profile loading: FAILED! for Corsair Dominator Platinum RGB @ I2C: /dev/i2c-5, address 0x59
4171  |Info:    Profile loading: FAILED! for Corsair Dominator Platinum RGB @ I2C: /dev/i2c-5, address 0x5A
4171  |Info:    Profile loading: FAILED! for Corsair Dominator Platinum RGB @ I2C: /dev/i2c-5, address 0x5B
4171  |Info:    Profile loading: FAILED! for Gaming Mouse G900 @ HID: /dev/hidraw14 (Receiver) 
Wireless Index: 255
4171  |Info:    Profile loading: FAILED! for Gaming Mouse G900 @ HID: /dev/hidraw14 (Receiver) 
Wireless Index: 255
4171  |Info:    Profile loading: FAILED! for Gaming Mouse G900 @ HID: /dev/hidraw14 (Receiver) 
Wireless Index: 255
4171  |Info:    Profile loading: FAILED! for Gaming Mouse G900 @ HID: /dev/hidraw14 (Receiver) 
Wireless Index: 255
4171  |Info:    Profile loading: FAILED! for Gaming Mouse G900 @ HID: /dev/hidraw14 (Receiver) 
Wireless Index: 255
4171  |Info:    Profile loading: FAILED! for ASUS ROG CROSSHAIR VIII HERO @ HID: /dev/hidraw11
4171  |Info:    Profile loading: FAILED! for Corsair LS100 Lighting Kit @ HID: /dev/hidraw9
4171  |Info:    Profile loading: FAILED! for Corsair Commander Core @ HID: /dev/hidraw3
213832|Info:    Found file: Default.orp attempting to validate header
213832|Info:    Valid v3 profile found for Default
