    OpenRGB v0.8
    Commit: fb88964b8e514cdf4eb22da314e13f8db06a3636 from 2022-11-27 21:44:33 -0600
    Launched: 20221207_212426
====================================================================================================

0     |Info:    Found file: Default.orp attempting to validate header
0     |Info:    Valid v3 profile found for Default
1002  |Info:    ------------------------------------------------------
1002  |Info:    |               Start device detection               |
1002  |Info:    ------------------------------------------------------
1002  |Info:    Initializing HID interfaces: Success
1005  |Info:    ------------------------------------------------------
1005  |Info:    |             Detecting I2C interfaces               |
1005  |Info:    ------------------------------------------------------
1005  |Info:    Registering I2C interface: /dev/i2c-3 Device 10DE:2206 Subsystem: 10DE:1467
1005  |Info:    Registering I2C interface: /dev/i2c-1 Device 1022:790B Subsystem: 1043:87C0
1005  |Info:    Registering I2C interface: /dev/i2c-6 Device 10DE:2206 Subsystem: 10DE:1467
1005  |Info:    Registering I2C interface: /dev/i2c-4 Device 10DE:2206 Subsystem: 10DE:1467
1005  |Info:    Registering I2C interface: /dev/i2c-2 Device 1022:790B Subsystem: 1043:87C0
1005  |Info:    Registering I2C interface: /dev/i2c-0 Device 1022:790B Subsystem: 1043:87C0
1006  |Info:    Registering I2C interface: /dev/i2c-7 Device 10DE:2206 Subsystem: 10DE:1467
1006  |Info:    Registering I2C interface: /dev/i2c-5 Device 10DE:2206 Subsystem: 10DE:1467
1006  |Info:    ------------------------------------------------------
1006  |Info:    |               Detecting I2C devices                |
1006  |Info:    ------------------------------------------------------
1172  |Info:    [Corsair Dominator Platinum RGB] Registering RGB controller
1183  |Info:    [Corsair Dominator Platinum RGB] Registering RGB controller
1195  |Info:    [Corsair Dominator Platinum RGB] Registering RGB controller
1206  |Info:    [Corsair Dominator Platinum RGB] Registering RGB controller
1769  |Info:    ------------------------------------------------------
1769  |Info:    |               Detecting I2C PCI devices            |
1769  |Info:    ------------------------------------------------------
1769  |Info:    ------------------------------------------------------
1769  |Info:    |               Detecting HID devices                |
1769  |Info:    ------------------------------------------------------
2191  |Info:    [Gaming Mouse G900] Registering RGB controller
2613  |Info:    [Gaming Mouse G900] Registering RGB controller
3035  |Info:    [Gaming Mouse G900] Registering RGB controller
3457  |Info:    [Gaming Mouse G900] Registering RGB controller
3879  |Info:    [Gaming Mouse G900] Registering RGB controller
3956  |Info:    [ASUS ROG CROSSHAIR VIII HERO] Registering RGB controller
4010  |Info:    [Corsair LS100 Lighting Kit] Registering RGB controller
4146  |Info:    [Corsair Commander Core] Registering RGB controller
4146  |Info:    ------------------------------------------------------
4146  |Info:    |              Detecting other devices               |
4146  |Info:    ------------------------------------------------------
4156  |Info:    ------------------------------------------------------
4156  |Info:    |                Detection completed                 |
4156  |Info:    ------------------------------------------------------
4157  |Info:    Profile loading: FAILED! for Corsair Dominator Platinum RGB @ I2C: /dev/i2c-0, address 0x58
4157  |Info:    Profile loading: FAILED! for Corsair Dominator Platinum RGB @ I2C: /dev/i2c-0, address 0x59
4157  |Info:    Profile loading: FAILED! for Corsair Dominator Platinum RGB @ I2C: /dev/i2c-0, address 0x5A
4157  |Info:    Profile loading: FAILED! for Corsair Dominator Platinum RGB @ I2C: /dev/i2c-0, address 0x5B
4157  |Info:    Profile loading: FAILED! for Gaming Mouse G900 @ HID: /dev/hidraw12 (Receiver) 
Wireless Index: 255
4157  |Info:    Profile loading: FAILED! for Gaming Mouse G900 @ HID: /dev/hidraw12 (Receiver) 
Wireless Index: 255
4157  |Info:    Profile loading: FAILED! for Gaming Mouse G900 @ HID: /dev/hidraw12 (Receiver) 
Wireless Index: 255
4157  |Info:    Profile loading: FAILED! for Gaming Mouse G900 @ HID: /dev/hidraw12 (Receiver) 
Wireless Index: 255
4157  |Info:    Profile loading: FAILED! for Gaming Mouse G900 @ HID: /dev/hidraw12 (Receiver) 
Wireless Index: 255
4157  |Info:    Profile loading: FAILED! for ASUS ROG CROSSHAIR VIII HERO @ HID: /dev/hidraw7
4157  |Info:    Profile loading: FAILED! for Corsair LS100 Lighting Kit @ HID: /dev/hidraw2
4157  |Info:    Profile loading: FAILED! for Corsair Commander Core @ HID: /dev/hidraw4
15148 |Info:    ------------------------------------------------------
15148 |Info:    |               Start device detection               |
15148 |Info:    ------------------------------------------------------
15149 |Info:    Initializing HID interfaces: Success
15152 |Info:    ------------------------------------------------------
15152 |Info:    |             Detecting I2C interfaces               |
15152 |Info:    ------------------------------------------------------
15152 |Info:    Registering I2C interface: /dev/i2c-3 Device 10DE:2206 Subsystem: 10DE:1467
15152 |Info:    Registering I2C interface: /dev/i2c-1 Device 1022:790B Subsystem: 1043:87C0
15152 |Info:    Registering I2C interface: /dev/i2c-6 Device 10DE:2206 Subsystem: 10DE:1467
15152 |Info:    Registering I2C interface: /dev/i2c-4 Device 10DE:2206 Subsystem: 10DE:1467
15152 |Info:    Registering I2C interface: /dev/i2c-2 Device 1022:790B Subsystem: 1043:87C0
15152 |Info:    Registering I2C interface: /dev/i2c-0 Device 1022:790B Subsystem: 1043:87C0
15152 |Info:    Registering I2C interface: /dev/i2c-7 Device 10DE:2206 Subsystem: 10DE:1467
15152 |Info:    Registering I2C interface: /dev/i2c-5 Device 10DE:2206 Subsystem: 10DE:1467
15152 |Info:    ------------------------------------------------------
15152 |Info:    |               Detecting I2C devices                |
15152 |Info:    ------------------------------------------------------
15319 |Info:    [Corsair Dominator Platinum RGB] Registering RGB controller
15331 |Info:    [Corsair Dominator Platinum RGB] Registering RGB controller
15342 |Info:    [Corsair Dominator Platinum RGB] Registering RGB controller
15353 |Info:    [Corsair Dominator Platinum RGB] Registering RGB controller
15918 |Info:    ------------------------------------------------------
15918 |Info:    |               Detecting I2C PCI devices            |
15918 |Info:    ------------------------------------------------------
15919 |Info:    ------------------------------------------------------
15919 |Info:    |               Detecting HID devices                |
15919 |Info:    ------------------------------------------------------
16341 |Info:    [Gaming Mouse G900] Registering RGB controller
16763 |Info:    [Gaming Mouse G900] Registering RGB controller
17185 |Info:    [Gaming Mouse G900] Registering RGB controller
17607 |Info:    [Gaming Mouse G900] Registering RGB controller
18029 |Info:    [Gaming Mouse G900] Registering RGB controller
18105 |Info:    [ASUS ROG CROSSHAIR VIII HERO] Registering RGB controller
18158 |Info:    [Corsair LS100 Lighting Kit] Registering RGB controller
18261 |Info:    [Corsair Commander Core] Registering RGB controller
18261 |Info:    ------------------------------------------------------
18261 |Info:    |              Detecting other devices               |
18261 |Info:    ------------------------------------------------------
18262 |Info:    ------------------------------------------------------
18262 |Info:    |                Detection completed                 |
18262 |Info:    ------------------------------------------------------
