    OpenRGB v0.7
    Commit:  from 
    Launched: 20220618_135927
====================================================================================================

0     |Info:    Found file: Default.orp attempting to validate header
0     |Info:    Valid v3 profile found for Default
1001  |Info:    ------------------------------------------------------
1001  |Info:    |               Start device detection               |
1001  |Info:    ------------------------------------------------------
1001  |Info:    Initializing HID interfaces: Success
1005  |Info:    ------------------------------------------------------
1005  |Info:    |             Detecting I2C interfaces               |
1005  |Info:    ------------------------------------------------------
1005  |Info:    Registering I2C interface: /dev/i2c-3 Device 10DE:2206 Subsystem: 10DE:1467
1005  |Info:    Registering I2C interface: /dev/i2c-1 Device 1022:790B Subsystem: 1043:87C0
1006  |Info:    Registering I2C interface: /dev/i2c-6 Device 10DE:2206 Subsystem: 10DE:1467
1006  |Info:    Registering I2C interface: /dev/i2c-4 Device 10DE:2206 Subsystem: 10DE:1467
1006  |Info:    Registering I2C interface: /dev/i2c-2 Device 1022:790B Subsystem: 1043:87C0
1006  |Info:    Registering I2C interface: /dev/i2c-0 Device 1022:790B Subsystem: 1043:87C0
1006  |Info:    Registering I2C interface: /dev/i2c-7 Device 10DE:2206 Subsystem: 10DE:1467
1006  |Info:    Registering I2C interface: /dev/i2c-5 Device 10DE:2206 Subsystem: 10DE:1467
1006  |Info:    ------------------------------------------------------
1006  |Info:    |               Detecting I2C devices                |
1006  |Info:    ------------------------------------------------------
1684  |Info:    [Corsair Dominator Platinum RGB] Registering RGB controller
1695  |Info:    [Corsair Dominator Platinum RGB] Registering RGB controller
1707  |Info:    [Corsair Dominator Platinum RGB] Registering RGB controller
1719  |Info:    [Corsair Dominator Platinum RGB] Registering RGB controller
1783  |Info:    ------------------------------------------------------
1783  |Info:    |               Detecting HID devices                |
1783  |Info:    ------------------------------------------------------
2205  |Info:    [Gaming Mouse G900] Registering RGB controller
2560  |Info:    Unable add this Logitech device: Not Connected
2914  |Info:    Unable add this Logitech device: Not Connected
3268  |Info:    Unable add this Logitech device: Not Connected
3622  |Info:    Unable add this Logitech device: Not Connected
3976  |Info:    Unable add this Logitech device: Not Connected
4330  |Info:    Unable add this Logitech device: Not Connected
4684  |Info:    Unable add this Logitech device: Not Connected
5038  |Info:    Unable add this Logitech device: Not Connected
5392  |Info:    Unable add this Logitech device: Not Connected
5746  |Info:    Unable add this Logitech device: Not Connected
5821  |Info:    [ASUS ROG CROSSHAIR VIII HERO] Registering RGB controller
5875  |Info:    [Corsair LS100 Lighting Kit] Registering RGB controller
6006  |Info:    [Corsair Commander Core] Registering RGB controller
6006  |Info:    ------------------------------------------------------
6006  |Info:    |              Detecting other devices               |
6006  |Info:    ------------------------------------------------------
6015  |Info:    ------------------------------------------------------
6015  |Info:    |                Detection completed                 |
6015  |Info:    ------------------------------------------------------
6015  |Info:    Profile loading: Succeeded for Corsair Dominator Platinum RGB @ I2C: /dev/i2c-0, address 0x58
6015  |Info:    Profile loading: Succeeded for Corsair Dominator Platinum RGB @ I2C: /dev/i2c-0, address 0x59
6015  |Info:    Profile loading: Succeeded for Corsair Dominator Platinum RGB @ I2C: /dev/i2c-0, address 0x5A
6015  |Info:    Profile loading: Succeeded for Corsair Dominator Platinum RGB @ I2C: /dev/i2c-0, address 0x5B
6015  |Info:    Profile loading: Succeeded for Gaming Mouse G900 @ HID: /dev/hidraw1 (Receiver) 
Wireless Index: 255
6015  |Info:    Profile loading: Succeeded for ASUS ROG CROSSHAIR VIII HERO @ HID: /dev/hidraw11
6015  |Info:    Profile loading: Succeeded for Corsair LS100 Lighting Kit @ HID: /dev/hidraw10
6015  |Info:    Profile loading: Succeeded for Corsair Commander Core @ HID: /dev/hidraw2
7339  |Info:    Loading plugins
