    OpenRGB v0.71
    Commit: 3045e8604612842134b55e4872a7000069d178d5 from 2022-05-16 17:01:24 +0000
    Launched: 20220517_195716
====================================================================================================

0     |Info:    Found file: Default.orp attempting to validate header
0     |Info:    Valid v3 profile found for Default
1001  |Info:    ------------------------------------------------------
1001  |Info:    |               Start device detection               |
1001  |Info:    ------------------------------------------------------
1001  |Info:    Initializing HID interfaces: Success
1004  |Info:    ------------------------------------------------------
1004  |Info:    |             Detecting I2C interfaces               |
1004  |Info:    ------------------------------------------------------
1005  |Info:    Registering I2C interface: /dev/i2c-3 Device 10DE:2206 Subsystem: 10DE:1467
1005  |Info:    Registering I2C interface: /dev/i2c-1 Device 1022:790B Subsystem: 1043:87C0
1006  |Info:    Registering I2C interface: /dev/i2c-6 Device 10DE:2206 Subsystem: 10DE:1467
1006  |Info:    Registering I2C interface: /dev/i2c-4 Device 10DE:2206 Subsystem: 10DE:1467
1006  |Info:    Registering I2C interface: /dev/i2c-2 Device 1022:790B Subsystem: 1043:87C0
1006  |Info:    Registering I2C interface: /dev/i2c-0 Device 1022:790B Subsystem: 1043:87C0
1006  |Info:    Registering I2C interface: /dev/i2c-7 Device 10DE:2206 Subsystem: 10DE:1467
1006  |Info:    Registering I2C interface: /dev/i2c-5 Device 10DE:2206 Subsystem: 10DE:1467
1006  |Info:    ------------------------------------------------------
1006  |Info:    |               Detecting I2C devices                |
1006  |Info:    ------------------------------------------------------
1047  |Info:    Loading plugins
1655  |Info:    [Corsair Dominator Platinum RGB] Registering RGB controller
1666  |Info:    [Corsair Dominator Platinum RGB] Registering RGB controller
1678  |Info:    [Corsair Dominator Platinum RGB] Registering RGB controller
1689  |Info:    [Corsair Dominator Platinum RGB] Registering RGB controller
1742  |Info:    ------------------------------------------------------
1742  |Info:    |               Detecting HID devices                |
1742  |Info:    ------------------------------------------------------
2164  |Info:    [Gaming Mouse G900] Registering RGB controller
2238  |Info:    [ASUS ROG CROSSHAIR VIII HERO] Registering RGB controller
2292  |Info:    [Corsair LS100 Lighting Kit] Registering RGB controller
2423  |Info:    [Corsair Commander Core] Registering RGB controller
2423  |Info:    ------------------------------------------------------
2423  |Info:    |              Detecting other devices               |
2423  |Info:    ------------------------------------------------------
2429  |Info:    ------------------------------------------------------
2429  |Info:    |                Detection completed                 |
2429  |Info:    ------------------------------------------------------
