    OpenRGB v0.8
    Commit:  from 
    Launched: 20221202_123634
====================================================================================================

1     |Info:    Found file: Default.orp attempting to validate header
2     |Info:    Valid v3 profile found for Default
1003  |Info:    ------------------------------------------------------
1003  |Info:    |               Start device detection               |
1003  |Info:    ------------------------------------------------------
1003  |Info:    Initializing HID interfaces: Success
1007  |Info:    ------------------------------------------------------
1007  |Info:    |             Detecting I2C interfaces               |
1007  |Info:    ------------------------------------------------------
1007  |Info:    Registering I2C interface: /dev/i2c-3 Device 10DE:2206 Subsystem: 10DE:1467
1007  |Info:    Registering I2C interface: /dev/i2c-1 Device 1022:790B Subsystem: 1043:87C0
1007  |Info:    Registering I2C interface: /dev/i2c-6 Device 10DE:2206 Subsystem: 10DE:1467
1007  |Info:    Registering I2C interface: /dev/i2c-4 Device 10DE:2206 Subsystem: 10DE:1467
1007  |Info:    Registering I2C interface: /dev/i2c-2 Device 1022:790B Subsystem: 1043:87C0
1008  |Info:    Registering I2C interface: /dev/i2c-0 Device 1022:790B Subsystem: 1043:87C0
1008  |Info:    Registering I2C interface: /dev/i2c-7 Device 10DE:2206 Subsystem: 10DE:1467
1008  |Info:    Registering I2C interface: /dev/i2c-5 Device 10DE:2206 Subsystem: 10DE:1467
1008  |Info:    ------------------------------------------------------
1008  |Info:    |               Detecting I2C devices                |
1008  |Info:    ------------------------------------------------------
1688  |Info:    [Corsair Dominator Platinum RGB] Registering RGB controller
1700  |Info:    [Corsair Dominator Platinum RGB] Registering RGB controller
1711  |Info:    [Corsair Dominator Platinum RGB] Registering RGB controller
1723  |Info:    [Corsair Dominator Platinum RGB] Registering RGB controller
1774  |Info:    ------------------------------------------------------
1774  |Info:    |               Detecting I2C PCI devices            |
1774  |Info:    ------------------------------------------------------
1774  |Info:    ------------------------------------------------------
1774  |Info:    |               Detecting HID devices                |
1774  |Info:    ------------------------------------------------------
2196  |Info:    [Gaming Mouse G900] Registering RGB controller
2271  |Info:    [ASUS ROG CROSSHAIR VIII HERO] Registering RGB controller
2325  |Info:    [Corsair LS100 Lighting Kit] Registering RGB controller
2483  |Info:    [Corsair Commander Core] Registering RGB controller
2483  |Info:    ------------------------------------------------------
2483  |Info:    |              Detecting other devices               |
2483  |Info:    ------------------------------------------------------
2491  |Info:    ------------------------------------------------------
2491  |Info:    |                Detection completed                 |
2491  |Info:    ------------------------------------------------------
2492  |Info:    Profile loading: Succeeded for Corsair Dominator Platinum RGB @ I2C: /dev/i2c-0, address 0x58
2492  |Info:    Profile loading: Succeeded for Corsair Dominator Platinum RGB @ I2C: /dev/i2c-0, address 0x59
2492  |Info:    Profile loading: Succeeded for Corsair Dominator Platinum RGB @ I2C: /dev/i2c-0, address 0x5A
2492  |Info:    Profile loading: Succeeded for Corsair Dominator Platinum RGB @ I2C: /dev/i2c-0, address 0x5B
2492  |Info:    Profile loading: Succeeded for Gaming Mouse G900 @ HID: /dev/hidraw12 (Receiver) 
Wireless Index: 255
2492  |Info:    Profile loading: Succeeded for ASUS ROG CROSSHAIR VIII HERO @ HID: /dev/hidraw6
2492  |Info:    Profile loading: Succeeded for Corsair LS100 Lighting Kit @ HID: /dev/hidraw9
2492  |Info:    Profile loading: FAILED! for Corsair Commander Core @ HID: /dev/hidraw4
