    OpenRGB v0.71
    Commit: e4bb5788019bd84470d277b6513862eab79aa428 from 2022-05-25 00:04:28 -0500
    Launched: 20220603_220908
====================================================================================================

0     |Info:    Found file: Default.orp attempting to validate header
0     |Info:    Valid v3 profile found for Default
1001  |Info:    ------------------------------------------------------
1001  |Info:    |               Start device detection               |
1001  |Info:    ------------------------------------------------------
1001  |Info:    Initializing HID interfaces: Success
1006  |Info:    ------------------------------------------------------
1006  |Info:    |             Detecting I2C interfaces               |
1006  |Info:    ------------------------------------------------------
1006  |Info:    Registering I2C interface: /dev/i2c-3 Device 10DE:2206 Subsystem: 10DE:1467
1006  |Info:    Registering I2C interface: /dev/i2c-1 Device 1022:790B Subsystem: 1043:87C0
1006  |Info:    Registering I2C interface: /dev/i2c-6 Device 10DE:2206 Subsystem: 10DE:1467
1006  |Info:    Registering I2C interface: /dev/i2c-4 Device 10DE:2206 Subsystem: 10DE:1467
1006  |Info:    Registering I2C interface: /dev/i2c-2 Device 1022:790B Subsystem: 1043:87C0
1006  |Info:    Registering I2C interface: /dev/i2c-0 Device 1022:790B Subsystem: 1043:87C0
1007  |Info:    Registering I2C interface: /dev/i2c-7 Device 10DE:2206 Subsystem: 10DE:1467
1007  |Info:    Registering I2C interface: /dev/i2c-5 Device 10DE:2206 Subsystem: 10DE:1467
1007  |Info:    ------------------------------------------------------
1007  |Info:    |               Detecting I2C devices                |
1007  |Info:    ------------------------------------------------------
1063  |Info:    Loading plugins
1656  |Info:    [Corsair Dominator Platinum RGB] Registering RGB controller
1668  |Info:    [Corsair Dominator Platinum RGB] Registering RGB controller
1679  |Info:    [Corsair Dominator Platinum RGB] Registering RGB controller
1690  |Info:    [Corsair Dominator Platinum RGB] Registering RGB controller
1742  |Info:    ------------------------------------------------------
1742  |Info:    |               Detecting I2C PCI devices            |
1742  |Info:    ------------------------------------------------------
1742  |Info:    ------------------------------------------------------
1742  |Info:    |               Detecting HID devices                |
1742  |Info:    ------------------------------------------------------
2165  |Info:    [Gaming Mouse G900] Registering RGB controller
2240  |Info:    [ASUS ROG CROSSHAIR VIII HERO] Registering RGB controller
2294  |Info:    [Corsair LS100 Lighting Kit] Registering RGB controller
2423  |Info:    [Corsair Commander Core] Registering RGB controller
2423  |Info:    ------------------------------------------------------
2423  |Info:    |              Detecting other devices               |
2423  |Info:    ------------------------------------------------------
2433  |Info:    ------------------------------------------------------
2433  |Info:    |                Detection completed                 |
2433  |Info:    ------------------------------------------------------
69443 |Info:    ------------------------------------------------------
69443 |Info:    |               Start device detection               |
69443 |Info:    ------------------------------------------------------
69443 |Info:    Initializing HID interfaces: Success
69447 |Info:    ------------------------------------------------------
69447 |Info:    |             Detecting I2C interfaces               |
69447 |Info:    ------------------------------------------------------
69447 |Info:    Registering I2C interface: /dev/i2c-3 Device 10DE:2206 Subsystem: 10DE:1467
69447 |Info:    Registering I2C interface: /dev/i2c-1 Device 1022:790B Subsystem: 1043:87C0
69447 |Info:    Registering I2C interface: /dev/i2c-6 Device 10DE:2206 Subsystem: 10DE:1467
69447 |Info:    Registering I2C interface: /dev/i2c-4 Device 10DE:2206 Subsystem: 10DE:1467
69448 |Info:    Registering I2C interface: /dev/i2c-2 Device 1022:790B Subsystem: 1043:87C0
69448 |Info:    Registering I2C interface: /dev/i2c-0 Device 1022:790B Subsystem: 1043:87C0
69448 |Info:    Registering I2C interface: /dev/i2c-7 Device 10DE:2206 Subsystem: 10DE:1467
69448 |Info:    Registering I2C interface: /dev/i2c-5 Device 10DE:2206 Subsystem: 10DE:1467
69448 |Info:    ------------------------------------------------------
69448 |Info:    |               Detecting I2C devices                |
69448 |Info:    ------------------------------------------------------
70097 |Info:    [Corsair Dominator Platinum RGB] Registering RGB controller
70109 |Info:    [Corsair Dominator Platinum RGB] Registering RGB controller
70120 |Info:    [Corsair Dominator Platinum RGB] Registering RGB controller
70131 |Info:    [Corsair Dominator Platinum RGB] Registering RGB controller
70182 |Info:    ------------------------------------------------------
70182 |Info:    |               Detecting I2C PCI devices            |
70182 |Info:    ------------------------------------------------------
70183 |Info:    ------------------------------------------------------
70183 |Info:    |               Detecting HID devices                |
70183 |Info:    ------------------------------------------------------
70605 |Info:    [Gaming Mouse G900] Registering RGB controller
70680 |Info:    [ASUS ROG CROSSHAIR VIII HERO] Registering RGB controller
70734 |Info:    [Corsair LS100 Lighting Kit] Registering RGB controller
70871 |Info:    [Corsair Commander Core] Registering RGB controller
70871 |Info:    ------------------------------------------------------
70871 |Info:    |              Detecting other devices               |
70871 |Info:    ------------------------------------------------------
70872 |Info:    ------------------------------------------------------
70872 |Info:    |                Detection completed                 |
70872 |Info:    ------------------------------------------------------
