    OpenRGB v0.81
    Commit: f8d7eb8bb8f297e86b9af7a0e68796cc058005eb from 2022-12-08 04:39:17 +0000
    Launched: 20221209_161803
====================================================================================================

0     |Info:    Found file: Default.orp attempting to validate header
0     |Info:    Valid v3 profile found for Default
1001  |Info:    ------------------------------------------------------
1001  |Info:    |               Start device detection               |
1001  |Info:    ------------------------------------------------------
1001  |Info:    Initializing HID interfaces: Success
1005  |Info:    ------------------------------------------------------
1005  |Info:    |             Detecting I2C interfaces               |
1005  |Info:    ------------------------------------------------------
1005  |Info:    Registering I2C interface: /dev/i2c-3 Device 10DE:2206 Subsystem: 10DE:1467
1005  |Info:    Registering I2C interface: /dev/i2c-1 Device 10DE:2206 Subsystem: 10DE:1467
1005  |Info:    Registering I2C interface: /dev/i2c-6 Device 1022:790B Subsystem: 1043:87C0
1005  |Info:    Registering I2C interface: /dev/i2c-4 Device 10DE:2206 Subsystem: 10DE:1467
1005  |Info:    Registering I2C interface: /dev/i2c-2 Device 10DE:2206 Subsystem: 10DE:1467
1005  |Info:    Registering I2C interface: /dev/i2c-0 Device 10DE:2206 Subsystem: 10DE:1467
1005  |Info:    Registering I2C interface: /dev/i2c-7 Device 1022:790B Subsystem: 1043:87C0
1005  |Info:    Registering I2C interface: /dev/i2c-5 Device 1022:790B Subsystem: 1043:87C0
1005  |Info:    ------------------------------------------------------
1005  |Info:    |               Detecting I2C devices                |
1005  |Info:    ------------------------------------------------------
1685  |Info:    [Corsair Dominator Platinum RGB] Registering RGB controller
1696  |Info:    [Corsair Dominator Platinum RGB] Registering RGB controller
1708  |Info:    [Corsair Dominator Platinum RGB] Registering RGB controller
1719  |Info:    [Corsair Dominator Platinum RGB] Registering RGB controller
1770  |Info:    ------------------------------------------------------
1770  |Info:    |               Detecting I2C PCI devices            |
1770  |Info:    ------------------------------------------------------
1771  |Info:    ------------------------------------------------------
1771  |Info:    |               Detecting HID devices                |
1771  |Info:    ------------------------------------------------------
1771  |Info:    [Logitech G900 Wireless Gaming Mouse (wired)] is not initialized
1771  |Info:    [ASUS Aura Motherboard] is not initialized
1771  |Info:    [Corsair LS100 Lighting Kit] is not initialized
1771  |Info:    [Corsair Commander Core] is not initialized
1771  |Info:    [Logitech G900 Wireless Gaming Mouse] is not initialized
1771  |Info:    ------------------------------------------------------
1771  |Info:    |              Detecting other devices               |
1771  |Info:    ------------------------------------------------------
1780  |Info:    ------------------------------------------------------
1780  |Info:    |                Detection completed                 |
1780  |Info:    ------------------------------------------------------
1780  |Info:    Profile loading: FAILED! for Corsair Dominator Platinum RGB @ I2C: /dev/i2c-5, address 0x58
1780  |Info:    Profile loading: FAILED! for Corsair Dominator Platinum RGB @ I2C: /dev/i2c-5, address 0x59
1780  |Info:    Profile loading: FAILED! for Corsair Dominator Platinum RGB @ I2C: /dev/i2c-5, address 0x5A
1780  |Info:    Profile loading: FAILED! for Corsair Dominator Platinum RGB @ I2C: /dev/i2c-5, address 0x5B
16998 |Info:    ------------------------------------------------------
16998 |Info:    |               Start device detection               |
16998 |Info:    ------------------------------------------------------
16998 |Info:    Initializing HID interfaces: Success
17001 |Info:    ------------------------------------------------------
17001 |Info:    |             Detecting I2C interfaces               |
17001 |Info:    ------------------------------------------------------
17001 |Info:    Registering I2C interface: /dev/i2c-3 Device 10DE:2206 Subsystem: 10DE:1467
17001 |Info:    Registering I2C interface: /dev/i2c-1 Device 10DE:2206 Subsystem: 10DE:1467
17001 |Info:    Registering I2C interface: /dev/i2c-6 Device 1022:790B Subsystem: 1043:87C0
17002 |Info:    Registering I2C interface: /dev/i2c-4 Device 10DE:2206 Subsystem: 10DE:1467
17002 |Info:    Registering I2C interface: /dev/i2c-2 Device 10DE:2206 Subsystem: 10DE:1467
17002 |Info:    Registering I2C interface: /dev/i2c-0 Device 10DE:2206 Subsystem: 10DE:1467
17002 |Info:    Registering I2C interface: /dev/i2c-7 Device 1022:790B Subsystem: 1043:87C0
17002 |Info:    Registering I2C interface: /dev/i2c-5 Device 1022:790B Subsystem: 1043:87C0
17002 |Info:    ------------------------------------------------------
17002 |Info:    |               Detecting I2C devices                |
17002 |Info:    ------------------------------------------------------
17680 |Info:    [Corsair Dominator Platinum RGB] Registering RGB controller
17691 |Info:    [Corsair Dominator Platinum RGB] Registering RGB controller
17703 |Info:    [Corsair Dominator Platinum RGB] Registering RGB controller
17714 |Info:    [Corsair Dominator Platinum RGB] Registering RGB controller
17765 |Info:    ------------------------------------------------------
17765 |Info:    |               Detecting I2C PCI devices            |
17765 |Info:    ------------------------------------------------------
17766 |Info:    ------------------------------------------------------
17766 |Info:    |               Detecting HID devices                |
17766 |Info:    ------------------------------------------------------
17766 |Info:    [Logitech G900 Wireless Gaming Mouse (wired)] is not initialized
17766 |Info:    [ASUS Aura Motherboard] is not initialized
17766 |Info:    [Corsair LS100 Lighting Kit] is not initialized
17766 |Info:    [Corsair Commander Core] is not initialized
17766 |Info:    [Logitech G900 Wireless Gaming Mouse] is not initialized
17766 |Info:    ------------------------------------------------------
17766 |Info:    |              Detecting other devices               |
17766 |Info:    ------------------------------------------------------
17767 |Info:    ------------------------------------------------------
17767 |Info:    |                Detection completed                 |
17767 |Info:    ------------------------------------------------------
25854 |Info:    Profile loading: Succeeded for Corsair Dominator Platinum RGB @ I2C: /dev/i2c-5, address 0x58
25854 |Info:    Profile loading: Succeeded for Corsair Dominator Platinum RGB @ I2C: /dev/i2c-5, address 0x59
25854 |Info:    Profile loading: Succeeded for Corsair Dominator Platinum RGB @ I2C: /dev/i2c-5, address 0x5A
25854 |Info:    Profile loading: Succeeded for Corsair Dominator Platinum RGB @ I2C: /dev/i2c-5, address 0x5B
