    OpenRGB v0.71
    Commit: e4bb5788019bd84470d277b6513862eab79aa428 from 2022-05-25 00:04:28 -0500
    Launched: 20220604_235818
====================================================================================================

0     |Info:    Found file: Default.orp attempting to validate header
0     |Info:    Valid v3 profile found for Default
1001  |Info:    ------------------------------------------------------
1001  |Info:    |               Start device detection               |
1001  |Info:    ------------------------------------------------------
1001  |Info:    Initializing HID interfaces: Success
1006  |Info:    ------------------------------------------------------
1006  |Info:    |             Detecting I2C interfaces               |
1006  |Info:    ------------------------------------------------------
1006  |Info:    Registering I2C interface: /dev/i2c-3 Device 10DE:2206 Subsystem: 10DE:1467
1006  |Info:    Registering I2C interface: /dev/i2c-1 Device 1022:790B Subsystem: 1043:87C0
1006  |Info:    Registering I2C interface: /dev/i2c-6 Device 10DE:2206 Subsystem: 10DE:1467
1006  |Info:    Registering I2C interface: /dev/i2c-4 Device 10DE:2206 Subsystem: 10DE:1467
1006  |Info:    Registering I2C interface: /dev/i2c-2 Device 1022:790B Subsystem: 1043:87C0
1006  |Info:    Registering I2C interface: /dev/i2c-0 Device 1022:790B Subsystem: 1043:87C0
1006  |Info:    Registering I2C interface: /dev/i2c-7 Device 10DE:2206 Subsystem: 10DE:1467
1006  |Info:    Registering I2C interface: /dev/i2c-5 Device 10DE:2206 Subsystem: 10DE:1467
1006  |Info:    ------------------------------------------------------
1006  |Info:    |               Detecting I2C devices                |
1006  |Info:    ------------------------------------------------------
1063  |Info:    Loading plugins
1657  |Info:    [Corsair Dominator Platinum RGB] Registering RGB controller
1669  |Info:    [Corsair Dominator Platinum RGB] Registering RGB controller
1680  |Info:    [Corsair Dominator Platinum RGB] Registering RGB controller
1692  |Info:    [Corsair Dominator Platinum RGB] Registering RGB controller
1743  |Info:    ------------------------------------------------------
1743  |Info:    |               Detecting I2C PCI devices            |
1743  |Info:    ------------------------------------------------------
1743  |Info:    ------------------------------------------------------
1743  |Info:    |               Detecting HID devices                |
1743  |Info:    ------------------------------------------------------
2167  |Info:    [Gaming Mouse G900] Registering RGB controller
2243  |Info:    [ASUS ROG CROSSHAIR VIII HERO] Registering RGB controller
2298  |Info:    [Corsair LS100 Lighting Kit] Registering RGB controller
2401  |Info:    [Corsair Commander Core] Registering RGB controller
2401  |Info:    ------------------------------------------------------
2401  |Info:    |              Detecting other devices               |
2401  |Info:    ------------------------------------------------------
2409  |Info:    ------------------------------------------------------
2409  |Info:    |                Detection completed                 |
2409  |Info:    ------------------------------------------------------
