    OpenRGB v0.71
    Commit: 3045e8604612842134b55e4872a7000069d178d5 from 2022-05-16 17:01:24 +0000
    Launched: 20220517_102957
====================================================================================================

0     |Info:    Found file: Default.orp attempting to validate header
0     |Info:    Valid v3 profile found for Default
1002  |Info:    ------------------------------------------------------
1002  |Info:    |               Start device detection               |
1002  |Info:    ------------------------------------------------------
1002  |Info:    Initializing HID interfaces: Success
1005  |Info:    ------------------------------------------------------
1006  |Info:    |             Detecting I2C interfaces               |
1006  |Info:    ------------------------------------------------------
1006  |Info:    Registering I2C interface: /dev/i2c-3 Device 10DE:2206 Subsystem: 10DE:1467
1006  |Info:    Registering I2C interface: /dev/i2c-1 Device 1022:790B Subsystem: 1043:87C0
1006  |Info:    Registering I2C interface: /dev/i2c-6 Device 10DE:2206 Subsystem: 10DE:1467
1006  |Info:    Registering I2C interface: /dev/i2c-4 Device 10DE:2206 Subsystem: 10DE:1467
1006  |Info:    Registering I2C interface: /dev/i2c-2 Device 1022:790B Subsystem: 1043:87C0
1006  |Info:    Registering I2C interface: /dev/i2c-0 Device 1022:790B Subsystem: 1043:87C0
1006  |Info:    Registering I2C interface: /dev/i2c-7 Device 10DE:2206 Subsystem: 10DE:1467
1006  |Info:    Registering I2C interface: /dev/i2c-5 Device 10DE:2206 Subsystem: 10DE:1467
1006  |Info:    ------------------------------------------------------
1006  |Info:    |               Detecting I2C devices                |
1006  |Info:    ------------------------------------------------------
1044  |Info:    Loading plugins
1691  |Info:    [Corsair Dominator Platinum RGB] Registering RGB controller
1703  |Info:    [Corsair Dominator Platinum RGB] Registering RGB controller
1714  |Info:    [Corsair Dominator Platinum RGB] Registering RGB controller
1725  |Info:    [Corsair Dominator Platinum RGB] Registering RGB controller
1776  |Info:    ------------------------------------------------------
1776  |Info:    |               Detecting HID devices                |
1776  |Info:    ------------------------------------------------------
2198  |Info:    [Gaming Mouse G900] Registering RGB controller
2275  |Info:    [ASUS ROG CROSSHAIR VIII HERO] Registering RGB controller
2328  |Info:    [Corsair LS100 Lighting Kit] Registering RGB controller
2458  |Info:    [Corsair Commander Core] Registering RGB controller
2458  |Info:    ------------------------------------------------------
2458  |Info:    |              Detecting other devices               |
2458  |Info:    ------------------------------------------------------
2467  |Info:    ------------------------------------------------------
2467  |Info:    |                Detection completed                 |
2467  |Info:    ------------------------------------------------------
