    OpenRGB v0.8
    Commit: fb88964b8e514cdf4eb22da314e13f8db06a3636 from 2022-11-27 21:44:33 -0600
    Launched: 20221208_180404
====================================================================================================

0     |Info:    Found file: Default.orp attempting to validate header
0     |Info:    Valid v3 profile found for Default
1002  |Info:    ------------------------------------------------------
1002  |Info:    |               Start device detection               |
1002  |Info:    ------------------------------------------------------
1002  |Info:    Initializing HID interfaces: Success
1006  |Info:    ------------------------------------------------------
1006  |Info:    |             Detecting I2C interfaces               |
1006  |Info:    ------------------------------------------------------
1006  |Info:    Registering I2C interface: /dev/i2c-3 Device 10DE:2206 Subsystem: 10DE:1467
1007  |Info:    Registering I2C interface: /dev/i2c-1 Device 10DE:2206 Subsystem: 10DE:1467
1007  |Info:    Registering I2C interface: /dev/i2c-6 Device 1022:790B Subsystem: 1043:87C0
1007  |Info:    Registering I2C interface: /dev/i2c-4 Device 10DE:2206 Subsystem: 10DE:1467
1007  |Info:    Registering I2C interface: /dev/i2c-2 Device 10DE:2206 Subsystem: 10DE:1467
1007  |Info:    Registering I2C interface: /dev/i2c-0 Device 10DE:2206 Subsystem: 10DE:1467
1007  |Info:    Registering I2C interface: /dev/i2c-7 Device 1022:790B Subsystem: 1043:87C0
1007  |Info:    Registering I2C interface: /dev/i2c-5 Device 1022:790B Subsystem: 1043:87C0
1007  |Info:    ------------------------------------------------------
1007  |Info:    |               Detecting I2C devices                |
1007  |Info:    ------------------------------------------------------
1173  |Info:    [Corsair Dominator Platinum RGB] Registering RGB controller
1184  |Info:    [Corsair Dominator Platinum RGB] Registering RGB controller
1196  |Info:    [Corsair Dominator Platinum RGB] Registering RGB controller
1207  |Info:    [Corsair Dominator Platinum RGB] Registering RGB controller
1772  |Info:    ------------------------------------------------------
1772  |Info:    |               Detecting I2C PCI devices            |
1772  |Info:    ------------------------------------------------------
1772  |Info:    ------------------------------------------------------
1772  |Info:    |               Detecting HID devices                |
1772  |Info:    ------------------------------------------------------
2195  |Info:    [Gaming Mouse G900] Registering RGB controller
2617  |Info:    [Gaming Mouse G900] Registering RGB controller
3039  |Info:    [Gaming Mouse G900] Registering RGB controller
3461  |Info:    [Gaming Mouse G900] Registering RGB controller
3883  |Info:    [Gaming Mouse G900] Registering RGB controller
3956  |Info:    [ASUS ROG CROSSHAIR VIII HERO] Registering RGB controller
4010  |Info:    [Corsair LS100 Lighting Kit] Registering RGB controller
4140  |Info:    [Corsair Commander Core] Registering RGB controller
4140  |Info:    ------------------------------------------------------
4140  |Info:    |              Detecting other devices               |
4140  |Info:    ------------------------------------------------------
4150  |Info:    ------------------------------------------------------
4150  |Info:    |                Detection completed                 |
4150  |Info:    ------------------------------------------------------
4150  |Info:    Profile loading: FAILED! for Corsair Dominator Platinum RGB @ I2C: /dev/i2c-5, address 0x58
4150  |Info:    Profile loading: FAILED! for Corsair Dominator Platinum RGB @ I2C: /dev/i2c-5, address 0x59
4150  |Info:    Profile loading: FAILED! for Corsair Dominator Platinum RGB @ I2C: /dev/i2c-5, address 0x5A
4150  |Info:    Profile loading: FAILED! for Corsair Dominator Platinum RGB @ I2C: /dev/i2c-5, address 0x5B
4150  |Info:    Profile loading: FAILED! for Gaming Mouse G900 @ HID: /dev/hidraw11 (Receiver) 
Wireless Index: 255
4150  |Info:    Profile loading: FAILED! for Gaming Mouse G900 @ HID: /dev/hidraw11 (Receiver) 
Wireless Index: 255
4150  |Info:    Profile loading: FAILED! for Gaming Mouse G900 @ HID: /dev/hidraw11 (Receiver) 
Wireless Index: 255
4150  |Info:    Profile loading: FAILED! for Gaming Mouse G900 @ HID: /dev/hidraw11 (Receiver) 
Wireless Index: 255
4150  |Info:    Profile loading: FAILED! for Gaming Mouse G900 @ HID: /dev/hidraw11 (Receiver) 
Wireless Index: 255
4150  |Info:    Profile loading: FAILED! for ASUS ROG CROSSHAIR VIII HERO @ HID: /dev/hidraw12
4150  |Info:    Profile loading: FAILED! for Corsair LS100 Lighting Kit @ HID: /dev/hidraw7
4150  |Info:    Profile loading: FAILED! for Corsair Commander Core @ HID: /dev/hidraw3
