    OpenRGB v0.7
    Commit:  from 
    Launched: 20220617_084940
====================================================================================================

0     |Info:    Found file: Default.orp attempting to validate header
0     |Info:    Valid v3 profile found for Default
1002  |Info:    ------------------------------------------------------
1002  |Info:    |               Start device detection               |
1002  |Info:    ------------------------------------------------------
1002  |Info:    Initializing HID interfaces: Success
1008  |Info:    ------------------------------------------------------
1008  |Info:    |             Detecting I2C interfaces               |
1008  |Info:    ------------------------------------------------------
1008  |Info:    Registering I2C interface: /dev/i2c-3 Device 10DE:2206 Subsystem: 10DE:1467
1008  |Info:    Registering I2C interface: /dev/i2c-1 Device 1022:790B Subsystem: 1043:87C0
1008  |Info:    Registering I2C interface: /dev/i2c-6 Device 10DE:2206 Subsystem: 10DE:1467
1008  |Info:    Registering I2C interface: /dev/i2c-4 Device 10DE:2206 Subsystem: 10DE:1467
1008  |Info:    Registering I2C interface: /dev/i2c-2 Device 1022:790B Subsystem: 1043:87C0
1008  |Info:    Registering I2C interface: /dev/i2c-0 Device 1022:790B Subsystem: 1043:87C0
1008  |Info:    Registering I2C interface: /dev/i2c-7 Device 10DE:2206 Subsystem: 10DE:1467
1009  |Info:    Registering I2C interface: /dev/i2c-5 Device 10DE:2206 Subsystem: 10DE:1467
1009  |Info:    ------------------------------------------------------
1009  |Info:    |               Detecting I2C devices                |
1009  |Info:    ------------------------------------------------------
1685  |Info:    [Corsair Dominator Platinum RGB] Registering RGB controller
1697  |Info:    [Corsair Dominator Platinum RGB] Registering RGB controller
1708  |Info:    [Corsair Dominator Platinum RGB] Registering RGB controller
1719  |Info:    [Corsair Dominator Platinum RGB] Registering RGB controller
1775  |Info:    ------------------------------------------------------
1775  |Info:    |               Detecting HID devices                |
1775  |Info:    ------------------------------------------------------
2197  |Info:    [Gaming Mouse G900] Registering RGB controller
2551  |Info:    Unable add this Logitech device: Not Connected
2905  |Info:    Unable add this Logitech device: Not Connected
3259  |Info:    Unable add this Logitech device: Not Connected
3613  |Info:    Unable add this Logitech device: Not Connected
3967  |Info:    Unable add this Logitech device: Not Connected
4321  |Info:    Unable add this Logitech device: Not Connected
4675  |Info:    Unable add this Logitech device: Not Connected
5029  |Info:    Unable add this Logitech device: Not Connected
5383  |Info:    Unable add this Logitech device: Not Connected
5737  |Info:    Unable add this Logitech device: Not Connected
5811  |Info:    [ASUS ROG CROSSHAIR VIII HERO] Registering RGB controller
5865  |Info:    [Corsair LS100 Lighting Kit] Registering RGB controller
6004  |Info:    [Corsair Commander Core] Registering RGB controller
6004  |Info:    ------------------------------------------------------
6004  |Info:    |              Detecting other devices               |
6004  |Info:    ------------------------------------------------------
6010  |Info:    ------------------------------------------------------
6010  |Info:    |                Detection completed                 |
6010  |Info:    ------------------------------------------------------
6010  |Info:    Profile loading: Succeeded for Corsair Dominator Platinum RGB @ I2C: /dev/i2c-0, address 0x58
6010  |Info:    Profile loading: Succeeded for Corsair Dominator Platinum RGB @ I2C: /dev/i2c-0, address 0x59
6010  |Info:    Profile loading: Succeeded for Corsair Dominator Platinum RGB @ I2C: /dev/i2c-0, address 0x5A
6010  |Info:    Profile loading: Succeeded for Corsair Dominator Platinum RGB @ I2C: /dev/i2c-0, address 0x5B
6010  |Info:    Profile loading: Succeeded for Gaming Mouse G900 @ HID: /dev/hidraw1 (Receiver) 
Wireless Index: 255
6010  |Info:    Profile loading: Succeeded for ASUS ROG CROSSHAIR VIII HERO @ HID: /dev/hidraw11
6010  |Info:    Profile loading: Succeeded for Corsair LS100 Lighting Kit @ HID: /dev/hidraw10
6010  |Info:    Profile loading: Succeeded for Corsair Commander Core @ HID: /dev/hidraw2
7312  |Info:    Loading plugins
