    OpenRGB v0.7
    Commit:  from 
    Launched: 20220607_124544
====================================================================================================

0     |Info:    Found file: Default.orp attempting to validate header
0     |Info:    Valid v3 profile found for Default
1001  |Info:    ------------------------------------------------------
1001  |Info:    |               Start device detection               |
1001  |Info:    ------------------------------------------------------
1001  |Info:    Initializing HID interfaces: Success
1006  |Info:    ------------------------------------------------------
1006  |Info:    |             Detecting I2C interfaces               |
1006  |Info:    ------------------------------------------------------
1006  |Info:    Registering I2C interface: /dev/i2c-3 Device 10DE:2206 Subsystem: 10DE:1467
1006  |Info:    Registering I2C interface: /dev/i2c-1 Device 1022:790B Subsystem: 1043:87C0
1007  |Info:    Registering I2C interface: /dev/i2c-6 Device 10DE:2206 Subsystem: 10DE:1467
1007  |Info:    Registering I2C interface: /dev/i2c-4 Device 10DE:2206 Subsystem: 10DE:1467
1007  |Info:    Registering I2C interface: /dev/i2c-2 Device 1022:790B Subsystem: 1043:87C0
1007  |Info:    Registering I2C interface: /dev/i2c-0 Device 1022:790B Subsystem: 1043:87C0
1007  |Info:    Registering I2C interface: /dev/i2c-7 Device 10DE:2206 Subsystem: 10DE:1467
1007  |Info:    Registering I2C interface: /dev/i2c-5 Device 10DE:2206 Subsystem: 10DE:1467
1007  |Info:    ------------------------------------------------------
1007  |Info:    |               Detecting I2C devices                |
1007  |Info:    ------------------------------------------------------
1100  |Info:    Loading plugins
1685  |Info:    [Corsair Dominator Platinum RGB] Registering RGB controller
1696  |Info:    [Corsair Dominator Platinum RGB] Registering RGB controller
1708  |Info:    [Corsair Dominator Platinum RGB] Registering RGB controller
1719  |Info:    [Corsair Dominator Platinum RGB] Registering RGB controller
1770  |Info:    ------------------------------------------------------
1770  |Info:    |               Detecting HID devices                |
1770  |Info:    ------------------------------------------------------
2195  |Info:    [Gaming Mouse G900] Registering RGB controller
2549  |Info:    Unable add this Logitech device: Not Connected
2903  |Info:    Unable add this Logitech device: Not Connected
3257  |Info:    Unable add this Logitech device: Not Connected
3611  |Info:    Unable add this Logitech device: Not Connected
3965  |Info:    Unable add this Logitech device: Not Connected
4319  |Info:    Unable add this Logitech device: Not Connected
4673  |Info:    Unable add this Logitech device: Not Connected
5027  |Info:    Unable add this Logitech device: Not Connected
5381  |Info:    Unable add this Logitech device: Not Connected
5735  |Info:    Unable add this Logitech device: Not Connected
5811  |Info:    [ASUS ROG CROSSHAIR VIII HERO] Registering RGB controller
5866  |Info:    [Corsair LS100 Lighting Kit] Registering RGB controller
6018  |Info:    [Corsair Commander Core] Registering RGB controller
6018  |Info:    ------------------------------------------------------
6018  |Info:    |              Detecting other devices               |
6018  |Info:    ------------------------------------------------------
6027  |Info:    ------------------------------------------------------
6027  |Info:    |                Detection completed                 |
6027  |Info:    ------------------------------------------------------
