    OpenRGB v0.71
    Commit: e4bb5788019bd84470d277b6513862eab79aa428 from 2022-05-25 00:04:28 -0500
    Launched: 20220604_190906
====================================================================================================

0     |Info:    Found file: Default.orp attempting to validate header
0     |Info:    Valid v3 profile found for Default
1001  |Info:    ------------------------------------------------------
1001  |Info:    |               Start device detection               |
1001  |Info:    ------------------------------------------------------
1001  |Info:    Initializing HID interfaces: Success
1005  |Info:    ------------------------------------------------------
1005  |Info:    |             Detecting I2C interfaces               |
1005  |Info:    ------------------------------------------------------
1006  |Info:    Registering I2C interface: /dev/i2c-3 Device 10DE:2206 Subsystem: 10DE:1467
1006  |Info:    Registering I2C interface: /dev/i2c-1 Device 1022:790B Subsystem: 1043:87C0
1006  |Info:    Registering I2C interface: /dev/i2c-6 Device 10DE:2206 Subsystem: 10DE:1467
1006  |Info:    Registering I2C interface: /dev/i2c-4 Device 10DE:2206 Subsystem: 10DE:1467
1006  |Info:    Registering I2C interface: /dev/i2c-2 Device 1022:790B Subsystem: 1043:87C0
1006  |Info:    Registering I2C interface: /dev/i2c-0 Device 1022:790B Subsystem: 1043:87C0
1006  |Info:    Registering I2C interface: /dev/i2c-7 Device 10DE:2206 Subsystem: 10DE:1467
1006  |Info:    Registering I2C interface: /dev/i2c-5 Device 10DE:2206 Subsystem: 10DE:1467
1006  |Info:    ------------------------------------------------------
1006  |Info:    |               Detecting I2C devices                |
1006  |Info:    ------------------------------------------------------
1658  |Info:    [Corsair Dominator Platinum RGB] Registering RGB controller
1669  |Info:    [Corsair Dominator Platinum RGB] Registering RGB controller
1681  |Info:    [Corsair Dominator Platinum RGB] Registering RGB controller
1692  |Info:    [Corsair Dominator Platinum RGB] Registering RGB controller
1744  |Info:    ------------------------------------------------------
1744  |Info:    |               Detecting I2C PCI devices            |
1744  |Info:    ------------------------------------------------------
1744  |Info:    ------------------------------------------------------
1744  |Info:    |               Detecting HID devices                |
1744  |Info:    ------------------------------------------------------
2168  |Info:    [Gaming Mouse G900] Registering RGB controller
2244  |Info:    [ASUS ROG CROSSHAIR VIII HERO] Registering RGB controller
2298  |Info:    [Corsair LS100 Lighting Kit] Registering RGB controller
2455  |Info:    [Corsair Commander Core] Registering RGB controller
2455  |Info:    ------------------------------------------------------
2455  |Info:    |              Detecting other devices               |
2455  |Info:    ------------------------------------------------------
2463  |Info:    ------------------------------------------------------
2463  |Info:    |                Detection completed                 |
2463  |Info:    ------------------------------------------------------
2464  |Info:    Profile loading: Succeeded for Corsair Dominator Platinum RGB @ I2C: /dev/i2c-0, address 0x58
2464  |Info:    Profile loading: Succeeded for Corsair Dominator Platinum RGB @ I2C: /dev/i2c-0, address 0x59
2464  |Info:    Profile loading: Succeeded for Corsair Dominator Platinum RGB @ I2C: /dev/i2c-0, address 0x5A
2464  |Info:    Profile loading: Succeeded for Corsair Dominator Platinum RGB @ I2C: /dev/i2c-0, address 0x5B
2464  |Info:    Profile loading: Succeeded for Gaming Mouse G900 @ HID: /dev/hidraw1 (Receiver) 
Wireless Index: 255
2464  |Info:    Profile loading: Succeeded for ASUS ROG CROSSHAIR VIII HERO @ HID: /dev/hidraw11
2464  |Info:    Profile loading: Succeeded for Corsair LS100 Lighting Kit @ HID: /dev/hidraw10
2464  |Info:    Profile loading: Succeeded for Corsair Commander Core @ HID: /dev/hidraw2
3822  |Info:    Loading plugins
12948063|Info:    ------------------------------------------------------
12948063|Info:    |               Start device detection               |
12948063|Info:    ------------------------------------------------------
12948063|Info:    Initializing HID interfaces: Success
12948069|Info:    ------------------------------------------------------
12948069|Info:    |             Detecting I2C interfaces               |
12948069|Info:    ------------------------------------------------------
12948069|Info:    Registering I2C interface: /dev/i2c-3 Device 10DE:2206 Subsystem: 10DE:1467
12948069|Info:    Registering I2C interface: /dev/i2c-1 Device 1022:790B Subsystem: 1043:87C0
12948069|Info:    Registering I2C interface: /dev/i2c-6 Device 10DE:2206 Subsystem: 10DE:1467
12948069|Info:    Registering I2C interface: /dev/i2c-4 Device 10DE:2206 Subsystem: 10DE:1467
12948069|Info:    Registering I2C interface: /dev/i2c-2 Device 1022:790B Subsystem: 1043:87C0
12948069|Info:    Registering I2C interface: /dev/i2c-0 Device 1022:790B Subsystem: 1043:87C0
12948069|Info:    Registering I2C interface: /dev/i2c-7 Device 10DE:2206 Subsystem: 10DE:1467
12948069|Info:    Registering I2C interface: /dev/i2c-5 Device 10DE:2206 Subsystem: 10DE:1467
12948069|Info:    ------------------------------------------------------
12948069|Info:    |               Detecting I2C devices                |
12948069|Info:    ------------------------------------------------------
12948719|Info:    [Corsair Dominator Platinum RGB] Registering RGB controller
12948730|Info:    [Corsair Dominator Platinum RGB] Registering RGB controller
12948741|Info:    [Corsair Dominator Platinum RGB] Registering RGB controller
12948753|Info:    [Corsair Dominator Platinum RGB] Registering RGB controller
12948804|Info:    ------------------------------------------------------
12948804|Info:    |               Detecting I2C PCI devices            |
12948804|Info:    ------------------------------------------------------
12948804|Info:    ------------------------------------------------------
12948804|Info:    |               Detecting HID devices                |
12948804|Info:    ------------------------------------------------------
12949226|Info:    [Gaming Mouse G900] Registering RGB controller
12949303|Info:    [ASUS ROG CROSSHAIR VIII HERO] Registering RGB controller
12949357|Info:    [Corsair LS100 Lighting Kit] Registering RGB controller
12949460|Info:    [Corsair Commander Core] Registering RGB controller
12949460|Info:    ------------------------------------------------------
12949460|Info:    |              Detecting other devices               |
12949460|Info:    ------------------------------------------------------
12949460|Info:    ------------------------------------------------------
12949460|Info:    |                Detection completed                 |
12949460|Info:    ------------------------------------------------------
