    OpenRGB v0.81
    Commit: f8d7eb8bb8f297e86b9af7a0e68796cc058005eb from 2022-12-08 04:39:17 +0000
    Launched: 20221209_161939
====================================================================================================

0     |Info:    Found file: Default.orp attempting to validate header
0     |Info:    Valid v3 profile found for Default
1002  |Info:    ------------------------------------------------------
1002  |Info:    |               Start device detection               |
1002  |Info:    ------------------------------------------------------
1002  |Info:    Initializing HID interfaces: Success
1006  |Info:    ------------------------------------------------------
1006  |Info:    |             Detecting I2C interfaces               |
1006  |Info:    ------------------------------------------------------
1006  |Info:    Registering I2C interface: /dev/i2c-3 Device 10DE:2206 Subsystem: 10DE:1467
1006  |Info:    Registering I2C interface: /dev/i2c-1 Device 10DE:2206 Subsystem: 10DE:1467
1006  |Info:    Registering I2C interface: /dev/i2c-6 Device 1022:790B Subsystem: 1043:87C0
1006  |Info:    Registering I2C interface: /dev/i2c-4 Device 10DE:2206 Subsystem: 10DE:1467
1006  |Info:    Registering I2C interface: /dev/i2c-2 Device 10DE:2206 Subsystem: 10DE:1467
1006  |Info:    Registering I2C interface: /dev/i2c-0 Device 10DE:2206 Subsystem: 10DE:1467
1006  |Info:    Registering I2C interface: /dev/i2c-7 Device 1022:790B Subsystem: 1043:87C0
1006  |Info:    Registering I2C interface: /dev/i2c-5 Device 1022:790B Subsystem: 1043:87C0
1006  |Info:    ------------------------------------------------------
1006  |Info:    |               Detecting I2C devices                |
1006  |Info:    ------------------------------------------------------
1687  |Info:    [Corsair Dominator Platinum RGB] Registering RGB controller
1698  |Info:    [Corsair Dominator Platinum RGB] Registering RGB controller
1710  |Info:    [Corsair Dominator Platinum RGB] Registering RGB controller
1721  |Info:    [Corsair Dominator Platinum RGB] Registering RGB controller
1772  |Info:    ------------------------------------------------------
1772  |Info:    |               Detecting I2C PCI devices            |
1772  |Info:    ------------------------------------------------------
1773  |Info:    ------------------------------------------------------
1773  |Info:    |               Detecting HID devices                |
1773  |Info:    ------------------------------------------------------
2191  |Info:    [Gaming Mouse G900] Registering RGB controller
2268  |Info:    [ASUS ROG CROSSHAIR VIII HERO] Registering RGB controller
2321  |Info:    [Corsair LS100 Lighting Kit] Registering RGB controller
2470  |Info:    [Corsair Commander Core] Registering RGB controller
2470  |Info:    ------------------------------------------------------
2470  |Info:    |              Detecting other devices               |
2470  |Info:    ------------------------------------------------------
2477  |Info:    ------------------------------------------------------
2477  |Info:    |                Detection completed                 |
2477  |Info:    ------------------------------------------------------
2477  |Info:    Profile loading: FAILED! for Corsair Dominator Platinum RGB @ I2C: /dev/i2c-5, address 0x58
2478  |Info:    Profile loading: FAILED! for Corsair Dominator Platinum RGB @ I2C: /dev/i2c-5, address 0x59
2478  |Info:    Profile loading: FAILED! for Corsair Dominator Platinum RGB @ I2C: /dev/i2c-5, address 0x5A
2478  |Info:    Profile loading: FAILED! for Corsair Dominator Platinum RGB @ I2C: /dev/i2c-5, address 0x5B
2478  |Info:    Profile loading: FAILED! for Gaming Mouse G900 @ HID: /dev/hidraw9 (Receiver) 
Wireless Index: 255
2478  |Info:    Profile loading: FAILED! for ASUS ROG CROSSHAIR VIII HERO @ HID: /dev/hidraw11
2478  |Info:    Profile loading: FAILED! for Corsair LS100 Lighting Kit @ HID: /dev/hidraw7
2478  |Info:    Profile loading: FAILED! for Corsair Commander Core @ HID: /dev/hidraw3
27229 |Info:    Found file: default.orp attempting to validate header
27229 |Info:    Valid v3 profile found for default
