    OpenRGB v0.7
    Commit:  from 
    Launched: 20220704_213452
====================================================================================================

0     |Info:    Found file: Default.orp attempting to validate header
0     |Info:    Valid v3 profile found for Default
1001  |Info:    ------------------------------------------------------
1002  |Info:    |               Start device detection               |
1002  |Info:    ------------------------------------------------------
1002  |Info:    Initializing HID interfaces: Success
1006  |Info:    ------------------------------------------------------
1006  |Info:    |             Detecting I2C interfaces               |
1006  |Info:    ------------------------------------------------------
1006  |Info:    Registering I2C interface: /dev/i2c-3 Device 10DE:2206 Subsystem: 10DE:1467
1006  |Info:    Registering I2C interface: /dev/i2c-1 Device 1022:790B Subsystem: 1043:87C0
1006  |Info:    Registering I2C interface: /dev/i2c-6 Device 10DE:2206 Subsystem: 10DE:1467
1006  |Info:    Registering I2C interface: /dev/i2c-4 Device 10DE:2206 Subsystem: 10DE:1467
1006  |Info:    Registering I2C interface: /dev/i2c-2 Device 1022:790B Subsystem: 1043:87C0
1006  |Info:    Registering I2C interface: /dev/i2c-0 Device 1022:790B Subsystem: 1043:87C0
1006  |Info:    Registering I2C interface: /dev/i2c-7 Device 10DE:2206 Subsystem: 10DE:1467
1006  |Info:    Registering I2C interface: /dev/i2c-5 Device 10DE:2206 Subsystem: 10DE:1467
1006  |Info:    ------------------------------------------------------
1006  |Info:    |               Detecting I2C devices                |
1006  |Info:    ------------------------------------------------------
1682  |Info:    [Corsair Dominator Platinum RGB] Registering RGB controller
1693  |Info:    [Corsair Dominator Platinum RGB] Registering RGB controller
1704  |Info:    [Corsair Dominator Platinum RGB] Registering RGB controller
1716  |Info:    [Corsair Dominator Platinum RGB] Registering RGB controller
1767  |Info:    ------------------------------------------------------
1767  |Info:    |               Detecting HID devices                |
1767  |Info:    ------------------------------------------------------
2189  |Info:    [Gaming Mouse G900] Registering RGB controller
2543  |Info:    Unable add this Logitech device: Not Connected
2897  |Info:    Unable add this Logitech device: Not Connected
3251  |Info:    Unable add this Logitech device: Not Connected
3605  |Info:    Unable add this Logitech device: Not Connected
3959  |Info:    Unable add this Logitech device: Not Connected
4313  |Info:    Unable add this Logitech device: Not Connected
4667  |Info:    Unable add this Logitech device: Not Connected
5021  |Info:    Unable add this Logitech device: Not Connected
5375  |Info:    Unable add this Logitech device: Not Connected
5729  |Info:    Unable add this Logitech device: Not Connected
5803  |Info:    [ASUS ROG CROSSHAIR VIII HERO] Registering RGB controller
5857  |Info:    [Corsair LS100 Lighting Kit] Registering RGB controller
6012  |Info:    [Corsair Commander Core] Registering RGB controller
6012  |Info:    ------------------------------------------------------
6012  |Info:    |              Detecting other devices               |
6012  |Info:    ------------------------------------------------------
6022  |Info:    ------------------------------------------------------
6022  |Info:    |                Detection completed                 |
6022  |Info:    ------------------------------------------------------
6023  |Info:    Profile loading: Succeeded for Corsair Dominator Platinum RGB @ I2C: /dev/i2c-0, address 0x58
6023  |Info:    Profile loading: Succeeded for Corsair Dominator Platinum RGB @ I2C: /dev/i2c-0, address 0x59
6023  |Info:    Profile loading: Succeeded for Corsair Dominator Platinum RGB @ I2C: /dev/i2c-0, address 0x5A
6023  |Info:    Profile loading: Succeeded for Corsair Dominator Platinum RGB @ I2C: /dev/i2c-0, address 0x5B
6023  |Info:    Profile loading: Succeeded for Gaming Mouse G900 @ HID: /dev/hidraw6 (Receiver) 
Wireless Index: 255
6023  |Info:    Profile loading: Succeeded for ASUS ROG CROSSHAIR VIII HERO @ HID: /dev/hidraw10
6023  |Info:    Profile loading: Succeeded for Corsair LS100 Lighting Kit @ HID: /dev/hidraw11
6023  |Info:    Profile loading: Succeeded for Corsair Commander Core @ HID: /dev/hidraw2
7339  |Info:    Loading plugins
