    OpenRGB v0.7
    Commit:  from 
    Launched: 20221114_225406
====================================================================================================

1     |Info:    Found file: Default.orp attempting to validate header
1     |Info:    Valid v3 profile found for Default
1003  |Info:    ------------------------------------------------------
1003  |Info:    |               Start device detection               |
1003  |Info:    ------------------------------------------------------
1003  |Info:    Initializing HID interfaces: Success
1006  |Info:    ------------------------------------------------------
1006  |Info:    |             Detecting I2C interfaces               |
1006  |Info:    ------------------------------------------------------
1007  |Info:    Registering I2C interface: /dev/i2c-3 Device 10DE:2206 Subsystem: 10DE:1467
1007  |Info:    Registering I2C interface: /dev/i2c-1 Device 1022:790B Subsystem: 1043:87C0
1007  |Info:    Registering I2C interface: /dev/i2c-6 Device 10DE:2206 Subsystem: 10DE:1467
1007  |Info:    Registering I2C interface: /dev/i2c-4 Device 10DE:2206 Subsystem: 10DE:1467
1007  |Info:    Registering I2C interface: /dev/i2c-2 Device 1022:790B Subsystem: 1043:87C0
1007  |Info:    Registering I2C interface: /dev/i2c-0 Device 1022:790B Subsystem: 1043:87C0
1007  |Info:    Registering I2C interface: /dev/i2c-7 Device 10DE:2206 Subsystem: 10DE:1467
1007  |Info:    Registering I2C interface: /dev/i2c-5 Device 10DE:2206 Subsystem: 10DE:1467
1007  |Info:    ------------------------------------------------------
1007  |Info:    |               Detecting I2C devices                |
1007  |Info:    ------------------------------------------------------
1687  |Info:    [Corsair Dominator Platinum RGB] Registering RGB controller
1698  |Info:    [Corsair Dominator Platinum RGB] Registering RGB controller
1709  |Info:    [Corsair Dominator Platinum RGB] Registering RGB controller
1721  |Info:    [Corsair Dominator Platinum RGB] Registering RGB controller
1772  |Info:    ------------------------------------------------------
1772  |Info:    |               Detecting HID devices                |
1772  |Info:    ------------------------------------------------------
2194  |Info:    [Gaming Mouse G900] Registering RGB controller
2270  |Info:    [ASUS ROG CROSSHAIR VIII HERO] Registering RGB controller
2324  |Info:    [Corsair LS100 Lighting Kit] Registering RGB controller
2476  |Info:    [Corsair Commander Core] Registering RGB controller
2829  |Info:    Unable add this Logitech device: Not Connected
3183  |Info:    Unable add this Logitech device: Not Connected
3537  |Info:    Unable add this Logitech device: Not Connected
3891  |Info:    Unable add this Logitech device: Not Connected
4245  |Info:    Unable add this Logitech device: Not Connected
4599  |Info:    Unable add this Logitech device: Not Connected
4953  |Info:    Unable add this Logitech device: Not Connected
5307  |Info:    Unable add this Logitech device: Not Connected
5662  |Info:    Unable add this Logitech device: Not Connected
6016  |Info:    Unable add this Logitech device: Not Connected
6016  |Info:    ------------------------------------------------------
6016  |Info:    |              Detecting other devices               |
6016  |Info:    ------------------------------------------------------
6022  |Info:    ------------------------------------------------------
6022  |Info:    |                Detection completed                 |
6022  |Info:    ------------------------------------------------------
6022  |Info:    Profile loading: Succeeded for Corsair Dominator Platinum RGB @ I2C: /dev/i2c-0, address 0x58
6022  |Info:    Profile loading: Succeeded for Corsair Dominator Platinum RGB @ I2C: /dev/i2c-0, address 0x59
6022  |Info:    Profile loading: Succeeded for Corsair Dominator Platinum RGB @ I2C: /dev/i2c-0, address 0x5A
6022  |Info:    Profile loading: Succeeded for Corsair Dominator Platinum RGB @ I2C: /dev/i2c-0, address 0x5B
6022  |Info:    Profile loading: Succeeded for Gaming Mouse G900 @ HID: /dev/hidraw12 (Receiver) 
Wireless Index: 255
6023  |Info:    Profile loading: Succeeded for ASUS ROG CROSSHAIR VIII HERO @ HID: /dev/hidraw0
6023  |Info:    Profile loading: Succeeded for Corsair LS100 Lighting Kit @ HID: /dev/hidraw10
6023  |Info:    Profile loading: Succeeded for Corsair Commander Core @ HID: /dev/hidraw4
7334  |Info:    Loading plugins
