    OpenRGB v0.71
    Commit: e4bb5788019bd84470d277b6513862eab79aa428 from 2022-05-25 00:04:28 -0500
    Launched: 20220605_104252
====================================================================================================

0     |Info:    Found file: Default.orp attempting to validate header
0     |Info:    Valid v3 profile found for Default
1001  |Info:    ------------------------------------------------------
1001  |Info:    |               Start device detection               |
1001  |Info:    ------------------------------------------------------
1001  |Info:    Initializing HID interfaces: Success
1005  |Info:    ------------------------------------------------------
1005  |Info:    |             Detecting I2C interfaces               |
1005  |Info:    ------------------------------------------------------
1005  |Info:    Registering I2C interface: /dev/i2c-3 Device 10DE:2206 Subsystem: 10DE:1467
1006  |Info:    Registering I2C interface: /dev/i2c-1 Device 1022:790B Subsystem: 1043:87C0
1006  |Info:    Registering I2C interface: /dev/i2c-6 Device 10DE:2206 Subsystem: 10DE:1467
1006  |Info:    Registering I2C interface: /dev/i2c-4 Device 10DE:2206 Subsystem: 10DE:1467
1006  |Info:    Registering I2C interface: /dev/i2c-2 Device 1022:790B Subsystem: 1043:87C0
1006  |Info:    Registering I2C interface: /dev/i2c-0 Device 1022:790B Subsystem: 1043:87C0
1006  |Info:    Registering I2C interface: /dev/i2c-7 Device 10DE:2206 Subsystem: 10DE:1467
1006  |Info:    Registering I2C interface: /dev/i2c-5 Device 10DE:2206 Subsystem: 10DE:1467
1006  |Info:    ------------------------------------------------------
1006  |Info:    |               Detecting I2C devices                |
1006  |Info:    ------------------------------------------------------
1657  |Info:    [Corsair Dominator Platinum RGB] Registering RGB controller
1669  |Info:    [Corsair Dominator Platinum RGB] Registering RGB controller
1682  |Info:    [Corsair Dominator Platinum RGB] Registering RGB controller
1694  |Info:    [Corsair Dominator Platinum RGB] Registering RGB controller
1746  |Info:    ------------------------------------------------------
1746  |Info:    |               Detecting I2C PCI devices            |
1746  |Info:    ------------------------------------------------------
1746  |Info:    ------------------------------------------------------
1746  |Info:    |               Detecting HID devices                |
1746  |Info:    ------------------------------------------------------
2168  |Info:    [Gaming Mouse G900] Registering RGB controller
2242  |Info:    [ASUS ROG CROSSHAIR VIII HERO] Registering RGB controller
70465 |Info:    [Corsair LS100 Lighting Kit] Registering RGB controller
70558 |Info:    [Corsair Commander Core] Registering RGB controller
70558 |Info:    ------------------------------------------------------
70558 |Info:    |              Detecting other devices               |
70558 |Info:    ------------------------------------------------------
70566 |Info:    ------------------------------------------------------
70566 |Info:    |                Detection completed                 |
70566 |Info:    ------------------------------------------------------
70566 |Info:    Profile loading: Succeeded for Corsair Dominator Platinum RGB @ I2C: /dev/i2c-0, address 0x58
70566 |Info:    Profile loading: Succeeded for Corsair Dominator Platinum RGB @ I2C: /dev/i2c-0, address 0x59
70566 |Info:    Profile loading: Succeeded for Corsair Dominator Platinum RGB @ I2C: /dev/i2c-0, address 0x5A
70566 |Info:    Profile loading: Succeeded for Corsair Dominator Platinum RGB @ I2C: /dev/i2c-0, address 0x5B
70566 |Info:    Profile loading: Succeeded for Gaming Mouse G900 @ HID: /dev/hidraw1 (Receiver) 
Wireless Index: 255
70566 |Info:    Profile loading: Succeeded for ASUS ROG CROSSHAIR VIII HERO @ HID: /dev/hidraw11
70566 |Info:    Profile loading: Succeeded for Corsair LS100 Lighting Kit @ HID: /dev/hidraw5
70566 |Info:    Profile loading: Succeeded for Corsair Commander Core @ HID: /dev/hidraw2
71882 |Info:    Loading plugins
104614|Info:    ------------------------------------------------------
104614|Info:    |               Start device detection               |
104614|Info:    ------------------------------------------------------
104614|Info:    Initializing HID interfaces: Success
104618|Info:    ------------------------------------------------------
104618|Info:    |             Detecting I2C interfaces               |
104618|Info:    ------------------------------------------------------
104619|Info:    Registering I2C interface: /dev/i2c-3 Device 10DE:2206 Subsystem: 10DE:1467
104619|Info:    Registering I2C interface: /dev/i2c-1 Device 1022:790B Subsystem: 1043:87C0
104619|Info:    Registering I2C interface: /dev/i2c-6 Device 10DE:2206 Subsystem: 10DE:1467
104619|Info:    Registering I2C interface: /dev/i2c-4 Device 10DE:2206 Subsystem: 10DE:1467
104619|Info:    Registering I2C interface: /dev/i2c-2 Device 1022:790B Subsystem: 1043:87C0
104619|Info:    Registering I2C interface: /dev/i2c-0 Device 1022:790B Subsystem: 1043:87C0
104619|Info:    Registering I2C interface: /dev/i2c-7 Device 10DE:2206 Subsystem: 10DE:1467
104619|Info:    Registering I2C interface: /dev/i2c-5 Device 10DE:2206 Subsystem: 10DE:1467
104619|Info:    ------------------------------------------------------
104619|Info:    |               Detecting I2C devices                |
104619|Info:    ------------------------------------------------------
105268|Info:    [Corsair Dominator Platinum RGB] Registering RGB controller
105279|Info:    [Corsair Dominator Platinum RGB] Registering RGB controller
105291|Info:    [Corsair Dominator Platinum RGB] Registering RGB controller
105302|Info:    [Corsair Dominator Platinum RGB] Registering RGB controller
105353|Info:    ------------------------------------------------------
105353|Info:    |               Detecting I2C PCI devices            |
105353|Info:    ------------------------------------------------------
105354|Info:    ------------------------------------------------------
105354|Info:    |               Detecting HID devices                |
105354|Info:    ------------------------------------------------------
105777|Info:    [Gaming Mouse G900] Registering RGB controller
105855|Info:    [ASUS ROG CROSSHAIR VIII HERO] Registering RGB controller
105908|Info:    [Corsair LS100 Lighting Kit] Registering RGB controller
106050|Info:    [Corsair Commander Core] Registering RGB controller
106050|Info:    ------------------------------------------------------
106050|Info:    |              Detecting other devices               |
106050|Info:    ------------------------------------------------------
106051|Info:    ------------------------------------------------------
106051|Info:    |                Detection completed                 |
106051|Info:    ------------------------------------------------------
