    OpenRGB v0.7
    Commit:  from 
    Launched: 20220906_103138
====================================================================================================

0     |Info:    Found file: Default.orp attempting to validate header
1     |Info:    Valid v3 profile found for Default
1002  |Info:    ------------------------------------------------------
1002  |Info:    |               Start device detection               |
1002  |Info:    ------------------------------------------------------
1003  |Info:    Initializing HID interfaces: Success
1006  |Info:    ------------------------------------------------------
1006  |Info:    |             Detecting I2C interfaces               |
1006  |Info:    ------------------------------------------------------
1006  |Info:    Registering I2C interface: /dev/i2c-3 Device 10DE:2206 Subsystem: 10DE:1467
1006  |Info:    Registering I2C interface: /dev/i2c-1 Device 1022:790B Subsystem: 1043:87C0
1006  |Info:    Registering I2C interface: /dev/i2c-6 Device 10DE:2206 Subsystem: 10DE:1467
1006  |Info:    Registering I2C interface: /dev/i2c-4 Device 10DE:2206 Subsystem: 10DE:1467
1006  |Info:    Registering I2C interface: /dev/i2c-2 Device 1022:790B Subsystem: 1043:87C0
1006  |Info:    Registering I2C interface: /dev/i2c-0 Device 1022:790B Subsystem: 1043:87C0
1006  |Info:    Registering I2C interface: /dev/i2c-7 Device 10DE:2206 Subsystem: 10DE:1467
1006  |Info:    Registering I2C interface: /dev/i2c-5 Device 10DE:2206 Subsystem: 10DE:1467
1006  |Info:    ------------------------------------------------------
1006  |Info:    |               Detecting I2C devices                |
1006  |Info:    ------------------------------------------------------
1683  |Info:    [Corsair Dominator Platinum RGB] Registering RGB controller
1695  |Info:    [Corsair Dominator Platinum RGB] Registering RGB controller
1706  |Info:    [Corsair Dominator Platinum RGB] Registering RGB controller
1717  |Info:    [Corsair Dominator Platinum RGB] Registering RGB controller
1769  |Info:    ------------------------------------------------------
1769  |Info:    |               Detecting HID devices                |
1769  |Info:    ------------------------------------------------------
3809  |Info:    [Gaming Mouse G900] Registering RGB controller
3883  |Info:    [ASUS ROG CROSSHAIR VIII HERO] Registering RGB controller
3937  |Info:    [Corsair LS100 Lighting Kit] Registering RGB controller
4088  |Info:    [Corsair Commander Core] Registering RGB controller
4088  |Info:    ------------------------------------------------------
4088  |Info:    |              Detecting other devices               |
4088  |Info:    ------------------------------------------------------
4096  |Info:    ------------------------------------------------------
4097  |Info:    |                Detection completed                 |
4097  |Info:    ------------------------------------------------------
4097  |Info:    Profile loading: Succeeded for Corsair Dominator Platinum RGB @ I2C: /dev/i2c-0, address 0x58
4097  |Info:    Profile loading: Succeeded for Corsair Dominator Platinum RGB @ I2C: /dev/i2c-0, address 0x59
4097  |Info:    Profile loading: Succeeded for Corsair Dominator Platinum RGB @ I2C: /dev/i2c-0, address 0x5A
4097  |Info:    Profile loading: Succeeded for Corsair Dominator Platinum RGB @ I2C: /dev/i2c-0, address 0x5B
4097  |Info:    Profile loading: Succeeded for Gaming Mouse G900 @ HID: /dev/hidraw12 (Receiver) 
Wireless Index: 255
4097  |Info:    Profile loading: Succeeded for ASUS ROG CROSSHAIR VIII HERO @ HID: /dev/hidraw9
4097  |Info:    Profile loading: Succeeded for Corsair LS100 Lighting Kit @ HID: /dev/hidraw8
4097  |Info:    Profile loading: Succeeded for Corsair Commander Core @ HID: /dev/hidraw0
5409  |Info:    Loading plugins
