    OpenRGB v0.71
    Commit: 90016598321e6fc9e2753404d81f9fdbfb35d5b3 from 2022-05-24 21:56:05 +0200
    Launched: 20220525_084746
====================================================================================================

0     |Info:    Found file: Default.orp attempting to validate header
0     |Info:    Valid v3 profile found for Default
1001  |Info:    ------------------------------------------------------
1001  |Info:    |               Start device detection               |
1001  |Info:    ------------------------------------------------------
1001  |Info:    Initializing HID interfaces: Success
1004  |Info:    ------------------------------------------------------
1004  |Info:    |             Detecting I2C interfaces               |
1004  |Info:    ------------------------------------------------------
1004  |Info:    Registering I2C interface: /dev/i2c-3 Device 10DE:2206 Subsystem: 10DE:1467
1004  |Info:    Registering I2C interface: /dev/i2c-1 Device 1022:790B Subsystem: 1043:87C0
1004  |Info:    Registering I2C interface: /dev/i2c-6 Device 10DE:2206 Subsystem: 10DE:1467
1004  |Info:    Registering I2C interface: /dev/i2c-4 Device 10DE:2206 Subsystem: 10DE:1467
1004  |Info:    Registering I2C interface: /dev/i2c-2 Device 1022:790B Subsystem: 1043:87C0
1004  |Info:    Registering I2C interface: /dev/i2c-0 Device 1022:790B Subsystem: 1043:87C0
1004  |Info:    Registering I2C interface: /dev/i2c-7 Device 10DE:2206 Subsystem: 10DE:1467
1004  |Info:    Registering I2C interface: /dev/i2c-5 Device 10DE:2206 Subsystem: 10DE:1467
1004  |Info:    ------------------------------------------------------
1004  |Info:    |               Detecting I2C devices                |
1004  |Info:    ------------------------------------------------------
1653  |Info:    [Corsair Dominator Platinum RGB] Registering RGB controller
1665  |Info:    [Corsair Dominator Platinum RGB] Registering RGB controller
1676  |Info:    [Corsair Dominator Platinum RGB] Registering RGB controller
1688  |Info:    [Corsair Dominator Platinum RGB] Registering RGB controller
1739  |Info:    ------------------------------------------------------
1739  |Info:    |               Detecting I2C PCI devices            |
1739  |Info:    ------------------------------------------------------
1740  |Info:    ------------------------------------------------------
1740  |Info:    |               Detecting HID devices                |
1740  |Info:    ------------------------------------------------------
2162  |Info:    [Gaming Mouse G900] Registering RGB controller
2239  |Info:    [ASUS ROG CROSSHAIR VIII HERO] Registering RGB controller
2292  |Info:    [Corsair LS100 Lighting Kit] Registering RGB controller
2421  |Info:    [Corsair Commander Core] Registering RGB controller
2421  |Info:    ------------------------------------------------------
2421  |Info:    |              Detecting other devices               |
2421  |Info:    ------------------------------------------------------
2426  |Info:    ------------------------------------------------------
2426  |Info:    |                Detection completed                 |
2426  |Info:    ------------------------------------------------------
2426  |Info:    Profile loading: Succeeded for Corsair Dominator Platinum RGB @ I2C: /dev/i2c-0, address 0x58
2426  |Info:    Profile loading: Succeeded for Corsair Dominator Platinum RGB @ I2C: /dev/i2c-0, address 0x59
2426  |Info:    Profile loading: Succeeded for Corsair Dominator Platinum RGB @ I2C: /dev/i2c-0, address 0x5A
2426  |Info:    Profile loading: Succeeded for Corsair Dominator Platinum RGB @ I2C: /dev/i2c-0, address 0x5B
2426  |Info:    Profile loading: Succeeded for Gaming Mouse G900 @ HID: /dev/hidraw10 (Receiver) 
Wireless Index: 255
2426  |Info:    Profile loading: Succeeded for ASUS ROG CROSSHAIR VIII HERO @ HID: /dev/hidraw11
2426  |Info:    Profile loading: Succeeded for Corsair LS100 Lighting Kit @ HID: /dev/hidraw9
2426  |Info:    Profile loading: Succeeded for Corsair Commander Core @ HID: /dev/hidraw2
3756  |Info:    Loading plugins
