    OpenRGB v0.8
    Commit: fb88964b8e514cdf4eb22da314e13f8db06a3636 from 2022-11-27 21:44:33 -0600
    Launched: 20221208_174418
====================================================================================================

0     |Info:    Found file: Default.orp attempting to validate header
0     |Info:    Valid v3 profile found for Default
1002  |Info:    ------------------------------------------------------
1002  |Info:    |               Start device detection               |
1002  |Info:    ------------------------------------------------------
1002  |Info:    Initializing HID interfaces: Success
1006  |Info:    ------------------------------------------------------
1006  |Info:    |             Detecting I2C interfaces               |
1006  |Info:    ------------------------------------------------------
1007  |Info:    Registering I2C interface: /dev/i2c-3 Device 10DE:2206 Subsystem: 10DE:1467
1007  |Info:    Registering I2C interface: /dev/i2c-1 Device 10DE:2206 Subsystem: 10DE:1467
1007  |Info:    Registering I2C interface: /dev/i2c-6 Device 1022:790B Subsystem: 1043:87C0
1007  |Info:    Registering I2C interface: /dev/i2c-4 Device 10DE:2206 Subsystem: 10DE:1467
1007  |Info:    Registering I2C interface: /dev/i2c-2 Device 10DE:2206 Subsystem: 10DE:1467
1007  |Info:    Registering I2C interface: /dev/i2c-0 Device 10DE:2206 Subsystem: 10DE:1467
1007  |Info:    Registering I2C interface: /dev/i2c-7 Device 1022:790B Subsystem: 1043:87C0
1007  |Info:    Registering I2C interface: /dev/i2c-5 Device 1022:790B Subsystem: 1043:87C0
1007  |Info:    ------------------------------------------------------
1007  |Info:    |               Detecting I2C devices                |
1007  |Info:    ------------------------------------------------------
1174  |Info:    [Corsair Dominator Platinum RGB] Registering RGB controller
1185  |Info:    [Corsair Dominator Platinum RGB] Registering RGB controller
1197  |Info:    [Corsair Dominator Platinum RGB] Registering RGB controller
1208  |Info:    [Corsair Dominator Platinum RGB] Registering RGB controller
1772  |Info:    ------------------------------------------------------
1772  |Info:    |               Detecting I2C PCI devices            |
1772  |Info:    ------------------------------------------------------
1773  |Info:    ------------------------------------------------------
1773  |Info:    |               Detecting HID devices                |
1773  |Info:    ------------------------------------------------------
2195  |Info:    [Gaming Mouse G900] Registering RGB controller
2617  |Info:    [Gaming Mouse G900] Registering RGB controller
3039  |Info:    [Gaming Mouse G900] Registering RGB controller
3461  |Info:    [Gaming Mouse G900] Registering RGB controller
3883  |Info:    [Gaming Mouse G900] Registering RGB controller
3959  |Info:    [ASUS ROG CROSSHAIR VIII HERO] Registering RGB controller
4012  |Info:    [Corsair LS100 Lighting Kit] Registering RGB controller
4155  |Info:    [Corsair Commander Core] Registering RGB controller
4155  |Info:    ------------------------------------------------------
4155  |Info:    |              Detecting other devices               |
4155  |Info:    ------------------------------------------------------
4165  |Info:    ------------------------------------------------------
4165  |Info:    |                Detection completed                 |
4165  |Info:    ------------------------------------------------------
4165  |Info:    Profile loading: FAILED! for Corsair Dominator Platinum RGB @ I2C: /dev/i2c-5, address 0x58
4165  |Info:    Profile loading: FAILED! for Corsair Dominator Platinum RGB @ I2C: /dev/i2c-5, address 0x59
4165  |Info:    Profile loading: FAILED! for Corsair Dominator Platinum RGB @ I2C: /dev/i2c-5, address 0x5A
4165  |Info:    Profile loading: FAILED! for Corsair Dominator Platinum RGB @ I2C: /dev/i2c-5, address 0x5B
4165  |Info:    Profile loading: FAILED! for Gaming Mouse G900 @ HID: /dev/hidraw6 (Receiver) 
Wireless Index: 255
4165  |Info:    Profile loading: FAILED! for Gaming Mouse G900 @ HID: /dev/hidraw6 (Receiver) 
Wireless Index: 255
4165  |Info:    Profile loading: FAILED! for Gaming Mouse G900 @ HID: /dev/hidraw6 (Receiver) 
Wireless Index: 255
4165  |Info:    Profile loading: FAILED! for Gaming Mouse G900 @ HID: /dev/hidraw6 (Receiver) 
Wireless Index: 255
4165  |Info:    Profile loading: FAILED! for Gaming Mouse G900 @ HID: /dev/hidraw6 (Receiver) 
Wireless Index: 255
4165  |Info:    Profile loading: FAILED! for ASUS ROG CROSSHAIR VIII HERO @ HID: /dev/hidraw7
4165  |Info:    Profile loading: FAILED! for Corsair LS100 Lighting Kit @ HID: /dev/hidraw10
4165  |Info:    Profile loading: FAILED! for Corsair Commander Core @ HID: /dev/hidraw3
25161 |Info:    ------------------------------------------------------
25161 |Info:    |               Start device detection               |
25161 |Info:    ------------------------------------------------------
25161 |Info:    Initializing HID interfaces: Success
25164 |Info:    ------------------------------------------------------
25164 |Info:    |             Detecting I2C interfaces               |
25164 |Info:    ------------------------------------------------------
25164 |Info:    Registering I2C interface: /dev/i2c-3 Device 10DE:2206 Subsystem: 10DE:1467
25164 |Info:    Registering I2C interface: /dev/i2c-1 Device 10DE:2206 Subsystem: 10DE:1467
25164 |Info:    Registering I2C interface: /dev/i2c-6 Device 1022:790B Subsystem: 1043:87C0
25165 |Info:    Registering I2C interface: /dev/i2c-4 Device 10DE:2206 Subsystem: 10DE:1467
25165 |Info:    Registering I2C interface: /dev/i2c-2 Device 10DE:2206 Subsystem: 10DE:1467
25165 |Info:    Registering I2C interface: /dev/i2c-0 Device 10DE:2206 Subsystem: 10DE:1467
25165 |Info:    Registering I2C interface: /dev/i2c-7 Device 1022:790B Subsystem: 1043:87C0
25165 |Info:    Registering I2C interface: /dev/i2c-5 Device 1022:790B Subsystem: 1043:87C0
25165 |Info:    ------------------------------------------------------
25165 |Info:    |               Detecting I2C devices                |
25165 |Info:    ------------------------------------------------------
25331 |Info:    [Corsair Dominator Platinum RGB] Registering RGB controller
25342 |Info:    [Corsair Dominator Platinum RGB] Registering RGB controller
25354 |Info:    [Corsair Dominator Platinum RGB] Registering RGB controller
25365 |Info:    [Corsair Dominator Platinum RGB] Registering RGB controller
25928 |Info:    ------------------------------------------------------
25928 |Info:    |               Detecting I2C PCI devices            |
25928 |Info:    ------------------------------------------------------
25929 |Info:    ------------------------------------------------------
25929 |Info:    |               Detecting HID devices                |
25929 |Info:    ------------------------------------------------------
26351 |Info:    [Gaming Mouse G900] Registering RGB controller
26773 |Info:    [Gaming Mouse G900] Registering RGB controller
27195 |Info:    [Gaming Mouse G900] Registering RGB controller
27617 |Info:    [Gaming Mouse G900] Registering RGB controller
28039 |Info:    [Gaming Mouse G900] Registering RGB controller
28115 |Info:    [ASUS ROG CROSSHAIR VIII HERO] Registering RGB controller
28168 |Info:    [Corsair LS100 Lighting Kit] Registering RGB controller
28272 |Info:    [Corsair Commander Core] Registering RGB controller
28272 |Info:    ------------------------------------------------------
28272 |Info:    |              Detecting other devices               |
28272 |Info:    ------------------------------------------------------
28273 |Info:    ------------------------------------------------------
28273 |Info:    |                Detection completed                 |
28273 |Info:    ------------------------------------------------------
197289|Info:    ------------------------------------------------------
197289|Info:    |               Start device detection               |
197289|Info:    ------------------------------------------------------
197289|Info:    Initializing HID interfaces: Success
197292|Info:    ------------------------------------------------------
197292|Info:    |             Detecting I2C interfaces               |
197292|Info:    ------------------------------------------------------
197292|Info:    Registering I2C interface: /dev/i2c-3 Device 10DE:2206 Subsystem: 10DE:1467
197292|Info:    Registering I2C interface: /dev/i2c-1 Device 10DE:2206 Subsystem: 10DE:1467
197292|Info:    Registering I2C interface: /dev/i2c-6 Device 1022:790B Subsystem: 1043:87C0
197292|Info:    Registering I2C interface: /dev/i2c-4 Device 10DE:2206 Subsystem: 10DE:1467
197292|Info:    Registering I2C interface: /dev/i2c-2 Device 10DE:2206 Subsystem: 10DE:1467
197292|Info:    Registering I2C interface: /dev/i2c-0 Device 10DE:2206 Subsystem: 10DE:1467
197292|Info:    Registering I2C interface: /dev/i2c-7 Device 1022:790B Subsystem: 1043:87C0
197293|Info:    Registering I2C interface: /dev/i2c-5 Device 1022:790B Subsystem: 1043:87C0
197293|Info:    ------------------------------------------------------
197293|Info:    |               Detecting I2C devices                |
197293|Info:    ------------------------------------------------------
197459|Info:    [Corsair Dominator Platinum RGB] Registering RGB controller
197470|Info:    [Corsair Dominator Platinum RGB] Registering RGB controller
197481|Info:    [Corsair Dominator Platinum RGB] Registering RGB controller
197493|Info:    [Corsair Dominator Platinum RGB] Registering RGB controller
198055|Info:    ------------------------------------------------------
198055|Info:    |               Detecting I2C PCI devices            |
198055|Info:    ------------------------------------------------------
198056|Info:    ------------------------------------------------------
198056|Info:    |               Detecting HID devices                |
198056|Info:    ------------------------------------------------------
198478|Info:    [Gaming Mouse G900] Registering RGB controller
198900|Info:    [Gaming Mouse G900] Registering RGB controller
199322|Info:    [Gaming Mouse G900] Registering RGB controller
199744|Info:    [Gaming Mouse G900] Registering RGB controller
200166|Info:    [Gaming Mouse G900] Registering RGB controller
200244|Info:    [ASUS ROG CROSSHAIR VIII HERO] Registering RGB controller
200299|Info:    [Corsair LS100 Lighting Kit] Registering RGB controller
200402|Info:    [Corsair Commander Core] Registering RGB controller
200402|Info:    ------------------------------------------------------
200402|Info:    |              Detecting other devices               |
200402|Info:    ------------------------------------------------------
200403|Info:    ------------------------------------------------------
200403|Info:    |                Detection completed                 |
200403|Info:    ------------------------------------------------------
