    OpenRGB v0.8
    Commit:  from 
    Launched: 20221203_003512
====================================================================================================

0     |Info:    Found file: Default.orp attempting to validate header
0     |Info:    Valid v3 profile found for Default
1003  |Info:    ------------------------------------------------------
1003  |Info:    |               Start device detection               |
1003  |Info:    ------------------------------------------------------
1003  |Info:    Initializing HID interfaces: Success
1006  |Info:    ------------------------------------------------------
1006  |Info:    |             Detecting I2C interfaces               |
1006  |Info:    ------------------------------------------------------
1006  |Info:    Registering I2C interface: /dev/i2c-3 Device 10DE:2206 Subsystem: 10DE:1467
1006  |Info:    Registering I2C interface: /dev/i2c-1 Device 1022:790B Subsystem: 1043:87C0
1006  |Info:    Registering I2C interface: /dev/i2c-6 Device 10DE:2206 Subsystem: 10DE:1467
1007  |Info:    Registering I2C interface: /dev/i2c-4 Device 10DE:2206 Subsystem: 10DE:1467
1007  |Info:    Registering I2C interface: /dev/i2c-2 Device 1022:790B Subsystem: 1043:87C0
1007  |Info:    Registering I2C interface: /dev/i2c-0 Device 1022:790B Subsystem: 1043:87C0
1007  |Info:    Registering I2C interface: /dev/i2c-7 Device 10DE:2206 Subsystem: 10DE:1467
1007  |Info:    Registering I2C interface: /dev/i2c-5 Device 10DE:2206 Subsystem: 10DE:1467
1007  |Info:    ------------------------------------------------------
1007  |Info:    |               Detecting I2C devices                |
1007  |Info:    ------------------------------------------------------
1689  |Info:    [Corsair Dominator Platinum RGB] Registering RGB controller
1700  |Info:    [Corsair Dominator Platinum RGB] Registering RGB controller
1711  |Info:    [Corsair Dominator Platinum RGB] Registering RGB controller
1723  |Info:    [Corsair Dominator Platinum RGB] Registering RGB controller
1774  |Info:    ------------------------------------------------------
1774  |Info:    |               Detecting I2C PCI devices            |
1774  |Info:    ------------------------------------------------------
1774  |Info:    ------------------------------------------------------
1774  |Info:    |               Detecting HID devices                |
1774  |Info:    ------------------------------------------------------
2197  |Info:    [Gaming Mouse G900] Registering RGB controller
2272  |Info:    [ASUS ROG CROSSHAIR VIII HERO] Registering RGB controller
2327  |Info:    [Corsair LS100 Lighting Kit] Registering RGB controller
2462  |Info:    [Corsair Commander Core] Registering RGB controller
2462  |Info:    ------------------------------------------------------
2462  |Info:    |              Detecting other devices               |
2462  |Info:    ------------------------------------------------------
2473  |Info:    ------------------------------------------------------
2473  |Info:    |                Detection completed                 |
2473  |Info:    ------------------------------------------------------
2473  |Info:    Profile loading: Succeeded for Corsair Dominator Platinum RGB @ I2C: /dev/i2c-0, address 0x58
2473  |Info:    Profile loading: Succeeded for Corsair Dominator Platinum RGB @ I2C: /dev/i2c-0, address 0x59
2473  |Info:    Profile loading: Succeeded for Corsair Dominator Platinum RGB @ I2C: /dev/i2c-0, address 0x5A
2473  |Info:    Profile loading: Succeeded for Corsair Dominator Platinum RGB @ I2C: /dev/i2c-0, address 0x5B
2473  |Info:    Profile loading: Succeeded for Gaming Mouse G900 @ HID: /dev/hidraw8 (Receiver) 
Wireless Index: 255
2473  |Info:    Profile loading: Succeeded for ASUS ROG CROSSHAIR VIII HERO @ HID: /dev/hidraw9
2473  |Info:    Profile loading: Succeeded for Corsair LS100 Lighting Kit @ HID: /dev/hidraw11
2473  |Info:    Profile loading: FAILED! for Corsair Commander Core @ HID: /dev/hidraw3
