    OpenRGB v0.71
    Commit: e4bb5788019bd84470d277b6513862eab79aa428 from 2022-05-25 00:04:28 -0500
    Launched: 20220603_215134
====================================================================================================

0     |Info:    Found file: Default.orp attempting to validate header
0     |Info:    Valid v3 profile found for Default
1001  |Info:    ------------------------------------------------------
1001  |Info:    |               Start device detection               |
1001  |Info:    ------------------------------------------------------
1001  |Info:    Initializing HID interfaces: Success
1005  |Info:    ------------------------------------------------------
1005  |Info:    |             Detecting I2C interfaces               |
1005  |Info:    ------------------------------------------------------
1005  |Info:    Registering I2C interface: /dev/i2c-3 Device 10DE:2206 Subsystem: 10DE:1467
1005  |Info:    Registering I2C interface: /dev/i2c-1 Device 1022:790B Subsystem: 1043:87C0
1005  |Info:    Registering I2C interface: /dev/i2c-6 Device 10DE:2206 Subsystem: 10DE:1467
1006  |Info:    Registering I2C interface: /dev/i2c-4 Device 10DE:2206 Subsystem: 10DE:1467
1006  |Info:    Registering I2C interface: /dev/i2c-2 Device 1022:790B Subsystem: 1043:87C0
1006  |Info:    Registering I2C interface: /dev/i2c-0 Device 1022:790B Subsystem: 1043:87C0
1006  |Info:    Registering I2C interface: /dev/i2c-7 Device 10DE:2206 Subsystem: 10DE:1467
1006  |Info:    Registering I2C interface: /dev/i2c-5 Device 10DE:2206 Subsystem: 10DE:1467
1006  |Info:    ------------------------------------------------------
1006  |Info:    |               Detecting I2C devices                |
1006  |Info:    ------------------------------------------------------
1659  |Info:    [Corsair Dominator Platinum RGB] Registering RGB controller
1671  |Info:    [Corsair Dominator Platinum RGB] Registering RGB controller
1685  |Info:    [Corsair Dominator Platinum RGB] Registering RGB controller
1696  |Info:    [Corsair Dominator Platinum RGB] Registering RGB controller
1748  |Info:    ------------------------------------------------------
1748  |Info:    |               Detecting I2C PCI devices            |
1748  |Info:    ------------------------------------------------------
1748  |Info:    ------------------------------------------------------
1748  |Info:    |               Detecting HID devices                |
1748  |Info:    ------------------------------------------------------
2170  |Info:    [Gaming Mouse G900] Registering RGB controller
2245  |Info:    [ASUS ROG CROSSHAIR VIII HERO] Registering RGB controller
2300  |Info:    [Corsair LS100 Lighting Kit] Registering RGB controller
2441  |Info:    [Corsair Commander Core] Registering RGB controller
2441  |Info:    ------------------------------------------------------
2441  |Info:    |              Detecting other devices               |
2441  |Info:    ------------------------------------------------------
2451  |Info:    ------------------------------------------------------
2451  |Info:    |                Detection completed                 |
2451  |Info:    ------------------------------------------------------
2451  |Info:    Profile loading: Succeeded for Corsair Dominator Platinum RGB @ I2C: /dev/i2c-0, address 0x58
2451  |Info:    Profile loading: Succeeded for Corsair Dominator Platinum RGB @ I2C: /dev/i2c-0, address 0x59
2451  |Info:    Profile loading: Succeeded for Corsair Dominator Platinum RGB @ I2C: /dev/i2c-0, address 0x5A
2451  |Info:    Profile loading: Succeeded for Corsair Dominator Platinum RGB @ I2C: /dev/i2c-0, address 0x5B
2451  |Info:    Profile loading: Succeeded for Gaming Mouse G900 @ HID: /dev/hidraw1 (Receiver) 
Wireless Index: 255
2451  |Info:    Profile loading: Succeeded for ASUS ROG CROSSHAIR VIII HERO @ HID: /dev/hidraw11
2451  |Info:    Profile loading: Succeeded for Corsair LS100 Lighting Kit @ HID: /dev/hidraw10
2451  |Info:    Profile loading: Succeeded for Corsair Commander Core @ HID: /dev/hidraw2
3798  |Info:    Loading plugins
496648|Info:    ------------------------------------------------------
496648|Info:    |               Start device detection               |
496648|Info:    ------------------------------------------------------
496649|Info:    Initializing HID interfaces: Success
496654|Info:    ------------------------------------------------------
496654|Info:    |             Detecting I2C interfaces               |
496654|Info:    ------------------------------------------------------
496654|Info:    Registering I2C interface: /dev/i2c-3 Device 10DE:2206 Subsystem: 10DE:1467
496654|Info:    Registering I2C interface: /dev/i2c-1 Device 1022:790B Subsystem: 1043:87C0
496654|Info:    Registering I2C interface: /dev/i2c-6 Device 10DE:2206 Subsystem: 10DE:1467
496654|Info:    Registering I2C interface: /dev/i2c-4 Device 10DE:2206 Subsystem: 10DE:1467
496654|Info:    Registering I2C interface: /dev/i2c-2 Device 1022:790B Subsystem: 1043:87C0
496654|Info:    Registering I2C interface: /dev/i2c-0 Device 1022:790B Subsystem: 1043:87C0
496654|Info:    Registering I2C interface: /dev/i2c-7 Device 10DE:2206 Subsystem: 10DE:1467
496654|Info:    Registering I2C interface: /dev/i2c-5 Device 10DE:2206 Subsystem: 10DE:1467
496654|Info:    ------------------------------------------------------
496654|Info:    |               Detecting I2C devices                |
496654|Info:    ------------------------------------------------------
497304|Info:    [Corsair Dominator Platinum RGB] Registering RGB controller
497316|Info:    [Corsair Dominator Platinum RGB] Registering RGB controller
497327|Info:    [Corsair Dominator Platinum RGB] Registering RGB controller
497338|Info:    [Corsair Dominator Platinum RGB] Registering RGB controller
497390|Info:    ------------------------------------------------------
497390|Info:    |               Detecting I2C PCI devices            |
497390|Info:    ------------------------------------------------------
497390|Info:    ------------------------------------------------------
497390|Info:    |               Detecting HID devices                |
497390|Info:    ------------------------------------------------------
497812|Info:    [Gaming Mouse G900] Registering RGB controller
497890|Info:    [ASUS ROG CROSSHAIR VIII HERO] Registering RGB controller
497943|Info:    [Corsair LS100 Lighting Kit] Registering RGB controller
498047|Info:    [Corsair Commander Core] Registering RGB controller
498047|Info:    ------------------------------------------------------
498047|Info:    |              Detecting other devices               |
498047|Info:    ------------------------------------------------------
498048|Info:    ------------------------------------------------------
498048|Info:    |                Detection completed                 |
498048|Info:    ------------------------------------------------------
