    OpenRGB v0.8
    Commit:  from 
    Launched: 20221207_123951
====================================================================================================

7     |Info:    Found file: Default.orp attempting to validate header
7     |Info:    Valid v3 profile found for Default
1008  |Info:    ------------------------------------------------------
1009  |Info:    |               Start device detection               |
1009  |Info:    ------------------------------------------------------
1009  |Info:    Initializing HID interfaces: Success
1012  |Info:    ------------------------------------------------------
1012  |Info:    |             Detecting I2C interfaces               |
1012  |Info:    ------------------------------------------------------
1012  |Info:    Registering I2C interface: /dev/i2c-3 Device 10DE:2206 Subsystem: 10DE:1467
1012  |Info:    Registering I2C interface: /dev/i2c-1 Device 1022:790B Subsystem: 1043:87C0
1012  |Info:    Registering I2C interface: /dev/i2c-6 Device 10DE:2206 Subsystem: 10DE:1467
1012  |Info:    Registering I2C interface: /dev/i2c-4 Device 10DE:2206 Subsystem: 10DE:1467
1012  |Info:    Registering I2C interface: /dev/i2c-2 Device 1022:790B Subsystem: 1043:87C0
1012  |Info:    Registering I2C interface: /dev/i2c-0 Device 1022:790B Subsystem: 1043:87C0
1012  |Info:    Registering I2C interface: /dev/i2c-7 Device 10DE:2206 Subsystem: 10DE:1467
1013  |Info:    Registering I2C interface: /dev/i2c-5 Device 10DE:2206 Subsystem: 10DE:1467
1013  |Info:    ------------------------------------------------------
1013  |Info:    |               Detecting I2C devices                |
1013  |Info:    ------------------------------------------------------
1695  |Info:    [Corsair Dominator Platinum RGB] Registering RGB controller
1707  |Info:    [Corsair Dominator Platinum RGB] Registering RGB controller
1718  |Info:    [Corsair Dominator Platinum RGB] Registering RGB controller
1729  |Info:    [Corsair Dominator Platinum RGB] Registering RGB controller
1781  |Info:    ------------------------------------------------------
1781  |Info:    |               Detecting I2C PCI devices            |
1781  |Info:    ------------------------------------------------------
1781  |Info:    ------------------------------------------------------
1781  |Info:    |               Detecting HID devices                |
1781  |Info:    ------------------------------------------------------
2204  |Info:    [Gaming Mouse G900] Registering RGB controller
2279  |Info:    [ASUS ROG CROSSHAIR VIII HERO] Registering RGB controller
2333  |Info:    [Corsair LS100 Lighting Kit] Registering RGB controller
2435  |Info:    [Corsair Commander Core] Registering RGB controller
2436  |Info:    ------------------------------------------------------
2436  |Info:    |              Detecting other devices               |
2436  |Info:    ------------------------------------------------------
2445  |Info:    ------------------------------------------------------
2445  |Info:    |                Detection completed                 |
2445  |Info:    ------------------------------------------------------
2445  |Info:    Profile loading: Succeeded for Corsair Dominator Platinum RGB @ I2C: /dev/i2c-0, address 0x58
2445  |Info:    Profile loading: Succeeded for Corsair Dominator Platinum RGB @ I2C: /dev/i2c-0, address 0x59
2445  |Info:    Profile loading: Succeeded for Corsair Dominator Platinum RGB @ I2C: /dev/i2c-0, address 0x5A
2445  |Info:    Profile loading: Succeeded for Corsair Dominator Platinum RGB @ I2C: /dev/i2c-0, address 0x5B
2445  |Info:    Profile loading: Succeeded for Gaming Mouse G900 @ HID: /dev/hidraw9 (Receiver) 
Wireless Index: 255
2445  |Info:    Profile loading: Succeeded for ASUS ROG CROSSHAIR VIII HERO @ HID: /dev/hidraw8
2445  |Info:    Profile loading: Succeeded for Corsair LS100 Lighting Kit @ HID: /dev/hidraw11
2445  |Info:    Profile loading: FAILED! for Corsair Commander Core @ HID: /dev/hidraw4
