    OpenRGB v0.8
    Commit: fb88964b8e514cdf4eb22da314e13f8db06a3636 from 2022-11-27 21:44:33 -0600
    Launched: 20221207_225548
====================================================================================================

0     |Info:    Found file: Default.orp attempting to validate header
0     |Info:    Valid v3 profile found for Default
1001  |Info:    ------------------------------------------------------
1001  |Info:    |               Start device detection               |
1001  |Info:    ------------------------------------------------------
1001  |Info:    Initializing HID interfaces: Success
1006  |Info:    ------------------------------------------------------
1006  |Info:    |             Detecting I2C interfaces               |
1006  |Info:    ------------------------------------------------------
1006  |Info:    Registering I2C interface: /dev/i2c-3 Device 10DE:2206 Subsystem: 10DE:1467
1006  |Info:    Registering I2C interface: /dev/i2c-1 Device 1022:790B Subsystem: 1043:87C0
1006  |Info:    Registering I2C interface: /dev/i2c-6 Device 10DE:2206 Subsystem: 10DE:1467
1006  |Info:    Registering I2C interface: /dev/i2c-4 Device 10DE:2206 Subsystem: 10DE:1467
1006  |Info:    Registering I2C interface: /dev/i2c-2 Device 1022:790B Subsystem: 1043:87C0
1006  |Info:    Registering I2C interface: /dev/i2c-0 Device 1022:790B Subsystem: 1043:87C0
1006  |Info:    Registering I2C interface: /dev/i2c-7 Device 10DE:2206 Subsystem: 10DE:1467
1006  |Info:    Registering I2C interface: /dev/i2c-5 Device 10DE:2206 Subsystem: 10DE:1467
1006  |Info:    ------------------------------------------------------
1006  |Info:    |               Detecting I2C devices                |
1006  |Info:    ------------------------------------------------------
1173  |Info:    [Corsair Dominator Platinum RGB] Registering RGB controller
1185  |Info:    [Corsair Dominator Platinum RGB] Registering RGB controller
1196  |Info:    [Corsair Dominator Platinum RGB] Registering RGB controller
1207  |Info:    [Corsair Dominator Platinum RGB] Registering RGB controller
1773  |Info:    ------------------------------------------------------
1773  |Info:    |               Detecting I2C PCI devices            |
1773  |Info:    ------------------------------------------------------
1774  |Info:    ------------------------------------------------------
1774  |Info:    |               Detecting HID devices                |
1774  |Info:    ------------------------------------------------------
2197  |Info:    [Gaming Mouse G900] Registering RGB controller
2619  |Info:    [Gaming Mouse G900] Registering RGB controller
3041  |Info:    [Gaming Mouse G900] Registering RGB controller
3463  |Info:    [Gaming Mouse G900] Registering RGB controller
3885  |Info:    [Gaming Mouse G900] Registering RGB controller
3961  |Info:    [ASUS ROG CROSSHAIR VIII HERO] Registering RGB controller
4015  |Info:    [Corsair LS100 Lighting Kit] Registering RGB controller
4118  |Info:    [Corsair Commander Core] Registering RGB controller
4118  |Info:    ------------------------------------------------------
4118  |Info:    |              Detecting other devices               |
4118  |Info:    ------------------------------------------------------
4128  |Info:    ------------------------------------------------------
4128  |Info:    |                Detection completed                 |
4128  |Info:    ------------------------------------------------------
4128  |Info:    Profile loading: FAILED! for Corsair Dominator Platinum RGB @ I2C: /dev/i2c-0, address 0x58
4128  |Info:    Profile loading: FAILED! for Corsair Dominator Platinum RGB @ I2C: /dev/i2c-0, address 0x59
4128  |Info:    Profile loading: FAILED! for Corsair Dominator Platinum RGB @ I2C: /dev/i2c-0, address 0x5A
4128  |Info:    Profile loading: FAILED! for Corsair Dominator Platinum RGB @ I2C: /dev/i2c-0, address 0x5B
4128  |Info:    Profile loading: FAILED! for Gaming Mouse G900 @ HID: /dev/hidraw12 (Receiver) 
Wireless Index: 255
4128  |Info:    Profile loading: FAILED! for Gaming Mouse G900 @ HID: /dev/hidraw12 (Receiver) 
Wireless Index: 255
4128  |Info:    Profile loading: FAILED! for Gaming Mouse G900 @ HID: /dev/hidraw12 (Receiver) 
Wireless Index: 255
4128  |Info:    Profile loading: FAILED! for Gaming Mouse G900 @ HID: /dev/hidraw12 (Receiver) 
Wireless Index: 255
4128  |Info:    Profile loading: FAILED! for Gaming Mouse G900 @ HID: /dev/hidraw12 (Receiver) 
Wireless Index: 255
4128  |Info:    Profile loading: FAILED! for ASUS ROG CROSSHAIR VIII HERO @ HID: /dev/hidraw7
4128  |Info:    Profile loading: FAILED! for Corsair LS100 Lighting Kit @ HID: /dev/hidraw2
4128  |Info:    Profile loading: FAILED! for Corsair Commander Core @ HID: /dev/hidraw4
252220|Info:    ------------------------------------------------------
252220|Info:    |               Start device detection               |
252220|Info:    ------------------------------------------------------
252220|Info:    Initializing HID interfaces: Success
252223|Info:    ------------------------------------------------------
252223|Info:    |             Detecting I2C interfaces               |
252223|Info:    ------------------------------------------------------
252223|Info:    Registering I2C interface: /dev/i2c-3 Device 10DE:2206 Subsystem: 10DE:1467
252223|Info:    Registering I2C interface: /dev/i2c-1 Device 1022:790B Subsystem: 1043:87C0
252223|Info:    Registering I2C interface: /dev/i2c-6 Device 10DE:2206 Subsystem: 10DE:1467
252223|Info:    Registering I2C interface: /dev/i2c-4 Device 10DE:2206 Subsystem: 10DE:1467
252224|Info:    Registering I2C interface: /dev/i2c-2 Device 1022:790B Subsystem: 1043:87C0
252224|Info:    Registering I2C interface: /dev/i2c-0 Device 1022:790B Subsystem: 1043:87C0
252224|Info:    Registering I2C interface: /dev/i2c-7 Device 10DE:2206 Subsystem: 10DE:1467
252224|Info:    Registering I2C interface: /dev/i2c-5 Device 10DE:2206 Subsystem: 10DE:1467
252224|Info:    ------------------------------------------------------
252224|Info:    |               Detecting I2C devices                |
252224|Info:    ------------------------------------------------------
252390|Info:    [Corsair Dominator Platinum RGB] Registering RGB controller
252401|Info:    [Corsair Dominator Platinum RGB] Registering RGB controller
252413|Info:    [Corsair Dominator Platinum RGB] Registering RGB controller
252424|Info:    [Corsair Dominator Platinum RGB] Registering RGB controller
252986|Info:    ------------------------------------------------------
252986|Info:    |               Detecting I2C PCI devices            |
252986|Info:    ------------------------------------------------------
252987|Info:    ------------------------------------------------------
252987|Info:    |               Detecting HID devices                |
252987|Info:    ------------------------------------------------------
253410|Info:    [Gaming Mouse G900] Registering RGB controller
253832|Info:    [Gaming Mouse G900] Registering RGB controller
254254|Info:    [Gaming Mouse G900] Registering RGB controller
254676|Info:    [Gaming Mouse G900] Registering RGB controller
255098|Info:    [Gaming Mouse G900] Registering RGB controller
255175|Info:    [ASUS ROG CROSSHAIR VIII HERO] Registering RGB controller
255229|Info:    [Corsair LS100 Lighting Kit] Registering RGB controller
255331|Info:    [Corsair Commander Core] Registering RGB controller
255331|Info:    ------------------------------------------------------
255331|Info:    |              Detecting other devices               |
255331|Info:    ------------------------------------------------------
255332|Info:    ------------------------------------------------------
255332|Info:    |                Detection completed                 |
255332|Info:    ------------------------------------------------------
