    OpenRGB v0.7
    Commit:  from 
    Launched: 20220623_232951
====================================================================================================

0     |Info:    Found file: Default.orp attempting to validate header
0     |Info:    Valid v3 profile found for Default
1001  |Info:    ------------------------------------------------------
1001  |Info:    |               Start device detection               |
1001  |Info:    ------------------------------------------------------
1001  |Info:    Initializing HID interfaces: Success
1004  |Info:    ------------------------------------------------------
1004  |Info:    |             Detecting I2C interfaces               |
1004  |Info:    ------------------------------------------------------
1005  |Info:    Registering I2C interface: /dev/i2c-3 Device 10DE:2206 Subsystem: 10DE:1467
1005  |Info:    Registering I2C interface: /dev/i2c-1 Device 1022:790B Subsystem: 1043:87C0
1005  |Info:    Registering I2C interface: /dev/i2c-6 Device 10DE:2206 Subsystem: 10DE:1467
1005  |Info:    Registering I2C interface: /dev/i2c-4 Device 10DE:2206 Subsystem: 10DE:1467
1005  |Info:    Registering I2C interface: /dev/i2c-2 Device 1022:790B Subsystem: 1043:87C0
1005  |Info:    Registering I2C interface: /dev/i2c-0 Device 1022:790B Subsystem: 1043:87C0
1005  |Info:    Registering I2C interface: /dev/i2c-7 Device 10DE:2206 Subsystem: 10DE:1467
1005  |Info:    Registering I2C interface: /dev/i2c-5 Device 10DE:2206 Subsystem: 10DE:1467
1005  |Info:    ------------------------------------------------------
1005  |Info:    |               Detecting I2C devices                |
1005  |Info:    ------------------------------------------------------
1694  |Info:    [Corsair Dominator Platinum RGB] Registering RGB controller
1706  |Info:    [Corsair Dominator Platinum RGB] Registering RGB controller
1717  |Info:    [Corsair Dominator Platinum RGB] Registering RGB controller
1733  |Info:    [Corsair Dominator Platinum RGB] Registering RGB controller
1785  |Info:    ------------------------------------------------------
1785  |Info:    |               Detecting HID devices                |
1785  |Info:    ------------------------------------------------------
2207  |Info:    [Gaming Mouse G900] Registering RGB controller
2561  |Info:    Unable add this Logitech device: Not Connected
2915  |Info:    Unable add this Logitech device: Not Connected
3269  |Info:    Unable add this Logitech device: Not Connected
3623  |Info:    Unable add this Logitech device: Not Connected
3977  |Info:    Unable add this Logitech device: Not Connected
4331  |Info:    Unable add this Logitech device: Not Connected
4685  |Info:    Unable add this Logitech device: Not Connected
5039  |Info:    Unable add this Logitech device: Not Connected
5393  |Info:    Unable add this Logitech device: Not Connected
5747  |Info:    Unable add this Logitech device: Not Connected
5822  |Info:    [ASUS ROG CROSSHAIR VIII HERO] Registering RGB controller
5876  |Info:    [Corsair LS100 Lighting Kit] Registering RGB controller
5981  |Info:    [Corsair Commander Core] Registering RGB controller
5981  |Info:    ------------------------------------------------------
5981  |Info:    |              Detecting other devices               |
5981  |Info:    ------------------------------------------------------
5987  |Info:    ------------------------------------------------------
5987  |Info:    |                Detection completed                 |
5987  |Info:    ------------------------------------------------------
5987  |Info:    Profile loading: Succeeded for Corsair Dominator Platinum RGB @ I2C: /dev/i2c-0, address 0x58
5987  |Info:    Profile loading: Succeeded for Corsair Dominator Platinum RGB @ I2C: /dev/i2c-0, address 0x59
5987  |Info:    Profile loading: Succeeded for Corsair Dominator Platinum RGB @ I2C: /dev/i2c-0, address 0x5A
5987  |Info:    Profile loading: Succeeded for Corsair Dominator Platinum RGB @ I2C: /dev/i2c-0, address 0x5B
5987  |Info:    Profile loading: Succeeded for Gaming Mouse G900 @ HID: /dev/hidraw1 (Receiver) 
Wireless Index: 255
5987  |Info:    Profile loading: Succeeded for ASUS ROG CROSSHAIR VIII HERO @ HID: /dev/hidraw5
5987  |Info:    Profile loading: Succeeded for Corsair LS100 Lighting Kit @ HID: /dev/hidraw10
5987  |Info:    Profile loading: Succeeded for Corsair Commander Core @ HID: /dev/hidraw2
7281  |Info:    Loading plugins
