    OpenRGB v0.7
    Commit:  from 
    Launched: 20220623_230922
====================================================================================================

0     |Info:    Found file: Default.orp attempting to validate header
0     |Info:    Valid v3 profile found for Default
1001  |Info:    ------------------------------------------------------
1001  |Info:    |               Start device detection               |
1001  |Info:    ------------------------------------------------------
1001  |Info:    Initializing HID interfaces: Success
1007  |Info:    ------------------------------------------------------
1007  |Info:    |             Detecting I2C interfaces               |
1007  |Info:    ------------------------------------------------------
1007  |Info:    Registering I2C interface: /dev/i2c-3 Device 10DE:2206 Subsystem: 10DE:1467
1007  |Info:    Registering I2C interface: /dev/i2c-1 Device 1022:790B Subsystem: 1043:87C0
1007  |Info:    Registering I2C interface: /dev/i2c-6 Device 10DE:2206 Subsystem: 10DE:1467
1007  |Info:    Registering I2C interface: /dev/i2c-4 Device 10DE:2206 Subsystem: 10DE:1467
1007  |Info:    Registering I2C interface: /dev/i2c-2 Device 1022:790B Subsystem: 1043:87C0
1007  |Info:    Registering I2C interface: /dev/i2c-0 Device 1022:790B Subsystem: 1043:87C0
1007  |Info:    Registering I2C interface: /dev/i2c-7 Device 10DE:2206 Subsystem: 10DE:1467
1007  |Info:    Registering I2C interface: /dev/i2c-5 Device 10DE:2206 Subsystem: 10DE:1467
1007  |Info:    ------------------------------------------------------
1007  |Info:    |               Detecting I2C devices                |
1007  |Info:    ------------------------------------------------------
1684  |Info:    [Corsair Dominator Platinum RGB] Registering RGB controller
1695  |Info:    [Corsair Dominator Platinum RGB] Registering RGB controller
1707  |Info:    [Corsair Dominator Platinum RGB] Registering RGB controller
1719  |Info:    [Corsair Dominator Platinum RGB] Registering RGB controller
1773  |Info:    ------------------------------------------------------
1773  |Info:    |               Detecting HID devices                |
1773  |Info:    ------------------------------------------------------
2195  |Info:    [Gaming Mouse G900] Registering RGB controller
2549  |Info:    Unable add this Logitech device: Not Connected
2903  |Info:    Unable add this Logitech device: Not Connected
3257  |Info:    Unable add this Logitech device: Not Connected
3611  |Info:    Unable add this Logitech device: Not Connected
3965  |Info:    Unable add this Logitech device: Not Connected
4319  |Info:    Unable add this Logitech device: Not Connected
4673  |Info:    Unable add this Logitech device: Not Connected
5027  |Info:    Unable add this Logitech device: Not Connected
5381  |Info:    Unable add this Logitech device: Not Connected
5735  |Info:    Unable add this Logitech device: Not Connected
5808  |Info:    [ASUS ROG CROSSHAIR VIII HERO] Registering RGB controller
5862  |Info:    [Corsair LS100 Lighting Kit] Registering RGB controller
5967  |Info:    [Corsair Commander Core] Registering RGB controller
5967  |Info:    ------------------------------------------------------
5967  |Info:    |              Detecting other devices               |
5967  |Info:    ------------------------------------------------------
5973  |Info:    ------------------------------------------------------
5973  |Info:    |                Detection completed                 |
5973  |Info:    ------------------------------------------------------
5973  |Info:    Profile loading: Succeeded for Corsair Dominator Platinum RGB @ I2C: /dev/i2c-0, address 0x58
5973  |Info:    Profile loading: Succeeded for Corsair Dominator Platinum RGB @ I2C: /dev/i2c-0, address 0x59
5973  |Info:    Profile loading: Succeeded for Corsair Dominator Platinum RGB @ I2C: /dev/i2c-0, address 0x5A
5973  |Info:    Profile loading: Succeeded for Corsair Dominator Platinum RGB @ I2C: /dev/i2c-0, address 0x5B
5973  |Info:    Profile loading: Succeeded for Gaming Mouse G900 @ HID: /dev/hidraw1 (Receiver) 
Wireless Index: 255
5973  |Info:    Profile loading: Succeeded for ASUS ROG CROSSHAIR VIII HERO @ HID: /dev/hidraw7
5973  |Info:    Profile loading: Succeeded for Corsair LS100 Lighting Kit @ HID: /dev/hidraw10
5973  |Info:    Profile loading: Succeeded for Corsair Commander Core @ HID: /dev/hidraw2
7277  |Info:    Loading plugins
