    OpenRGB v0.7
    Commit:  from 
    Launched: 20220623_225537
====================================================================================================

0     |Info:    Found file: Default.orp attempting to validate header
0     |Info:    Valid v3 profile found for Default
1001  |Info:    ------------------------------------------------------
1001  |Info:    |               Start device detection               |
1001  |Info:    ------------------------------------------------------
1001  |Info:    Initializing HID interfaces: Success
1005  |Info:    ------------------------------------------------------
1005  |Info:    |             Detecting I2C interfaces               |
1005  |Info:    ------------------------------------------------------
1005  |Info:    Registering I2C interface: /dev/i2c-3 Device 10DE:2206 Subsystem: 10DE:1467
1005  |Info:    Registering I2C interface: /dev/i2c-1 Device 1022:790B Subsystem: 1043:87C0
1005  |Info:    Registering I2C interface: /dev/i2c-6 Device 10DE:2206 Subsystem: 10DE:1467
1005  |Info:    Registering I2C interface: /dev/i2c-4 Device 10DE:2206 Subsystem: 10DE:1467
1005  |Info:    Registering I2C interface: /dev/i2c-2 Device 1022:790B Subsystem: 1043:87C0
1005  |Info:    Registering I2C interface: /dev/i2c-0 Device 1022:790B Subsystem: 1043:87C0
1005  |Info:    Registering I2C interface: /dev/i2c-7 Device 10DE:2206 Subsystem: 10DE:1467
1006  |Info:    Registering I2C interface: /dev/i2c-5 Device 10DE:2206 Subsystem: 10DE:1467
1006  |Info:    ------------------------------------------------------
1006  |Info:    |               Detecting I2C devices                |
1006  |Info:    ------------------------------------------------------
1687  |Info:    [Corsair Dominator Platinum RGB] Registering RGB controller
1698  |Info:    [Corsair Dominator Platinum RGB] Registering RGB controller
1714  |Info:    [Corsair Dominator Platinum RGB] Registering RGB controller
1728  |Info:    [Corsair Dominator Platinum RGB] Registering RGB controller
1782  |Info:    ------------------------------------------------------
1782  |Info:    |               Detecting HID devices                |
1782  |Info:    ------------------------------------------------------
2204  |Info:    [Gaming Mouse G900] Registering RGB controller
2558  |Info:    Unable add this Logitech device: Not Connected
2912  |Info:    Unable add this Logitech device: Not Connected
3266  |Info:    Unable add this Logitech device: Not Connected
3620  |Info:    Unable add this Logitech device: Not Connected
3974  |Info:    Unable add this Logitech device: Not Connected
4328  |Info:    Unable add this Logitech device: Not Connected
4682  |Info:    Unable add this Logitech device: Not Connected
5036  |Info:    Unable add this Logitech device: Not Connected
5390  |Info:    Unable add this Logitech device: Not Connected
5744  |Info:    Unable add this Logitech device: Not Connected
5818  |Info:    [ASUS ROG CROSSHAIR VIII HERO] Registering RGB controller
5873  |Info:    [Corsair LS100 Lighting Kit] Registering RGB controller
6017  |Info:    [Corsair Commander Core] Registering RGB controller
6017  |Info:    ------------------------------------------------------
6017  |Info:    |              Detecting other devices               |
6017  |Info:    ------------------------------------------------------
6027  |Info:    ------------------------------------------------------
6027  |Info:    |                Detection completed                 |
6027  |Info:    ------------------------------------------------------
6027  |Info:    Profile loading: Succeeded for Corsair Dominator Platinum RGB @ I2C: /dev/i2c-0, address 0x58
6027  |Info:    Profile loading: Succeeded for Corsair Dominator Platinum RGB @ I2C: /dev/i2c-0, address 0x59
6027  |Info:    Profile loading: Succeeded for Corsair Dominator Platinum RGB @ I2C: /dev/i2c-0, address 0x5A
6027  |Info:    Profile loading: Succeeded for Corsair Dominator Platinum RGB @ I2C: /dev/i2c-0, address 0x5B
6027  |Info:    Profile loading: Succeeded for Gaming Mouse G900 @ HID: /dev/hidraw1 (Receiver) 
Wireless Index: 255
6027  |Info:    Profile loading: Succeeded for ASUS ROG CROSSHAIR VIII HERO @ HID: /dev/hidraw11
6027  |Info:    Profile loading: Succeeded for Corsair LS100 Lighting Kit @ HID: /dev/hidraw10
6027  |Info:    Profile loading: Succeeded for Corsair Commander Core @ HID: /dev/hidraw2
7331  |Info:    Loading plugins
