    OpenRGB v0.71
    Commit: e4bb5788019bd84470d277b6513862eab79aa428 from 2022-05-25 00:04:28 -0500
    Launched: 20220603_214709
====================================================================================================

0     |Info:    Found file: Default.orp attempting to validate header
0     |Info:    Valid v3 profile found for Default
1001  |Info:    ------------------------------------------------------
1001  |Info:    |               Start device detection               |
1001  |Info:    ------------------------------------------------------
1001  |Info:    Initializing HID interfaces: Success
1006  |Info:    ------------------------------------------------------
1006  |Info:    |             Detecting I2C interfaces               |
1006  |Info:    ------------------------------------------------------
1006  |Info:    Registering I2C interface: /dev/i2c-3 Device 10DE:2206 Subsystem: 10DE:1467
1006  |Info:    Registering I2C interface: /dev/i2c-1 Device 1022:790B Subsystem: 1043:87C0
1006  |Info:    Registering I2C interface: /dev/i2c-6 Device 10DE:2206 Subsystem: 10DE:1467
1006  |Info:    Registering I2C interface: /dev/i2c-4 Device 10DE:2206 Subsystem: 10DE:1467
1006  |Info:    Registering I2C interface: /dev/i2c-2 Device 1022:790B Subsystem: 1043:87C0
1006  |Info:    Registering I2C interface: /dev/i2c-0 Device 1022:790B Subsystem: 1043:87C0
1006  |Info:    Registering I2C interface: /dev/i2c-7 Device 10DE:2206 Subsystem: 10DE:1467
1006  |Info:    Registering I2C interface: /dev/i2c-5 Device 10DE:2206 Subsystem: 10DE:1467
1006  |Info:    ------------------------------------------------------
1006  |Info:    |               Detecting I2C devices                |
1006  |Info:    ------------------------------------------------------
1065  |Info:    Loading plugins
1656  |Info:    [Corsair Dominator Platinum RGB] Registering RGB controller
1667  |Info:    [Corsair Dominator Platinum RGB] Registering RGB controller
1679  |Info:    [Corsair Dominator Platinum RGB] Registering RGB controller
1690  |Info:    [Corsair Dominator Platinum RGB] Registering RGB controller
1741  |Info:    ------------------------------------------------------
1741  |Info:    |               Detecting I2C PCI devices            |
1741  |Info:    ------------------------------------------------------
1742  |Info:    ------------------------------------------------------
1742  |Info:    |               Detecting HID devices                |
1742  |Info:    ------------------------------------------------------
2166  |Info:    [Gaming Mouse G900] Registering RGB controller
2242  |Info:    [ASUS ROG CROSSHAIR VIII HERO] Registering RGB controller
2297  |Info:    [Corsair LS100 Lighting Kit] Registering RGB controller
2400  |Info:    [Corsair Commander Core] Registering RGB controller
2400  |Info:    ------------------------------------------------------
2400  |Info:    |              Detecting other devices               |
2400  |Info:    ------------------------------------------------------
2408  |Info:    ------------------------------------------------------
2408  |Info:    |                Detection completed                 |
2408  |Info:    ------------------------------------------------------
