    OpenRGB v0.71
    Commit: e4bb5788019bd84470d277b6513862eab79aa428 from 2022-05-25 00:04:28 -0500
    Launched: 20220529_151613
====================================================================================================

1     |Info:    Found file: Default.orp attempting to validate header
1     |Info:    Valid v3 profile found for Default
1002  |Info:    ------------------------------------------------------
1002  |Info:    |               Start device detection               |
1002  |Info:    ------------------------------------------------------
1002  |Info:    Initializing HID interfaces: Success
1005  |Info:    ------------------------------------------------------
1005  |Info:    |             Detecting I2C interfaces               |
1005  |Info:    ------------------------------------------------------
1005  |Info:    Registering I2C interface: /dev/i2c-3 Device 10DE:2206 Subsystem: 10DE:1467
1005  |Info:    Registering I2C interface: /dev/i2c-1 Device 1022:790B Subsystem: 1043:87C0
1005  |Info:    Registering I2C interface: /dev/i2c-6 Device 10DE:2206 Subsystem: 10DE:1467
1005  |Info:    Registering I2C interface: /dev/i2c-4 Device 10DE:2206 Subsystem: 10DE:1467
1005  |Info:    Registering I2C interface: /dev/i2c-2 Device 1022:790B Subsystem: 1043:87C0
1005  |Info:    Registering I2C interface: /dev/i2c-0 Device 1022:790B Subsystem: 1043:87C0
1005  |Info:    Registering I2C interface: /dev/i2c-7 Device 10DE:2206 Subsystem: 10DE:1467
1005  |Info:    Registering I2C interface: /dev/i2c-5 Device 10DE:2206 Subsystem: 10DE:1467
1005  |Info:    ------------------------------------------------------
1005  |Info:    |               Detecting I2C devices                |
1005  |Info:    ------------------------------------------------------
1656  |Info:    [Corsair Dominator Platinum RGB] Registering RGB controller
1667  |Info:    [Corsair Dominator Platinum RGB] Registering RGB controller
1679  |Info:    [Corsair Dominator Platinum RGB] Registering RGB controller
1691  |Info:    [Corsair Dominator Platinum RGB] Registering RGB controller
1746  |Info:    ------------------------------------------------------
1746  |Info:    |               Detecting I2C PCI devices            |
1746  |Info:    ------------------------------------------------------
1746  |Info:    ------------------------------------------------------
1746  |Info:    |               Detecting HID devices                |
1746  |Info:    ------------------------------------------------------
2168  |Info:    [Gaming Mouse G900] Registering RGB controller
2246  |Info:    [ASUS ROG CROSSHAIR VIII HERO] Registering RGB controller
2300  |Info:    [Corsair LS100 Lighting Kit] Registering RGB controller
2403  |Info:    [Corsair Commander Core] Registering RGB controller
2403  |Info:    ------------------------------------------------------
2403  |Info:    |              Detecting other devices               |
2403  |Info:    ------------------------------------------------------
2408  |Info:    ------------------------------------------------------
2408  |Info:    |                Detection completed                 |
2408  |Info:    ------------------------------------------------------
2408  |Info:    Profile loading: Succeeded for Corsair Dominator Platinum RGB @ I2C: /dev/i2c-0, address 0x58
2408  |Info:    Profile loading: Succeeded for Corsair Dominator Platinum RGB @ I2C: /dev/i2c-0, address 0x59
2408  |Info:    Profile loading: Succeeded for Corsair Dominator Platinum RGB @ I2C: /dev/i2c-0, address 0x5A
2408  |Info:    Profile loading: Succeeded for Corsair Dominator Platinum RGB @ I2C: /dev/i2c-0, address 0x5B
2408  |Info:    Profile loading: Succeeded for Gaming Mouse G900 @ HID: /dev/hidraw9 (Receiver) 
Wireless Index: 255
2408  |Info:    Profile loading: Succeeded for ASUS ROG CROSSHAIR VIII HERO @ HID: /dev/hidraw1
2408  |Info:    Profile loading: Succeeded for Corsair LS100 Lighting Kit @ HID: /dev/hidraw10
2408  |Info:    Profile loading: Succeeded for Corsair Commander Core @ HID: /dev/hidraw2
3722  |Info:    Loading plugins
