    OpenRGB v0.7
    Commit:  from 
    Launched: 20221115_133945
====================================================================================================

1     |Info:    Found file: Default.orp attempting to validate header
2     |Info:    Valid v3 profile found for Default
1003  |Info:    ------------------------------------------------------
1004  |Info:    |               Start device detection               |
1004  |Info:    ------------------------------------------------------
1004  |Info:    Initializing HID interfaces: Success
1007  |Info:    ------------------------------------------------------
1007  |Info:    |             Detecting I2C interfaces               |
1007  |Info:    ------------------------------------------------------
1007  |Info:    Registering I2C interface: /dev/i2c-3 Device 10DE:2206 Subsystem: 10DE:1467
1007  |Info:    Registering I2C interface: /dev/i2c-1 Device 1022:790B Subsystem: 1043:87C0
1008  |Info:    Registering I2C interface: /dev/i2c-6 Device 10DE:2206 Subsystem: 10DE:1467
1008  |Info:    Registering I2C interface: /dev/i2c-4 Device 10DE:2206 Subsystem: 10DE:1467
1008  |Info:    Registering I2C interface: /dev/i2c-2 Device 1022:790B Subsystem: 1043:87C0
1008  |Info:    Registering I2C interface: /dev/i2c-0 Device 1022:790B Subsystem: 1043:87C0
1008  |Info:    Registering I2C interface: /dev/i2c-7 Device 10DE:2206 Subsystem: 10DE:1467
1008  |Info:    Registering I2C interface: /dev/i2c-5 Device 10DE:2206 Subsystem: 10DE:1467
1008  |Info:    ------------------------------------------------------
1008  |Info:    |               Detecting I2C devices                |
1008  |Info:    ------------------------------------------------------
1685  |Info:    [Corsair Dominator Platinum RGB] Registering RGB controller
1696  |Info:    [Corsair Dominator Platinum RGB] Registering RGB controller
1708  |Info:    [Corsair Dominator Platinum RGB] Registering RGB controller
1719  |Info:    [Corsair Dominator Platinum RGB] Registering RGB controller
1770  |Info:    ------------------------------------------------------
1770  |Info:    |               Detecting HID devices                |
1770  |Info:    ------------------------------------------------------
2193  |Info:    [Gaming Mouse G900] Registering RGB controller
2268  |Info:    [ASUS ROG CROSSHAIR VIII HERO] Registering RGB controller
2322  |Info:    [Corsair LS100 Lighting Kit] Registering RGB controller
2473  |Info:    [Corsair Commander Core] Registering RGB controller
2828  |Info:    Unable add this Logitech device: Not Connected
3182  |Info:    Unable add this Logitech device: Not Connected
3536  |Info:    Unable add this Logitech device: Not Connected
3890  |Info:    Unable add this Logitech device: Not Connected
4244  |Info:    Unable add this Logitech device: Not Connected
4598  |Info:    Unable add this Logitech device: Not Connected
4952  |Info:    Unable add this Logitech device: Not Connected
5306  |Info:    Unable add this Logitech device: Not Connected
5660  |Info:    Unable add this Logitech device: Not Connected
6014  |Info:    Unable add this Logitech device: Not Connected
6014  |Info:    ------------------------------------------------------
6014  |Info:    |              Detecting other devices               |
6014  |Info:    ------------------------------------------------------
6024  |Info:    ------------------------------------------------------
6024  |Info:    |                Detection completed                 |
6024  |Info:    ------------------------------------------------------
6025  |Info:    Profile loading: Succeeded for Corsair Dominator Platinum RGB @ I2C: /dev/i2c-0, address 0x58
6025  |Info:    Profile loading: Succeeded for Corsair Dominator Platinum RGB @ I2C: /dev/i2c-0, address 0x59
6025  |Info:    Profile loading: Succeeded for Corsair Dominator Platinum RGB @ I2C: /dev/i2c-0, address 0x5A
6025  |Info:    Profile loading: Succeeded for Corsair Dominator Platinum RGB @ I2C: /dev/i2c-0, address 0x5B
6025  |Info:    Profile loading: Succeeded for Gaming Mouse G900 @ HID: /dev/hidraw6 (Receiver) 
Wireless Index: 255
6025  |Info:    Profile loading: Succeeded for ASUS ROG CROSSHAIR VIII HERO @ HID: /dev/hidraw8
6025  |Info:    Profile loading: Succeeded for Corsair LS100 Lighting Kit @ HID: /dev/hidraw11
6025  |Info:    Profile loading: Succeeded for Corsair Commander Core @ HID: /dev/hidraw3
7322  |Info:    Loading plugins
