    OpenRGB v0.8
    Commit: fb88964b8e514cdf4eb22da314e13f8db06a3636 from 2022-11-27 21:44:33 -0600
    Launched: 20221207_154613
====================================================================================================

0     |Info:    Found file: Default.orp attempting to validate header
0     |Info:    Valid v3 profile found for Default
1002  |Info:    ------------------------------------------------------
1002  |Info:    |               Start device detection               |
1002  |Info:    ------------------------------------------------------
1002  |Info:    Initializing HID interfaces: Success
1005  |Info:    ------------------------------------------------------
1005  |Info:    |             Detecting I2C interfaces               |
1005  |Info:    ------------------------------------------------------
1006  |Info:    Registering I2C interface: /dev/i2c-3 Device 10DE:2206 Subsystem: 10DE:1467
1006  |Info:    Registering I2C interface: /dev/i2c-6 Device 10DE:2206 Subsystem: 10DE:1467
1006  |Info:    Registering I2C interface: /dev/i2c-2 Device 1022:790B Subsystem: 1043:87C0
1006  |Info:    Registering I2C interface: /dev/i2c-7 Device 10DE:2206 Subsystem: 10DE:1467
1006  |Info:    ------------------------------------------------------
1006  |Info:    |               Detecting I2C devices                |
1006  |Info:    ------------------------------------------------------
1204  |Info:    ------------------------------------------------------
1204  |Info:    |               Detecting I2C PCI devices            |
1204  |Info:    ------------------------------------------------------
1205  |Info:    ------------------------------------------------------
1205  |Info:    |               Detecting HID devices                |
1205  |Info:    ------------------------------------------------------
1627  |Info:    [Gaming Mouse G900] Registering RGB controller
2050  |Info:    [Gaming Mouse G900] Registering RGB controller
2472  |Info:    [Gaming Mouse G900] Registering RGB controller
2894  |Info:    [Gaming Mouse G900] Registering RGB controller
3316  |Info:    [Gaming Mouse G900] Registering RGB controller
3394  |Info:    [ASUS ROG CROSSHAIR VIII HERO] Registering RGB controller
3448  |Info:    [Corsair LS100 Lighting Kit] Registering RGB controller
3583  |Info:    [Corsair Commander Core] Registering RGB controller
3584  |Info:    ------------------------------------------------------
3584  |Info:    |              Detecting other devices               |
3584  |Info:    ------------------------------------------------------
3591  |Info:    ------------------------------------------------------
3591  |Info:    |                Detection completed                 |
3591  |Info:    ------------------------------------------------------
3591  |Dialog:  <h2>WARNING:</h2><p>One or more I2C/SMBus interfaces failed to initialize.</p><p>RGB DRAM modules and some motherboards' onboard RGB lighting will not be available without I2C/SMBus.</p><p>On Linux, this is usually because the i2c-dev module is not loaded.  You must load the i2c-dev module along with the correct i2c driver for your motherboard.  This is usually i2c-piix4 for AMD systems and i2c-i801 for Intel systems.</p><p>See <a href='https://help.openrgb.org/'>help.openrgb.org</a> for additional troubleshooting steps if you keep seeing this message.<br></p>
3591  |Info:    Profile loading: FAILED! for Gaming Mouse G900 @ HID: /dev/hidraw6 (Receiver) 
Wireless Index: 255
3591  |Info:    Profile loading: FAILED! for Gaming Mouse G900 @ HID: /dev/hidraw6 (Receiver) 
Wireless Index: 255
3591  |Info:    Profile loading: FAILED! for Gaming Mouse G900 @ HID: /dev/hidraw6 (Receiver) 
Wireless Index: 255
3591  |Info:    Profile loading: FAILED! for Gaming Mouse G900 @ HID: /dev/hidraw6 (Receiver) 
Wireless Index: 255
3591  |Info:    Profile loading: FAILED! for Gaming Mouse G900 @ HID: /dev/hidraw6 (Receiver) 
Wireless Index: 255
3591  |Info:    Profile loading: FAILED! for ASUS ROG CROSSHAIR VIII HERO @ HID: /dev/hidraw8
3591  |Info:    Profile loading: FAILED! for Corsair LS100 Lighting Kit @ HID: /dev/hidraw10
3591  |Info:    Profile loading: FAILED! for Corsair Commander Core @ HID: /dev/hidraw3
1260030|Info:    Profile loading: Succeeded for Gaming Mouse G900 @ HID: /dev/hidraw6 (Receiver) 
Wireless Index: 255
1260030|Info:    Profile loading: FAILED! for Gaming Mouse G900 @ HID: /dev/hidraw6 (Receiver) 
Wireless Index: 255
1260030|Info:    Profile loading: FAILED! for Gaming Mouse G900 @ HID: /dev/hidraw6 (Receiver) 
Wireless Index: 255
1260030|Info:    Profile loading: FAILED! for Gaming Mouse G900 @ HID: /dev/hidraw6 (Receiver) 
Wireless Index: 255
1260030|Info:    Profile loading: FAILED! for Gaming Mouse G900 @ HID: /dev/hidraw6 (Receiver) 
Wireless Index: 255
1260030|Info:    Profile loading: Succeeded for ASUS ROG CROSSHAIR VIII HERO @ HID: /dev/hidraw8
1260030|Info:    Profile loading: Succeeded for Corsair LS100 Lighting Kit @ HID: /dev/hidraw10
1260030|Info:    Profile loading: Succeeded for Corsair Commander Core @ HID: /dev/hidraw3
1265333|Info:    Profile loading: Succeeded for Gaming Mouse G900 @ HID: /dev/hidraw6 (Receiver) 
Wireless Index: 255
1265333|Info:    Profile loading: FAILED! for Gaming Mouse G900 @ HID: /dev/hidraw6 (Receiver) 
Wireless Index: 255
1265333|Info:    Profile loading: FAILED! for Gaming Mouse G900 @ HID: /dev/hidraw6 (Receiver) 
Wireless Index: 255
1265333|Info:    Profile loading: FAILED! for Gaming Mouse G900 @ HID: /dev/hidraw6 (Receiver) 
Wireless Index: 255
1265333|Info:    Profile loading: FAILED! for Gaming Mouse G900 @ HID: /dev/hidraw6 (Receiver) 
Wireless Index: 255
1265333|Info:    Profile loading: Succeeded for ASUS ROG CROSSHAIR VIII HERO @ HID: /dev/hidraw8
1265333|Info:    Profile loading: Succeeded for Corsair LS100 Lighting Kit @ HID: /dev/hidraw10
1265333|Info:    Profile loading: Succeeded for Corsair Commander Core @ HID: /dev/hidraw3
