    OpenRGB v0.7
    Commit:  from 
    Launched: 20220623_225625
====================================================================================================

0     |Info:    Found file: Default.orp attempting to validate header
0     |Info:    Valid v3 profile found for Default
1001  |Info:    ------------------------------------------------------
1001  |Info:    |               Start device detection               |
1001  |Info:    ------------------------------------------------------
1001  |Info:    Initializing HID interfaces: Success
1004  |Info:    ------------------------------------------------------
1004  |Info:    |             Detecting I2C interfaces               |
1004  |Info:    ------------------------------------------------------
1004  |Info:    Registering I2C interface: /dev/i2c-3 Device 10DE:2206 Subsystem: 10DE:1467
1004  |Info:    Registering I2C interface: /dev/i2c-1 Device 1022:790B Subsystem: 1043:87C0
1005  |Info:    Registering I2C interface: /dev/i2c-6 Device 10DE:2206 Subsystem: 10DE:1467
1005  |Info:    Registering I2C interface: /dev/i2c-4 Device 10DE:2206 Subsystem: 10DE:1467
1005  |Info:    Registering I2C interface: /dev/i2c-2 Device 1022:790B Subsystem: 1043:87C0
1005  |Info:    Registering I2C interface: /dev/i2c-0 Device 1022:790B Subsystem: 1043:87C0
1005  |Info:    Registering I2C interface: /dev/i2c-7 Device 10DE:2206 Subsystem: 10DE:1467
1005  |Info:    Registering I2C interface: /dev/i2c-5 Device 10DE:2206 Subsystem: 10DE:1467
1005  |Info:    ------------------------------------------------------
1005  |Info:    |               Detecting I2C devices                |
1005  |Info:    ------------------------------------------------------
1681  |Info:    [Corsair Dominator Platinum RGB] Registering RGB controller
1692  |Info:    [Corsair Dominator Platinum RGB] Registering RGB controller
1704  |Info:    [Corsair Dominator Platinum RGB] Registering RGB controller
1715  |Info:    [Corsair Dominator Platinum RGB] Registering RGB controller
1766  |Info:    ------------------------------------------------------
1766  |Info:    |               Detecting HID devices                |
1766  |Info:    ------------------------------------------------------
2188  |Info:    [Gaming Mouse G900] Registering RGB controller
2543  |Info:    Unable add this Logitech device: Not Connected
2897  |Info:    Unable add this Logitech device: Not Connected
3251  |Info:    Unable add this Logitech device: Not Connected
3605  |Info:    Unable add this Logitech device: Not Connected
3959  |Info:    Unable add this Logitech device: Not Connected
4313  |Info:    Unable add this Logitech device: Not Connected
4667  |Info:    Unable add this Logitech device: Not Connected
5021  |Info:    Unable add this Logitech device: Not Connected
5375  |Info:    Unable add this Logitech device: Not Connected
5729  |Info:    Unable add this Logitech device: Not Connected
5805  |Info:    [ASUS ROG CROSSHAIR VIII HERO] Registering RGB controller
5858  |Info:    [Corsair LS100 Lighting Kit] Registering RGB controller
5962  |Info:    [Corsair Commander Core] Registering RGB controller
5962  |Info:    ------------------------------------------------------
5962  |Info:    |              Detecting other devices               |
5962  |Info:    ------------------------------------------------------
5968  |Info:    ------------------------------------------------------
5968  |Info:    |                Detection completed                 |
5968  |Info:    ------------------------------------------------------
5968  |Info:    Profile loading: Succeeded for Corsair Dominator Platinum RGB @ I2C: /dev/i2c-0, address 0x58
5968  |Info:    Profile loading: Succeeded for Corsair Dominator Platinum RGB @ I2C: /dev/i2c-0, address 0x59
5968  |Info:    Profile loading: Succeeded for Corsair Dominator Platinum RGB @ I2C: /dev/i2c-0, address 0x5A
5968  |Info:    Profile loading: Succeeded for Corsair Dominator Platinum RGB @ I2C: /dev/i2c-0, address 0x5B
5968  |Info:    Profile loading: Succeeded for Gaming Mouse G900 @ HID: /dev/hidraw1 (Receiver) 
Wireless Index: 255
5968  |Info:    Profile loading: Succeeded for ASUS ROG CROSSHAIR VIII HERO @ HID: /dev/hidraw11
5968  |Info:    Profile loading: Succeeded for Corsair LS100 Lighting Kit @ HID: /dev/hidraw10
5968  |Info:    Profile loading: Succeeded for Corsair Commander Core @ HID: /dev/hidraw2
7268  |Info:    Loading plugins
