    OpenRGB v0.71
    Commit: e4bb5788019bd84470d277b6513862eab79aa428 from 2022-05-25 00:04:28 -0500
    Launched: 20220602_082835
====================================================================================================

0     |Info:    Found file: Default.orp attempting to validate header
0     |Info:    Valid v3 profile found for Default
1001  |Info:    ------------------------------------------------------
1001  |Info:    |               Start device detection               |
1001  |Info:    ------------------------------------------------------
1001  |Info:    Initializing HID interfaces: Success
1005  |Info:    ------------------------------------------------------
1005  |Info:    |             Detecting I2C interfaces               |
1005  |Info:    ------------------------------------------------------
1005  |Info:    Registering I2C interface: /dev/i2c-3 Device 10DE:2206 Subsystem: 10DE:1467
1005  |Info:    Registering I2C interface: /dev/i2c-1 Device 1022:790B Subsystem: 1043:87C0
1005  |Info:    Registering I2C interface: /dev/i2c-6 Device 10DE:2206 Subsystem: 10DE:1467
1005  |Info:    Registering I2C interface: /dev/i2c-4 Device 10DE:2206 Subsystem: 10DE:1467
1005  |Info:    Registering I2C interface: /dev/i2c-2 Device 1022:790B Subsystem: 1043:87C0
1005  |Info:    Registering I2C interface: /dev/i2c-0 Device 1022:790B Subsystem: 1043:87C0
1005  |Info:    Registering I2C interface: /dev/i2c-7 Device 10DE:2206 Subsystem: 10DE:1467
1005  |Info:    Registering I2C interface: /dev/i2c-5 Device 10DE:2206 Subsystem: 10DE:1467
1005  |Info:    ------------------------------------------------------
1005  |Info:    |               Detecting I2C devices                |
1005  |Info:    ------------------------------------------------------
1654  |Info:    [Corsair Dominator Platinum RGB] Registering RGB controller
1666  |Info:    [Corsair Dominator Platinum RGB] Registering RGB controller
1677  |Info:    [Corsair Dominator Platinum RGB] Registering RGB controller
1688  |Info:    [Corsair Dominator Platinum RGB] Registering RGB controller
1740  |Info:    ------------------------------------------------------
1740  |Info:    |               Detecting I2C PCI devices            |
1740  |Info:    ------------------------------------------------------
1740  |Info:    ------------------------------------------------------
1740  |Info:    |               Detecting HID devices                |
1740  |Info:    ------------------------------------------------------
2163  |Info:    [Gaming Mouse G900] Registering RGB controller
2247  |Info:    [ASUS ROG CROSSHAIR VIII HERO] Registering RGB controller
2300  |Info:    [Corsair LS100 Lighting Kit] Registering RGB controller
2438  |Info:    [Corsair Commander Core] Registering RGB controller
2438  |Info:    ------------------------------------------------------
2438  |Info:    |              Detecting other devices               |
2438  |Info:    ------------------------------------------------------
2448  |Info:    ------------------------------------------------------
2448  |Info:    |                Detection completed                 |
2448  |Info:    ------------------------------------------------------
2449  |Info:    Profile loading: Succeeded for Corsair Dominator Platinum RGB @ I2C: /dev/i2c-0, address 0x58
2449  |Info:    Profile loading: Succeeded for Corsair Dominator Platinum RGB @ I2C: /dev/i2c-0, address 0x59
2449  |Info:    Profile loading: Succeeded for Corsair Dominator Platinum RGB @ I2C: /dev/i2c-0, address 0x5A
2449  |Info:    Profile loading: Succeeded for Corsair Dominator Platinum RGB @ I2C: /dev/i2c-0, address 0x5B
2449  |Info:    Profile loading: Succeeded for Gaming Mouse G900 @ HID: /dev/hidraw1 (Receiver) 
Wireless Index: 255
2449  |Info:    Profile loading: Succeeded for ASUS ROG CROSSHAIR VIII HERO @ HID: /dev/hidraw11
2449  |Info:    Profile loading: Succeeded for Corsair LS100 Lighting Kit @ HID: /dev/hidraw10
2449  |Info:    Profile loading: Succeeded for Corsair Commander Core @ HID: /dev/hidraw2
3773  |Info:    Loading plugins
