    OpenRGB v0.71
    Commit: 952d0fe5051de3dba82aa2ccc588c83e3b77710e from 2022-05-19 23:55:13 +0000
    Launched: 20220519_223354
====================================================================================================

0     |Info:    Found file: Default.orp attempting to validate header
0     |Info:    Valid v3 profile found for Default
1001  |Info:    ------------------------------------------------------
1001  |Info:    |               Start device detection               |
1001  |Info:    ------------------------------------------------------
1001  |Info:    Initializing HID interfaces: Success
1005  |Info:    ------------------------------------------------------
1005  |Info:    |             Detecting I2C interfaces               |
1005  |Info:    ------------------------------------------------------
1006  |Info:    Registering I2C interface: /dev/i2c-3 Device 10DE:2206 Subsystem: 10DE:1467
1006  |Info:    Registering I2C interface: /dev/i2c-1 Device 1022:790B Subsystem: 1043:87C0
1006  |Info:    Registering I2C interface: /dev/i2c-6 Device 10DE:2206 Subsystem: 10DE:1467
1006  |Info:    Registering I2C interface: /dev/i2c-4 Device 10DE:2206 Subsystem: 10DE:1467
1006  |Info:    Registering I2C interface: /dev/i2c-2 Device 1022:790B Subsystem: 1043:87C0
1006  |Info:    Registering I2C interface: /dev/i2c-0 Device 1022:790B Subsystem: 1043:87C0
1006  |Info:    Registering I2C interface: /dev/i2c-7 Device 10DE:2206 Subsystem: 10DE:1467
1006  |Info:    Registering I2C interface: /dev/i2c-5 Device 10DE:2206 Subsystem: 10DE:1467
1006  |Info:    ------------------------------------------------------
1006  |Info:    |               Detecting I2C devices                |
1006  |Info:    ------------------------------------------------------
1045  |Info:    Loading plugins
1659  |Info:    [Corsair Dominator Platinum RGB] Registering RGB controller
1671  |Info:    [Corsair Dominator Platinum RGB] Registering RGB controller
1686  |Info:    [Corsair Dominator Platinum RGB] Registering RGB controller
1697  |Info:    [Corsair Dominator Platinum RGB] Registering RGB controller
1749  |Info:    ------------------------------------------------------
1749  |Info:    |               Detecting HID devices                |
1749  |Info:    ------------------------------------------------------
2171  |Info:    [Gaming Mouse G900] Registering RGB controller
2245  |Info:    [ASUS ROG CROSSHAIR VIII HERO] Registering RGB controller
2299  |Info:    [Corsair LS100 Lighting Kit] Registering RGB controller
2441  |Info:    [Corsair Commander Core] Registering RGB controller
2441  |Info:    ------------------------------------------------------
2441  |Info:    |              Detecting other devices               |
2441  |Info:    ------------------------------------------------------
2448  |Info:    ------------------------------------------------------
2448  |Info:    |                Detection completed                 |
2448  |Info:    ------------------------------------------------------
31734 |Info:    Found file: Default.orp attempting to validate header
31734 |Info:    Valid v3 profile found for Default
