    OpenRGB v0.8
    Commit: fb88964b8e514cdf4eb22da314e13f8db06a3636 from 2022-11-27 21:44:33 -0600
    Launched: 20221207_160839
====================================================================================================

0     |Info:    Found file: Default.orp attempting to validate header
0     |Info:    Valid v3 profile found for Default
1001  |Info:    ------------------------------------------------------
1001  |Info:    |               Start device detection               |
1001  |Info:    ------------------------------------------------------
1001  |Info:    Initializing HID interfaces: Success
1005  |Info:    ------------------------------------------------------
1005  |Info:    |             Detecting I2C interfaces               |
1005  |Info:    ------------------------------------------------------
1005  |Info:    Registering I2C interface: /dev/i2c-3 Device 10DE:2206 Subsystem: 10DE:1467
1005  |Info:    Registering I2C interface: /dev/i2c-1 Device 1022:790B Subsystem: 1043:87C0
1005  |Info:    Registering I2C interface: /dev/i2c-6 Device 10DE:2206 Subsystem: 10DE:1467
1005  |Info:    Registering I2C interface: /dev/i2c-4 Device 10DE:2206 Subsystem: 10DE:1467
1005  |Info:    Registering I2C interface: /dev/i2c-2 Device 1022:790B Subsystem: 1043:87C0
1005  |Info:    Registering I2C interface: /dev/i2c-0 Device 1022:790B Subsystem: 1043:87C0
1005  |Info:    Registering I2C interface: /dev/i2c-7 Device 10DE:2206 Subsystem: 10DE:1467
1005  |Info:    Registering I2C interface: /dev/i2c-5 Device 10DE:2206 Subsystem: 10DE:1467
1005  |Info:    ------------------------------------------------------
1005  |Info:    |               Detecting I2C devices                |
1005  |Info:    ------------------------------------------------------
1172  |Info:    [Corsair Dominator Platinum RGB] Registering RGB controller
1183  |Info:    [Corsair Dominator Platinum RGB] Registering RGB controller
1194  |Info:    [Corsair Dominator Platinum RGB] Registering RGB controller
1206  |Info:    [Corsair Dominator Platinum RGB] Registering RGB controller
1769  |Info:    ------------------------------------------------------
1769  |Info:    |               Detecting I2C PCI devices            |
1769  |Info:    ------------------------------------------------------
1770  |Info:    ------------------------------------------------------
1770  |Info:    |               Detecting HID devices                |
1770  |Info:    ------------------------------------------------------
2192  |Info:    [Gaming Mouse G900] Registering RGB controller
2614  |Info:    [Gaming Mouse G900] Registering RGB controller
3036  |Info:    [Gaming Mouse G900] Registering RGB controller
3458  |Info:    [Gaming Mouse G900] Registering RGB controller
3880  |Info:    [Gaming Mouse G900] Registering RGB controller
3958  |Info:    [ASUS ROG CROSSHAIR VIII HERO] Registering RGB controller
4011  |Info:    [Corsair LS100 Lighting Kit] Registering RGB controller
4115  |Info:    [Corsair Commander Core] Registering RGB controller
4115  |Info:    ------------------------------------------------------
4115  |Info:    |              Detecting other devices               |
4115  |Info:    ------------------------------------------------------
4125  |Info:    ------------------------------------------------------
4125  |Info:    |                Detection completed                 |
4125  |Info:    ------------------------------------------------------
4125  |Info:    Profile loading: FAILED! for Corsair Dominator Platinum RGB @ I2C: /dev/i2c-0, address 0x58
4125  |Info:    Profile loading: FAILED! for Corsair Dominator Platinum RGB @ I2C: /dev/i2c-0, address 0x59
4125  |Info:    Profile loading: FAILED! for Corsair Dominator Platinum RGB @ I2C: /dev/i2c-0, address 0x5A
4125  |Info:    Profile loading: FAILED! for Corsair Dominator Platinum RGB @ I2C: /dev/i2c-0, address 0x5B
4125  |Info:    Profile loading: FAILED! for Gaming Mouse G900 @ HID: /dev/hidraw6 (Receiver) 
Wireless Index: 255
4125  |Info:    Profile loading: FAILED! for Gaming Mouse G900 @ HID: /dev/hidraw6 (Receiver) 
Wireless Index: 255
4125  |Info:    Profile loading: FAILED! for Gaming Mouse G900 @ HID: /dev/hidraw6 (Receiver) 
Wireless Index: 255
4125  |Info:    Profile loading: FAILED! for Gaming Mouse G900 @ HID: /dev/hidraw6 (Receiver) 
Wireless Index: 255
4125  |Info:    Profile loading: FAILED! for Gaming Mouse G900 @ HID: /dev/hidraw6 (Receiver) 
Wireless Index: 255
4125  |Info:    Profile loading: FAILED! for ASUS ROG CROSSHAIR VIII HERO @ HID: /dev/hidraw8
4125  |Info:    Profile loading: FAILED! for Corsair LS100 Lighting Kit @ HID: /dev/hidraw10
4125  |Info:    Profile loading: FAILED! for Corsair Commander Core @ HID: /dev/hidraw3
8175  |Info:    Profile loading: Succeeded for Corsair Dominator Platinum RGB @ I2C: /dev/i2c-0, address 0x58
8175  |Info:    Profile loading: Succeeded for Corsair Dominator Platinum RGB @ I2C: /dev/i2c-0, address 0x59
8175  |Info:    Profile loading: Succeeded for Corsair Dominator Platinum RGB @ I2C: /dev/i2c-0, address 0x5A
8175  |Info:    Profile loading: Succeeded for Corsair Dominator Platinum RGB @ I2C: /dev/i2c-0, address 0x5B
8175  |Info:    Profile loading: Succeeded for Gaming Mouse G900 @ HID: /dev/hidraw6 (Receiver) 
Wireless Index: 255
8175  |Info:    Profile loading: FAILED! for Gaming Mouse G900 @ HID: /dev/hidraw6 (Receiver) 
Wireless Index: 255
8175  |Info:    Profile loading: FAILED! for Gaming Mouse G900 @ HID: /dev/hidraw6 (Receiver) 
Wireless Index: 255
8175  |Info:    Profile loading: FAILED! for Gaming Mouse G900 @ HID: /dev/hidraw6 (Receiver) 
Wireless Index: 255
8176  |Info:    Profile loading: FAILED! for Gaming Mouse G900 @ HID: /dev/hidraw6 (Receiver) 
Wireless Index: 255
8176  |Info:    Profile loading: Succeeded for ASUS ROG CROSSHAIR VIII HERO @ HID: /dev/hidraw8
8176  |Info:    Profile loading: Succeeded for Corsair LS100 Lighting Kit @ HID: /dev/hidraw10
8176  |Info:    Profile loading: Succeeded for Corsair Commander Core @ HID: /dev/hidraw3
16117 |Info:    ------------------------------------------------------
16117 |Info:    |               Start device detection               |
16117 |Info:    ------------------------------------------------------
16117 |Info:    Initializing HID interfaces: Success
16121 |Info:    ------------------------------------------------------
16121 |Info:    |             Detecting I2C interfaces               |
16121 |Info:    ------------------------------------------------------
16121 |Info:    Registering I2C interface: /dev/i2c-3 Device 10DE:2206 Subsystem: 10DE:1467
16121 |Info:    Registering I2C interface: /dev/i2c-1 Device 1022:790B Subsystem: 1043:87C0
16121 |Info:    Registering I2C interface: /dev/i2c-6 Device 10DE:2206 Subsystem: 10DE:1467
16121 |Info:    Registering I2C interface: /dev/i2c-4 Device 10DE:2206 Subsystem: 10DE:1467
16121 |Info:    Registering I2C interface: /dev/i2c-2 Device 1022:790B Subsystem: 1043:87C0
16121 |Info:    Registering I2C interface: /dev/i2c-0 Device 1022:790B Subsystem: 1043:87C0
16121 |Info:    Registering I2C interface: /dev/i2c-7 Device 10DE:2206 Subsystem: 10DE:1467
16121 |Info:    Registering I2C interface: /dev/i2c-5 Device 10DE:2206 Subsystem: 10DE:1467
16121 |Info:    ------------------------------------------------------
16121 |Info:    |               Detecting I2C devices                |
16121 |Info:    ------------------------------------------------------
16288 |Info:    [Corsair Dominator Platinum RGB] Registering RGB controller
16299 |Info:    [Corsair Dominator Platinum RGB] Registering RGB controller
16311 |Info:    [Corsair Dominator Platinum RGB] Registering RGB controller
16322 |Info:    [Corsair Dominator Platinum RGB] Registering RGB controller
16886 |Info:    ------------------------------------------------------
16886 |Info:    |               Detecting I2C PCI devices            |
16886 |Info:    ------------------------------------------------------
16887 |Info:    ------------------------------------------------------
16887 |Info:    |               Detecting HID devices                |
16887 |Info:    ------------------------------------------------------
17309 |Info:    [Gaming Mouse G900] Registering RGB controller
17731 |Info:    [Gaming Mouse G900] Registering RGB controller
18153 |Info:    [Gaming Mouse G900] Registering RGB controller
18575 |Info:    [Gaming Mouse G900] Registering RGB controller
18997 |Info:    [Gaming Mouse G900] Registering RGB controller
19074 |Info:    [ASUS ROG CROSSHAIR VIII HERO] Registering RGB controller
19127 |Info:    [Corsair LS100 Lighting Kit] Registering RGB controller
19230 |Info:    [Corsair Commander Core] Registering RGB controller
19230 |Info:    ------------------------------------------------------
19230 |Info:    |              Detecting other devices               |
19230 |Info:    ------------------------------------------------------
19231 |Info:    ------------------------------------------------------
19231 |Info:    |                Detection completed                 |
19231 |Info:    ------------------------------------------------------
