    OpenRGB v0.7
    Commit:  from 
    Launched: 20220607_125605
====================================================================================================

0     |Info:    Found file: Default.orp attempting to validate header
0     |Info:    Valid v3 profile found for Default
1001  |Info:    ------------------------------------------------------
1001  |Info:    |               Start device detection               |
1001  |Info:    ------------------------------------------------------
1001  |Info:    Initializing HID interfaces: Success
1005  |Info:    ------------------------------------------------------
1005  |Info:    |             Detecting I2C interfaces               |
1005  |Info:    ------------------------------------------------------
1005  |Info:    Registering I2C interface: /dev/i2c-3 Device 10DE:2206 Subsystem: 10DE:1467
1005  |Info:    Registering I2C interface: /dev/i2c-1 Device 1022:790B Subsystem: 1043:87C0
1005  |Info:    Registering I2C interface: /dev/i2c-6 Device 10DE:2206 Subsystem: 10DE:1467
1005  |Info:    Registering I2C interface: /dev/i2c-4 Device 10DE:2206 Subsystem: 10DE:1467
1005  |Info:    Registering I2C interface: /dev/i2c-2 Device 1022:790B Subsystem: 1043:87C0
1005  |Info:    Registering I2C interface: /dev/i2c-0 Device 1022:790B Subsystem: 1043:87C0
1005  |Info:    Registering I2C interface: /dev/i2c-7 Device 10DE:2206 Subsystem: 10DE:1467
1005  |Info:    Registering I2C interface: /dev/i2c-5 Device 10DE:2206 Subsystem: 10DE:1467
1005  |Info:    ------------------------------------------------------
1005  |Info:    |               Detecting I2C devices                |
1005  |Info:    ------------------------------------------------------
1687  |Info:    [Corsair Dominator Platinum RGB] Registering RGB controller
1698  |Info:    [Corsair Dominator Platinum RGB] Registering RGB controller
1710  |Info:    [Corsair Dominator Platinum RGB] Registering RGB controller
1721  |Info:    [Corsair Dominator Platinum RGB] Registering RGB controller
1772  |Info:    ------------------------------------------------------
1772  |Info:    |               Detecting HID devices                |
1772  |Info:    ------------------------------------------------------
2195  |Info:    [Gaming Mouse G900] Registering RGB controller
2549  |Info:    Unable add this Logitech device: Not Connected
2903  |Info:    Unable add this Logitech device: Not Connected
3257  |Info:    Unable add this Logitech device: Not Connected
3611  |Info:    Unable add this Logitech device: Not Connected
3965  |Info:    Unable add this Logitech device: Not Connected
4319  |Info:    Unable add this Logitech device: Not Connected
4673  |Info:    Unable add this Logitech device: Not Connected
5027  |Info:    Unable add this Logitech device: Not Connected
5381  |Info:    Unable add this Logitech device: Not Connected
5735  |Info:    Unable add this Logitech device: Not Connected
5812  |Info:    [ASUS ROG CROSSHAIR VIII HERO] Registering RGB controller
5866  |Info:    [Corsair LS100 Lighting Kit] Registering RGB controller
6011  |Info:    [Corsair Commander Core] Registering RGB controller
6011  |Info:    ------------------------------------------------------
6011  |Info:    |              Detecting other devices               |
6011  |Info:    ------------------------------------------------------
6019  |Info:    ------------------------------------------------------
6019  |Info:    |                Detection completed                 |
6019  |Info:    ------------------------------------------------------
6020  |Info:    Profile loading: Succeeded for Corsair Dominator Platinum RGB @ I2C: /dev/i2c-0, address 0x58
6020  |Info:    Profile loading: Succeeded for Corsair Dominator Platinum RGB @ I2C: /dev/i2c-0, address 0x59
6020  |Info:    Profile loading: Succeeded for Corsair Dominator Platinum RGB @ I2C: /dev/i2c-0, address 0x5A
6020  |Info:    Profile loading: Succeeded for Corsair Dominator Platinum RGB @ I2C: /dev/i2c-0, address 0x5B
6020  |Info:    Profile loading: Succeeded for Gaming Mouse G900 @ HID: /dev/hidraw1 (Receiver) 
Wireless Index: 255
6020  |Info:    Profile loading: Succeeded for ASUS ROG CROSSHAIR VIII HERO @ HID: /dev/hidraw11
6020  |Info:    Profile loading: Succeeded for Corsair LS100 Lighting Kit @ HID: /dev/hidraw10
6020  |Info:    Profile loading: Succeeded for Corsair Commander Core @ HID: /dev/hidraw2
7322  |Info:    Loading plugins
