    OpenRGB v0.8
    Commit:  from 
    Launched: 20221207_130816
====================================================================================================

0     |Info:    Found file: Default.orp attempting to validate header
0     |Info:    Valid v3 profile found for Default
1002  |Info:    ------------------------------------------------------
1002  |Info:    |               Start device detection               |
1002  |Info:    ------------------------------------------------------
1002  |Info:    Initializing HID interfaces: Success
1006  |Info:    ------------------------------------------------------
1006  |Info:    |             Detecting I2C interfaces               |
1006  |Info:    ------------------------------------------------------
1006  |Info:    Registering I2C interface: /dev/i2c-3 Device 10DE:2206 Subsystem: 10DE:1467
1006  |Info:    Registering I2C interface: /dev/i2c-1 Device 1022:790B Subsystem: 1043:87C0
1006  |Info:    Registering I2C interface: /dev/i2c-6 Device 10DE:2206 Subsystem: 10DE:1467
1006  |Info:    Registering I2C interface: /dev/i2c-4 Device 10DE:2206 Subsystem: 10DE:1467
1006  |Info:    Registering I2C interface: /dev/i2c-2 Device 1022:790B Subsystem: 1043:87C0
1006  |Info:    Registering I2C interface: /dev/i2c-0 Device 1022:790B Subsystem: 1043:87C0
1006  |Info:    Registering I2C interface: /dev/i2c-7 Device 10DE:2206 Subsystem: 10DE:1467
1007  |Info:    Registering I2C interface: /dev/i2c-5 Device 10DE:2206 Subsystem: 10DE:1467
1007  |Info:    ------------------------------------------------------
1007  |Info:    |               Detecting I2C devices                |
1007  |Info:    ------------------------------------------------------
1687  |Info:    [Corsair Dominator Platinum RGB] Registering RGB controller
1699  |Info:    [Corsair Dominator Platinum RGB] Registering RGB controller
1710  |Info:    [Corsair Dominator Platinum RGB] Registering RGB controller
1722  |Info:    [Corsair Dominator Platinum RGB] Registering RGB controller
1773  |Info:    ------------------------------------------------------
1773  |Info:    |               Detecting I2C PCI devices            |
1773  |Info:    ------------------------------------------------------
1774  |Info:    ------------------------------------------------------
1774  |Info:    |               Detecting HID devices                |
1774  |Info:    ------------------------------------------------------
2196  |Info:    [Gaming Mouse G900] Registering RGB controller
2271  |Info:    [ASUS ROG CROSSHAIR VIII HERO] Registering RGB controller
2324  |Info:    [Corsair LS100 Lighting Kit] Registering RGB controller
2477  |Info:    [Corsair Commander Core] Registering RGB controller
2478  |Info:    ------------------------------------------------------
2478  |Info:    |              Detecting other devices               |
2478  |Info:    ------------------------------------------------------
2484  |Info:    ------------------------------------------------------
2484  |Info:    |                Detection completed                 |
2484  |Info:    ------------------------------------------------------
2484  |Info:    Profile loading: FAILED! for Corsair Dominator Platinum RGB @ I2C: /dev/i2c-0, address 0x58
2484  |Info:    Profile loading: FAILED! for Corsair Dominator Platinum RGB @ I2C: /dev/i2c-0, address 0x59
2484  |Info:    Profile loading: FAILED! for Corsair Dominator Platinum RGB @ I2C: /dev/i2c-0, address 0x5A
2484  |Info:    Profile loading: FAILED! for Corsair Dominator Platinum RGB @ I2C: /dev/i2c-0, address 0x5B
2484  |Info:    Profile loading: FAILED! for Gaming Mouse G900 @ HID: /dev/hidraw6 (Receiver) 
Wireless Index: 255
2484  |Info:    Profile loading: FAILED! for ASUS ROG CROSSHAIR VIII HERO @ HID: /dev/hidraw12
2484  |Info:    Profile loading: FAILED! for Corsair LS100 Lighting Kit @ HID: /dev/hidraw10
2484  |Info:    Profile loading: FAILED! for Corsair Commander Core @ HID: /dev/hidraw3
24909 |Info:    Profile loading: Succeeded for Corsair Dominator Platinum RGB @ I2C: /dev/i2c-0, address 0x58
24909 |Info:    Profile loading: Succeeded for Corsair Dominator Platinum RGB @ I2C: /dev/i2c-0, address 0x59
24909 |Info:    Profile loading: Succeeded for Corsair Dominator Platinum RGB @ I2C: /dev/i2c-0, address 0x5A
24909 |Info:    Profile loading: Succeeded for Corsair Dominator Platinum RGB @ I2C: /dev/i2c-0, address 0x5B
24909 |Info:    Profile loading: Succeeded for Gaming Mouse G900 @ HID: /dev/hidraw6 (Receiver) 
Wireless Index: 255
24909 |Info:    Profile loading: Succeeded for ASUS ROG CROSSHAIR VIII HERO @ HID: /dev/hidraw12
24909 |Info:    Profile loading: Succeeded for Corsair LS100 Lighting Kit @ HID: /dev/hidraw10
24909 |Info:    Profile loading: Succeeded for Corsair Commander Core @ HID: /dev/hidraw3
27145 |Info:    Profile loading: Succeeded for Corsair Dominator Platinum RGB @ I2C: /dev/i2c-0, address 0x58
27145 |Info:    Profile loading: Succeeded for Corsair Dominator Platinum RGB @ I2C: /dev/i2c-0, address 0x59
27145 |Info:    Profile loading: Succeeded for Corsair Dominator Platinum RGB @ I2C: /dev/i2c-0, address 0x5A
27145 |Info:    Profile loading: Succeeded for Corsair Dominator Platinum RGB @ I2C: /dev/i2c-0, address 0x5B
27145 |Info:    Profile loading: Succeeded for Gaming Mouse G900 @ HID: /dev/hidraw6 (Receiver) 
Wireless Index: 255
27145 |Info:    Profile loading: Succeeded for ASUS ROG CROSSHAIR VIII HERO @ HID: /dev/hidraw12
27145 |Info:    Profile loading: Succeeded for Corsair LS100 Lighting Kit @ HID: /dev/hidraw10
27145 |Info:    Profile loading: Succeeded for Corsair Commander Core @ HID: /dev/hidraw3
