    OpenRGB v0.8
    Commit:  from 
    Launched: 20221207_140220
====================================================================================================

0     |Info:    Found file: Default.orp attempting to validate header
0     |Info:    Valid v3 profile found for Default
1002  |Info:    ------------------------------------------------------
1002  |Info:    |               Start device detection               |
1002  |Info:    ------------------------------------------------------
1002  |Info:    Initializing HID interfaces: Success
1005  |Info:    ------------------------------------------------------
1005  |Info:    |             Detecting I2C interfaces               |
1005  |Info:    ------------------------------------------------------
1005  |Info:    Registering I2C interface: /dev/i2c-3 Device 10DE:2206 Subsystem: 10DE:1467
1006  |Info:    Registering I2C interface: /dev/i2c-1 Device 1022:790B Subsystem: 1043:87C0
1006  |Info:    Registering I2C interface: /dev/i2c-6 Device 10DE:2206 Subsystem: 10DE:1467
1006  |Info:    Registering I2C interface: /dev/i2c-4 Device 10DE:2206 Subsystem: 10DE:1467
1006  |Info:    Registering I2C interface: /dev/i2c-2 Device 1022:790B Subsystem: 1043:87C0
1006  |Info:    Registering I2C interface: /dev/i2c-0 Device 1022:790B Subsystem: 1043:87C0
1006  |Info:    Registering I2C interface: /dev/i2c-7 Device 10DE:2206 Subsystem: 10DE:1467
1006  |Info:    Registering I2C interface: /dev/i2c-5 Device 10DE:2206 Subsystem: 10DE:1467
1006  |Info:    ------------------------------------------------------
1006  |Info:    |               Detecting I2C devices                |
1006  |Info:    ------------------------------------------------------
1690  |Info:    [Corsair Dominator Platinum RGB] Registering RGB controller
1701  |Info:    [Corsair Dominator Platinum RGB] Registering RGB controller
1713  |Info:    [Corsair Dominator Platinum RGB] Registering RGB controller
1724  |Info:    [Corsair Dominator Platinum RGB] Registering RGB controller
1775  |Info:    ------------------------------------------------------
1775  |Info:    |               Detecting I2C PCI devices            |
1775  |Info:    ------------------------------------------------------
1776  |Info:    ------------------------------------------------------
1776  |Info:    |               Detecting HID devices                |
1776  |Info:    ------------------------------------------------------
2198  |Info:    [Gaming Mouse G900] Registering RGB controller
2274  |Info:    [ASUS ROG CROSSHAIR VIII HERO] Registering RGB controller
2329  |Info:    [Corsair LS100 Lighting Kit] Registering RGB controller
2469  |Info:    [Corsair Commander Core] Registering RGB controller
2469  |Info:    ------------------------------------------------------
2469  |Info:    |              Detecting other devices               |
2469  |Info:    ------------------------------------------------------
2480  |Info:    ------------------------------------------------------
2480  |Info:    |                Detection completed                 |
2480  |Info:    ------------------------------------------------------
2480  |Info:    Profile loading: FAILED! for Corsair Dominator Platinum RGB @ I2C: /dev/i2c-0, address 0x58
2480  |Info:    Profile loading: FAILED! for Corsair Dominator Platinum RGB @ I2C: /dev/i2c-0, address 0x59
2480  |Info:    Profile loading: FAILED! for Corsair Dominator Platinum RGB @ I2C: /dev/i2c-0, address 0x5A
2480  |Info:    Profile loading: FAILED! for Corsair Dominator Platinum RGB @ I2C: /dev/i2c-0, address 0x5B
2480  |Info:    Profile loading: FAILED! for Gaming Mouse G900 @ HID: /dev/hidraw6 (Receiver) 
Wireless Index: 255
2480  |Info:    Profile loading: FAILED! for ASUS ROG CROSSHAIR VIII HERO @ HID: /dev/hidraw12
2480  |Info:    Profile loading: FAILED! for Corsair LS100 Lighting Kit @ HID: /dev/hidraw10
2480  |Info:    Profile loading: FAILED! for Corsair Commander Core @ HID: /dev/hidraw3
2912232|Info:    Profile loading: Succeeded for Corsair Dominator Platinum RGB @ I2C: /dev/i2c-0, address 0x58
2912232|Info:    Profile loading: Succeeded for Corsair Dominator Platinum RGB @ I2C: /dev/i2c-0, address 0x59
2912232|Info:    Profile loading: Succeeded for Corsair Dominator Platinum RGB @ I2C: /dev/i2c-0, address 0x5A
2912232|Info:    Profile loading: Succeeded for Corsair Dominator Platinum RGB @ I2C: /dev/i2c-0, address 0x5B
2912232|Info:    Profile loading: Succeeded for Gaming Mouse G900 @ HID: /dev/hidraw6 (Receiver) 
Wireless Index: 255
2912232|Info:    Profile loading: Succeeded for ASUS ROG CROSSHAIR VIII HERO @ HID: /dev/hidraw12
2912232|Info:    Profile loading: Succeeded for Corsair LS100 Lighting Kit @ HID: /dev/hidraw10
2912232|Info:    Profile loading: Succeeded for Corsair Commander Core @ HID: /dev/hidraw3
2914715|Info:    ------------------------------------------------------
2914715|Info:    |               Start device detection               |
2914715|Info:    ------------------------------------------------------
2914715|Info:    Initializing HID interfaces: Success
2914719|Info:    ------------------------------------------------------
2914719|Info:    |             Detecting I2C interfaces               |
2914719|Info:    ------------------------------------------------------
2914719|Info:    Registering I2C interface: /dev/i2c-3 Device 10DE:2206 Subsystem: 10DE:1467
2914719|Info:    Registering I2C interface: /dev/i2c-1 Device 1022:790B Subsystem: 1043:87C0
2914719|Info:    Registering I2C interface: /dev/i2c-6 Device 10DE:2206 Subsystem: 10DE:1467
2914719|Info:    Registering I2C interface: /dev/i2c-4 Device 10DE:2206 Subsystem: 10DE:1467
2914719|Info:    Registering I2C interface: /dev/i2c-2 Device 1022:790B Subsystem: 1043:87C0
2914719|Info:    Registering I2C interface: /dev/i2c-0 Device 1022:790B Subsystem: 1043:87C0
2914719|Info:    Registering I2C interface: /dev/i2c-7 Device 10DE:2206 Subsystem: 10DE:1467
2914719|Info:    Registering I2C interface: /dev/i2c-5 Device 10DE:2206 Subsystem: 10DE:1467
2914719|Info:    ------------------------------------------------------
2914719|Info:    |               Detecting I2C devices                |
2914719|Info:    ------------------------------------------------------
2915396|Info:    [Corsair Dominator Platinum RGB] Registering RGB controller
2915407|Info:    [Corsair Dominator Platinum RGB] Registering RGB controller
2915419|Info:    [Corsair Dominator Platinum RGB] Registering RGB controller
2915430|Info:    [Corsair Dominator Platinum RGB] Registering RGB controller
2915481|Info:    ------------------------------------------------------
2915481|Info:    |               Detecting I2C PCI devices            |
2915481|Info:    ------------------------------------------------------
2915482|Info:    ------------------------------------------------------
2915482|Info:    |               Detecting HID devices                |
2915482|Info:    ------------------------------------------------------
2915904|Info:    [Gaming Mouse G900] Registering RGB controller
2915981|Info:    [ASUS ROG CROSSHAIR VIII HERO] Registering RGB controller
2916035|Info:    [Corsair LS100 Lighting Kit] Registering RGB controller
2916139|Info:    [Corsair Commander Core] Registering RGB controller
2916139|Info:    ------------------------------------------------------
2916139|Info:    |              Detecting other devices               |
2916139|Info:    ------------------------------------------------------
2916139|Info:    ------------------------------------------------------
2916139|Info:    |                Detection completed                 |
2916139|Info:    ------------------------------------------------------
2937092|Info:    Found file: Default.orp attempting to validate header
2937092|Info:    Valid v3 profile found for Default
2961801|Info:    Found file: Default.orp attempting to validate header
2961801|Info:    Valid v3 profile found for Default
2983152|Info:    ------------------------------------------------------
2983152|Info:    |               Start device detection               |
2983152|Info:    ------------------------------------------------------
2983152|Info:    Initializing HID interfaces: Success
2983156|Info:    ------------------------------------------------------
2983156|Info:    |             Detecting I2C interfaces               |
2983156|Info:    ------------------------------------------------------
2983156|Info:    Registering I2C interface: /dev/i2c-3 Device 10DE:2206 Subsystem: 10DE:1467
2983156|Info:    Registering I2C interface: /dev/i2c-1 Device 1022:790B Subsystem: 1043:87C0
2983156|Info:    Registering I2C interface: /dev/i2c-6 Device 10DE:2206 Subsystem: 10DE:1467
2983156|Info:    Registering I2C interface: /dev/i2c-4 Device 10DE:2206 Subsystem: 10DE:1467
2983156|Info:    Registering I2C interface: /dev/i2c-2 Device 1022:790B Subsystem: 1043:87C0
2983156|Info:    Registering I2C interface: /dev/i2c-0 Device 1022:790B Subsystem: 1043:87C0
2983156|Info:    Registering I2C interface: /dev/i2c-7 Device 10DE:2206 Subsystem: 10DE:1467
2983156|Info:    Registering I2C interface: /dev/i2c-5 Device 10DE:2206 Subsystem: 10DE:1467
2983156|Info:    ------------------------------------------------------
2983156|Info:    |               Detecting I2C devices                |
2983156|Info:    ------------------------------------------------------
2983836|Info:    [Corsair Dominator Platinum RGB] Registering RGB controller
2983847|Info:    [Corsair Dominator Platinum RGB] Registering RGB controller
2983858|Info:    [Corsair Dominator Platinum RGB] Registering RGB controller
2983870|Info:    [Corsair Dominator Platinum RGB] Registering RGB controller
2983921|Info:    ------------------------------------------------------
2983921|Info:    |               Detecting I2C PCI devices            |
2983921|Info:    ------------------------------------------------------
2983922|Info:    ------------------------------------------------------
2983922|Info:    |               Detecting HID devices                |
2983922|Info:    ------------------------------------------------------
2984344|Info:    [Gaming Mouse G900] Registering RGB controller
2984421|Info:    [ASUS ROG CROSSHAIR VIII HERO] Registering RGB controller
2984477|Info:    [Corsair LS100 Lighting Kit] Registering RGB controller
2984581|Info:    [Corsair Commander Core] Registering RGB controller
2984581|Info:    ------------------------------------------------------
2984581|Info:    |              Detecting other devices               |
2984581|Info:    ------------------------------------------------------
2984581|Info:    ------------------------------------------------------
2984581|Info:    |                Detection completed                 |
2984581|Info:    ------------------------------------------------------
2988451|Info:    Found file: Default.orp attempting to validate header
2988451|Info:    Valid v3 profile found for Default
2997583|Info:    ------------------------------------------------------
2997583|Info:    |               Start device detection               |
2997583|Info:    ------------------------------------------------------
2997583|Info:    Initializing HID interfaces: Success
2997587|Info:    ------------------------------------------------------
2997587|Info:    |             Detecting I2C interfaces               |
2997587|Info:    ------------------------------------------------------
2997587|Info:    Registering I2C interface: /dev/i2c-3 Device 10DE:2206 Subsystem: 10DE:1467
2997587|Info:    Registering I2C interface: /dev/i2c-1 Device 1022:790B Subsystem: 1043:87C0
2997587|Info:    Registering I2C interface: /dev/i2c-6 Device 10DE:2206 Subsystem: 10DE:1467
2997587|Info:    Registering I2C interface: /dev/i2c-4 Device 10DE:2206 Subsystem: 10DE:1467
2997587|Info:    Registering I2C interface: /dev/i2c-2 Device 1022:790B Subsystem: 1043:87C0
2997587|Info:    Registering I2C interface: /dev/i2c-0 Device 1022:790B Subsystem: 1043:87C0
2997587|Info:    Registering I2C interface: /dev/i2c-7 Device 10DE:2206 Subsystem: 10DE:1467
2997587|Info:    Registering I2C interface: /dev/i2c-5 Device 10DE:2206 Subsystem: 10DE:1467
2997587|Info:    ------------------------------------------------------
2997587|Info:    |               Detecting I2C devices                |
2997587|Info:    ------------------------------------------------------
2998269|Info:    [Corsair Dominator Platinum RGB] Registering RGB controller
2998280|Info:    [Corsair Dominator Platinum RGB] Registering RGB controller
2998291|Info:    [Corsair Dominator Platinum RGB] Registering RGB controller
2998303|Info:    [Corsair Dominator Platinum RGB] Registering RGB controller
2998354|Info:    ------------------------------------------------------
2998354|Info:    |               Detecting I2C PCI devices            |
2998354|Info:    ------------------------------------------------------
2998355|Info:    ------------------------------------------------------
2998355|Info:    |               Detecting HID devices                |
2998355|Info:    ------------------------------------------------------
2998777|Info:    [Gaming Mouse G900] Registering RGB controller
2998853|Info:    [ASUS ROG CROSSHAIR VIII HERO] Registering RGB controller
2998907|Info:    [Corsair LS100 Lighting Kit] Registering RGB controller
2999010|Info:    [Corsair Commander Core] Registering RGB controller
2999010|Info:    ------------------------------------------------------
2999010|Info:    |              Detecting other devices               |
2999010|Info:    ------------------------------------------------------
2999011|Info:    ------------------------------------------------------
2999011|Info:    |                Detection completed                 |
2999011|Info:    ------------------------------------------------------
3014061|Info:    Found file: Default.orp attempting to validate header
3014061|Info:    Valid v3 profile found for Default
3019271|Info:    Found file: Default.orp attempting to validate header
3019271|Info:    Valid v3 profile found for Default
3149095|Info:    Profile loading: Succeeded for Corsair Dominator Platinum RGB @ I2C: /dev/i2c-0, address 0x58
3149095|Info:    Profile loading: Succeeded for Corsair Dominator Platinum RGB @ I2C: /dev/i2c-0, address 0x59
3149095|Info:    Profile loading: Succeeded for Corsair Dominator Platinum RGB @ I2C: /dev/i2c-0, address 0x5A
3149095|Info:    Profile loading: Succeeded for Corsair Dominator Platinum RGB @ I2C: /dev/i2c-0, address 0x5B
3149095|Info:    Profile loading: Succeeded for Gaming Mouse G900 @ HID: /dev/hidraw6 (Receiver) 
Wireless Index: 255
3149095|Info:    Profile loading: Succeeded for ASUS ROG CROSSHAIR VIII HERO @ HID: /dev/hidraw12
3149095|Info:    Profile loading: Succeeded for Corsair LS100 Lighting Kit @ HID: /dev/hidraw10
3149095|Info:    Profile loading: Succeeded for Corsair Commander Core @ HID: /dev/hidraw3
