    OpenRGB v0.8
    Commit: fb88964b8e514cdf4eb22da314e13f8db06a3636 from 2022-11-27 21:44:33 -0600
    Launched: 20221208_095609
====================================================================================================

0     |Info:    Found file: Default.orp attempting to validate header
0     |Info:    Valid v3 profile found for Default
1001  |Info:    ------------------------------------------------------
1001  |Info:    |               Start device detection               |
1001  |Info:    ------------------------------------------------------
1002  |Info:    Initializing HID interfaces: Success
1005  |Info:    ------------------------------------------------------
1005  |Info:    |             Detecting I2C interfaces               |
1005  |Info:    ------------------------------------------------------
1005  |Info:    Registering I2C interface: /dev/i2c-3 Device 10DE:2206 Subsystem: 10DE:1467
1005  |Info:    Registering I2C interface: /dev/i2c-1 Device 1022:790B Subsystem: 1043:87C0
1005  |Info:    Registering I2C interface: /dev/i2c-6 Device 10DE:2206 Subsystem: 10DE:1467
1006  |Info:    Registering I2C interface: /dev/i2c-4 Device 10DE:2206 Subsystem: 10DE:1467
1006  |Info:    Registering I2C interface: /dev/i2c-2 Device 1022:790B Subsystem: 1043:87C0
1006  |Info:    Registering I2C interface: /dev/i2c-0 Device 1022:790B Subsystem: 1043:87C0
1006  |Info:    Registering I2C interface: /dev/i2c-7 Device 10DE:2206 Subsystem: 10DE:1467
1006  |Info:    Registering I2C interface: /dev/i2c-5 Device 10DE:2206 Subsystem: 10DE:1467
1006  |Info:    ------------------------------------------------------
1006  |Info:    |               Detecting I2C devices                |
1006  |Info:    ------------------------------------------------------
1172  |Info:    [Corsair Dominator Platinum RGB] Registering RGB controller
1183  |Info:    [Corsair Dominator Platinum RGB] Registering RGB controller
1195  |Info:    [Corsair Dominator Platinum RGB] Registering RGB controller
1206  |Info:    [Corsair Dominator Platinum RGB] Registering RGB controller
1770  |Info:    ------------------------------------------------------
1770  |Info:    |               Detecting I2C PCI devices            |
1770  |Info:    ------------------------------------------------------
1771  |Info:    ------------------------------------------------------
1771  |Info:    |               Detecting HID devices                |
1771  |Info:    ------------------------------------------------------
1849  |Info:    [ASUS ROG CROSSHAIR VIII HERO] Registering RGB controller
1903  |Info:    [Corsair LS100 Lighting Kit] Registering RGB controller
2006  |Info:    [Corsair Commander Core] Registering RGB controller
2006  |Info:    ------------------------------------------------------
2006  |Info:    |              Detecting other devices               |
2006  |Info:    ------------------------------------------------------
2015  |Info:    ------------------------------------------------------
2015  |Info:    |                Detection completed                 |
2015  |Info:    ------------------------------------------------------
2015  |Info:    Profile loading: FAILED! for Corsair Dominator Platinum RGB @ I2C: /dev/i2c-0, address 0x58
2015  |Info:    Profile loading: FAILED! for Corsair Dominator Platinum RGB @ I2C: /dev/i2c-0, address 0x59
2015  |Info:    Profile loading: FAILED! for Corsair Dominator Platinum RGB @ I2C: /dev/i2c-0, address 0x5A
2015  |Info:    Profile loading: FAILED! for Corsair Dominator Platinum RGB @ I2C: /dev/i2c-0, address 0x5B
2015  |Info:    Profile loading: FAILED! for ASUS ROG CROSSHAIR VIII HERO @ HID: /dev/hidraw7
2015  |Info:    Profile loading: FAILED! for Corsair LS100 Lighting Kit @ HID: /dev/hidraw11
2015  |Info:    Profile loading: FAILED! for Corsair Commander Core @ HID: /dev/hidraw4
