    OpenRGB v0.7
    Commit:  from 
    Launched: 20220623_234051
====================================================================================================

0     |Info:    Found file: Default.orp attempting to validate header
0     |Info:    Valid v3 profile found for Default
1001  |Info:    ------------------------------------------------------
1001  |Info:    |               Start device detection               |
1001  |Info:    ------------------------------------------------------
1001  |Info:    Initializing HID interfaces: Success
1005  |Info:    ------------------------------------------------------
1005  |Info:    |             Detecting I2C interfaces               |
1005  |Info:    ------------------------------------------------------
1005  |Info:    Registering I2C interface: /dev/i2c-3 Device 10DE:2206 Subsystem: 10DE:1467
1005  |Info:    Registering I2C interface: /dev/i2c-1 Device 1022:790B Subsystem: 1043:87C0
1005  |Info:    Registering I2C interface: /dev/i2c-6 Device 10DE:2206 Subsystem: 10DE:1467
1006  |Info:    Registering I2C interface: /dev/i2c-4 Device 10DE:2206 Subsystem: 10DE:1467
1006  |Info:    Registering I2C interface: /dev/i2c-2 Device 1022:790B Subsystem: 1043:87C0
1006  |Info:    Registering I2C interface: /dev/i2c-0 Device 1022:790B Subsystem: 1043:87C0
1006  |Info:    Registering I2C interface: /dev/i2c-7 Device 10DE:2206 Subsystem: 10DE:1467
1006  |Info:    Registering I2C interface: /dev/i2c-5 Device 10DE:2206 Subsystem: 10DE:1467
1006  |Info:    ------------------------------------------------------
1006  |Info:    |               Detecting I2C devices                |
1006  |Info:    ------------------------------------------------------
1688  |Info:    [Corsair Dominator Platinum RGB] Registering RGB controller
1700  |Info:    [Corsair Dominator Platinum RGB] Registering RGB controller
1711  |Info:    [Corsair Dominator Platinum RGB] Registering RGB controller
1724  |Info:    [Corsair Dominator Platinum RGB] Registering RGB controller
1775  |Info:    ------------------------------------------------------
1775  |Info:    |               Detecting HID devices                |
1775  |Info:    ------------------------------------------------------
2197  |Info:    [Gaming Mouse G900] Registering RGB controller
2551  |Info:    Unable add this Logitech device: Not Connected
2905  |Info:    Unable add this Logitech device: Not Connected
3259  |Info:    Unable add this Logitech device: Not Connected
3613  |Info:    Unable add this Logitech device: Not Connected
3967  |Info:    Unable add this Logitech device: Not Connected
4321  |Info:    Unable add this Logitech device: Not Connected
4675  |Info:    Unable add this Logitech device: Not Connected
5029  |Info:    Unable add this Logitech device: Not Connected
5383  |Info:    Unable add this Logitech device: Not Connected
5737  |Info:    Unable add this Logitech device: Not Connected
5812  |Info:    [ASUS ROG CROSSHAIR VIII HERO] Registering RGB controller
5865  |Info:    [Corsair LS100 Lighting Kit] Registering RGB controller
5969  |Info:    [Corsair Commander Core] Registering RGB controller
5969  |Info:    ------------------------------------------------------
5969  |Info:    |              Detecting other devices               |
5969  |Info:    ------------------------------------------------------
5978  |Info:    ------------------------------------------------------
5978  |Info:    |                Detection completed                 |
5978  |Info:    ------------------------------------------------------
5979  |Info:    Profile loading: Succeeded for Corsair Dominator Platinum RGB @ I2C: /dev/i2c-0, address 0x58
5979  |Info:    Profile loading: Succeeded for Corsair Dominator Platinum RGB @ I2C: /dev/i2c-0, address 0x59
5979  |Info:    Profile loading: Succeeded for Corsair Dominator Platinum RGB @ I2C: /dev/i2c-0, address 0x5A
5979  |Info:    Profile loading: Succeeded for Corsair Dominator Platinum RGB @ I2C: /dev/i2c-0, address 0x5B
5979  |Info:    Profile loading: Succeeded for Gaming Mouse G900 @ HID: /dev/hidraw1 (Receiver) 
Wireless Index: 255
5979  |Info:    Profile loading: Succeeded for ASUS ROG CROSSHAIR VIII HERO @ HID: /dev/hidraw5
5979  |Info:    Profile loading: Succeeded for Corsair LS100 Lighting Kit @ HID: /dev/hidraw10
5979  |Info:    Profile loading: Succeeded for Corsair Commander Core @ HID: /dev/hidraw2
7282  |Info:    Loading plugins
