    OpenRGB v0.7
    Commit:  from 
    Launched: 20220623_222633
====================================================================================================

0     |Info:    Found file: Default.orp attempting to validate header
0     |Info:    Valid v3 profile found for Default
1002  |Info:    ------------------------------------------------------
1002  |Info:    |               Start device detection               |
1002  |Info:    ------------------------------------------------------
1002  |Info:    Initializing HID interfaces: Success
1006  |Info:    ------------------------------------------------------
1006  |Info:    |             Detecting I2C interfaces               |
1006  |Info:    ------------------------------------------------------
1006  |Info:    Registering I2C interface: /dev/i2c-3 Device 10DE:2206 Subsystem: 10DE:1467
1006  |Info:    Registering I2C interface: /dev/i2c-1 Device 1022:790B Subsystem: 1043:87C0
1006  |Info:    Registering I2C interface: /dev/i2c-6 Device 10DE:2206 Subsystem: 10DE:1467
1006  |Info:    Registering I2C interface: /dev/i2c-4 Device 10DE:2206 Subsystem: 10DE:1467
1006  |Info:    Registering I2C interface: /dev/i2c-2 Device 1022:790B Subsystem: 1043:87C0
1006  |Info:    Registering I2C interface: /dev/i2c-0 Device 1022:790B Subsystem: 1043:87C0
1006  |Info:    Registering I2C interface: /dev/i2c-7 Device 10DE:2206 Subsystem: 10DE:1467
1006  |Info:    Registering I2C interface: /dev/i2c-5 Device 10DE:2206 Subsystem: 10DE:1467
1006  |Info:    ------------------------------------------------------
1006  |Info:    |               Detecting I2C devices                |
1006  |Info:    ------------------------------------------------------
1685  |Info:    [Corsair Dominator Platinum RGB] Registering RGB controller
1697  |Info:    [Corsair Dominator Platinum RGB] Registering RGB controller
1708  |Info:    [Corsair Dominator Platinum RGB] Registering RGB controller
1720  |Info:    [Corsair Dominator Platinum RGB] Registering RGB controller
1773  |Info:    ------------------------------------------------------
1773  |Info:    |               Detecting HID devices                |
1773  |Info:    ------------------------------------------------------
2195  |Info:    [Gaming Mouse G900] Registering RGB controller
2549  |Info:    Unable add this Logitech device: Not Connected
2903  |Info:    Unable add this Logitech device: Not Connected
3257  |Info:    Unable add this Logitech device: Not Connected
3611  |Info:    Unable add this Logitech device: Not Connected
3965  |Info:    Unable add this Logitech device: Not Connected
4319  |Info:    Unable add this Logitech device: Not Connected
4673  |Info:    Unable add this Logitech device: Not Connected
5027  |Info:    Unable add this Logitech device: Not Connected
5381  |Info:    Unable add this Logitech device: Not Connected
5735  |Info:    Unable add this Logitech device: Not Connected
5813  |Info:    [ASUS ROG CROSSHAIR VIII HERO] Registering RGB controller
5866  |Info:    [Corsair LS100 Lighting Kit] Registering RGB controller
6011  |Info:    [Corsair Commander Core] Registering RGB controller
6011  |Info:    ------------------------------------------------------
6011  |Info:    |              Detecting other devices               |
6011  |Info:    ------------------------------------------------------
6021  |Info:    ------------------------------------------------------
6021  |Info:    |                Detection completed                 |
6021  |Info:    ------------------------------------------------------
6021  |Info:    Profile loading: Succeeded for Corsair Dominator Platinum RGB @ I2C: /dev/i2c-0, address 0x58
6021  |Info:    Profile loading: Succeeded for Corsair Dominator Platinum RGB @ I2C: /dev/i2c-0, address 0x59
6021  |Info:    Profile loading: Succeeded for Corsair Dominator Platinum RGB @ I2C: /dev/i2c-0, address 0x5A
6021  |Info:    Profile loading: Succeeded for Corsair Dominator Platinum RGB @ I2C: /dev/i2c-0, address 0x5B
6021  |Info:    Profile loading: Succeeded for Gaming Mouse G900 @ HID: /dev/hidraw1 (Receiver) 
Wireless Index: 255
6021  |Info:    Profile loading: Succeeded for ASUS ROG CROSSHAIR VIII HERO @ HID: /dev/hidraw11
6021  |Info:    Profile loading: Succeeded for Corsair LS100 Lighting Kit @ HID: /dev/hidraw10
6021  |Info:    Profile loading: Succeeded for Corsair Commander Core @ HID: /dev/hidraw2
7344  |Info:    Loading plugins
