    OpenRGB v0.8
    Commit:  from 
    Launched: 20221206_161753
====================================================================================================

6     |Info:    Found file: Default.orp attempting to validate header
6     |Info:    Valid v3 profile found for Default
1008  |Info:    ------------------------------------------------------
1008  |Info:    |               Start device detection               |
1008  |Info:    ------------------------------------------------------
1008  |Info:    Initializing HID interfaces: Success
1011  |Info:    ------------------------------------------------------
1011  |Info:    |             Detecting I2C interfaces               |
1012  |Info:    ------------------------------------------------------
1012  |Info:    Registering I2C interface: /dev/i2c-3 Device 10DE:2206 Subsystem: 10DE:1467
1012  |Info:    Registering I2C interface: /dev/i2c-1 Device 1022:790B Subsystem: 1043:87C0
1012  |Info:    Registering I2C interface: /dev/i2c-6 Device 10DE:2206 Subsystem: 10DE:1467
1012  |Info:    Registering I2C interface: /dev/i2c-4 Device 10DE:2206 Subsystem: 10DE:1467
1012  |Info:    Registering I2C interface: /dev/i2c-2 Device 1022:790B Subsystem: 1043:87C0
1012  |Info:    Registering I2C interface: /dev/i2c-0 Device 1022:790B Subsystem: 1043:87C0
1012  |Info:    Registering I2C interface: /dev/i2c-7 Device 10DE:2206 Subsystem: 10DE:1467
1012  |Info:    Registering I2C interface: /dev/i2c-5 Device 10DE:2206 Subsystem: 10DE:1467
1012  |Info:    ------------------------------------------------------
1012  |Info:    |               Detecting I2C devices                |
1012  |Info:    ------------------------------------------------------
1694  |Info:    [Corsair Dominator Platinum RGB] Registering RGB controller
1706  |Info:    [Corsair Dominator Platinum RGB] Registering RGB controller
1717  |Info:    [Corsair Dominator Platinum RGB] Registering RGB controller
1729  |Info:    [Corsair Dominator Platinum RGB] Registering RGB controller
1780  |Info:    ------------------------------------------------------
1780  |Info:    |               Detecting I2C PCI devices            |
1780  |Info:    ------------------------------------------------------
1780  |Info:    ------------------------------------------------------
1780  |Info:    |               Detecting HID devices                |
1780  |Info:    ------------------------------------------------------
2203  |Info:    [Gaming Mouse G900] Registering RGB controller
2277  |Info:    [ASUS ROG CROSSHAIR VIII HERO] Registering RGB controller
2330  |Info:    [Corsair LS100 Lighting Kit] Registering RGB controller
2434  |Info:    [Corsair Commander Core] Registering RGB controller
2434  |Info:    ------------------------------------------------------
2434  |Info:    |              Detecting other devices               |
2434  |Info:    ------------------------------------------------------
2441  |Info:    ------------------------------------------------------
2441  |Info:    |                Detection completed                 |
2441  |Info:    ------------------------------------------------------
2441  |Info:    Profile loading: Succeeded for Corsair Dominator Platinum RGB @ I2C: /dev/i2c-0, address 0x58
2441  |Info:    Profile loading: Succeeded for Corsair Dominator Platinum RGB @ I2C: /dev/i2c-0, address 0x59
2441  |Info:    Profile loading: Succeeded for Corsair Dominator Platinum RGB @ I2C: /dev/i2c-0, address 0x5A
2441  |Info:    Profile loading: Succeeded for Corsair Dominator Platinum RGB @ I2C: /dev/i2c-0, address 0x5B
2441  |Info:    Profile loading: Succeeded for Gaming Mouse G900 @ HID: /dev/hidraw6 (Receiver) 
Wireless Index: 255
2441  |Info:    Profile loading: Succeeded for ASUS ROG CROSSHAIR VIII HERO @ HID: /dev/hidraw12
2441  |Info:    Profile loading: Succeeded for Corsair LS100 Lighting Kit @ HID: /dev/hidraw11
2441  |Info:    Profile loading: FAILED! for Corsair Commander Core @ HID: /dev/hidraw3
