    OpenRGB v0.8
    Commit: fb88964b8e514cdf4eb22da314e13f8db06a3636 from 2022-11-27 21:44:33 -0600
    Launched: 20221207_183131
====================================================================================================

1     |Info:    Found file: Default.orp attempting to validate header
2     |Info:    Valid v3 profile found for Default
1004  |Info:    ------------------------------------------------------
1004  |Info:    |               Start device detection               |
1004  |Info:    ------------------------------------------------------
1004  |Info:    Initializing HID interfaces: Success
1007  |Info:    ------------------------------------------------------
1007  |Info:    |             Detecting I2C interfaces               |
1007  |Info:    ------------------------------------------------------
1007  |Info:    Registering I2C interface: /dev/i2c-3 Device 10DE:2206 Subsystem: 10DE:1467
1007  |Info:    Registering I2C interface: /dev/i2c-6 Device 10DE:2206 Subsystem: 10DE:1467
1007  |Info:    Registering I2C interface: /dev/i2c-2 Device 1022:790B Subsystem: 1043:87C0
1008  |Info:    Registering I2C interface: /dev/i2c-7 Device 10DE:2206 Subsystem: 10DE:1467
1008  |Info:    ------------------------------------------------------
1008  |Info:    |               Detecting I2C devices                |
1008  |Info:    ------------------------------------------------------
1206  |Info:    ------------------------------------------------------
1206  |Info:    |               Detecting I2C PCI devices            |
1206  |Info:    ------------------------------------------------------
1206  |Info:    ------------------------------------------------------
1206  |Info:    |               Detecting HID devices                |
1206  |Info:    ------------------------------------------------------
1629  |Info:    [Gaming Mouse G900] Registering RGB controller
2051  |Info:    [Gaming Mouse G900] Registering RGB controller
2473  |Info:    [Gaming Mouse G900] Registering RGB controller
2895  |Info:    [Gaming Mouse G900] Registering RGB controller
3317  |Info:    [Gaming Mouse G900] Registering RGB controller
3393  |Info:    [ASUS ROG CROSSHAIR VIII HERO] Registering RGB controller
3447  |Info:    [Corsair LS100 Lighting Kit] Registering RGB controller
3586  |Info:    [Corsair Commander Core] Registering RGB controller
3586  |Info:    ------------------------------------------------------
3586  |Info:    |              Detecting other devices               |
3586  |Info:    ------------------------------------------------------
3593  |Info:    ------------------------------------------------------
3593  |Info:    |                Detection completed                 |
3593  |Info:    ------------------------------------------------------
3593  |Dialog:  <h2>WARNING:</h2><p>One or more I2C/SMBus interfaces failed to initialize.</p><p>RGB DRAM modules and some motherboards' onboard RGB lighting will not be available without I2C/SMBus.</p><p>On Linux, this is usually because the i2c-dev module is not loaded.  You must load the i2c-dev module along with the correct i2c driver for your motherboard.  This is usually i2c-piix4 for AMD systems and i2c-i801 for Intel systems.</p><p>See <a href='https://help.openrgb.org/'>help.openrgb.org</a> for additional troubleshooting steps if you keep seeing this message.<br></p>
3593  |Info:    Profile loading: FAILED! for Gaming Mouse G900 @ HID: /dev/hidraw12 (Receiver) 
Wireless Index: 255
3593  |Info:    Profile loading: FAILED! for Gaming Mouse G900 @ HID: /dev/hidraw12 (Receiver) 
Wireless Index: 255
3593  |Info:    Profile loading: FAILED! for Gaming Mouse G900 @ HID: /dev/hidraw12 (Receiver) 
Wireless Index: 255
3593  |Info:    Profile loading: FAILED! for Gaming Mouse G900 @ HID: /dev/hidraw12 (Receiver) 
Wireless Index: 255
3593  |Info:    Profile loading: FAILED! for Gaming Mouse G900 @ HID: /dev/hidraw12 (Receiver) 
Wireless Index: 255
3593  |Info:    Profile loading: FAILED! for ASUS ROG CROSSHAIR VIII HERO @ HID: /dev/hidraw10
3593  |Info:    Profile loading: FAILED! for Corsair LS100 Lighting Kit @ HID: /dev/hidraw8
3593  |Info:    Profile loading: FAILED! for Corsair Commander Core @ HID: /dev/hidraw3
6807496|Info:    ------------------------------------------------------
6807496|Info:    |               Start device detection               |
6807496|Info:    ------------------------------------------------------
6807496|Info:    Initializing HID interfaces: Success
6807500|Info:    ------------------------------------------------------
6807500|Info:    |             Detecting I2C interfaces               |
6807500|Info:    ------------------------------------------------------
6807500|Info:    Registering I2C interface: /dev/i2c-3 Device 10DE:2206 Subsystem: 10DE:1467
6807500|Info:    Registering I2C interface: /dev/i2c-6 Device 10DE:2206 Subsystem: 10DE:1467
6807500|Info:    Registering I2C interface: /dev/i2c-2 Device 1022:790B Subsystem: 1043:87C0
6807500|Info:    Registering I2C interface: /dev/i2c-7 Device 10DE:2206 Subsystem: 10DE:1467
6807500|Info:    ------------------------------------------------------
6807500|Info:    |               Detecting I2C devices                |
6807500|Info:    ------------------------------------------------------
6807700|Info:    ------------------------------------------------------
6807700|Info:    |               Detecting I2C PCI devices            |
6807700|Info:    ------------------------------------------------------
6807701|Info:    ------------------------------------------------------
6807701|Info:    |               Detecting HID devices                |
6807701|Info:    ------------------------------------------------------
6808123|Info:    [Gaming Mouse G900] Registering RGB controller
6808545|Info:    [Gaming Mouse G900] Registering RGB controller
6808967|Info:    [Gaming Mouse G900] Registering RGB controller
6809389|Info:    [Gaming Mouse G900] Registering RGB controller
6809811|Info:    [Gaming Mouse G900] Registering RGB controller
6809886|Info:    [ASUS ROG CROSSHAIR VIII HERO] Registering RGB controller
6809940|Info:    [Corsair LS100 Lighting Kit] Registering RGB controller
6810044|Info:    [Corsair Commander Core] Registering RGB controller
6810044|Info:    ------------------------------------------------------
6810044|Info:    |              Detecting other devices               |
6810044|Info:    ------------------------------------------------------
6810045|Info:    ------------------------------------------------------
6810045|Info:    |                Detection completed                 |
6810045|Info:    ------------------------------------------------------
6810045|Dialog:  <h2>WARNING:</h2><p>One or more I2C/SMBus interfaces failed to initialize.</p><p>RGB DRAM modules and some motherboards' onboard RGB lighting will not be available without I2C/SMBus.</p><p>On Linux, this is usually because the i2c-dev module is not loaded.  You must load the i2c-dev module along with the correct i2c driver for your motherboard.  This is usually i2c-piix4 for AMD systems and i2c-i801 for Intel systems.</p><p>See <a href='https://help.openrgb.org/'>help.openrgb.org</a> for additional troubleshooting steps if you keep seeing this message.<br></p>
6844049|Info:    ------------------------------------------------------
6844049|Info:    |               Start device detection               |
6844049|Info:    ------------------------------------------------------
6844049|Info:    Initializing HID interfaces: Success
6844053|Info:    ------------------------------------------------------
6844053|Info:    |             Detecting I2C interfaces               |
6844053|Info:    ------------------------------------------------------
6844053|Info:    Registering I2C interface: /dev/i2c-3 Device 10DE:2206 Subsystem: 10DE:1467
6844053|Info:    Registering I2C interface: /dev/i2c-6 Device 10DE:2206 Subsystem: 10DE:1467
6844053|Info:    Registering I2C interface: /dev/i2c-2 Device 1022:790B Subsystem: 1043:87C0
6844053|Info:    Registering I2C interface: /dev/i2c-7 Device 10DE:2206 Subsystem: 10DE:1467
6844053|Info:    ------------------------------------------------------
6844053|Info:    |               Detecting I2C devices                |
6844053|Info:    ------------------------------------------------------
6844252|Info:    ------------------------------------------------------
6844252|Info:    |               Detecting I2C PCI devices            |
6844252|Info:    ------------------------------------------------------
6844253|Info:    ------------------------------------------------------
6844253|Info:    |               Detecting HID devices                |
6844253|Info:    ------------------------------------------------------
6844675|Info:    [Gaming Mouse G900] Registering RGB controller
6845097|Info:    [Gaming Mouse G900] Registering RGB controller
6845519|Info:    [Gaming Mouse G900] Registering RGB controller
6845942|Info:    [Gaming Mouse G900] Registering RGB controller
6846364|Info:    [Gaming Mouse G900] Registering RGB controller
6846439|Info:    [ASUS ROG CROSSHAIR VIII HERO] Registering RGB controller
6846493|Info:    [Corsair LS100 Lighting Kit] Registering RGB controller
6846596|Info:    [Corsair Commander Core] Registering RGB controller
6846596|Info:    ------------------------------------------------------
6846596|Info:    |              Detecting other devices               |
6846596|Info:    ------------------------------------------------------
6846597|Info:    ------------------------------------------------------
6846597|Info:    |                Detection completed                 |
6846597|Info:    ------------------------------------------------------
6846597|Dialog:  <h2>WARNING:</h2><p>One or more I2C/SMBus interfaces failed to initialize.</p><p>RGB DRAM modules and some motherboards' onboard RGB lighting will not be available without I2C/SMBus.</p><p>On Linux, this is usually because the i2c-dev module is not loaded.  You must load the i2c-dev module along with the correct i2c driver for your motherboard.  This is usually i2c-piix4 for AMD systems and i2c-i801 for Intel systems.</p><p>See <a href='https://help.openrgb.org/'>help.openrgb.org</a> for additional troubleshooting steps if you keep seeing this message.<br></p>
6861599|Info:    ------------------------------------------------------
6861599|Info:    |               Start device detection               |
6861599|Info:    ------------------------------------------------------
6861599|Info:    Initializing HID interfaces: Success
6861602|Info:    ------------------------------------------------------
6861602|Info:    |             Detecting I2C interfaces               |
6861602|Info:    ------------------------------------------------------
6861603|Info:    Registering I2C interface: /dev/i2c-3 Device 10DE:2206 Subsystem: 10DE:1467
6861603|Info:    Registering I2C interface: /dev/i2c-6 Device 10DE:2206 Subsystem: 10DE:1467
6861603|Info:    Registering I2C interface: /dev/i2c-2 Device 1022:790B Subsystem: 1043:87C0
6861603|Info:    Registering I2C interface: /dev/i2c-7 Device 10DE:2206 Subsystem: 10DE:1467
6861603|Info:    ------------------------------------------------------
6861603|Info:    |               Detecting I2C devices                |
6861603|Info:    ------------------------------------------------------
6861802|Info:    ------------------------------------------------------
6861802|Info:    |               Detecting I2C PCI devices            |
6861802|Info:    ------------------------------------------------------
6861802|Info:    ------------------------------------------------------
6861802|Info:    |               Detecting HID devices                |
6861802|Info:    ------------------------------------------------------
6862224|Info:    [Gaming Mouse G900] Registering RGB controller
6862646|Info:    [Gaming Mouse G900] Registering RGB controller
6863070|Info:    [Gaming Mouse G900] Registering RGB controller
6863492|Info:    [Gaming Mouse G900] Registering RGB controller
6863914|Info:    [Gaming Mouse G900] Registering RGB controller
6863991|Info:    [ASUS ROG CROSSHAIR VIII HERO] Registering RGB controller
6864045|Info:    [Corsair LS100 Lighting Kit] Registering RGB controller
6864148|Info:    [Corsair Commander Core] Registering RGB controller
6864148|Info:    ------------------------------------------------------
6864148|Info:    |              Detecting other devices               |
6864148|Info:    ------------------------------------------------------
6864149|Info:    ------------------------------------------------------
6864149|Info:    |                Detection completed                 |
6864149|Info:    ------------------------------------------------------
6864149|Dialog:  <h2>WARNING:</h2><p>One or more I2C/SMBus interfaces failed to initialize.</p><p>RGB DRAM modules and some motherboards' onboard RGB lighting will not be available without I2C/SMBus.</p><p>On Linux, this is usually because the i2c-dev module is not loaded.  You must load the i2c-dev module along with the correct i2c driver for your motherboard.  This is usually i2c-piix4 for AMD systems and i2c-i801 for Intel systems.</p><p>See <a href='https://help.openrgb.org/'>help.openrgb.org</a> for additional troubleshooting steps if you keep seeing this message.<br></p>
7075169|Info:    ------------------------------------------------------
7075169|Info:    |               Start device detection               |
7075169|Info:    ------------------------------------------------------
7075170|Info:    Initializing HID interfaces: Success
7075173|Info:    ------------------------------------------------------
7075173|Info:    |             Detecting I2C interfaces               |
7075173|Info:    ------------------------------------------------------
7075173|Info:    Registering I2C interface: /dev/i2c-3 Device 10DE:2206 Subsystem: 10DE:1467
7075173|Info:    Registering I2C interface: /dev/i2c-6 Device 10DE:2206 Subsystem: 10DE:1467
7075173|Info:    Registering I2C interface: /dev/i2c-2 Device 1022:790B Subsystem: 1043:87C0
7075173|Info:    Registering I2C interface: /dev/i2c-7 Device 10DE:2206 Subsystem: 10DE:1467
7075173|Info:    ------------------------------------------------------
7075173|Info:    |               Detecting I2C devices                |
7075173|Info:    ------------------------------------------------------
7075372|Info:    ------------------------------------------------------
7075372|Info:    |               Detecting I2C PCI devices            |
7075372|Info:    ------------------------------------------------------
7075373|Info:    ------------------------------------------------------
7075373|Info:    |               Detecting HID devices                |
7075373|Info:    ------------------------------------------------------
7075796|Info:    [Gaming Mouse G900] Registering RGB controller
7076219|Info:    [Gaming Mouse G900] Registering RGB controller
7076641|Info:    [Gaming Mouse G900] Registering RGB controller
7077063|Info:    [Gaming Mouse G900] Registering RGB controller
7077485|Info:    [Gaming Mouse G900] Registering RGB controller
7077560|Info:    [ASUS ROG CROSSHAIR VIII HERO] Registering RGB controller
7077615|Info:    [Corsair LS100 Lighting Kit] Registering RGB controller
7077718|Info:    [Corsair Commander Core] Registering RGB controller
7077718|Info:    ------------------------------------------------------
7077718|Info:    |              Detecting other devices               |
7077718|Info:    ------------------------------------------------------
7077719|Info:    ------------------------------------------------------
7077719|Info:    |                Detection completed                 |
7077719|Info:    ------------------------------------------------------
7077719|Dialog:  <h2>WARNING:</h2><p>One or more I2C/SMBus interfaces failed to initialize.</p><p>RGB DRAM modules and some motherboards' onboard RGB lighting will not be available without I2C/SMBus.</p><p>On Linux, this is usually because the i2c-dev module is not loaded.  You must load the i2c-dev module along with the correct i2c driver for your motherboard.  This is usually i2c-piix4 for AMD systems and i2c-i801 for Intel systems.</p><p>See <a href='https://help.openrgb.org/'>help.openrgb.org</a> for additional troubleshooting steps if you keep seeing this message.<br></p>
