    OpenRGB v0.8
    Commit: fb88964b8e514cdf4eb22da314e13f8db06a3636 from 2022-11-27 21:44:33 -0600
    Launched: 20221207_233743
====================================================================================================

7     |Info:    Found file: Default.orp attempting to validate header
7     |Info:    Valid v3 profile found for Default
1008  |Info:    ------------------------------------------------------
1008  |Info:    |               Start device detection               |
1008  |Info:    ------------------------------------------------------
1009  |Info:    Initializing HID interfaces: Success
1012  |Info:    ------------------------------------------------------
1012  |Info:    |             Detecting I2C interfaces               |
1012  |Info:    ------------------------------------------------------
1012  |Info:    Registering I2C interface: /dev/i2c-3 Device 10DE:2206 Subsystem: 10DE:1467
1012  |Info:    Registering I2C interface: /dev/i2c-1 Device 1022:790B Subsystem: 1043:87C0
1012  |Info:    Registering I2C interface: /dev/i2c-6 Device 10DE:2206 Subsystem: 10DE:1467
1012  |Info:    Registering I2C interface: /dev/i2c-4 Device 10DE:2206 Subsystem: 10DE:1467
1012  |Info:    Registering I2C interface: /dev/i2c-2 Device 1022:790B Subsystem: 1043:87C0
1012  |Info:    Registering I2C interface: /dev/i2c-0 Device 1022:790B Subsystem: 1043:87C0
1012  |Info:    Registering I2C interface: /dev/i2c-7 Device 10DE:2206 Subsystem: 10DE:1467
1012  |Info:    Registering I2C interface: /dev/i2c-5 Device 10DE:2206 Subsystem: 10DE:1467
1012  |Info:    ------------------------------------------------------
1012  |Info:    |               Detecting I2C devices                |
1012  |Info:    ------------------------------------------------------
1179  |Info:    [Corsair Dominator Platinum RGB] Registering RGB controller
1191  |Info:    [Corsair Dominator Platinum RGB] Registering RGB controller
1202  |Info:    [Corsair Dominator Platinum RGB] Registering RGB controller
1213  |Info:    [Corsair Dominator Platinum RGB] Registering RGB controller
1779  |Info:    ------------------------------------------------------
1779  |Info:    |               Detecting I2C PCI devices            |
1779  |Info:    ------------------------------------------------------
1780  |Info:    ------------------------------------------------------
1780  |Info:    |               Detecting HID devices                |
1780  |Info:    ------------------------------------------------------
2203  |Info:    [Gaming Mouse G900] Registering RGB controller
2625  |Info:    [Gaming Mouse G900] Registering RGB controller
3047  |Info:    [Gaming Mouse G900] Registering RGB controller
3470  |Info:    [Gaming Mouse G900] Registering RGB controller
3892  |Info:    [Gaming Mouse G900] Registering RGB controller
3967  |Info:    [ASUS ROG CROSSHAIR VIII HERO] Registering RGB controller
4020  |Info:    [Corsair LS100 Lighting Kit] Registering RGB controller
4123  |Info:    [Corsair Commander Core] Registering RGB controller
4123  |Info:    ------------------------------------------------------
4123  |Info:    |              Detecting other devices               |
4123  |Info:    ------------------------------------------------------
4133  |Info:    ------------------------------------------------------
4133  |Info:    |                Detection completed                 |
4133  |Info:    ------------------------------------------------------
4133  |Info:    Profile loading: FAILED! for Corsair Dominator Platinum RGB @ I2C: /dev/i2c-0, address 0x58
4133  |Info:    Profile loading: FAILED! for Corsair Dominator Platinum RGB @ I2C: /dev/i2c-0, address 0x59
4133  |Info:    Profile loading: FAILED! for Corsair Dominator Platinum RGB @ I2C: /dev/i2c-0, address 0x5A
4133  |Info:    Profile loading: FAILED! for Corsair Dominator Platinum RGB @ I2C: /dev/i2c-0, address 0x5B
4133  |Info:    Profile loading: FAILED! for Gaming Mouse G900 @ HID: /dev/hidraw10 (Receiver) 
Wireless Index: 255
4133  |Info:    Profile loading: FAILED! for Gaming Mouse G900 @ HID: /dev/hidraw10 (Receiver) 
Wireless Index: 255
4133  |Info:    Profile loading: FAILED! for Gaming Mouse G900 @ HID: /dev/hidraw10 (Receiver) 
Wireless Index: 255
4133  |Info:    Profile loading: FAILED! for Gaming Mouse G900 @ HID: /dev/hidraw10 (Receiver) 
Wireless Index: 255
4133  |Info:    Profile loading: FAILED! for Gaming Mouse G900 @ HID: /dev/hidraw10 (Receiver) 
Wireless Index: 255
4133  |Info:    Profile loading: FAILED! for ASUS ROG CROSSHAIR VIII HERO @ HID: /dev/hidraw11
4133  |Info:    Profile loading: FAILED! for Corsair LS100 Lighting Kit @ HID: /dev/hidraw8
4133  |Info:    Profile loading: FAILED! for Corsair Commander Core @ HID: /dev/hidraw3
