    OpenRGB v0.7
    Commit:  from 
    Launched: 20220607_115631
====================================================================================================

0     |Info:    Found file: Default.orp attempting to validate header
0     |Info:    Valid v3 profile found for Default
1001  |Info:    ------------------------------------------------------
1001  |Info:    |               Start device detection               |
1001  |Info:    ------------------------------------------------------
1001  |Info:    Initializing HID interfaces: Success
1006  |Info:    ------------------------------------------------------
1006  |Info:    |             Detecting I2C interfaces               |
1006  |Info:    ------------------------------------------------------
1006  |Info:    Registering I2C interface: /dev/i2c-3 Device 10DE:2206 Subsystem: 10DE:1467
1006  |Info:    Registering I2C interface: /dev/i2c-1 Device 1022:790B Subsystem: 1043:87C0
1006  |Info:    Registering I2C interface: /dev/i2c-6 Device 10DE:2206 Subsystem: 10DE:1467
1006  |Info:    Registering I2C interface: /dev/i2c-4 Device 10DE:2206 Subsystem: 10DE:1467
1006  |Info:    Registering I2C interface: /dev/i2c-2 Device 1022:790B Subsystem: 1043:87C0
1006  |Info:    Registering I2C interface: /dev/i2c-0 Device 1022:790B Subsystem: 1043:87C0
1006  |Info:    Registering I2C interface: /dev/i2c-7 Device 10DE:2206 Subsystem: 10DE:1467
1006  |Info:    Registering I2C interface: /dev/i2c-5 Device 10DE:2206 Subsystem: 10DE:1467
1006  |Info:    ------------------------------------------------------
1006  |Info:    |               Detecting I2C devices                |
1006  |Info:    ------------------------------------------------------
1073  |Info:    Loading plugins
1684  |Info:    [Corsair Dominator Platinum RGB] Registering RGB controller
1696  |Info:    [Corsair Dominator Platinum RGB] Registering RGB controller
1707  |Info:    [Corsair Dominator Platinum RGB] Registering RGB controller
1719  |Info:    [Corsair Dominator Platinum RGB] Registering RGB controller
1770  |Info:    ------------------------------------------------------
1770  |Info:    |               Detecting HID devices                |
1770  |Info:    ------------------------------------------------------
2192  |Info:    [Gaming Mouse G900] Registering RGB controller
2546  |Info:    Unable add this Logitech device: Not Connected
2900  |Info:    Unable add this Logitech device: Not Connected
3254  |Info:    Unable add this Logitech device: Not Connected
3608  |Info:    Unable add this Logitech device: Not Connected
3962  |Info:    Unable add this Logitech device: Not Connected
4316  |Info:    Unable add this Logitech device: Not Connected
4670  |Info:    Unable add this Logitech device: Not Connected
5025  |Info:    Unable add this Logitech device: Not Connected
5379  |Info:    Unable add this Logitech device: Not Connected
5733  |Info:    Unable add this Logitech device: Not Connected
5807  |Info:    [ASUS ROG CROSSHAIR VIII HERO] Registering RGB controller
5862  |Info:    [Corsair LS100 Lighting Kit] Registering RGB controller
5993  |Info:    [Corsair Commander Core] Registering RGB controller
5993  |Info:    ------------------------------------------------------
5993  |Info:    |              Detecting other devices               |
5993  |Info:    ------------------------------------------------------
6003  |Info:    ------------------------------------------------------
6003  |Info:    |                Detection completed                 |
6003  |Info:    ------------------------------------------------------
