    OpenRGB v0.8
    Commit:  from 
    Launched: 20221207_150125
====================================================================================================

0     |Info:    Found file: Default.orp attempting to validate header
0     |Info:    Valid v3 profile found for Default
1002  |Info:    ------------------------------------------------------
1002  |Info:    |               Start device detection               |
1002  |Info:    ------------------------------------------------------
1003  |Info:    Initializing HID interfaces: Success
1006  |Info:    ------------------------------------------------------
1006  |Info:    |             Detecting I2C interfaces               |
1006  |Info:    ------------------------------------------------------
1006  |Info:    Registering I2C interface: /dev/i2c-3 Device 10DE:2206 Subsystem: 10DE:1467
1006  |Info:    Registering I2C interface: /dev/i2c-1 Device 1022:790B Subsystem: 1043:87C0
1006  |Info:    Registering I2C interface: /dev/i2c-6 Device 10DE:2206 Subsystem: 10DE:1467
1007  |Info:    Registering I2C interface: /dev/i2c-4 Device 10DE:2206 Subsystem: 10DE:1467
1007  |Info:    Registering I2C interface: /dev/i2c-2 Device 1022:790B Subsystem: 1043:87C0
1007  |Info:    Registering I2C interface: /dev/i2c-0 Device 1022:790B Subsystem: 1043:87C0
1007  |Info:    Registering I2C interface: /dev/i2c-7 Device 10DE:2206 Subsystem: 10DE:1467
1007  |Info:    Registering I2C interface: /dev/i2c-5 Device 10DE:2206 Subsystem: 10DE:1467
1007  |Info:    ------------------------------------------------------
1007  |Info:    |               Detecting I2C devices                |
1007  |Info:    ------------------------------------------------------
1688  |Info:    [Corsair Dominator Platinum RGB] Registering RGB controller
1699  |Info:    [Corsair Dominator Platinum RGB] Registering RGB controller
1711  |Info:    [Corsair Dominator Platinum RGB] Registering RGB controller
1722  |Info:    [Corsair Dominator Platinum RGB] Registering RGB controller
1773  |Info:    ------------------------------------------------------
1773  |Info:    |               Detecting I2C PCI devices            |
1773  |Info:    ------------------------------------------------------
1774  |Info:    ------------------------------------------------------
1774  |Info:    |               Detecting HID devices                |
1774  |Info:    ------------------------------------------------------
2196  |Info:    [Gaming Mouse G900] Registering RGB controller
2271  |Info:    [ASUS ROG CROSSHAIR VIII HERO] Registering RGB controller
2325  |Info:    [Corsair LS100 Lighting Kit] Registering RGB controller
2455  |Info:    [Corsair Commander Core] Registering RGB controller
2455  |Info:    ------------------------------------------------------
2455  |Info:    |              Detecting other devices               |
2455  |Info:    ------------------------------------------------------
2463  |Info:    ------------------------------------------------------
2463  |Info:    |                Detection completed                 |
2463  |Info:    ------------------------------------------------------
2463  |Info:    Profile loading: FAILED! for Corsair Dominator Platinum RGB @ I2C: /dev/i2c-0, address 0x58
2463  |Info:    Profile loading: FAILED! for Corsair Dominator Platinum RGB @ I2C: /dev/i2c-0, address 0x59
2463  |Info:    Profile loading: FAILED! for Corsair Dominator Platinum RGB @ I2C: /dev/i2c-0, address 0x5A
2463  |Info:    Profile loading: FAILED! for Corsair Dominator Platinum RGB @ I2C: /dev/i2c-0, address 0x5B
2463  |Info:    Profile loading: FAILED! for Gaming Mouse G900 @ HID: /dev/hidraw10 (Receiver) 
Wireless Index: 255
2463  |Info:    Profile loading: FAILED! for ASUS ROG CROSSHAIR VIII HERO @ HID: /dev/hidraw11
2463  |Info:    Profile loading: FAILED! for Corsair LS100 Lighting Kit @ HID: /dev/hidraw9
2463  |Info:    Profile loading: FAILED! for Corsair Commander Core @ HID: /dev/hidraw3
14468 |Info:    Found file: Default.orp attempting to validate header
14468 |Info:    Valid v3 profile found for Default
16458 |Info:    ------------------------------------------------------
16458 |Info:    |               Start device detection               |
16458 |Info:    ------------------------------------------------------
16458 |Info:    Initializing HID interfaces: Success
16462 |Info:    ------------------------------------------------------
16462 |Info:    |             Detecting I2C interfaces               |
16462 |Info:    ------------------------------------------------------
16462 |Info:    Registering I2C interface: /dev/i2c-3 Device 10DE:2206 Subsystem: 10DE:1467
16462 |Info:    Registering I2C interface: /dev/i2c-1 Device 1022:790B Subsystem: 1043:87C0
16462 |Info:    Registering I2C interface: /dev/i2c-6 Device 10DE:2206 Subsystem: 10DE:1467
16462 |Info:    Registering I2C interface: /dev/i2c-4 Device 10DE:2206 Subsystem: 10DE:1467
16462 |Info:    Registering I2C interface: /dev/i2c-2 Device 1022:790B Subsystem: 1043:87C0
16462 |Info:    Registering I2C interface: /dev/i2c-0 Device 1022:790B Subsystem: 1043:87C0
16462 |Info:    Registering I2C interface: /dev/i2c-7 Device 10DE:2206 Subsystem: 10DE:1467
16462 |Info:    Registering I2C interface: /dev/i2c-5 Device 10DE:2206 Subsystem: 10DE:1467
16462 |Info:    ------------------------------------------------------
16462 |Info:    |               Detecting I2C devices                |
16462 |Info:    ------------------------------------------------------
17148 |Info:    [Corsair Dominator Platinum RGB] Registering RGB controller
17160 |Info:    [Corsair Dominator Platinum RGB] Registering RGB controller
17171 |Info:    [Corsair Dominator Platinum RGB] Registering RGB controller
17182 |Info:    [Corsair Dominator Platinum RGB] Registering RGB controller
17233 |Info:    ------------------------------------------------------
17233 |Info:    |               Detecting I2C PCI devices            |
17233 |Info:    ------------------------------------------------------
17234 |Info:    ------------------------------------------------------
17234 |Info:    |               Detecting HID devices                |
17234 |Info:    ------------------------------------------------------
17656 |Info:    [Gaming Mouse G900] Registering RGB controller
17731 |Info:    [ASUS ROG CROSSHAIR VIII HERO] Registering RGB controller
17785 |Info:    [Corsair LS100 Lighting Kit] Registering RGB controller
17888 |Info:    [Corsair Commander Core] Registering RGB controller
17888 |Info:    ------------------------------------------------------
17888 |Info:    |              Detecting other devices               |
17888 |Info:    ------------------------------------------------------
17889 |Info:    ------------------------------------------------------
17889 |Info:    |                Detection completed                 |
17889 |Info:    ------------------------------------------------------
23670 |Info:    Found file: Default.orp attempting to validate header
23670 |Info:    Valid v3 profile found for Default
24056 |Info:    Found file: Default.orp attempting to validate header
24056 |Info:    Valid v3 profile found for Default
24889 |Info:    Profile loading: Succeeded for Corsair Dominator Platinum RGB @ I2C: /dev/i2c-0, address 0x58
24889 |Info:    Profile loading: Succeeded for Corsair Dominator Platinum RGB @ I2C: /dev/i2c-0, address 0x59
24889 |Info:    Profile loading: Succeeded for Corsair Dominator Platinum RGB @ I2C: /dev/i2c-0, address 0x5A
24889 |Info:    Profile loading: Succeeded for Corsair Dominator Platinum RGB @ I2C: /dev/i2c-0, address 0x5B
24889 |Info:    Profile loading: Succeeded for Gaming Mouse G900 @ HID: /dev/hidraw10 (Receiver) 
Wireless Index: 255
24889 |Info:    Profile loading: Succeeded for ASUS ROG CROSSHAIR VIII HERO @ HID: /dev/hidraw11
24889 |Info:    Profile loading: Succeeded for Corsair LS100 Lighting Kit @ HID: /dev/hidraw9
24889 |Info:    Profile loading: Succeeded for Corsair Commander Core @ HID: /dev/hidraw3
25576 |Info:    Found file: Default.orp attempting to validate header
25576 |Info:    Valid v3 profile found for Default
325015|Info:    ------------------------------------------------------
325015|Info:    |               Start device detection               |
325015|Info:    ------------------------------------------------------
325015|Info:    Initializing HID interfaces: Success
325018|Info:    ------------------------------------------------------
325018|Info:    |             Detecting I2C interfaces               |
325018|Info:    ------------------------------------------------------
325018|Info:    Registering I2C interface: /dev/i2c-3 Device 10DE:2206 Subsystem: 10DE:1467
325018|Info:    Registering I2C interface: /dev/i2c-1 Device 1022:790B Subsystem: 1043:87C0
325019|Info:    Registering I2C interface: /dev/i2c-6 Device 10DE:2206 Subsystem: 10DE:1467
325019|Info:    Registering I2C interface: /dev/i2c-4 Device 10DE:2206 Subsystem: 10DE:1467
325019|Info:    Registering I2C interface: /dev/i2c-2 Device 1022:790B Subsystem: 1043:87C0
325019|Info:    Registering I2C interface: /dev/i2c-0 Device 1022:790B Subsystem: 1043:87C0
325019|Info:    Registering I2C interface: /dev/i2c-7 Device 10DE:2206 Subsystem: 10DE:1467
325019|Info:    Registering I2C interface: /dev/i2c-5 Device 10DE:2206 Subsystem: 10DE:1467
325019|Info:    ------------------------------------------------------
325019|Info:    |               Detecting I2C devices                |
325019|Info:    ------------------------------------------------------
325699|Info:    [Corsair Dominator Platinum RGB] Registering RGB controller
325710|Info:    [Corsair Dominator Platinum RGB] Registering RGB controller
325722|Info:    [Corsair Dominator Platinum RGB] Registering RGB controller
325733|Info:    [Corsair Dominator Platinum RGB] Registering RGB controller
325784|Info:    ------------------------------------------------------
325784|Info:    |               Detecting I2C PCI devices            |
325784|Info:    ------------------------------------------------------
325785|Info:    ------------------------------------------------------
325785|Info:    |               Detecting HID devices                |
325785|Info:    ------------------------------------------------------
326207|Info:    [Gaming Mouse G900] Registering RGB controller
326281|Info:    [ASUS ROG CROSSHAIR VIII HERO] Registering RGB controller
326336|Info:    [Corsair LS100 Lighting Kit] Registering RGB controller
326439|Info:    [Corsair Commander Core] Registering RGB controller
326439|Info:    ------------------------------------------------------
326439|Info:    |              Detecting other devices               |
326439|Info:    ------------------------------------------------------
326439|Info:    ------------------------------------------------------
326439|Info:    |                Detection completed                 |
326439|Info:    ------------------------------------------------------
