    OpenRGB v0.7
    Commit:  from 
    Launched: 20220911_201742
====================================================================================================

6     |Info:    Found file: Default.orp attempting to validate header
6     |Info:    Valid v3 profile found for Default
1008  |Info:    ------------------------------------------------------
1008  |Info:    |               Start device detection               |
1008  |Info:    ------------------------------------------------------
1008  |Info:    Initializing HID interfaces: Success
1012  |Info:    ------------------------------------------------------
1012  |Info:    |             Detecting I2C interfaces               |
1012  |Info:    ------------------------------------------------------
1012  |Info:    Registering I2C interface: /dev/i2c-3 Device 10DE:2206 Subsystem: 10DE:1467
1012  |Info:    Registering I2C interface: /dev/i2c-1 Device 1022:790B Subsystem: 1043:87C0
1012  |Info:    Registering I2C interface: /dev/i2c-6 Device 10DE:2206 Subsystem: 10DE:1467
1012  |Info:    Registering I2C interface: /dev/i2c-4 Device 10DE:2206 Subsystem: 10DE:1467
1012  |Info:    Registering I2C interface: /dev/i2c-2 Device 1022:790B Subsystem: 1043:87C0
1012  |Info:    Registering I2C interface: /dev/i2c-0 Device 1022:790B Subsystem: 1043:87C0
1012  |Info:    Registering I2C interface: /dev/i2c-7 Device 10DE:2206 Subsystem: 10DE:1467
1012  |Info:    Registering I2C interface: /dev/i2c-5 Device 10DE:2206 Subsystem: 10DE:1467
1012  |Info:    ------------------------------------------------------
1012  |Info:    |               Detecting I2C devices                |
1012  |Info:    ------------------------------------------------------
1688  |Info:    [Corsair Dominator Platinum RGB] Registering RGB controller
1700  |Info:    [Corsair Dominator Platinum RGB] Registering RGB controller
1711  |Info:    [Corsair Dominator Platinum RGB] Registering RGB controller
1722  |Info:    [Corsair Dominator Platinum RGB] Registering RGB controller
1773  |Info:    ------------------------------------------------------
1773  |Info:    |               Detecting HID devices                |
1773  |Info:    ------------------------------------------------------
2197  |Info:    [Gaming Mouse G900] Registering RGB controller
2551  |Info:    Unable add this Logitech device: Not Connected
2905  |Info:    Unable add this Logitech device: Not Connected
3259  |Info:    Unable add this Logitech device: Not Connected
3613  |Info:    Unable add this Logitech device: Not Connected
3967  |Info:    Unable add this Logitech device: Not Connected
4321  |Info:    Unable add this Logitech device: Not Connected
4675  |Info:    Unable add this Logitech device: Not Connected
5029  |Info:    Unable add this Logitech device: Not Connected
5383  |Info:    Unable add this Logitech device: Not Connected
5737  |Info:    Unable add this Logitech device: Not Connected
5813  |Info:    [ASUS ROG CROSSHAIR VIII HERO] Registering RGB controller
5866  |Info:    [Corsair LS100 Lighting Kit] Registering RGB controller
5970  |Info:    [Corsair Commander Core] Registering RGB controller
5970  |Info:    ------------------------------------------------------
5970  |Info:    |              Detecting other devices               |
5970  |Info:    ------------------------------------------------------
5980  |Info:    ------------------------------------------------------
5980  |Info:    |                Detection completed                 |
5980  |Info:    ------------------------------------------------------
5980  |Info:    Profile loading: Succeeded for Corsair Dominator Platinum RGB @ I2C: /dev/i2c-0, address 0x58
5980  |Info:    Profile loading: Succeeded for Corsair Dominator Platinum RGB @ I2C: /dev/i2c-0, address 0x59
5980  |Info:    Profile loading: Succeeded for Corsair Dominator Platinum RGB @ I2C: /dev/i2c-0, address 0x5A
5980  |Info:    Profile loading: Succeeded for Corsair Dominator Platinum RGB @ I2C: /dev/i2c-0, address 0x5B
5980  |Info:    Profile loading: Succeeded for Gaming Mouse G900 @ HID: /dev/hidraw7 (Receiver) 
Wireless Index: 255
5980  |Info:    Profile loading: Succeeded for ASUS ROG CROSSHAIR VIII HERO @ HID: /dev/hidraw11
5980  |Info:    Profile loading: Succeeded for Corsair LS100 Lighting Kit @ HID: /dev/hidraw10
5980  |Info:    Profile loading: Succeeded for Corsair Commander Core @ HID: /dev/hidraw2
7281  |Info:    Loading plugins
