    OpenRGB v0.8
    Commit:  from 
    Launched: 20221207_145854
====================================================================================================

0     |Info:    Found file: Default.orp attempting to validate header
0     |Info:    Valid v3 profile found for Default
1001  |Info:    ------------------------------------------------------
1001  |Info:    |               Start device detection               |
1001  |Info:    ------------------------------------------------------
1001  |Info:    Initializing HID interfaces: Success
1005  |Info:    ------------------------------------------------------
1005  |Info:    |             Detecting I2C interfaces               |
1005  |Info:    ------------------------------------------------------
1005  |Info:    Registering I2C interface: /dev/i2c-3 Device 10DE:2206 Subsystem: 10DE:1467
1005  |Info:    Registering I2C interface: /dev/i2c-1 Device 1022:790B Subsystem: 1043:87C0
1005  |Info:    Registering I2C interface: /dev/i2c-6 Device 10DE:2206 Subsystem: 10DE:1467
1005  |Info:    Registering I2C interface: /dev/i2c-4 Device 10DE:2206 Subsystem: 10DE:1467
1005  |Info:    Registering I2C interface: /dev/i2c-2 Device 1022:790B Subsystem: 1043:87C0
1005  |Info:    Registering I2C interface: /dev/i2c-0 Device 1022:790B Subsystem: 1043:87C0
1005  |Info:    Registering I2C interface: /dev/i2c-7 Device 10DE:2206 Subsystem: 10DE:1467
1005  |Info:    Registering I2C interface: /dev/i2c-5 Device 10DE:2206 Subsystem: 10DE:1467
1005  |Info:    ------------------------------------------------------
1005  |Info:    |               Detecting I2C devices                |
1005  |Info:    ------------------------------------------------------
1687  |Info:    [Corsair Dominator Platinum RGB] Registering RGB controller
1698  |Info:    [Corsair Dominator Platinum RGB] Registering RGB controller
1710  |Info:    [Corsair Dominator Platinum RGB] Registering RGB controller
1721  |Info:    [Corsair Dominator Platinum RGB] Registering RGB controller
1772  |Info:    ------------------------------------------------------
1772  |Info:    |               Detecting I2C PCI devices            |
1772  |Info:    ------------------------------------------------------
1773  |Info:    ------------------------------------------------------
1773  |Info:    |               Detecting HID devices                |
1773  |Info:    ------------------------------------------------------
2195  |Info:    [Gaming Mouse G900] Registering RGB controller
2269  |Info:    [ASUS ROG CROSSHAIR VIII HERO] Registering RGB controller
2323  |Info:    [Corsair LS100 Lighting Kit] Registering RGB controller
2426  |Info:    [Corsair Commander Core] Registering RGB controller
2426  |Info:    ------------------------------------------------------
2426  |Info:    |              Detecting other devices               |
2426  |Info:    ------------------------------------------------------
2437  |Info:    ------------------------------------------------------
2437  |Info:    |                Detection completed                 |
2437  |Info:    ------------------------------------------------------
2437  |Info:    Profile loading: FAILED! for Corsair Dominator Platinum RGB @ I2C: /dev/i2c-0, address 0x58
2437  |Info:    Profile loading: FAILED! for Corsair Dominator Platinum RGB @ I2C: /dev/i2c-0, address 0x59
2437  |Info:    Profile loading: FAILED! for Corsair Dominator Platinum RGB @ I2C: /dev/i2c-0, address 0x5A
2437  |Info:    Profile loading: FAILED! for Corsair Dominator Platinum RGB @ I2C: /dev/i2c-0, address 0x5B
2437  |Info:    Profile loading: FAILED! for Gaming Mouse G900 @ HID: /dev/hidraw6 (Receiver) 
Wireless Index: 255
2437  |Info:    Profile loading: FAILED! for ASUS ROG CROSSHAIR VIII HERO @ HID: /dev/hidraw12
2437  |Info:    Profile loading: FAILED! for Corsair LS100 Lighting Kit @ HID: /dev/hidraw10
2437  |Info:    Profile loading: FAILED! for Corsair Commander Core @ HID: /dev/hidraw3
22370 |Info:    Found file: Default.orp attempting to validate header
22370 |Info:    Valid v3 profile found for Default
31429 |Info:    ------------------------------------------------------
31429 |Info:    |               Start device detection               |
31429 |Info:    ------------------------------------------------------
31429 |Info:    Initializing HID interfaces: Success
31432 |Info:    ------------------------------------------------------
31432 |Info:    |             Detecting I2C interfaces               |
31432 |Info:    ------------------------------------------------------
31432 |Info:    Registering I2C interface: /dev/i2c-3 Device 10DE:2206 Subsystem: 10DE:1467
31432 |Info:    Registering I2C interface: /dev/i2c-1 Device 1022:790B Subsystem: 1043:87C0
31433 |Info:    Registering I2C interface: /dev/i2c-6 Device 10DE:2206 Subsystem: 10DE:1467
31433 |Info:    Registering I2C interface: /dev/i2c-4 Device 10DE:2206 Subsystem: 10DE:1467
31433 |Info:    Registering I2C interface: /dev/i2c-2 Device 1022:790B Subsystem: 1043:87C0
31433 |Info:    Registering I2C interface: /dev/i2c-0 Device 1022:790B Subsystem: 1043:87C0
31433 |Info:    Registering I2C interface: /dev/i2c-7 Device 10DE:2206 Subsystem: 10DE:1467
31433 |Info:    Registering I2C interface: /dev/i2c-5 Device 10DE:2206 Subsystem: 10DE:1467
31433 |Info:    ------------------------------------------------------
31433 |Info:    |               Detecting I2C devices                |
31433 |Info:    ------------------------------------------------------
32111 |Info:    [Corsair Dominator Platinum RGB] Registering RGB controller
32122 |Info:    [Corsair Dominator Platinum RGB] Registering RGB controller
32134 |Info:    [Corsair Dominator Platinum RGB] Registering RGB controller
32145 |Info:    [Corsair Dominator Platinum RGB] Registering RGB controller
32196 |Info:    ------------------------------------------------------
32196 |Info:    |               Detecting I2C PCI devices            |
32196 |Info:    ------------------------------------------------------
32197 |Info:    ------------------------------------------------------
32197 |Info:    |               Detecting HID devices                |
32197 |Info:    ------------------------------------------------------
32620 |Info:    [Gaming Mouse G900] Registering RGB controller
32693 |Info:    [ASUS ROG CROSSHAIR VIII HERO] Registering RGB controller
32748 |Info:    [Corsair LS100 Lighting Kit] Registering RGB controller
32851 |Info:    [Corsair Commander Core] Registering RGB controller
32851 |Info:    ------------------------------------------------------
32851 |Info:    |              Detecting other devices               |
32851 |Info:    ------------------------------------------------------
32853 |Info:    ------------------------------------------------------
32853 |Info:    |                Detection completed                 |
32853 |Info:    ------------------------------------------------------
