    OpenRGB v0.8
    Commit:  from 
    Launched: 20221207_150836
====================================================================================================

0     |Info:    Found file: Default.orp attempting to validate header
0     |Info:    Valid v3 profile found for Default
1001  |Info:    ------------------------------------------------------
1001  |Info:    |               Start device detection               |
1001  |Info:    ------------------------------------------------------
1001  |Info:    Initializing HID interfaces: Success
1006  |Info:    ------------------------------------------------------
1006  |Info:    |             Detecting I2C interfaces               |
1006  |Info:    ------------------------------------------------------
1006  |Info:    Registering I2C interface: /dev/i2c-3 Device 10DE:2206 Subsystem: 10DE:1467
1006  |Info:    Registering I2C interface: /dev/i2c-1 Device 1022:790B Subsystem: 1043:87C0
1006  |Info:    Registering I2C interface: /dev/i2c-6 Device 10DE:2206 Subsystem: 10DE:1467
1006  |Info:    Registering I2C interface: /dev/i2c-4 Device 10DE:2206 Subsystem: 10DE:1467
1006  |Info:    Registering I2C interface: /dev/i2c-2 Device 1022:790B Subsystem: 1043:87C0
1006  |Info:    Registering I2C interface: /dev/i2c-0 Device 1022:790B Subsystem: 1043:87C0
1006  |Info:    Registering I2C interface: /dev/i2c-7 Device 10DE:2206 Subsystem: 10DE:1467
1006  |Info:    Registering I2C interface: /dev/i2c-5 Device 10DE:2206 Subsystem: 10DE:1467
1006  |Info:    ------------------------------------------------------
1006  |Info:    |               Detecting I2C devices                |
1006  |Info:    ------------------------------------------------------
1689  |Info:    [Corsair Dominator Platinum RGB] Registering RGB controller
1700  |Info:    [Corsair Dominator Platinum RGB] Registering RGB controller
1711  |Info:    [Corsair Dominator Platinum RGB] Registering RGB controller
1723  |Info:    [Corsair Dominator Platinum RGB] Registering RGB controller
1774  |Info:    ------------------------------------------------------
1774  |Info:    |               Detecting I2C PCI devices            |
1774  |Info:    ------------------------------------------------------
1775  |Info:    ------------------------------------------------------
1775  |Info:    |               Detecting HID devices                |
1775  |Info:    ------------------------------------------------------
2197  |Info:    [Gaming Mouse G900] Registering RGB controller
2274  |Info:    [ASUS ROG CROSSHAIR VIII HERO] Registering RGB controller
2329  |Info:    [Corsair LS100 Lighting Kit] Registering RGB controller
2476  |Info:    [Corsair Commander Core] Registering RGB controller
2476  |Info:    ------------------------------------------------------
2476  |Info:    |              Detecting other devices               |
2476  |Info:    ------------------------------------------------------
2486  |Info:    ------------------------------------------------------
2486  |Info:    |                Detection completed                 |
2486  |Info:    ------------------------------------------------------
