    OpenRGB v0.7
    Commit:  from 
    Launched: 20220623_230655
====================================================================================================

0     |Info:    Found file: Default.orp attempting to validate header
0     |Info:    Valid v3 profile found for Default
1001  |Info:    ------------------------------------------------------
1001  |Info:    |               Start device detection               |
1001  |Info:    ------------------------------------------------------
1001  |Info:    Initializing HID interfaces: Success
1005  |Info:    ------------------------------------------------------
1005  |Info:    |             Detecting I2C interfaces               |
1005  |Info:    ------------------------------------------------------
1005  |Info:    Registering I2C interface: /dev/i2c-3 Device 10DE:2206 Subsystem: 10DE:1467
1005  |Info:    Registering I2C interface: /dev/i2c-1 Device 1022:790B Subsystem: 1043:87C0
1005  |Info:    Registering I2C interface: /dev/i2c-6 Device 10DE:2206 Subsystem: 10DE:1467
1005  |Info:    Registering I2C interface: /dev/i2c-4 Device 10DE:2206 Subsystem: 10DE:1467
1005  |Info:    Registering I2C interface: /dev/i2c-2 Device 1022:790B Subsystem: 1043:87C0
1005  |Info:    Registering I2C interface: /dev/i2c-0 Device 1022:790B Subsystem: 1043:87C0
1005  |Info:    Registering I2C interface: /dev/i2c-7 Device 10DE:2206 Subsystem: 10DE:1467
1005  |Info:    Registering I2C interface: /dev/i2c-5 Device 10DE:2206 Subsystem: 10DE:1467
1005  |Info:    ------------------------------------------------------
1005  |Info:    |               Detecting I2C devices                |
1005  |Info:    ------------------------------------------------------
1682  |Info:    [Corsair Dominator Platinum RGB] Registering RGB controller
1694  |Info:    [Corsair Dominator Platinum RGB] Registering RGB controller
1705  |Info:    [Corsair Dominator Platinum RGB] Registering RGB controller
1716  |Info:    [Corsair Dominator Platinum RGB] Registering RGB controller
1767  |Info:    ------------------------------------------------------
1768  |Info:    |               Detecting HID devices                |
1768  |Info:    ------------------------------------------------------
2190  |Info:    [Gaming Mouse G900] Registering RGB controller
2544  |Info:    Unable add this Logitech device: Not Connected
2904  |Info:    Unable add this Logitech device: Not Connected
3258  |Info:    Unable add this Logitech device: Not Connected
3615  |Info:    Unable add this Logitech device: Not Connected
3972  |Info:    Unable add this Logitech device: Not Connected
4326  |Info:    Unable add this Logitech device: Not Connected
4680  |Info:    Unable add this Logitech device: Not Connected
5034  |Info:    Unable add this Logitech device: Not Connected
5388  |Info:    Unable add this Logitech device: Not Connected
5742  |Info:    Unable add this Logitech device: Not Connected
5765  |Info:    [ASUS ROG CROSSHAIR VIII HERO] Registering RGB controller
5768  |Info:    [Corsair LS100 Lighting Kit] Registering RGB controller
5821  |Info:    [Corsair Commander Core] Registering RGB controller
5821  |Info:    ------------------------------------------------------
5821  |Info:    |              Detecting other devices               |
5821  |Info:    ------------------------------------------------------
5828  |Info:    ------------------------------------------------------
5828  |Info:    |                Detection completed                 |
5828  |Info:    ------------------------------------------------------
