    OpenRGB v0.71
    Commit: 3045e8604612842134b55e4872a7000069d178d5 from 2022-05-16 17:01:24 +0000
    Launched: 20220517_103351
====================================================================================================

0     |Info:    Found file: Default.orp attempting to validate header
0     |Info:    Valid v3 profile found for Default
1001  |Info:    ------------------------------------------------------
1001  |Info:    |               Start device detection               |
1001  |Info:    ------------------------------------------------------
1001  |Info:    Initializing HID interfaces: Success
1005  |Info:    ------------------------------------------------------
1005  |Info:    |             Detecting I2C interfaces               |
1005  |Info:    ------------------------------------------------------
1008  |Info:    Registering I2C interface: /dev/i2c-3 Device 10DE:2206 Subsystem: 10DE:1467
1008  |Info:    Registering I2C interface: /dev/i2c-1 Device 1022:790B Subsystem: 1043:87C0
1008  |Info:    Registering I2C interface: /dev/i2c-6 Device 10DE:2206 Subsystem: 10DE:1467
1009  |Info:    Registering I2C interface: /dev/i2c-4 Device 10DE:2206 Subsystem: 10DE:1467
1009  |Info:    Registering I2C interface: /dev/i2c-2 Device 1022:790B Subsystem: 1043:87C0
1009  |Info:    Registering I2C interface: /dev/i2c-0 Device 1022:790B Subsystem: 1043:87C0
1009  |Info:    Registering I2C interface: /dev/i2c-7 Device 10DE:2206 Subsystem: 10DE:1467
1009  |Info:    Registering I2C interface: /dev/i2c-5 Device 10DE:2206 Subsystem: 10DE:1467
1009  |Info:    ------------------------------------------------------
1009  |Info:    |               Detecting I2C devices                |
1009  |Info:    ------------------------------------------------------
1111  |Info:    Loading plugins
1781  |Info:    [Corsair Dominator Platinum RGB] Registering RGB controller
1792  |Info:    [Corsair Dominator Platinum RGB] Registering RGB controller
1804  |Info:    [Corsair Dominator Platinum RGB] Registering RGB controller
1815  |Info:    [Corsair Dominator Platinum RGB] Registering RGB controller
1866  |Info:    ------------------------------------------------------
1866  |Info:    |               Detecting HID devices                |
1866  |Info:    ------------------------------------------------------
2288  |Info:    [Gaming Mouse G900] Registering RGB controller
2364  |Info:    [ASUS ROG CROSSHAIR VIII HERO] Registering RGB controller
2427  |Info:    [Corsair LS100 Lighting Kit] Registering RGB controller
2557  |Info:    [Corsair Commander Core] Registering RGB controller
2557  |Info:    ------------------------------------------------------
2557  |Info:    |              Detecting other devices               |
2557  |Info:    ------------------------------------------------------
2564  |Info:    ------------------------------------------------------
2564  |Info:    |                Detection completed                 |
2564  |Info:    ------------------------------------------------------
3630598|Info:    Profile loading: Succeeded for Corsair Dominator Platinum RGB @ I2C: /dev/i2c-0, address 0x58
3630598|Info:    Profile loading: Succeeded for Corsair Dominator Platinum RGB @ I2C: /dev/i2c-0, address 0x59
3630598|Info:    Profile loading: Succeeded for Corsair Dominator Platinum RGB @ I2C: /dev/i2c-0, address 0x5A
3630598|Info:    Profile loading: Succeeded for Corsair Dominator Platinum RGB @ I2C: /dev/i2c-0, address 0x5B
3630598|Info:    Profile loading: Succeeded for Gaming Mouse G900 @ HID: /dev/hidraw6 (Receiver) 
Wireless Index: 255
3630598|Info:    Profile loading: Succeeded for ASUS ROG CROSSHAIR VIII HERO @ HID: /dev/hidraw10
3630598|Info:    Profile loading: Succeeded for Corsair LS100 Lighting Kit @ HID: /dev/hidraw11
3630598|Info:    Profile loading: Succeeded for Corsair Commander Core @ HID: /dev/hidraw2
3634306|Info:    Found file: Default.orp attempting to validate header
3634306|Info:    Valid v3 profile found for Default
