    OpenRGB v0.71
    Commit: e4bb5788019bd84470d277b6513862eab79aa428 from 2022-05-25 00:04:28 -0500
    Launched: 20220531_213307
====================================================================================================

0     |Info:    Found file: Default.orp attempting to validate header
0     |Info:    Valid v3 profile found for Default
1001  |Info:    ------------------------------------------------------
1001  |Info:    |               Start device detection               |
1001  |Info:    ------------------------------------------------------
1001  |Info:    Initializing HID interfaces: Success
1003  |Info:    ------------------------------------------------------
1003  |Info:    |             Detecting I2C interfaces               |
1003  |Info:    ------------------------------------------------------
1003  |Info:    Registering I2C interface: /dev/i2c-3 Device 10DE:2206 Subsystem: 10DE:1467
1004  |Info:    Registering I2C interface: /dev/i2c-1 Device 1022:790B Subsystem: 1043:87C0
1004  |Info:    Registering I2C interface: /dev/i2c-6 Device 10DE:2206 Subsystem: 10DE:1467
1004  |Info:    Registering I2C interface: /dev/i2c-4 Device 10DE:2206 Subsystem: 10DE:1467
1004  |Info:    Registering I2C interface: /dev/i2c-2 Device 1022:790B Subsystem: 1043:87C0
1004  |Info:    Registering I2C interface: /dev/i2c-0 Device 1022:790B Subsystem: 1043:87C0
1004  |Info:    Registering I2C interface: /dev/i2c-7 Device 10DE:2206 Subsystem: 10DE:1467
1004  |Info:    Registering I2C interface: /dev/i2c-5 Device 10DE:2206 Subsystem: 10DE:1467
1004  |Info:    ------------------------------------------------------
1004  |Info:    |               Detecting I2C devices                |
1004  |Info:    ------------------------------------------------------
1654  |Info:    [Corsair Dominator Platinum RGB] Registering RGB controller
1667  |Info:    [Corsair Dominator Platinum RGB] Registering RGB controller
1678  |Info:    [Corsair Dominator Platinum RGB] Registering RGB controller
1690  |Info:    [Corsair Dominator Platinum RGB] Registering RGB controller
1741  |Info:    ------------------------------------------------------
1741  |Info:    |               Detecting I2C PCI devices            |
1741  |Info:    ------------------------------------------------------
1741  |Info:    ------------------------------------------------------
1741  |Info:    |               Detecting HID devices                |
1741  |Info:    ------------------------------------------------------
2164  |Info:    [Gaming Mouse G900] Registering RGB controller
2240  |Info:    [ASUS ROG CROSSHAIR VIII HERO] Registering RGB controller
2294  |Info:    [Corsair LS100 Lighting Kit] Registering RGB controller
2397  |Info:    [Corsair Commander Core] Registering RGB controller
2397  |Info:    ------------------------------------------------------
2397  |Info:    |              Detecting other devices               |
2397  |Info:    ------------------------------------------------------
2403  |Info:    ------------------------------------------------------
2403  |Info:    |                Detection completed                 |
2403  |Info:    ------------------------------------------------------
2404  |Info:    Profile loading: Succeeded for Corsair Dominator Platinum RGB @ I2C: /dev/i2c-0, address 0x58
2404  |Info:    Profile loading: Succeeded for Corsair Dominator Platinum RGB @ I2C: /dev/i2c-0, address 0x59
2404  |Info:    Profile loading: Succeeded for Corsair Dominator Platinum RGB @ I2C: /dev/i2c-0, address 0x5A
2404  |Info:    Profile loading: Succeeded for Corsair Dominator Platinum RGB @ I2C: /dev/i2c-0, address 0x5B
2404  |Info:    Profile loading: Succeeded for Gaming Mouse G900 @ HID: /dev/hidraw5 (Receiver) 
Wireless Index: 255
2404  |Info:    Profile loading: Succeeded for ASUS ROG CROSSHAIR VIII HERO @ HID: /dev/hidraw10
2404  |Info:    Profile loading: Succeeded for Corsair LS100 Lighting Kit @ HID: /dev/hidraw9
2404  |Info:    Profile loading: Succeeded for Corsair Commander Core @ HID: /dev/hidraw2
3732  |Info:    Loading plugins
