    OpenRGB v0.8
    Commit:  from 
    Launched: 20221202_113014
====================================================================================================

0     |Info:    Found file: Default.orp attempting to validate header
0     |Info:    Valid v3 profile found for Default
1003  |Info:    ------------------------------------------------------
1003  |Info:    |               Start device detection               |
1003  |Info:    ------------------------------------------------------
1003  |Info:    Initializing HID interfaces: Success
1007  |Info:    ------------------------------------------------------
1007  |Info:    |             Detecting I2C interfaces               |
1007  |Info:    ------------------------------------------------------
1007  |Info:    Registering I2C interface: /dev/i2c-3 Device 10DE:2206 Subsystem: 10DE:1467
1007  |Info:    Registering I2C interface: /dev/i2c-1 Device 1022:790B Subsystem: 1043:87C0
1007  |Info:    Registering I2C interface: /dev/i2c-6 Device 10DE:2206 Subsystem: 10DE:1467
1007  |Info:    Registering I2C interface: /dev/i2c-4 Device 10DE:2206 Subsystem: 10DE:1467
1007  |Info:    Registering I2C interface: /dev/i2c-2 Device 1022:790B Subsystem: 1043:87C0
1007  |Info:    Registering I2C interface: /dev/i2c-0 Device 1022:790B Subsystem: 1043:87C0
1007  |Info:    Registering I2C interface: /dev/i2c-7 Device 10DE:2206 Subsystem: 10DE:1467
1007  |Info:    Registering I2C interface: /dev/i2c-5 Device 10DE:2206 Subsystem: 10DE:1467
1007  |Info:    ------------------------------------------------------
1007  |Info:    |               Detecting I2C devices                |
1007  |Info:    ------------------------------------------------------
1691  |Info:    [Corsair Dominator Platinum RGB] Registering RGB controller
1702  |Info:    [Corsair Dominator Platinum RGB] Registering RGB controller
1713  |Info:    [Corsair Dominator Platinum RGB] Registering RGB controller
1725  |Info:    [Corsair Dominator Platinum RGB] Registering RGB controller
1776  |Info:    ------------------------------------------------------
1776  |Info:    |               Detecting I2C PCI devices            |
1776  |Info:    ------------------------------------------------------
1776  |Info:    ------------------------------------------------------
1776  |Info:    |               Detecting HID devices                |
1776  |Info:    ------------------------------------------------------
2198  |Info:    [Gaming Mouse G900] Registering RGB controller
2272  |Info:    [ASUS ROG CROSSHAIR VIII HERO] Registering RGB controller
2325  |Info:    [Corsair LS100 Lighting Kit] Registering RGB controller
2473  |Info:    [Corsair Commander Core] Registering RGB controller
2473  |Info:    ------------------------------------------------------
2473  |Info:    |              Detecting other devices               |
2473  |Info:    ------------------------------------------------------
2483  |Info:    ------------------------------------------------------
2483  |Info:    |                Detection completed                 |
2483  |Info:    ------------------------------------------------------
2483  |Info:    Profile loading: Succeeded for Corsair Dominator Platinum RGB @ I2C: /dev/i2c-0, address 0x58
2483  |Info:    Profile loading: Succeeded for Corsair Dominator Platinum RGB @ I2C: /dev/i2c-0, address 0x59
2483  |Info:    Profile loading: Succeeded for Corsair Dominator Platinum RGB @ I2C: /dev/i2c-0, address 0x5A
2483  |Info:    Profile loading: Succeeded for Corsair Dominator Platinum RGB @ I2C: /dev/i2c-0, address 0x5B
2483  |Info:    Profile loading: Succeeded for Gaming Mouse G900 @ HID: /dev/hidraw12 (Receiver) 
Wireless Index: 255
2483  |Info:    Profile loading: Succeeded for ASUS ROG CROSSHAIR VIII HERO @ HID: /dev/hidraw10
2483  |Info:    Profile loading: Succeeded for Corsair LS100 Lighting Kit @ HID: /dev/hidraw7
2483  |Info:    Profile loading: FAILED! for Corsair Commander Core @ HID: /dev/hidraw3
