    OpenRGB v0.7
    Commit:  from 
    Launched: 20221105_205912
====================================================================================================

0     |Info:    Found file: Default.orp attempting to validate header
2     |Info:    Valid v3 profile found for Default
1003  |Info:    ------------------------------------------------------
1003  |Info:    |               Start device detection               |
1003  |Info:    ------------------------------------------------------
1003  |Info:    Initializing HID interfaces: Success
1006  |Info:    ------------------------------------------------------
1006  |Info:    |             Detecting I2C interfaces               |
1006  |Info:    ------------------------------------------------------
1006  |Info:    Registering I2C interface: /dev/i2c-3 Device 10DE:2206 Subsystem: 10DE:1467
1007  |Info:    Registering I2C interface: /dev/i2c-1 Device 1022:790B Subsystem: 1043:87C0
1007  |Info:    Registering I2C interface: /dev/i2c-6 Device 10DE:2206 Subsystem: 10DE:1467
1007  |Info:    Registering I2C interface: /dev/i2c-4 Device 10DE:2206 Subsystem: 10DE:1467
1007  |Info:    Registering I2C interface: /dev/i2c-2 Device 1022:790B Subsystem: 1043:87C0
1007  |Info:    Registering I2C interface: /dev/i2c-0 Device 1022:790B Subsystem: 1043:87C0
1007  |Info:    Registering I2C interface: /dev/i2c-7 Device 10DE:2206 Subsystem: 10DE:1467
1007  |Info:    Registering I2C interface: /dev/i2c-5 Device 10DE:2206 Subsystem: 10DE:1467
1007  |Info:    ------------------------------------------------------
1007  |Info:    |               Detecting I2C devices                |
1007  |Info:    ------------------------------------------------------
1686  |Info:    [Corsair Dominator Platinum RGB] Registering RGB controller
1697  |Info:    [Corsair Dominator Platinum RGB] Registering RGB controller
1709  |Info:    [Corsair Dominator Platinum RGB] Registering RGB controller
1720  |Info:    [Corsair Dominator Platinum RGB] Registering RGB controller
1771  |Info:    ------------------------------------------------------
1771  |Info:    |               Detecting HID devices                |
1771  |Info:    ------------------------------------------------------
2193  |Info:    [Gaming Mouse G900] Registering RGB controller
2267  |Info:    [ASUS ROG CROSSHAIR VIII HERO] Registering RGB controller
2321  |Info:    [Corsair LS100 Lighting Kit] Registering RGB controller
2470  |Info:    [Corsair Commander Core] Registering RGB controller
2823  |Info:    Unable add this Logitech device: Not Connected
3177  |Info:    Unable add this Logitech device: Not Connected
3531  |Info:    Unable add this Logitech device: Not Connected
3885  |Info:    Unable add this Logitech device: Not Connected
4239  |Info:    Unable add this Logitech device: Not Connected
4593  |Info:    Unable add this Logitech device: Not Connected
4947  |Info:    Unable add this Logitech device: Not Connected
5301  |Info:    Unable add this Logitech device: Not Connected
5655  |Info:    Unable add this Logitech device: Not Connected
6009  |Info:    Unable add this Logitech device: Not Connected
6009  |Info:    ------------------------------------------------------
6009  |Info:    |              Detecting other devices               |
6009  |Info:    ------------------------------------------------------
6019  |Info:    ------------------------------------------------------
6019  |Info:    |                Detection completed                 |
6019  |Info:    ------------------------------------------------------
6019  |Info:    Profile loading: Succeeded for Corsair Dominator Platinum RGB @ I2C: /dev/i2c-0, address 0x58
6019  |Info:    Profile loading: Succeeded for Corsair Dominator Platinum RGB @ I2C: /dev/i2c-0, address 0x59
6019  |Info:    Profile loading: Succeeded for Corsair Dominator Platinum RGB @ I2C: /dev/i2c-0, address 0x5A
6019  |Info:    Profile loading: Succeeded for Corsair Dominator Platinum RGB @ I2C: /dev/i2c-0, address 0x5B
6019  |Info:    Profile loading: Succeeded for Gaming Mouse G900 @ HID: /dev/hidraw12 (Receiver) 
Wireless Index: 255
6019  |Info:    Profile loading: Succeeded for ASUS ROG CROSSHAIR VIII HERO @ HID: /dev/hidraw10
6019  |Info:    Profile loading: Succeeded for Corsair LS100 Lighting Kit @ HID: /dev/hidraw9
6019  |Info:    Profile loading: Succeeded for Corsair Commander Core @ HID: /dev/hidraw3
7303  |Info:    Loading plugins
