    OpenRGB v0.7
    Commit:  from 
    Launched: 20220911_140918
====================================================================================================

0     |Info:    Found file: Default.orp attempting to validate header
1     |Info:    Valid v3 profile found for Default
1002  |Info:    ------------------------------------------------------
1002  |Info:    |               Start device detection               |
1002  |Info:    ------------------------------------------------------
1002  |Info:    Initializing HID interfaces: Success
1006  |Info:    ------------------------------------------------------
1006  |Info:    |             Detecting I2C interfaces               |
1006  |Info:    ------------------------------------------------------
1006  |Info:    Registering I2C interface: /dev/i2c-3 Device 10DE:2206 Subsystem: 10DE:1467
1006  |Info:    Registering I2C interface: /dev/i2c-1 Device 1022:790B Subsystem: 1043:87C0
1006  |Info:    Registering I2C interface: /dev/i2c-6 Device 10DE:2206 Subsystem: 10DE:1467
1006  |Info:    Registering I2C interface: /dev/i2c-4 Device 10DE:2206 Subsystem: 10DE:1467
1006  |Info:    Registering I2C interface: /dev/i2c-2 Device 1022:790B Subsystem: 1043:87C0
1006  |Info:    Registering I2C interface: /dev/i2c-0 Device 1022:790B Subsystem: 1043:87C0
1007  |Info:    Registering I2C interface: /dev/i2c-7 Device 10DE:2206 Subsystem: 10DE:1467
1007  |Info:    Registering I2C interface: /dev/i2c-5 Device 10DE:2206 Subsystem: 10DE:1467
1007  |Info:    ------------------------------------------------------
1007  |Info:    |               Detecting I2C devices                |
1007  |Info:    ------------------------------------------------------
1684  |Info:    [Corsair Dominator Platinum RGB] Registering RGB controller
1696  |Info:    [Corsair Dominator Platinum RGB] Registering RGB controller
1707  |Info:    [Corsair Dominator Platinum RGB] Registering RGB controller
1718  |Info:    [Corsair Dominator Platinum RGB] Registering RGB controller
1770  |Info:    ------------------------------------------------------
1770  |Info:    |               Detecting HID devices                |
1770  |Info:    ------------------------------------------------------
2193  |Info:    [Gaming Mouse G900] Registering RGB controller
2548  |Info:    Unable add this Logitech device: Not Connected
2902  |Info:    Unable add this Logitech device: Not Connected
3256  |Info:    Unable add this Logitech device: Not Connected
3610  |Info:    Unable add this Logitech device: Not Connected
3964  |Info:    Unable add this Logitech device: Not Connected
4318  |Info:    Unable add this Logitech device: Not Connected
4672  |Info:    Unable add this Logitech device: Not Connected
5026  |Info:    Unable add this Logitech device: Not Connected
5380  |Info:    Unable add this Logitech device: Not Connected
5734  |Info:    Unable add this Logitech device: Not Connected
5808  |Info:    [ASUS ROG CROSSHAIR VIII HERO] Registering RGB controller
5871  |Info:    [Corsair LS100 Lighting Kit] Registering RGB controller
6020  |Info:    [Corsair Commander Core] Registering RGB controller
6020  |Info:    ------------------------------------------------------
6020  |Info:    |              Detecting other devices               |
6020  |Info:    ------------------------------------------------------
6027  |Info:    ------------------------------------------------------
6027  |Info:    |                Detection completed                 |
6027  |Info:    ------------------------------------------------------
6027  |Info:    Profile loading: Succeeded for Corsair Dominator Platinum RGB @ I2C: /dev/i2c-0, address 0x58
6027  |Info:    Profile loading: Succeeded for Corsair Dominator Platinum RGB @ I2C: /dev/i2c-0, address 0x59
6027  |Info:    Profile loading: Succeeded for Corsair Dominator Platinum RGB @ I2C: /dev/i2c-0, address 0x5A
6027  |Info:    Profile loading: Succeeded for Corsair Dominator Platinum RGB @ I2C: /dev/i2c-0, address 0x5B
6027  |Info:    Profile loading: Succeeded for Gaming Mouse G900 @ HID: /dev/hidraw7 (Receiver) 
Wireless Index: 255
6027  |Info:    Profile loading: Succeeded for ASUS ROG CROSSHAIR VIII HERO @ HID: /dev/hidraw11
6027  |Info:    Profile loading: Succeeded for Corsair LS100 Lighting Kit @ HID: /dev/hidraw10
6027  |Info:    Profile loading: Succeeded for Corsair Commander Core @ HID: /dev/hidraw2
7346  |Info:    Loading plugins
