    OpenRGB v0.7
    Commit:  from 
    Launched: 20221114_232905
====================================================================================================

0     |Info:    Found file: Default.orp attempting to validate header
0     |Info:    Valid v3 profile found for Default
1001  |Info:    ------------------------------------------------------
1001  |Info:    |               Start device detection               |
1001  |Info:    ------------------------------------------------------
1001  |Info:    Initializing HID interfaces: Success
1005  |Info:    ------------------------------------------------------
1005  |Info:    |             Detecting I2C interfaces               |
1005  |Info:    ------------------------------------------------------
1005  |Info:    Registering I2C interface: /dev/i2c-3 Device 10DE:2206 Subsystem: 10DE:1467
1005  |Info:    Registering I2C interface: /dev/i2c-1 Device 1022:790B Subsystem: 1043:87C0
1005  |Info:    Registering I2C interface: /dev/i2c-6 Device 10DE:2206 Subsystem: 10DE:1467
1005  |Info:    Registering I2C interface: /dev/i2c-4 Device 10DE:2206 Subsystem: 10DE:1467
1005  |Info:    Registering I2C interface: /dev/i2c-2 Device 1022:790B Subsystem: 1043:87C0
1005  |Info:    Registering I2C interface: /dev/i2c-0 Device 1022:790B Subsystem: 1043:87C0
1005  |Info:    Registering I2C interface: /dev/i2c-7 Device 10DE:2206 Subsystem: 10DE:1467
1005  |Info:    Registering I2C interface: /dev/i2c-5 Device 10DE:2206 Subsystem: 10DE:1467
1005  |Info:    ------------------------------------------------------
1005  |Info:    |               Detecting I2C devices                |
1005  |Info:    ------------------------------------------------------
1685  |Info:    [Corsair Dominator Platinum RGB] Registering RGB controller
1696  |Info:    [Corsair Dominator Platinum RGB] Registering RGB controller
1708  |Info:    [Corsair Dominator Platinum RGB] Registering RGB controller
1719  |Info:    [Corsair Dominator Platinum RGB] Registering RGB controller
1770  |Info:    ------------------------------------------------------
1770  |Info:    |               Detecting HID devices                |
1770  |Info:    ------------------------------------------------------
2193  |Info:    [Gaming Mouse G900] Registering RGB controller
2267  |Info:    [ASUS ROG CROSSHAIR VIII HERO] Registering RGB controller
2323  |Info:    [Corsair LS100 Lighting Kit] Registering RGB controller
2466  |Info:    [Corsair Commander Core] Registering RGB controller
2820  |Info:    Unable add this Logitech device: Not Connected
3174  |Info:    Unable add this Logitech device: Not Connected
3528  |Info:    Unable add this Logitech device: Not Connected
3882  |Info:    Unable add this Logitech device: Not Connected
4236  |Info:    Unable add this Logitech device: Not Connected
4590  |Info:    Unable add this Logitech device: Not Connected
4944  |Info:    Unable add this Logitech device: Not Connected
5298  |Info:    Unable add this Logitech device: Not Connected
5652  |Info:    Unable add this Logitech device: Not Connected
6006  |Info:    Unable add this Logitech device: Not Connected
6006  |Info:    ------------------------------------------------------
6006  |Info:    |              Detecting other devices               |
6006  |Info:    ------------------------------------------------------
6013  |Info:    ------------------------------------------------------
6013  |Info:    |                Detection completed                 |
6013  |Info:    ------------------------------------------------------
6014  |Info:    Profile loading: Succeeded for Corsair Dominator Platinum RGB @ I2C: /dev/i2c-0, address 0x58
6014  |Info:    Profile loading: Succeeded for Corsair Dominator Platinum RGB @ I2C: /dev/i2c-0, address 0x59
6014  |Info:    Profile loading: Succeeded for Corsair Dominator Platinum RGB @ I2C: /dev/i2c-0, address 0x5A
6014  |Info:    Profile loading: Succeeded for Corsair Dominator Platinum RGB @ I2C: /dev/i2c-0, address 0x5B
6014  |Info:    Profile loading: Succeeded for Gaming Mouse G900 @ HID: /dev/hidraw12 (Receiver) 
Wireless Index: 255
6014  |Info:    Profile loading: Succeeded for ASUS ROG CROSSHAIR VIII HERO @ HID: /dev/hidraw11
6014  |Info:    Profile loading: Succeeded for Corsair LS100 Lighting Kit @ HID: /dev/hidraw10
6014  |Info:    Profile loading: Succeeded for Corsair Commander Core @ HID: /dev/hidraw3
7299  |Info:    Loading plugins
