    OpenRGB v0.71
    Commit: 952d0fe5051de3dba82aa2ccc588c83e3b77710e from 2022-05-19 23:55:13 +0000
    Launched: 20220520_124358
====================================================================================================

0     |Info:    Found file: Default.orp attempting to validate header
0     |Info:    Valid v3 profile found for Default
1001  |Info:    ------------------------------------------------------
1001  |Info:    |               Start device detection               |
1001  |Info:    ------------------------------------------------------
1001  |Info:    Initializing HID interfaces: Success
1005  |Info:    ------------------------------------------------------
1005  |Info:    |             Detecting I2C interfaces               |
1005  |Info:    ------------------------------------------------------
1006  |Info:    Registering I2C interface: /dev/i2c-3 Device 10DE:2206 Subsystem: 10DE:1467
1006  |Info:    Registering I2C interface: /dev/i2c-1 Device 1022:790B Subsystem: 1043:87C0
1006  |Info:    Registering I2C interface: /dev/i2c-6 Device 10DE:2206 Subsystem: 10DE:1467
1007  |Info:    Registering I2C interface: /dev/i2c-4 Device 10DE:2206 Subsystem: 10DE:1467
1007  |Info:    Registering I2C interface: /dev/i2c-2 Device 1022:790B Subsystem: 1043:87C0
1007  |Info:    Registering I2C interface: /dev/i2c-0 Device 1022:790B Subsystem: 1043:87C0
1007  |Info:    Registering I2C interface: /dev/i2c-7 Device 10DE:2206 Subsystem: 10DE:1467
1007  |Info:    Registering I2C interface: /dev/i2c-5 Device 10DE:2206 Subsystem: 10DE:1467
1007  |Info:    ------------------------------------------------------
1007  |Info:    |               Detecting I2C devices                |
1007  |Info:    ------------------------------------------------------
1051  |Info:    Loading plugins
1657  |Info:    [Corsair Dominator Platinum RGB] Registering RGB controller
1669  |Info:    [Corsair Dominator Platinum RGB] Registering RGB controller
1680  |Info:    [Corsair Dominator Platinum RGB] Registering RGB controller
1693  |Info:    [Corsair Dominator Platinum RGB] Registering RGB controller
1752  |Info:    ------------------------------------------------------
1753  |Info:    |               Detecting HID devices                |
1753  |Info:    ------------------------------------------------------
2175  |Info:    [Gaming Mouse G900] Registering RGB controller
2251  |Info:    [ASUS ROG CROSSHAIR VIII HERO] Registering RGB controller
2306  |Info:    [Corsair LS100 Lighting Kit] Registering RGB controller
2436  |Info:    [Corsair Commander Core] Registering RGB controller
2436  |Info:    ------------------------------------------------------
2436  |Info:    |              Detecting other devices               |
2436  |Info:    ------------------------------------------------------
2447  |Info:    ------------------------------------------------------
2447  |Info:    |                Detection completed                 |
2447  |Info:    ------------------------------------------------------
267210|Info:    Found file: Default.orp attempting to validate header
267210|Info:    Valid v3 profile found for Default
