    OpenRGB v0.7
    Commit:  from 
    Launched: 20220803_131645
====================================================================================================

0     |Info:    Found file: Default.orp attempting to validate header
0     |Info:    Valid v3 profile found for Default
1001  |Info:    ------------------------------------------------------
1001  |Info:    |               Start device detection               |
1001  |Info:    ------------------------------------------------------
1001  |Info:    Initializing HID interfaces: Success
1005  |Info:    ------------------------------------------------------
1005  |Info:    |             Detecting I2C interfaces               |
1005  |Info:    ------------------------------------------------------
1005  |Info:    Registering I2C interface: /dev/i2c-3 Device 10DE:2206 Subsystem: 10DE:1467
1005  |Info:    Registering I2C interface: /dev/i2c-1 Device 1022:790B Subsystem: 1043:87C0
1005  |Info:    Registering I2C interface: /dev/i2c-6 Device 10DE:2206 Subsystem: 10DE:1467
1005  |Info:    Registering I2C interface: /dev/i2c-4 Device 10DE:2206 Subsystem: 10DE:1467
1005  |Info:    Registering I2C interface: /dev/i2c-2 Device 1022:790B Subsystem: 1043:87C0
1005  |Info:    Registering I2C interface: /dev/i2c-0 Device 1022:790B Subsystem: 1043:87C0
1005  |Info:    Registering I2C interface: /dev/i2c-7 Device 10DE:2206 Subsystem: 10DE:1467
1005  |Info:    Registering I2C interface: /dev/i2c-5 Device 10DE:2206 Subsystem: 10DE:1467
1005  |Info:    ------------------------------------------------------
1005  |Info:    |               Detecting I2C devices                |
1005  |Info:    ------------------------------------------------------
1682  |Info:    [Corsair Dominator Platinum RGB] Registering RGB controller
1693  |Info:    [Corsair Dominator Platinum RGB] Registering RGB controller
1704  |Info:    [Corsair Dominator Platinum RGB] Registering RGB controller
1716  |Info:    [Corsair Dominator Platinum RGB] Registering RGB controller
1767  |Info:    ------------------------------------------------------
1767  |Info:    |               Detecting HID devices                |
1767  |Info:    ------------------------------------------------------
2372  |Info:    [Gaming Mouse G900] Registering RGB controller
2446  |Info:    [ASUS ROG CROSSHAIR VIII HERO] Registering RGB controller
2499  |Info:    [Corsair LS100 Lighting Kit] Registering RGB controller
2643  |Info:    [Corsair Commander Core] Registering RGB controller
2643  |Info:    ------------------------------------------------------
2643  |Info:    |              Detecting other devices               |
2643  |Info:    ------------------------------------------------------
2653  |Info:    ------------------------------------------------------
2653  |Info:    |                Detection completed                 |
2653  |Info:    ------------------------------------------------------
2653  |Info:    Profile loading: Succeeded for Corsair Dominator Platinum RGB @ I2C: /dev/i2c-0, address 0x58
2653  |Info:    Profile loading: Succeeded for Corsair Dominator Platinum RGB @ I2C: /dev/i2c-0, address 0x59
2653  |Info:    Profile loading: Succeeded for Corsair Dominator Platinum RGB @ I2C: /dev/i2c-0, address 0x5A
2653  |Info:    Profile loading: Succeeded for Corsair Dominator Platinum RGB @ I2C: /dev/i2c-0, address 0x5B
2653  |Info:    Profile loading: Succeeded for Gaming Mouse G900 @ HID: /dev/hidraw12 (Receiver) 
Wireless Index: 255
2653  |Info:    Profile loading: Succeeded for ASUS ROG CROSSHAIR VIII HERO @ HID: /dev/hidraw9
2653  |Info:    Profile loading: Succeeded for Corsair LS100 Lighting Kit @ HID: /dev/hidraw8
2653  |Info:    Profile loading: Succeeded for Corsair Commander Core @ HID: /dev/hidraw0
3963  |Info:    Loading plugins
