    OpenRGB v0.8
    Commit: fb88964b8e514cdf4eb22da314e13f8db06a3636 from 2022-11-27 21:44:33 -0600
    Launched: 20221207_153545
====================================================================================================

0     |Info:    Found file: Default.orp attempting to validate header
1     |Info:    Valid v3 profile found for Default
1003  |Info:    ------------------------------------------------------
1003  |Info:    |               Start device detection               |
1003  |Info:    ------------------------------------------------------
1003  |Info:    Initializing HID interfaces: Success
1006  |Info:    ------------------------------------------------------
1006  |Info:    |             Detecting I2C interfaces               |
1006  |Info:    ------------------------------------------------------
1006  |Info:    Registering I2C interface: /dev/i2c-3 Device 10DE:2206 Subsystem: 10DE:1467
1006  |Info:    Registering I2C interface: /dev/i2c-6 Device 10DE:2206 Subsystem: 10DE:1467
1006  |Info:    Registering I2C interface: /dev/i2c-2 Device 1022:790B Subsystem: 1043:87C0
1006  |Info:    Registering I2C interface: /dev/i2c-7 Device 10DE:2206 Subsystem: 10DE:1467
1006  |Info:    ------------------------------------------------------
1006  |Info:    |               Detecting I2C devices                |
1006  |Info:    ------------------------------------------------------
1205  |Info:    ------------------------------------------------------
1205  |Info:    |               Detecting I2C PCI devices            |
1205  |Info:    ------------------------------------------------------
1205  |Info:    ------------------------------------------------------
1205  |Info:    |               Detecting HID devices                |
1205  |Info:    ------------------------------------------------------
1628  |Info:    [Gaming Mouse G900] Registering RGB controller
2050  |Info:    [Gaming Mouse G900] Registering RGB controller
2473  |Info:    [Gaming Mouse G900] Registering RGB controller
2896  |Info:    [Gaming Mouse G900] Registering RGB controller
3318  |Info:    [Gaming Mouse G900] Registering RGB controller
3393  |Info:    [ASUS ROG CROSSHAIR VIII HERO] Registering RGB controller
3447  |Info:    [Corsair LS100 Lighting Kit] Registering RGB controller
3604  |Info:    [Corsair Commander Core] Registering RGB controller
3604  |Info:    ------------------------------------------------------
3604  |Info:    |              Detecting other devices               |
3604  |Info:    ------------------------------------------------------
3612  |Info:    ------------------------------------------------------
3612  |Info:    |                Detection completed                 |
3612  |Info:    ------------------------------------------------------
3612  |Dialog:  <h2>WARNING:</h2><p>One or more I2C/SMBus interfaces failed to initialize.</p><p>RGB DRAM modules and some motherboards' onboard RGB lighting will not be available without I2C/SMBus.</p><p>On Linux, this is usually because the i2c-dev module is not loaded.  You must load the i2c-dev module along with the correct i2c driver for your motherboard.  This is usually i2c-piix4 for AMD systems and i2c-i801 for Intel systems.</p><p>See <a href='https://help.openrgb.org/'>help.openrgb.org</a> for additional troubleshooting steps if you keep seeing this message.<br></p>
3612  |Info:    Profile loading: FAILED! for Gaming Mouse G900 @ HID: /dev/hidraw6 (Receiver) 
Wireless Index: 255
3612  |Info:    Profile loading: FAILED! for Gaming Mouse G900 @ HID: /dev/hidraw6 (Receiver) 
Wireless Index: 255
3612  |Info:    Profile loading: FAILED! for Gaming Mouse G900 @ HID: /dev/hidraw6 (Receiver) 
Wireless Index: 255
3612  |Info:    Profile loading: FAILED! for Gaming Mouse G900 @ HID: /dev/hidraw6 (Receiver) 
Wireless Index: 255
3612  |Info:    Profile loading: FAILED! for Gaming Mouse G900 @ HID: /dev/hidraw6 (Receiver) 
Wireless Index: 255
3612  |Info:    Profile loading: FAILED! for ASUS ROG CROSSHAIR VIII HERO @ HID: /dev/hidraw8
3612  |Info:    Profile loading: FAILED! for Corsair LS100 Lighting Kit @ HID: /dev/hidraw12
3612  |Info:    Profile loading: FAILED! for Corsair Commander Core @ HID: /dev/hidraw0
