    OpenRGB v0.71
    Commit: e2a4ef45cfe8a1c49c069f61d0cc08b9d9d808af from 2022-05-20 23:29:07 +1000
    Launched: 20220520_125250
====================================================================================================

0     |Info:    Found file: Default.orp attempting to validate header
0     |Info:    Valid v3 profile found for Default
1001  |Info:    ------------------------------------------------------
1001  |Info:    |               Start device detection               |
1001  |Info:    ------------------------------------------------------
1001  |Info:    Initializing HID interfaces: Success
1003  |Info:    ------------------------------------------------------
1003  |Info:    |             Detecting I2C interfaces               |
1003  |Info:    ------------------------------------------------------
1003  |Info:    Registering I2C interface: /dev/i2c-3 Device 10DE:2206 Subsystem: 10DE:1467
1003  |Info:    Registering I2C interface: /dev/i2c-1 Device 1022:790B Subsystem: 1043:87C0
1003  |Info:    Registering I2C interface: /dev/i2c-6 Device 10DE:2206 Subsystem: 10DE:1467
1004  |Info:    Registering I2C interface: /dev/i2c-4 Device 10DE:2206 Subsystem: 10DE:1467
1004  |Info:    Registering I2C interface: /dev/i2c-2 Device 1022:790B Subsystem: 1043:87C0
1004  |Info:    Registering I2C interface: /dev/i2c-0 Device 1022:790B Subsystem: 1043:87C0
1004  |Info:    Registering I2C interface: /dev/i2c-7 Device 10DE:2206 Subsystem: 10DE:1467
1004  |Info:    Registering I2C interface: /dev/i2c-5 Device 10DE:2206 Subsystem: 10DE:1467
1004  |Info:    ------------------------------------------------------
1004  |Info:    |               Detecting I2C devices                |
1004  |Info:    ------------------------------------------------------
1656  |Info:    [Corsair Dominator Platinum RGB] Registering RGB controller
1667  |Info:    [Corsair Dominator Platinum RGB] Registering RGB controller
1679  |Info:    [Corsair Dominator Platinum RGB] Registering RGB controller
1690  |Info:    [Corsair Dominator Platinum RGB] Registering RGB controller
1741  |Info:    ------------------------------------------------------
1741  |Info:    |               Detecting HID devices                |
1741  |Info:    ------------------------------------------------------
2163  |Info:    [Gaming Mouse G900] Registering RGB controller
2238  |Info:    [ASUS ROG CROSSHAIR VIII HERO] Registering RGB controller
2293  |Info:    [Corsair LS100 Lighting Kit] Registering RGB controller
2424  |Info:    [Corsair Commander Core] Registering RGB controller
2424  |Info:    ------------------------------------------------------
2424  |Info:    |              Detecting other devices               |
2424  |Info:    ------------------------------------------------------
2431  |Info:    ------------------------------------------------------
2431  |Info:    |                Detection completed                 |
2431  |Info:    ------------------------------------------------------
2432  |Info:    Profile loading: Succeeded for Corsair Dominator Platinum RGB @ I2C: /dev/i2c-0, address 0x58
2432  |Info:    Profile loading: Succeeded for Corsair Dominator Platinum RGB @ I2C: /dev/i2c-0, address 0x59
2432  |Info:    Profile loading: Succeeded for Corsair Dominator Platinum RGB @ I2C: /dev/i2c-0, address 0x5A
2432  |Info:    Profile loading: Succeeded for Corsair Dominator Platinum RGB @ I2C: /dev/i2c-0, address 0x5B
2432  |Info:    Profile loading: Succeeded for Gaming Mouse G900 @ HID: /dev/hidraw6 (Receiver) 
Wireless Index: 255
2432  |Info:    Profile loading: Succeeded for ASUS ROG CROSSHAIR VIII HERO @ HID: /dev/hidraw10
2432  |Info:    Profile loading: Succeeded for Corsair LS100 Lighting Kit @ HID: /dev/hidraw11
2432  |Info:    Profile loading: Succeeded for Corsair Commander Core @ HID: /dev/hidraw2
