    OpenRGB v0.71
    Commit: e4bb5788019bd84470d277b6513862eab79aa428 from 2022-05-25 00:04:28 -0500
    Launched: 20220602_084227
====================================================================================================

0     |Info:    Found file: Default.orp attempting to validate header
0     |Info:    Valid v3 profile found for Default
1001  |Info:    ------------------------------------------------------
1001  |Info:    |               Start device detection               |
1001  |Info:    ------------------------------------------------------
1001  |Info:    Initializing HID interfaces: Success
1006  |Info:    ------------------------------------------------------
1006  |Info:    |             Detecting I2C interfaces               |
1006  |Info:    ------------------------------------------------------
1006  |Info:    Registering I2C interface: /dev/i2c-3 Device 10DE:2206 Subsystem: 10DE:1467
1006  |Info:    Registering I2C interface: /dev/i2c-1 Device 1022:790B Subsystem: 1043:87C0
1006  |Info:    Registering I2C interface: /dev/i2c-6 Device 10DE:2206 Subsystem: 10DE:1467
1006  |Info:    Registering I2C interface: /dev/i2c-4 Device 10DE:2206 Subsystem: 10DE:1467
1006  |Info:    Registering I2C interface: /dev/i2c-2 Device 1022:790B Subsystem: 1043:87C0
1006  |Info:    Registering I2C interface: /dev/i2c-0 Device 1022:790B Subsystem: 1043:87C0
1006  |Info:    Registering I2C interface: /dev/i2c-7 Device 10DE:2206 Subsystem: 10DE:1467
1007  |Info:    Registering I2C interface: /dev/i2c-5 Device 10DE:2206 Subsystem: 10DE:1467
1007  |Info:    ------------------------------------------------------
1007  |Info:    |               Detecting I2C devices                |
1007  |Info:    ------------------------------------------------------
1656  |Info:    [Corsair Dominator Platinum RGB] Registering RGB controller
1668  |Info:    [Corsair Dominator Platinum RGB] Registering RGB controller
1679  |Info:    [Corsair Dominator Platinum RGB] Registering RGB controller
1691  |Info:    [Corsair Dominator Platinum RGB] Registering RGB controller
1743  |Info:    ------------------------------------------------------
1743  |Info:    |               Detecting I2C PCI devices            |
1743  |Info:    ------------------------------------------------------
1743  |Info:    ------------------------------------------------------
1743  |Info:    |               Detecting HID devices                |
1743  |Info:    ------------------------------------------------------
2167  |Info:    [Gaming Mouse G900] Registering RGB controller
2244  |Info:    [ASUS ROG CROSSHAIR VIII HERO] Registering RGB controller
2309  |Info:    [Corsair LS100 Lighting Kit] Registering RGB controller
2450  |Info:    [Corsair Commander Core] Registering RGB controller
2450  |Info:    ------------------------------------------------------
2450  |Info:    |              Detecting other devices               |
2450  |Info:    ------------------------------------------------------
2459  |Info:    ------------------------------------------------------
2459  |Info:    |                Detection completed                 |
2459  |Info:    ------------------------------------------------------
2460  |Info:    Profile loading: Succeeded for Corsair Dominator Platinum RGB @ I2C: /dev/i2c-0, address 0x58
2460  |Info:    Profile loading: Succeeded for Corsair Dominator Platinum RGB @ I2C: /dev/i2c-0, address 0x59
2460  |Info:    Profile loading: Succeeded for Corsair Dominator Platinum RGB @ I2C: /dev/i2c-0, address 0x5A
2460  |Info:    Profile loading: Succeeded for Corsair Dominator Platinum RGB @ I2C: /dev/i2c-0, address 0x5B
2460  |Info:    Profile loading: Succeeded for Gaming Mouse G900 @ HID: /dev/hidraw1 (Receiver) 
Wireless Index: 255
2460  |Info:    Profile loading: Succeeded for ASUS ROG CROSSHAIR VIII HERO @ HID: /dev/hidraw10
2460  |Info:    Profile loading: Succeeded for Corsair LS100 Lighting Kit @ HID: /dev/hidraw11
2460  |Info:    Profile loading: Succeeded for Corsair Commander Core @ HID: /dev/hidraw2
3794  |Info:    Loading plugins
10712064|Info:    ------------------------------------------------------
10712064|Info:    |               Start device detection               |
10712064|Info:    ------------------------------------------------------
10712064|Info:    Initializing HID interfaces: Success
10712069|Info:    ------------------------------------------------------
10712069|Info:    |             Detecting I2C interfaces               |
10712069|Info:    ------------------------------------------------------
10712069|Info:    Registering I2C interface: /dev/i2c-3 Device 10DE:2206 Subsystem: 10DE:1467
10712069|Info:    Registering I2C interface: /dev/i2c-1 Device 1022:790B Subsystem: 1043:87C0
10712069|Info:    Registering I2C interface: /dev/i2c-6 Device 10DE:2206 Subsystem: 10DE:1467
10712069|Info:    Registering I2C interface: /dev/i2c-4 Device 10DE:2206 Subsystem: 10DE:1467
10712069|Info:    Registering I2C interface: /dev/i2c-2 Device 1022:790B Subsystem: 1043:87C0
10712069|Info:    Registering I2C interface: /dev/i2c-0 Device 1022:790B Subsystem: 1043:87C0
10712069|Info:    Registering I2C interface: /dev/i2c-7 Device 10DE:2206 Subsystem: 10DE:1467
10712070|Info:    Registering I2C interface: /dev/i2c-5 Device 10DE:2206 Subsystem: 10DE:1467
10712070|Info:    ------------------------------------------------------
10712070|Info:    |               Detecting I2C devices                |
10712070|Info:    ------------------------------------------------------
10712719|Info:    [Corsair Dominator Platinum RGB] Registering RGB controller
10712730|Info:    [Corsair Dominator Platinum RGB] Registering RGB controller
10712742|Info:    [Corsair Dominator Platinum RGB] Registering RGB controller
10712753|Info:    [Corsair Dominator Platinum RGB] Registering RGB controller
10712804|Info:    ------------------------------------------------------
10712804|Info:    |               Detecting I2C PCI devices            |
10712804|Info:    ------------------------------------------------------
10712804|Info:    ------------------------------------------------------
10712804|Info:    |               Detecting HID devices                |
10712804|Info:    ------------------------------------------------------
10713226|Info:    [Gaming Mouse G900] Registering RGB controller
10713302|Info:    [ASUS ROG CROSSHAIR VIII HERO] Registering RGB controller
10713357|Info:    [Corsair LS100 Lighting Kit] Registering RGB controller
10713460|Info:    [Corsair Commander Core] Registering RGB controller
10713460|Info:    ------------------------------------------------------
10713460|Info:    |              Detecting other devices               |
10713460|Info:    ------------------------------------------------------
10713460|Info:    ------------------------------------------------------
10713460|Info:    |                Detection completed                 |
10713460|Info:    ------------------------------------------------------
10735812|Info:    Found file: Default.orp attempting to validate header
10735812|Info:    Valid v3 profile found for Default
10805968|Info:    Found file: Default.orp attempting to validate header
10805969|Info:    Valid v3 profile found for Default
10808829|Info:    Found file: Default.orp attempting to validate header
10808829|Info:    Valid v3 profile found for Default
