    OpenRGB v0.7
    Commit:  from 
    Launched: 20220618_085212
====================================================================================================

0     |Info:    Found file: Default.orp attempting to validate header
0     |Info:    Valid v3 profile found for Default
1001  |Info:    ------------------------------------------------------
1001  |Info:    |               Start device detection               |
1001  |Info:    ------------------------------------------------------
1002  |Info:    Initializing HID interfaces: Success
1010  |Info:    ------------------------------------------------------
1010  |Info:    |             Detecting I2C interfaces               |
1010  |Info:    ------------------------------------------------------
1010  |Info:    Registering I2C interface: /dev/i2c-3 Device 10DE:2206 Subsystem: 10DE:1467
1010  |Info:    Registering I2C interface: /dev/i2c-1 Device 1022:790B Subsystem: 1043:87C0
1010  |Info:    Registering I2C interface: /dev/i2c-6 Device 10DE:2206 Subsystem: 10DE:1467
1011  |Info:    Registering I2C interface: /dev/i2c-4 Device 10DE:2206 Subsystem: 10DE:1467
1011  |Info:    Registering I2C interface: /dev/i2c-2 Device 1022:790B Subsystem: 1043:87C0
1011  |Info:    Registering I2C interface: /dev/i2c-0 Device 1022:790B Subsystem: 1043:87C0
1011  |Info:    Registering I2C interface: /dev/i2c-7 Device 10DE:2206 Subsystem: 10DE:1467
1011  |Info:    Registering I2C interface: /dev/i2c-5 Device 10DE:2206 Subsystem: 10DE:1467
1011  |Info:    ------------------------------------------------------
1011  |Info:    |               Detecting I2C devices                |
1011  |Info:    ------------------------------------------------------
1686  |Info:    [Corsair Dominator Platinum RGB] Registering RGB controller
1698  |Info:    [Corsair Dominator Platinum RGB] Registering RGB controller
1714  |Info:    [Corsair Dominator Platinum RGB] Registering RGB controller
1725  |Info:    [Corsair Dominator Platinum RGB] Registering RGB controller
1777  |Info:    ------------------------------------------------------
1777  |Info:    |               Detecting HID devices                |
1777  |Info:    ------------------------------------------------------
2201  |Info:    [Gaming Mouse G900] Registering RGB controller
2556  |Info:    Unable add this Logitech device: Not Connected
2910  |Info:    Unable add this Logitech device: Not Connected
3264  |Info:    Unable add this Logitech device: Not Connected
3617  |Info:    Unable add this Logitech device: Not Connected
3972  |Info:    Unable add this Logitech device: Not Connected
4326  |Info:    Unable add this Logitech device: Not Connected
4680  |Info:    Unable add this Logitech device: Not Connected
5034  |Info:    Unable add this Logitech device: Not Connected
5388  |Info:    Unable add this Logitech device: Not Connected
5742  |Info:    Unable add this Logitech device: Not Connected
5816  |Info:    [ASUS ROG CROSSHAIR VIII HERO] Registering RGB controller
5869  |Info:    [Corsair LS100 Lighting Kit] Registering RGB controller
6024  |Info:    [Corsair Commander Core] Registering RGB controller
6024  |Info:    ------------------------------------------------------
6024  |Info:    |              Detecting other devices               |
6024  |Info:    ------------------------------------------------------
6034  |Info:    ------------------------------------------------------
6034  |Info:    |                Detection completed                 |
6034  |Info:    ------------------------------------------------------
6034  |Info:    Profile loading: Succeeded for Corsair Dominator Platinum RGB @ I2C: /dev/i2c-0, address 0x58
6034  |Info:    Profile loading: Succeeded for Corsair Dominator Platinum RGB @ I2C: /dev/i2c-0, address 0x59
6034  |Info:    Profile loading: Succeeded for Corsair Dominator Platinum RGB @ I2C: /dev/i2c-0, address 0x5A
6034  |Info:    Profile loading: Succeeded for Corsair Dominator Platinum RGB @ I2C: /dev/i2c-0, address 0x5B
6034  |Info:    Profile loading: Succeeded for Gaming Mouse G900 @ HID: /dev/hidraw1 (Receiver) 
Wireless Index: 255
6034  |Info:    Profile loading: Succeeded for ASUS ROG CROSSHAIR VIII HERO @ HID: /dev/hidraw11
6034  |Info:    Profile loading: Succeeded for Corsair LS100 Lighting Kit @ HID: /dev/hidraw10
6034  |Info:    Profile loading: Succeeded for Corsair Commander Core @ HID: /dev/hidraw2
7335  |Info:    Loading plugins
