    OpenRGB v0.7
    Commit:  from 
    Launched: 20220826_201407
====================================================================================================

0     |Info:    Found file: Default.orp attempting to validate header
0     |Info:    Valid v3 profile found for Default
1002  |Info:    ------------------------------------------------------
1002  |Info:    |               Start device detection               |
1002  |Info:    ------------------------------------------------------
1002  |Info:    Initializing HID interfaces: Success
1005  |Info:    ------------------------------------------------------
1005  |Info:    |             Detecting I2C interfaces               |
1005  |Info:    ------------------------------------------------------
1005  |Info:    Registering I2C interface: /dev/i2c-3 Device 10DE:2206 Subsystem: 10DE:1467
1005  |Info:    Registering I2C interface: /dev/i2c-1 Device 1022:790B Subsystem: 1043:87C0
1005  |Info:    Registering I2C interface: /dev/i2c-6 Device 10DE:2206 Subsystem: 10DE:1467
1006  |Info:    Registering I2C interface: /dev/i2c-4 Device 10DE:2206 Subsystem: 10DE:1467
1006  |Info:    Registering I2C interface: /dev/i2c-2 Device 1022:790B Subsystem: 1043:87C0
1006  |Info:    Registering I2C interface: /dev/i2c-0 Device 1022:790B Subsystem: 1043:87C0
1006  |Info:    Registering I2C interface: /dev/i2c-7 Device 10DE:2206 Subsystem: 10DE:1467
1006  |Info:    Registering I2C interface: /dev/i2c-5 Device 10DE:2206 Subsystem: 10DE:1467
1006  |Info:    ------------------------------------------------------
1006  |Info:    |               Detecting I2C devices                |
1006  |Info:    ------------------------------------------------------
1682  |Info:    [Corsair Dominator Platinum RGB] Registering RGB controller
1693  |Info:    [Corsair Dominator Platinum RGB] Registering RGB controller
1705  |Info:    [Corsair Dominator Platinum RGB] Registering RGB controller
1716  |Info:    [Corsair Dominator Platinum RGB] Registering RGB controller
1767  |Info:    ------------------------------------------------------
1767  |Info:    |               Detecting HID devices                |
1767  |Info:    ------------------------------------------------------
2121  |Info:    Unable add this Logitech device: Not Connected
2475  |Info:    Unable add this Logitech device: Not Connected
2829  |Info:    Unable add this Logitech device: Not Connected
3183  |Info:    Unable add this Logitech device: Not Connected
3537  |Info:    Unable add this Logitech device: Not Connected
3891  |Info:    Unable add this Logitech device: Not Connected
4245  |Info:    Unable add this Logitech device: Not Connected
4599  |Info:    Unable add this Logitech device: Not Connected
4953  |Info:    Unable add this Logitech device: Not Connected
5307  |Info:    Unable add this Logitech device: Not Connected
5307  |Info:    [Logitech G900 Wireless Gaming Mouse] is not initialized
5385  |Info:    [ASUS ROG CROSSHAIR VIII HERO] Registering RGB controller
5439  |Info:    [Corsair LS100 Lighting Kit] Registering RGB controller
5590  |Info:    [Corsair Commander Core] Registering RGB controller
5590  |Info:    ------------------------------------------------------
5590  |Info:    |              Detecting other devices               |
5590  |Info:    ------------------------------------------------------
5597  |Info:    ------------------------------------------------------
5597  |Info:    |                Detection completed                 |
5597  |Info:    ------------------------------------------------------
5597  |Info:    Profile loading: Succeeded for Corsair Dominator Platinum RGB @ I2C: /dev/i2c-0, address 0x58
5597  |Info:    Profile loading: Succeeded for Corsair Dominator Platinum RGB @ I2C: /dev/i2c-0, address 0x59
5597  |Info:    Profile loading: Succeeded for Corsair Dominator Platinum RGB @ I2C: /dev/i2c-0, address 0x5A
5597  |Info:    Profile loading: Succeeded for Corsair Dominator Platinum RGB @ I2C: /dev/i2c-0, address 0x5B
5597  |Info:    Profile loading: Succeeded for ASUS ROG CROSSHAIR VIII HERO @ HID: /dev/hidraw9
5597  |Info:    Profile loading: Succeeded for Corsair LS100 Lighting Kit @ HID: /dev/hidraw10
5597  |Info:    Profile loading: Succeeded for Corsair Commander Core @ HID: /dev/hidraw2
6864  |Info:    Loading plugins
