    OpenRGB v0.8
    Commit: fb88964b8e514cdf4eb22da314e13f8db06a3636 from 2022-11-27 21:44:33 -0600
    Launched: 20221207_204631
====================================================================================================

0     |Info:    Found file: Default.orp attempting to validate header
0     |Info:    Valid v3 profile found for Default
1002  |Info:    ------------------------------------------------------
1002  |Info:    |               Start device detection               |
1002  |Info:    ------------------------------------------------------
1002  |Info:    Initializing HID interfaces: Success
1006  |Info:    ------------------------------------------------------
1006  |Info:    |             Detecting I2C interfaces               |
1006  |Info:    ------------------------------------------------------
1006  |Info:    Registering I2C interface: /dev/i2c-3 Device 10DE:2206 Subsystem: 10DE:1467
1006  |Info:    Registering I2C interface: /dev/i2c-1 Device 1022:790B Subsystem: 1043:87C0
1006  |Info:    Registering I2C interface: /dev/i2c-6 Device 10DE:2206 Subsystem: 10DE:1467
1006  |Info:    Registering I2C interface: /dev/i2c-4 Device 10DE:2206 Subsystem: 10DE:1467
1006  |Info:    Registering I2C interface: /dev/i2c-2 Device 1022:790B Subsystem: 1043:87C0
1006  |Info:    Registering I2C interface: /dev/i2c-0 Device 1022:790B Subsystem: 1043:87C0
1006  |Info:    Registering I2C interface: /dev/i2c-7 Device 10DE:2206 Subsystem: 10DE:1467
1006  |Info:    Registering I2C interface: /dev/i2c-5 Device 10DE:2206 Subsystem: 10DE:1467
1006  |Info:    ------------------------------------------------------
1006  |Info:    |               Detecting I2C devices                |
1006  |Info:    ------------------------------------------------------
1173  |Info:    [Corsair Dominator Platinum RGB] Registering RGB controller
1184  |Info:    [Corsair Dominator Platinum RGB] Registering RGB controller
1195  |Info:    [Corsair Dominator Platinum RGB] Registering RGB controller
1207  |Info:    [Corsair Dominator Platinum RGB] Registering RGB controller
1772  |Info:    ------------------------------------------------------
1772  |Info:    |               Detecting I2C PCI devices            |
1772  |Info:    ------------------------------------------------------
1772  |Info:    ------------------------------------------------------
1772  |Info:    |               Detecting HID devices                |
1772  |Info:    ------------------------------------------------------
2195  |Info:    [Gaming Mouse G900] Registering RGB controller
2617  |Info:    [Gaming Mouse G900] Registering RGB controller
3039  |Info:    [Gaming Mouse G900] Registering RGB controller
3461  |Info:    [Gaming Mouse G900] Registering RGB controller
3883  |Info:    [Gaming Mouse G900] Registering RGB controller
3958  |Info:    [ASUS ROG CROSSHAIR VIII HERO] Registering RGB controller
4012  |Info:    [Corsair LS100 Lighting Kit] Registering RGB controller
4159  |Info:    [Corsair Commander Core] Registering RGB controller
4159  |Info:    ------------------------------------------------------
4159  |Info:    |              Detecting other devices               |
4159  |Info:    ------------------------------------------------------
4169  |Info:    ------------------------------------------------------
4169  |Info:    |                Detection completed                 |
4169  |Info:    ------------------------------------------------------
4169  |Info:    Profile loading: FAILED! for Corsair Dominator Platinum RGB @ I2C: /dev/i2c-0, address 0x58
4169  |Info:    Profile loading: FAILED! for Corsair Dominator Platinum RGB @ I2C: /dev/i2c-0, address 0x59
4169  |Info:    Profile loading: FAILED! for Corsair Dominator Platinum RGB @ I2C: /dev/i2c-0, address 0x5A
4169  |Info:    Profile loading: FAILED! for Corsair Dominator Platinum RGB @ I2C: /dev/i2c-0, address 0x5B
4169  |Info:    Profile loading: FAILED! for Gaming Mouse G900 @ HID: /dev/hidraw6 (Receiver) 
Wireless Index: 255
4169  |Info:    Profile loading: FAILED! for Gaming Mouse G900 @ HID: /dev/hidraw6 (Receiver) 
Wireless Index: 255
4169  |Info:    Profile loading: FAILED! for Gaming Mouse G900 @ HID: /dev/hidraw6 (Receiver) 
Wireless Index: 255
4169  |Info:    Profile loading: FAILED! for Gaming Mouse G900 @ HID: /dev/hidraw6 (Receiver) 
Wireless Index: 255
4169  |Info:    Profile loading: FAILED! for Gaming Mouse G900 @ HID: /dev/hidraw6 (Receiver) 
Wireless Index: 255
4169  |Info:    Profile loading: FAILED! for ASUS ROG CROSSHAIR VIII HERO @ HID: /dev/hidraw9
4169  |Info:    Profile loading: FAILED! for Corsair LS100 Lighting Kit @ HID: /dev/hidraw10
4169  |Info:    Profile loading: FAILED! for Corsair Commander Core @ HID: /dev/hidraw3
11160 |Info:    ------------------------------------------------------
11160 |Info:    |               Start device detection               |
11160 |Info:    ------------------------------------------------------
11160 |Info:    Initializing HID interfaces: Success
11164 |Info:    ------------------------------------------------------
11164 |Info:    |             Detecting I2C interfaces               |
11164 |Info:    ------------------------------------------------------
11164 |Info:    Registering I2C interface: /dev/i2c-3 Device 10DE:2206 Subsystem: 10DE:1467
11164 |Info:    Registering I2C interface: /dev/i2c-1 Device 1022:790B Subsystem: 1043:87C0
11164 |Info:    Registering I2C interface: /dev/i2c-6 Device 10DE:2206 Subsystem: 10DE:1467
11164 |Info:    Registering I2C interface: /dev/i2c-4 Device 10DE:2206 Subsystem: 10DE:1467
11164 |Info:    Registering I2C interface: /dev/i2c-2 Device 1022:790B Subsystem: 1043:87C0
11164 |Info:    Registering I2C interface: /dev/i2c-0 Device 1022:790B Subsystem: 1043:87C0
11164 |Info:    Registering I2C interface: /dev/i2c-7 Device 10DE:2206 Subsystem: 10DE:1467
11164 |Info:    Registering I2C interface: /dev/i2c-5 Device 10DE:2206 Subsystem: 10DE:1467
11164 |Info:    ------------------------------------------------------
11164 |Info:    |               Detecting I2C devices                |
11164 |Info:    ------------------------------------------------------
11331 |Info:    [Corsair Dominator Platinum RGB] Registering RGB controller
11342 |Info:    [Corsair Dominator Platinum RGB] Registering RGB controller
11353 |Info:    [Corsair Dominator Platinum RGB] Registering RGB controller
11365 |Info:    [Corsair Dominator Platinum RGB] Registering RGB controller
11928 |Info:    ------------------------------------------------------
11928 |Info:    |               Detecting I2C PCI devices            |
11928 |Info:    ------------------------------------------------------
11929 |Info:    ------------------------------------------------------
11929 |Info:    |               Detecting HID devices                |
11929 |Info:    ------------------------------------------------------
12351 |Info:    [Gaming Mouse G900] Registering RGB controller
12773 |Info:    [Gaming Mouse G900] Registering RGB controller
13195 |Info:    [Gaming Mouse G900] Registering RGB controller
13617 |Info:    [Gaming Mouse G900] Registering RGB controller
14039 |Info:    [Gaming Mouse G900] Registering RGB controller
14114 |Info:    [ASUS ROG CROSSHAIR VIII HERO] Registering RGB controller
14168 |Info:    [Corsair LS100 Lighting Kit] Registering RGB controller
14270 |Info:    [Corsair Commander Core] Registering RGB controller
14271 |Info:    ------------------------------------------------------
14271 |Info:    |              Detecting other devices               |
14271 |Info:    ------------------------------------------------------
14271 |Info:    ------------------------------------------------------
14271 |Info:    |                Detection completed                 |
14271 |Info:    ------------------------------------------------------
72340 |Info:    Found file: Default.orp attempting to validate header
72340 |Info:    Valid v3 profile found for Default
80618 |Info:    Found file: Default.orp attempting to validate header
80618 |Info:    Valid v3 profile found for Default
87451 |Info:    Found file: Default.orp attempting to validate header
87451 |Info:    Valid v3 profile found for Default
