    OpenRGB v0.8
    Commit:  from 
    Launched: 20221203_214958
====================================================================================================

0     |Info:    Found file: Default.orp attempting to validate header
0     |Info:    Valid v3 profile found for Default
1001  |Info:    ------------------------------------------------------
1001  |Info:    |               Start device detection               |
1001  |Info:    ------------------------------------------------------
1001  |Info:    Initializing HID interfaces: Success
1005  |Info:    ------------------------------------------------------
1005  |Info:    |             Detecting I2C interfaces               |
1005  |Info:    ------------------------------------------------------
1005  |Info:    Registering I2C interface: /dev/i2c-3 Device 10DE:2206 Subsystem: 10DE:1467
1005  |Info:    Registering I2C interface: /dev/i2c-1 Device 1022:790B Subsystem: 1043:87C0
1005  |Info:    Registering I2C interface: /dev/i2c-6 Device 10DE:2206 Subsystem: 10DE:1467
1005  |Info:    Registering I2C interface: /dev/i2c-4 Device 10DE:2206 Subsystem: 10DE:1467
1005  |Info:    Registering I2C interface: /dev/i2c-2 Device 1022:790B Subsystem: 1043:87C0
1005  |Info:    Registering I2C interface: /dev/i2c-0 Device 1022:790B Subsystem: 1043:87C0
1005  |Info:    Registering I2C interface: /dev/i2c-7 Device 10DE:2206 Subsystem: 10DE:1467
1005  |Info:    Registering I2C interface: /dev/i2c-5 Device 10DE:2206 Subsystem: 10DE:1467
1005  |Info:    ------------------------------------------------------
1005  |Info:    |               Detecting I2C devices                |
1005  |Info:    ------------------------------------------------------
1687  |Info:    [Corsair Dominator Platinum RGB] Registering RGB controller
1698  |Info:    [Corsair Dominator Platinum RGB] Registering RGB controller
1709  |Info:    [Corsair Dominator Platinum RGB] Registering RGB controller
1721  |Info:    [Corsair Dominator Platinum RGB] Registering RGB controller
1772  |Info:    ------------------------------------------------------
1772  |Info:    |               Detecting I2C PCI devices            |
1772  |Info:    ------------------------------------------------------
1772  |Info:    ------------------------------------------------------
1772  |Info:    |               Detecting HID devices                |
1772  |Info:    ------------------------------------------------------
2195  |Info:    [Gaming Mouse G900] Registering RGB controller
2274  |Info:    [ASUS ROG CROSSHAIR VIII HERO] Registering RGB controller
2327  |Info:    [Corsair LS100 Lighting Kit] Registering RGB controller
2431  |Info:    [Corsair Commander Core] Registering RGB controller
2431  |Info:    ------------------------------------------------------
2431  |Info:    |              Detecting other devices               |
2431  |Info:    ------------------------------------------------------
2438  |Info:    ------------------------------------------------------
2438  |Info:    |                Detection completed                 |
2438  |Info:    ------------------------------------------------------
2438  |Info:    Profile loading: Succeeded for Corsair Dominator Platinum RGB @ I2C: /dev/i2c-0, address 0x58
2438  |Info:    Profile loading: Succeeded for Corsair Dominator Platinum RGB @ I2C: /dev/i2c-0, address 0x59
2438  |Info:    Profile loading: Succeeded for Corsair Dominator Platinum RGB @ I2C: /dev/i2c-0, address 0x5A
2438  |Info:    Profile loading: Succeeded for Corsair Dominator Platinum RGB @ I2C: /dev/i2c-0, address 0x5B
2438  |Info:    Profile loading: Succeeded for Gaming Mouse G900 @ HID: /dev/hidraw7 (Receiver) 
Wireless Index: 255
2438  |Info:    Profile loading: Succeeded for ASUS ROG CROSSHAIR VIII HERO @ HID: /dev/hidraw9
2438  |Info:    Profile loading: Succeeded for Corsair LS100 Lighting Kit @ HID: /dev/hidraw1
2438  |Info:    Profile loading: FAILED! for Corsair Commander Core @ HID: /dev/hidraw4
