    OpenRGB v0.7
    Commit:  from 
    Launched: 20221114_233101
====================================================================================================

0     |Info:    Found file: Default.orp attempting to validate header
0     |Info:    Valid v3 profile found for Default
1001  |Info:    ------------------------------------------------------
1001  |Info:    |               Start device detection               |
1001  |Info:    ------------------------------------------------------
1001  |Info:    Initializing HID interfaces: Success
1004  |Info:    ------------------------------------------------------
1004  |Info:    |             Detecting I2C interfaces               |
1004  |Info:    ------------------------------------------------------
1004  |Info:    Registering I2C interface: /dev/i2c-3 Device 10DE:2206 Subsystem: 10DE:1467
1004  |Info:    Registering I2C interface: /dev/i2c-1 Device 1022:790B Subsystem: 1043:87C0
1004  |Info:    Registering I2C interface: /dev/i2c-6 Device 10DE:2206 Subsystem: 10DE:1467
1004  |Info:    Registering I2C interface: /dev/i2c-4 Device 10DE:2206 Subsystem: 10DE:1467
1004  |Info:    Registering I2C interface: /dev/i2c-2 Device 1022:790B Subsystem: 1043:87C0
1005  |Info:    Registering I2C interface: /dev/i2c-0 Device 1022:790B Subsystem: 1043:87C0
1005  |Info:    Registering I2C interface: /dev/i2c-7 Device 10DE:2206 Subsystem: 10DE:1467
1005  |Info:    Registering I2C interface: /dev/i2c-5 Device 10DE:2206 Subsystem: 10DE:1467
1005  |Info:    ------------------------------------------------------
1005  |Info:    |               Detecting I2C devices                |
1005  |Info:    ------------------------------------------------------
1680  |Info:    [Corsair Dominator Platinum RGB] Registering RGB controller
1691  |Info:    [Corsair Dominator Platinum RGB] Registering RGB controller
1703  |Info:    [Corsair Dominator Platinum RGB] Registering RGB controller
1714  |Info:    [Corsair Dominator Platinum RGB] Registering RGB controller
1765  |Info:    ------------------------------------------------------
1765  |Info:    |               Detecting HID devices                |
1765  |Info:    ------------------------------------------------------
2187  |Info:    [Gaming Mouse G900] Registering RGB controller
2262  |Info:    [ASUS ROG CROSSHAIR VIII HERO] Registering RGB controller
2320  |Info:    [Corsair LS100 Lighting Kit] Registering RGB controller
2450  |Info:    [Corsair Commander Core] Registering RGB controller
2803  |Info:    Unable add this Logitech device: Not Connected
3157  |Info:    Unable add this Logitech device: Not Connected
3511  |Info:    Unable add this Logitech device: Not Connected
3865  |Info:    Unable add this Logitech device: Not Connected
4219  |Info:    Unable add this Logitech device: Not Connected
4574  |Info:    Unable add this Logitech device: Not Connected
4928  |Info:    Unable add this Logitech device: Not Connected
5282  |Info:    Unable add this Logitech device: Not Connected
5636  |Info:    Unable add this Logitech device: Not Connected
5990  |Info:    Unable add this Logitech device: Not Connected
5990  |Info:    ------------------------------------------------------
5990  |Info:    |              Detecting other devices               |
5990  |Info:    ------------------------------------------------------
6000  |Info:    ------------------------------------------------------
6000  |Info:    |                Detection completed                 |
6000  |Info:    ------------------------------------------------------
6000  |Info:    Profile loading: Succeeded for Corsair Dominator Platinum RGB @ I2C: /dev/i2c-0, address 0x58
6000  |Info:    Profile loading: Succeeded for Corsair Dominator Platinum RGB @ I2C: /dev/i2c-0, address 0x59
6000  |Info:    Profile loading: Succeeded for Corsair Dominator Platinum RGB @ I2C: /dev/i2c-0, address 0x5A
6000  |Info:    Profile loading: Succeeded for Corsair Dominator Platinum RGB @ I2C: /dev/i2c-0, address 0x5B
6000  |Info:    Profile loading: Succeeded for Gaming Mouse G900 @ HID: /dev/hidraw12 (Receiver) 
Wireless Index: 255
6000  |Info:    Profile loading: Succeeded for ASUS ROG CROSSHAIR VIII HERO @ HID: /dev/hidraw11
6000  |Info:    Profile loading: Succeeded for Corsair LS100 Lighting Kit @ HID: /dev/hidraw10
6000  |Info:    Profile loading: Succeeded for Corsair Commander Core @ HID: /dev/hidraw3
7304  |Info:    Loading plugins
